#
# There is insufficient memory for the Java Runtime Environment to continue.
# Native memory allocation (malloc) failed to allocate 262576 bytes for Chunk::new
# Possible reasons:
#   The system is out of physical RAM or swap space
#   The process is running with CompressedOops enabled, and the Java Heap may be blocking the growth of the native heap
# Possible solutions:
#   Reduce memory load on the system
#   Increase physical memory or swap space
#   Check if swap backing store is full
#   Decrease Java heap size (-Xmx/-Xms)
#   Decrease number of Java threads
#   Decrease Java thread stack sizes (-Xss)
#   Set larger code cache with -XX:ReservedCodeCacheSize=
#   JVM is running with Unscaled Compressed Oops mode in which the Java heap is
#     placed in the first 4GB address space. The Java Heap base address is the
#     maximum limit for the native heap growth. Please use -XX:HeapBaseMinAddress
#     to set the Java Heap base and to place the Java Heap above 4GB virtual address.
# This output file may be truncated or incomplete.
#
#  Out of Memory Error (arena.cpp:189), pid=15032, tid=1476
#
# JRE version: Java(TM) SE Runtime Environment (17.0.11+7) (build 17.0.11+7-LTS-207)
# Java VM: Java HotSpot(TM) 64-Bit Server VM (17.0.11+7-LTS-207, mixed mode, sharing, tiered, compressed oops, compressed class ptrs, g1 gc, windows-amd64)
# No core dump will be written. Minidumps are not enabled by default on client versions of Windows
#

---------------  S U M M A R Y ------------

Command Line: -Xmx64m -Xms64m -Dorg.gradle.appname=gradlew org.gradle.wrapper.GradleWrapperMain app:installDebug -PreactNativeDevServerPort=8081

Host: Intel(R) Core(TM) i5-6300U CPU @ 2.40GHz, 4 cores, 7G,  Windows 11 , 64 bit Build 22621 (10.0.22621.3958)
Time: Thu Aug  8 20:26:26 2024 Pakistan Standard Time elapsed time: 78.280921 seconds (0d 0h 1m 18s)

---------------  T H R E A D  ---------------

Current thread (0x0000022be11171e0):  JavaThread "C2 CompilerThread0" daemon [_thread_in_native, id=1476, stack(0x0000009b91400000,0x0000009b91500000)]


Current CompileTask:
C2:  78281 1623 % !   4       java.io.BufferedReader::readLine @ 139 (327 bytes)

Stack: [0x0000009b91400000,0x0000009b91500000]
Native frames: (J=compiled Java code, j=interpreted, Vv=VM code, C=native code)
V  [jvm.dll+0x679cca]
V  [jvm.dll+0x7da13d]
V  [jvm.dll+0x7dba83]
V  [jvm.dll+0x7dc0f3]
V  [jvm.dll+0x2449af]
V  [jvm.dll+0xab83b]
V  [jvm.dll+0xabe1c]
V  [jvm.dll+0x2a9e6f]
V  [jvm.dll+0x5818d9]
V  [jvm.dll+0x21ed62]
V  [jvm.dll+0x21f13f]
V  [jvm.dll+0x218331]
V  [jvm.dll+0x215505]
V  [jvm.dll+0x1a2040]
V  [jvm.dll+0x225a2b]
V  [jvm.dll+0x223bcb]
V  [jvm.dll+0x7903ec]
V  [jvm.dll+0x78a85a]
V  [jvm.dll+0x678bb5]
C  [ucrtbase.dll+0x29333]
C  [KERNEL32.DLL+0x1257d]
C  [ntdll.dll+0x5af28]


---------------  P R O C E S S  ---------------

Threads class SMR info:
_java_thread_list=0x0000022be62deae0, length=14, elements={
0x0000022bc8213ed0, 0x0000022be10fb090, 0x0000022be10fbe20, 0x0000022be110fb40,
0x0000022be1113430, 0x0000022be1113d00, 0x0000022be11145d0, 0x0000022be11171e0,
0x0000022be1123870, 0x0000022be115a570, 0x0000022be1351c40, 0x0000022be13587e0,
0x0000022be118e600, 0x0000022be1bf3880
}

Java Threads: ( => current thread )
  0x0000022bc8213ed0 JavaThread "main" [_thread_blocked, id=14360, stack(0x0000009b90700000,0x0000009b90800000)]
  0x0000022be10fb090 JavaThread "Reference Handler" daemon [_thread_blocked, id=11848, stack(0x0000009b90e00000,0x0000009b90f00000)]
  0x0000022be10fbe20 JavaThread "Finalizer" daemon [_thread_blocked, id=10464, stack(0x0000009b90f00000,0x0000009b91000000)]
  0x0000022be110fb40 JavaThread "Signal Dispatcher" daemon [_thread_blocked, id=7148, stack(0x0000009b91000000,0x0000009b91100000)]
  0x0000022be1113430 JavaThread "Attach Listener" daemon [_thread_blocked, id=8448, stack(0x0000009b91100000,0x0000009b91200000)]
  0x0000022be1113d00 JavaThread "Service Thread" daemon [_thread_blocked, id=5412, stack(0x0000009b91200000,0x0000009b91300000)]
  0x0000022be11145d0 JavaThread "Monitor Deflation Thread" daemon [_thread_blocked, id=6264, stack(0x0000009b91300000,0x0000009b91400000)]
=>0x0000022be11171e0 JavaThread "C2 CompilerThread0" daemon [_thread_in_native, id=1476, stack(0x0000009b91400000,0x0000009b91500000)]
  0x0000022be1123870 JavaThread "C1 CompilerThread0" daemon [_thread_blocked, id=3896, stack(0x0000009b91500000,0x0000009b91600000)]
  0x0000022be115a570 JavaThread "Sweeper thread" daemon [_thread_blocked, id=14856, stack(0x0000009b91600000,0x0000009b91700000)]
  0x0000022be1351c40 JavaThread "Notification Thread" daemon [_thread_blocked, id=9328, stack(0x0000009b91700000,0x0000009b91800000)]
  0x0000022be13587e0 JavaThread "Common-Cleaner" daemon [_thread_blocked, id=13188, stack(0x0000009b91900000,0x0000009b91a00000)]
  0x0000022be118e600 JavaThread "DisconnectableInputStream source reader" daemon [_thread_in_native, id=6220, stack(0x0000009b91f00000,0x0000009b92000000)]
  0x0000022be1bf3880 JavaThread "Logging-Cleaner" [_thread_new, id=6472, stack(0x0000000000000000,0x0000000000000000)]

Other Threads:
  0x0000022be10f5570 VMThread "VM Thread" [stack: 0x0000009b90d00000,0x0000009b90e00000] [id=7432]
  0x0000022be1358550 WatcherThread [stack: 0x0000009b91800000,0x0000009b91900000] [id=5912]
  0x0000022bc8235b20 GCTaskThread "GC Thread#0" [stack: 0x0000009b90800000,0x0000009b90900000] [id=5584]
  0x0000022be16c4270 GCTaskThread "GC Thread#1" [stack: 0x0000009b91b00000,0x0000009b91c00000] [id=8248]
  0x0000022be17489c0 GCTaskThread "GC Thread#2" [stack: 0x0000009b91c00000,0x0000009b91d00000] [id=3536]
  0x0000022be15f94a0 GCTaskThread "GC Thread#3" [stack: 0x0000009b91d00000,0x0000009b91e00000] [id=13348]
  0x0000022bc8237270 ConcurrentGCThread "G1 Main Marker" [stack: 0x0000009b90900000,0x0000009b90a00000] [id=3552]
  0x0000022bc8238420 ConcurrentGCThread "G1 Conc#0" [stack: 0x0000009b90a00000,0x0000009b90b00000] [id=6208]
  0x0000022bc82861c0 ConcurrentGCThread "G1 Refine#0" [stack: 0x0000009b90b00000,0x0000009b90c00000] [id=13908]
  0x0000022bc8286b00 ConcurrentGCThread "G1 Service" [stack: 0x0000009b90c00000,0x0000009b90d00000] [id=14708]

Threads with active compile tasks:
C2 CompilerThread0    78369 1623 % !   4       java.io.BufferedReader::readLine @ 139 (327 bytes)

VM state: not at safepoint (normal execution)

VM Mutex/Monitor currently owned by a thread: None

Heap address: 0x00000000fc000000, size: 64 MB, Compressed Oops mode: 32-bit

CDS archive(s) mapped at: [0x0000022b80000000-0x0000022b80bd0000-0x0000022b80bd0000), size 12386304, SharedBaseAddress: 0x0000022b80000000, ArchiveRelocationMode: 1.
Compressed class space mapped at: 0x0000022b81000000-0x0000022bc1000000, reserved size: 1073741824
Narrow klass base: 0x0000022b80000000, Narrow klass shift: 0, Narrow klass range: 0x100000000

GC Precious Log:
 CPUs: 4 total, 4 available
 Memory: 8070M
 Large Page Support: Disabled
 NUMA Support: Disabled
 Compressed Oops: Enabled (32-bit)
 Heap Region Size: 1M
 Heap Min Capacity: 64M
 Heap Initial Capacity: 64M
 Heap Max Capacity: 64M
 Pre-touch: Disabled
 Parallel Workers: 4
 Concurrent Workers: 1
 Concurrent Refinement Workers: 4
 Periodic GC: Disabled

Heap:
 garbage-first heap   total 65536K, used 29251K [0x00000000fc000000, 0x0000000100000000)
  region size 1024K, 22 young (22528K), 3 survivors (3072K)
 Metaspace       used 9879K, committed 10048K, reserved 1114112K
  class space    used 1291K, committed 1344K, reserved 1048576K

Heap Regions: E=young(eden), S=young(survivor), O=old, HS=humongous(starts), HC=humongous(continues), CS=collection set, F=free, OA=open archive, CA=closed archive, TAMS=top-at-mark-start (previous, next)
|   0|0x00000000fc000000, 0x00000000fc100000, 0x00000000fc100000|100%| O|  |TAMS 0x00000000fc000000, 0x00000000fc000000| Untracked 
|   1|0x00000000fc100000, 0x00000000fc200000, 0x00000000fc200000|100%| O|  |TAMS 0x00000000fc100000, 0x00000000fc100000| Untracked 
|   2|0x00000000fc200000, 0x00000000fc300000, 0x00000000fc300000|100%|HS|  |TAMS 0x00000000fc200000, 0x00000000fc200000| Complete 
|   3|0x00000000fc300000, 0x00000000fc400000, 0x00000000fc400000|100%|HC|  |TAMS 0x00000000fc300000, 0x00000000fc300000| Complete 
|   4|0x00000000fc400000, 0x00000000fc500000, 0x00000000fc500000|100%|HC|  |TAMS 0x00000000fc400000, 0x00000000fc400000| Complete 
|   5|0x00000000fc500000, 0x00000000fc600000, 0x00000000fc600000|100%|HC|  |TAMS 0x00000000fc500000, 0x00000000fc500000| Complete 
|   6|0x00000000fc600000, 0x00000000fc700000, 0x00000000fc700000|100%| O|  |TAMS 0x00000000fc600000, 0x00000000fc600000| Untracked 
|   7|0x00000000fc700000, 0x00000000fc790c00, 0x00000000fc800000| 56%| O|  |TAMS 0x00000000fc700000, 0x00000000fc700000| Untracked 
|   8|0x00000000fc800000, 0x00000000fc800000, 0x00000000fc900000|  0%| F|  |TAMS 0x00000000fc800000, 0x00000000fc800000| Untracked 
|   9|0x00000000fc900000, 0x00000000fc900000, 0x00000000fca00000|  0%| F|  |TAMS 0x00000000fc900000, 0x00000000fc900000| Untracked 
|  10|0x00000000fca00000, 0x00000000fca00000, 0x00000000fcb00000|  0%| F|  |TAMS 0x00000000fca00000, 0x00000000fca00000| Untracked 
|  11|0x00000000fcb00000, 0x00000000fcb00000, 0x00000000fcc00000|  0%| F|  |TAMS 0x00000000fcb00000, 0x00000000fcb00000| Untracked 
|  12|0x00000000fcc00000, 0x00000000fcc00000, 0x00000000fcd00000|  0%| F|  |TAMS 0x00000000fcc00000, 0x00000000fcc00000| Untracked 
|  13|0x00000000fcd00000, 0x00000000fcd00000, 0x00000000fce00000|  0%| F|  |TAMS 0x00000000fcd00000, 0x00000000fcd00000| Untracked 
|  14|0x00000000fce00000, 0x00000000fce00000, 0x00000000fcf00000|  0%| F|  |TAMS 0x00000000fce00000, 0x00000000fce00000| Untracked 
|  15|0x00000000fcf00000, 0x00000000fcf00000, 0x00000000fd000000|  0%| F|  |TAMS 0x00000000fcf00000, 0x00000000fcf00000| Untracked 
|  16|0x00000000fd000000, 0x00000000fd000000, 0x00000000fd100000|  0%| F|  |TAMS 0x00000000fd000000, 0x00000000fd000000| Untracked 
|  17|0x00000000fd100000, 0x00000000fd100000, 0x00000000fd200000|  0%| F|  |TAMS 0x00000000fd100000, 0x00000000fd100000| Untracked 
|  18|0x00000000fd200000, 0x00000000fd200000, 0x00000000fd300000|  0%| F|  |TAMS 0x00000000fd200000, 0x00000000fd200000| Untracked 
|  19|0x00000000fd300000, 0x00000000fd300000, 0x00000000fd400000|  0%| F|  |TAMS 0x00000000fd300000, 0x00000000fd300000| Untracked 
|  20|0x00000000fd400000, 0x00000000fd400000, 0x00000000fd500000|  0%| F|  |TAMS 0x00000000fd400000, 0x00000000fd400000| Untracked 
|  21|0x00000000fd500000, 0x00000000fd500000, 0x00000000fd600000|  0%| F|  |TAMS 0x00000000fd500000, 0x00000000fd500000| Untracked 
|  22|0x00000000fd600000, 0x00000000fd600000, 0x00000000fd700000|  0%| F|  |TAMS 0x00000000fd600000, 0x00000000fd600000| Untracked 
|  23|0x00000000fd700000, 0x00000000fd700000, 0x00000000fd800000|  0%| F|  |TAMS 0x00000000fd700000, 0x00000000fd700000| Untracked 
|  24|0x00000000fd800000, 0x00000000fd800000, 0x00000000fd900000|  0%| F|  |TAMS 0x00000000fd800000, 0x00000000fd800000| Untracked 
|  25|0x00000000fd900000, 0x00000000fd900000, 0x00000000fda00000|  0%| F|  |TAMS 0x00000000fd900000, 0x00000000fd900000| Untracked 
|  26|0x00000000fda00000, 0x00000000fda00000, 0x00000000fdb00000|  0%| F|  |TAMS 0x00000000fda00000, 0x00000000fda00000| Untracked 
|  27|0x00000000fdb00000, 0x00000000fdb00000, 0x00000000fdc00000|  0%| F|  |TAMS 0x00000000fdb00000, 0x00000000fdb00000| Untracked 
|  28|0x00000000fdc00000, 0x00000000fdc00000, 0x00000000fdd00000|  0%| F|  |TAMS 0x00000000fdc00000, 0x00000000fdc00000| Untracked 
|  29|0x00000000fdd00000, 0x00000000fdd00000, 0x00000000fde00000|  0%| F|  |TAMS 0x00000000fdd00000, 0x00000000fdd00000| Untracked 
|  30|0x00000000fde00000, 0x00000000fde00000, 0x00000000fdf00000|  0%| F|  |TAMS 0x00000000fde00000, 0x00000000fde00000| Untracked 
|  31|0x00000000fdf00000, 0x00000000fdf00000, 0x00000000fe000000|  0%| F|  |TAMS 0x00000000fdf00000, 0x00000000fdf00000| Untracked 
|  32|0x00000000fe000000, 0x00000000fe000000, 0x00000000fe100000|  0%| F|  |TAMS 0x00000000fe000000, 0x00000000fe000000| Untracked 
|  33|0x00000000fe100000, 0x00000000fe100000, 0x00000000fe200000|  0%| F|  |TAMS 0x00000000fe100000, 0x00000000fe100000| Untracked 
|  34|0x00000000fe200000, 0x00000000fe200000, 0x00000000fe300000|  0%| F|  |TAMS 0x00000000fe200000, 0x00000000fe200000| Untracked 
|  35|0x00000000fe300000, 0x00000000fe300000, 0x00000000fe400000|  0%| F|  |TAMS 0x00000000fe300000, 0x00000000fe300000| Untracked 
|  36|0x00000000fe400000, 0x00000000fe400000, 0x00000000fe500000|  0%| F|  |TAMS 0x00000000fe400000, 0x00000000fe400000| Untracked 
|  37|0x00000000fe500000, 0x00000000fe500000, 0x00000000fe600000|  0%| F|  |TAMS 0x00000000fe500000, 0x00000000fe500000| Untracked 
|  38|0x00000000fe600000, 0x00000000fe600000, 0x00000000fe700000|  0%| F|  |TAMS 0x00000000fe600000, 0x00000000fe600000| Untracked 
|  39|0x00000000fe700000, 0x00000000fe700000, 0x00000000fe800000|  0%| F|  |TAMS 0x00000000fe700000, 0x00000000fe700000| Untracked 
|  40|0x00000000fe800000, 0x00000000fe800000, 0x00000000fe900000|  0%| F|  |TAMS 0x00000000fe800000, 0x00000000fe800000| Untracked 
|  41|0x00000000fe900000, 0x00000000fe900000, 0x00000000fea00000|  0%| F|  |TAMS 0x00000000fe900000, 0x00000000fe900000| Untracked 
|  42|0x00000000fea00000, 0x00000000feb00000, 0x00000000feb00000|100%| E|  |TAMS 0x00000000fea00000, 0x00000000fea00000| Complete 
|  43|0x00000000feb00000, 0x00000000fec00000, 0x00000000fec00000|100%| E|CS|TAMS 0x00000000feb00000, 0x00000000feb00000| Complete 
|  44|0x00000000fec00000, 0x00000000fed00000, 0x00000000fed00000|100%| S|CS|TAMS 0x00000000fec00000, 0x00000000fec00000| Complete 
|  45|0x00000000fed00000, 0x00000000fee00000, 0x00000000fee00000|100%| S|CS|TAMS 0x00000000fed00000, 0x00000000fed00000| Complete 
|  46|0x00000000fee00000, 0x00000000fef00000, 0x00000000fef00000|100%| S|CS|TAMS 0x00000000fee00000, 0x00000000fee00000| Complete 
|  47|0x00000000fef00000, 0x00000000ff000000, 0x00000000ff000000|100%| E|CS|TAMS 0x00000000fef00000, 0x00000000fef00000| Complete 
|  48|0x00000000ff000000, 0x00000000ff100000, 0x00000000ff100000|100%| E|CS|TAMS 0x00000000ff000000, 0x00000000ff000000| Complete 
|  49|0x00000000ff100000, 0x00000000ff200000, 0x00000000ff200000|100%| E|CS|TAMS 0x00000000ff100000, 0x00000000ff100000| Complete 
|  50|0x00000000ff200000, 0x00000000ff300000, 0x00000000ff300000|100%| E|CS|TAMS 0x00000000ff200000, 0x00000000ff200000| Complete 
|  51|0x00000000ff300000, 0x00000000ff400000, 0x00000000ff400000|100%| E|CS|TAMS 0x00000000ff300000, 0x00000000ff300000| Complete 
|  52|0x00000000ff400000, 0x00000000ff500000, 0x00000000ff500000|100%| E|CS|TAMS 0x00000000ff400000, 0x00000000ff400000| Complete 
|  53|0x00000000ff500000, 0x00000000ff600000, 0x00000000ff600000|100%| E|CS|TAMS 0x00000000ff500000, 0x00000000ff500000| Complete 
|  54|0x00000000ff600000, 0x00000000ff700000, 0x00000000ff700000|100%| E|CS|TAMS 0x00000000ff600000, 0x00000000ff600000| Complete 
|  55|0x00000000ff700000, 0x00000000ff800000, 0x00000000ff800000|100%| E|CS|TAMS 0x00000000ff700000, 0x00000000ff700000| Complete 
|  56|0x00000000ff800000, 0x00000000ff900000, 0x00000000ff900000|100%| E|CS|TAMS 0x00000000ff800000, 0x00000000ff800000| Complete 
|  57|0x00000000ff900000, 0x00000000ffa00000, 0x00000000ffa00000|100%| E|CS|TAMS 0x00000000ff900000, 0x00000000ff900000| Complete 
|  58|0x00000000ffa00000, 0x00000000ffb00000, 0x00000000ffb00000|100%| E|CS|TAMS 0x00000000ffa00000, 0x00000000ffa00000| Complete 
|  59|0x00000000ffb00000, 0x00000000ffc00000, 0x00000000ffc00000|100%| E|CS|TAMS 0x00000000ffb00000, 0x00000000ffb00000| Complete 
|  60|0x00000000ffc00000, 0x00000000ffd00000, 0x00000000ffd00000|100%| E|CS|TAMS 0x00000000ffc00000, 0x00000000ffc00000| Complete 
|  61|0x00000000ffd00000, 0x00000000ffe00000, 0x00000000ffe00000|100%| E|CS|TAMS 0x00000000ffd00000, 0x00000000ffd00000| Complete 
|  62|0x00000000ffe00000, 0x00000000fff00000, 0x00000000fff00000|100%| E|CS|TAMS 0x00000000ffe00000, 0x00000000ffe00000| Complete 
|  63|0x00000000fff00000, 0x0000000100000000, 0x0000000100000000|100%| E|CS|TAMS 0x00000000fff00000, 0x00000000fff00000| Complete 

Card table byte_map: [0x0000022bc61e0000,0x0000022bc6200000] _byte_map_base: 0x0000022bc5a00000

Marking Bits (Prev, Next): (CMBitMap*) 0x0000022bc8236140, (CMBitMap*) 0x0000022bc8236180
 Prev Bits: [0x0000022bc8010000, 0x0000022bc8110000)
 Next Bits: [0x0000022bdead0000, 0x0000022bdebd0000)

Polling page: 0x0000022bc6190000

Metaspace:

Usage:
  Non-class:      8.39 MB used.
      Class:      1.26 MB used.
       Both:      9.65 MB used.

Virtual space:
  Non-class space:       64.00 MB reserved,       8.50 MB ( 13%) committed,  1 nodes.
      Class space:        1.00 GB reserved,       1.31 MB ( <1%) committed,  1 nodes.
             Both:        1.06 GB reserved,       9.81 MB ( <1%) committed. 

Chunk freelists:
   Non-Class:  6.64 MB
       Class:  14.58 MB
        Both:  21.22 MB

MaxMetaspaceSize: unlimited
CompressedClassSpaceSize: 1.00 GB
Initial GC threshold: 21.00 MB
Current GC threshold: 21.00 MB
CDS: on
MetaspaceReclaimPolicy: balanced
 - commit_granule_bytes: 65536.
 - commit_granule_words: 8192.
 - virtual_space_node_default_size: 8388608.
 - enlarge_chunks_in_place: 1.
 - new_chunks_are_fully_committed: 0.
 - uncommit_free_chunks: 1.
 - use_allocation_guard: 0.
 - handle_deallocations: 1.


Internal statistics:

num_allocs_failed_limit: 0.
num_arena_births: 96.
num_arena_deaths: 0.
num_vsnodes_births: 2.
num_vsnodes_deaths: 0.
num_space_committed: 157.
num_space_uncommitted: 0.
num_chunks_returned_to_freelist: 0.
num_chunks_taken_from_freelist: 361.
num_chunk_merges: 0.
num_chunk_splits: 239.
num_chunks_enlarged: 193.
num_inconsistent_stats: 0.

CodeHeap 'non-profiled nmethods': size=120000Kb used=663Kb max_used=663Kb free=119336Kb
 bounds [0x0000022bd75a0000, 0x0000022bd7810000, 0x0000022bdead0000]
CodeHeap 'profiled nmethods': size=120000Kb used=3272Kb max_used=3272Kb free=116727Kb
 bounds [0x0000022bcfad0000, 0x0000022bcfe10000, 0x0000022bd7000000]
CodeHeap 'non-nmethods': size=5760Kb used=1185Kb max_used=1202Kb free=4574Kb
 bounds [0x0000022bd7000000, 0x0000022bd7270000, 0x0000022bd75a0000]
 total_blobs=2137 nmethods=1651 adapters=399
 compilation: enabled
              stopped_count=0, restarted_count=0
 full_count=0

Compilation events (20 events):
Event: 78.266 Thread 0x0000022be1123870 1634       3       org.gradle.internal.logging.text.AbstractLineChoppingStyledTextOutput$1::execute (9 bytes)
Event: 78.266 Thread 0x0000022be1123870 nmethod 1634 0x0000022bcfdfb790 code [0x0000022bcfdfb940, 0x0000022bcfdfbb68]
Event: 78.266 Thread 0x0000022be1123870 1636       3       org.gradle.internal.logging.text.AbstractLineChoppingStyledTextOutput$SeenFromEol::all (18 bytes)
Event: 78.267 Thread 0x0000022be1123870 nmethod 1636 0x0000022bcfdfbc10 code [0x0000022bcfdfbda0, 0x0000022bcfdfbf18]
Event: 78.267 Thread 0x0000022be1123870 1637       3       org.gradle.internal.logging.text.AbstractLineChoppingStyledTextOutput$SeenFromEol::none (13 bytes)
Event: 78.267 Thread 0x0000022be1123870 nmethod 1637 0x0000022bcfdfc010 code [0x0000022bcfdfc1a0, 0x0000022bcfdfc318]
Event: 78.267 Thread 0x0000022be1123870 1639       3       org.gradle.internal.logging.text.AbstractLineChoppingStyledTextOutput$2::execute (9 bytes)
Event: 78.267 Thread 0x0000022be1123870 nmethod 1639 0x0000022bcfdfc390 code [0x0000022bcfdfc540, 0x0000022bcfdfc768]
Event: 78.268 Thread 0x0000022be1123870 1640       2       org.gradle.internal.logging.text.AbstractLineChoppingStyledTextOutput$2::execute (77 bytes)
Event: 78.269 Thread 0x0000022be1123870 nmethod 1640 0x0000022bcfdfc810 code [0x0000022bcfdfca20, 0x0000022bcfdfce88]
Event: 78.269 Thread 0x0000022be1123870 1641       2       org.gradle.internal.logging.text.AbstractLineChoppingStyledTextOutput::access$900 (4 bytes)
Event: 78.269 Thread 0x0000022be1123870 nmethod 1641 0x0000022bcfdfd190 code [0x0000022bcfdfd320, 0x0000022bcfdfd418]
Event: 78.269 Thread 0x0000022be1123870 1642       2       org.gradle.internal.logging.text.AbstractLineChoppingStyledTextOutput$StateContext::next (11 bytes)
Event: 78.269 Thread 0x0000022be1123870 nmethod 1642 0x0000022bcfdfd490 code [0x0000022bcfdfd620, 0x0000022bcfdfd738]
Event: 78.269 Thread 0x0000022be1123870 1629       1       org.gradle.internal.logging.text.AbstractLineChoppingStyledTextOutput$StateContext::access$500 (5 bytes)
Event: 78.270 Thread 0x0000022be1123870 nmethod 1629 0x0000022bd7645090 code [0x0000022bd7645220, 0x0000022bd76452d8]
Event: 78.270 Thread 0x0000022be1123870 1627       3       jdk.internal.org.objectweb.asm.MethodWriter::visitTypeInsn (116 bytes)
Event: 78.271 Thread 0x0000022be1123870 nmethod 1627 0x0000022bcfdfd810 code [0x0000022bcfdfda00, 0x0000022bcfdfde08]
Event: 78.271 Thread 0x0000022be1123870 1628       1       jdk.internal.org.objectweb.asm.SymbolTable::getConstantPoolCount (5 bytes)
Event: 78.271 Thread 0x0000022be1123870 nmethod 1628 0x0000022bd7645390 code [0x0000022bd7645520, 0x0000022bd76455f8]

GC Heap History (4 events):
Event: 1.380 GC heap before
{Heap before GC invocations=0 (full 0):
 garbage-first heap   total 65536K, used 12288K [0x00000000fc000000, 0x0000000100000000)
  region size 1024K, 13 young (13312K), 0 survivors (0K)
 Metaspace       used 1826K, committed 1920K, reserved 1114112K
  class space    used 166K, committed 192K, reserved 1048576K
}
Event: 1.396 GC heap after
{Heap after GC invocations=1 (full 0):
 garbage-first heap   total 65536K, used 3088K [0x00000000fc000000, 0x0000000100000000)
  region size 1024K, 2 young (2048K), 2 survivors (2048K)
 Metaspace       used 1826K, committed 1920K, reserved 1114112K
  class space    used 166K, committed 192K, reserved 1048576K
}
Event: 3.135 GC heap before
{Heap before GC invocations=1 (full 0):
 garbage-first heap   total 65536K, used 22544K [0x00000000fc000000, 0x0000000100000000)
  region size 1024K, 17 young (17408K), 2 survivors (2048K)
 Metaspace       used 5050K, committed 5248K, reserved 1114112K
  class space    used 673K, committed 768K, reserved 1048576K
}
Event: 3.148 GC heap after
{Heap after GC invocations=2 (full 0):
 garbage-first heap   total 65536K, used 10819K [0x00000000fc000000, 0x0000000100000000)
  region size 1024K, 3 young (3072K), 3 survivors (3072K)
 Metaspace       used 5050K, committed 5248K, reserved 1114112K
  class space    used 673K, committed 768K, reserved 1048576K
}

Deoptimization events (20 events):
Event: 13.740 Thread 0x0000022be62e3010 Uncommon trap: trap_request=0xffffff45 fr.pc=0x0000022bd75adc04 relative=0x0000000000000084
Event: 13.740 Thread 0x0000022be62e3010 Uncommon trap: reason=unstable_if action=reinterpret pc=0x0000022bd75adc04 method=java.lang.String.codePointAt(I)I @ 4 c2
Event: 13.740 Thread 0x0000022be62e3010 DEOPT PACKING pc=0x0000022bd75adc04 sp=0x0000009b91ffed20
Event: 13.740 Thread 0x0000022be62e3010 DEOPT UNPACKING pc=0x0000022bd70523a3 sp=0x0000009b91ffecb8 mode 2
Event: 13.911 Thread 0x0000022bc8213ed0 Uncommon trap: trap_request=0xffffffc6 fr.pc=0x0000022bd76267b8 relative=0x0000000000001318
Event: 13.911 Thread 0x0000022bc8213ed0 Uncommon trap: reason=bimorphic_or_optimized_type_check action=maybe_recompile pc=0x0000022bd76267b8 method=java.util.HashMap.putVal(ILjava/lang/Object;Ljava/lang/Object;ZZ)Ljava/lang/Object; @ 203 c2
Event: 13.911 Thread 0x0000022bc8213ed0 DEOPT PACKING pc=0x0000022bd76267b8 sp=0x0000009b907f9c50
Event: 13.912 Thread 0x0000022bc8213ed0 DEOPT UNPACKING pc=0x0000022bd70523a3 sp=0x0000009b907f9be0 mode 2
Event: 13.912 Thread 0x0000022bc8213ed0 Uncommon trap: trap_request=0xffffffc6 fr.pc=0x0000022bd76267b8 relative=0x0000000000001318
Event: 13.912 Thread 0x0000022bc8213ed0 Uncommon trap: reason=bimorphic_or_optimized_type_check action=maybe_recompile pc=0x0000022bd76267b8 method=java.util.HashMap.putVal(ILjava/lang/Object;Ljava/lang/Object;ZZ)Ljava/lang/Object; @ 203 c2
Event: 13.912 Thread 0x0000022bc8213ed0 DEOPT PACKING pc=0x0000022bd76267b8 sp=0x0000009b907f9c50
Event: 13.912 Thread 0x0000022bc8213ed0 DEOPT UNPACKING pc=0x0000022bd70523a3 sp=0x0000009b907f9be0 mode 2
Event: 13.913 Thread 0x0000022bc8213ed0 Uncommon trap: trap_request=0xffffffc6 fr.pc=0x0000022bd76267b8 relative=0x0000000000001318
Event: 13.913 Thread 0x0000022bc8213ed0 Uncommon trap: reason=bimorphic_or_optimized_type_check action=maybe_recompile pc=0x0000022bd76267b8 method=java.util.HashMap.putVal(ILjava/lang/Object;Ljava/lang/Object;ZZ)Ljava/lang/Object; @ 203 c2
Event: 13.913 Thread 0x0000022bc8213ed0 DEOPT PACKING pc=0x0000022bd76267b8 sp=0x0000009b907f9c50
Event: 13.913 Thread 0x0000022bc8213ed0 DEOPT UNPACKING pc=0x0000022bd70523a3 sp=0x0000009b907f9be0 mode 2
Event: 13.917 Thread 0x0000022bc8213ed0 Uncommon trap: trap_request=0xffffffc6 fr.pc=0x0000022bd76267b8 relative=0x0000000000001318
Event: 13.917 Thread 0x0000022bc8213ed0 Uncommon trap: reason=bimorphic_or_optimized_type_check action=maybe_recompile pc=0x0000022bd76267b8 method=java.util.HashMap.putVal(ILjava/lang/Object;Ljava/lang/Object;ZZ)Ljava/lang/Object; @ 203 c2
Event: 13.917 Thread 0x0000022bc8213ed0 DEOPT PACKING pc=0x0000022bd76267b8 sp=0x0000009b907f9c50
Event: 13.917 Thread 0x0000022bc8213ed0 DEOPT UNPACKING pc=0x0000022bd70523a3 sp=0x0000009b907f9be0 mode 2

Classes unloaded (0 events):
No events

Classes redefined (0 events):
No events

Internal exceptions (20 events):
Event: 2.651 Thread 0x0000022bc8213ed0 Exception <a 'java/lang/NoSuchMethodError'{0x00000000ff5c8c50}: 'java.lang.Object java.lang.invoke.Invokers$Holder.invokeExact_MT(java.lang.Object, java.lang.Object, java.lang.Object, java.lang.Object)'> (0x00000000ff5c8c50) 
thrown [s\open\src\hotspot\share\interpreter\linkResolver.cpp, line 759]
Event: 3.221 Thread 0x0000022bc8213ed0 Exception <a 'java/lang/NoSuchMethodError'{0x00000000ffe30b70}: 'void java.lang.invoke.DirectMethodHandle$Holder.invokeSpecial(java.lang.Object, java.lang.Object, java.lang.Object)'> (0x00000000ffe30b70) 
thrown [s\open\src\hotspot\share\interpreter\linkResolver.cpp, line 759]
Event: 3.250 Thread 0x0000022bc8213ed0 Implicit null exception at 0x0000022bd75fd90f to 0x0000022bd75fde84
Event: 3.250 Thread 0x0000022bc8213ed0 Implicit null exception at 0x0000022bd75e388f to 0x0000022bd75e3e0c
Event: 3.335 Thread 0x0000022bc8213ed0 Exception <a 'java/lang/NoSuchMethodError'{0x00000000ffd8d6e8}: 'java.lang.Object java.lang.invoke.DirectMethodHandle$Holder.invokeStaticInit(java.lang.Object)'> (0x00000000ffd8d6e8) 
thrown [s\open\src\hotspot\share\interpreter\linkResolver.cpp, line 759]
Event: 3.426 Thread 0x0000022bc8213ed0 Exception <a 'java/lang/NoSuchMethodError'{0x00000000ffc27dd0}: 'int java.lang.invoke.DirectMethodHandle$Holder.invokeVirtual(java.lang.Object, java.lang.Object, java.lang.Object)'> (0x00000000ffc27dd0) 
thrown [s\open\src\hotspot\share\interpreter\linkResolver.cpp, line 759]
Event: 3.446 Thread 0x0000022bc8213ed0 Exception <a 'java/lang/NoSuchMethodError'{0x00000000ffc89fb8}: 'java.lang.Object java.lang.invoke.DirectMethodHandle$Holder.invokeVirtual(java.lang.Object, java.lang.Object, java.lang.Object)'> (0x00000000ffc89fb8) 
thrown [s\open\src\hotspot\share\interpreter\linkResolver.cpp, line 759]
Event: 3.688 Thread 0x0000022bc8213ed0 Exception <a 'java/lang/NoSuchMethodError'{0x00000000ff800b90}: 'java.lang.Object java.lang.invoke.DirectMethodHandle$Holder.invokeStaticInit(java.lang.Object, int, int, int, int)'> (0x00000000ff800b90) 
thrown [s\open\src\hotspot\share\interpreter\linkResolver.cpp, line 759]
Event: 4.173 Thread 0x0000022bc8213ed0 Exception <a 'java/lang/NoSuchMethodError'{0x00000000ff847f70}: 'java.lang.Object java.lang.invoke.DirectMethodHandle$Holder.invokeStaticInit(java.lang.Object, java.lang.Object, int, int, int, int)'> (0x00000000ff847f70) 
thrown [s\open\src\hotspot\share\interpreter\linkResolver.cpp, line 759]
Event: 4.920 Thread 0x0000022bc8213ed0 Exception <a 'java/lang/NoSuchMethodError'{0x00000000ff876e88}: 'void java.lang.invoke.DirectMethodHandle$Holder.invokeStatic(java.lang.Object, java.lang.Object, java.lang.Object)'> (0x00000000ff876e88) 
thrown [s\open\src\hotspot\share\interpreter\linkResolver.cpp, line 759]
Event: 4.994 Thread 0x0000022bc8213ed0 Implicit null exception at 0x0000022bd75d7a72 to 0x0000022bd75d808c
Event: 4.994 Thread 0x0000022bc8213ed0 Implicit null exception at 0x0000022bd75ed6f2 to 0x0000022bd75edd0c
Event: 5.738 Thread 0x0000022be62e3010 Exception <a 'java/lang/NoSuchMethodError'{0x00000000ff00d480}: 'void java.lang.invoke.DirectMethodHandle$Holder.invokeStatic(java.lang.Object, long)'> (0x00000000ff00d480) 
thrown [s\open\src\hotspot\share\interpreter\linkResolver.cpp, line 759]
Event: 5.740 Thread 0x0000022be62e3010 Exception <a 'java/lang/NoSuchMethodError'{0x00000000ff012dd8}: 'java.lang.Object java.lang.invoke.DirectMethodHandle$Holder.newInvokeSpecial(java.lang.Object, long)'> (0x00000000ff012dd8) 
thrown [s\open\src\hotspot\share\interpreter\linkResolver.cpp, line 759]
Event: 5.745 Thread 0x0000022be62e3010 Exception <a 'java/lang/NoSuchMethodError'{0x00000000ff01d980}: 'java.lang.Object java.lang.invoke.DirectMethodHandle$Holder.invokeStaticInit(java.lang.Object, java.lang.Object, long, java.lang.Object)'> (0x00000000ff01d980) 
thrown [s\open\src\hotspot\share\interpreter\linkResolver.cpp, line 759]
Event: 5.746 Thread 0x0000022be62e3010 Exception <a 'java/lang/NoSuchMethodError'{0x00000000ff024008}: 'java.lang.Object java.lang.invoke.DirectMethodHandle$Holder.newInvokeSpecial(java.lang.Object, java.lang.Object, long)'> (0x00000000ff024008) 
thrown [s\open\src\hotspot\share\interpreter\linkResolver.cpp, line 759]
Event: 5.747 Thread 0x0000022be62e3010 Exception <a 'java/lang/NoSuchMethodError'{0x00000000ff0282f8}: 'java.lang.Object java.lang.invoke.Invokers$Holder.linkToTargetMethod(java.lang.Object, long, java.lang.Object)'> (0x00000000ff0282f8) 
thrown [s\open\src\hotspot\share\interpreter\linkResolver.cpp, line 759]
Event: 78.236 Thread 0x0000022bc8213ed0 Exception <a 'sun/net/ConnectionResetException'{0x00000000febd4c70}: Connection reset> (0x00000000febd4c70) 
thrown [s\open\src\hotspot\share\prims\jni.cpp, line 535]
Event: 78.253 Thread 0x0000022bc8213ed0 Exception <a 'java/lang/NoSuchMethodError'{0x00000000fea635e8}: 'int java.lang.invoke.DirectMethodHandle$Holder.invokeVirtual(java.lang.Object, java.lang.Object)'> (0x00000000fea635e8) 
thrown [s\open\src\hotspot\share\interpreter\linkResolver.cpp, line 759]
Event: 78.270 Thread 0x0000022be1f07050 Exception <a 'java/io/IOException'{0x00000000fea028d0}: Connection reset by peer> (0x00000000fea028d0) 
thrown [s\open\src\hotspot\share\prims\jni.cpp, line 535]

VM Operations (20 events):
Event: 13.856 Executing VM operation: Cleanup
Event: 13.857 Executing VM operation: Cleanup done
Event: 13.877 Executing VM operation: HandshakeAllThreads
Event: 13.877 Executing VM operation: HandshakeAllThreads done
Event: 14.043 Executing VM operation: HandshakeAllThreads
Event: 14.043 Executing VM operation: HandshakeAllThreads done
Event: 15.055 Executing VM operation: Cleanup
Event: 15.055 Executing VM operation: Cleanup done
Event: 29.144 Executing VM operation: Cleanup
Event: 29.145 Executing VM operation: Cleanup done
Event: 47.315 Executing VM operation: Cleanup
Event: 47.315 Executing VM operation: Cleanup done
Event: 56.375 Executing VM operation: Cleanup
Event: 56.376 Executing VM operation: Cleanup done
Event: 56.487 Executing VM operation: HandshakeAllThreads
Event: 56.487 Executing VM operation: HandshakeAllThreads done
Event: 60.051 Executing VM operation: HandshakeAllThreads
Event: 60.051 Executing VM operation: HandshakeAllThreads done
Event: 67.112 Executing VM operation: Cleanup
Event: 67.112 Executing VM operation: Cleanup done

Events (20 events):
Event: 51.333 loading class jdk/internal/reflect/ByteVectorImpl done
Event: 51.333 loading class jdk/internal/reflect/ClassFileAssembler
Event: 51.334 loading class jdk/internal/reflect/ClassFileAssembler done
Event: 51.334 loading class jdk/internal/reflect/UTF8
Event: 51.335 loading class jdk/internal/reflect/UTF8 done
Event: 51.336 loading class jdk/internal/reflect/Label
Event: 51.336 loading class jdk/internal/reflect/Label done
Event: 51.336 loading class jdk/internal/reflect/Label$PatchInfo
Event: 51.337 loading class jdk/internal/reflect/Label$PatchInfo done
Event: 51.337 loading class jdk/internal/reflect/MethodAccessorGenerator$1
Event: 51.338 loading class jdk/internal/reflect/MethodAccessorGenerator$1 done
Event: 51.338 loading class jdk/internal/reflect/ClassDefiner
Event: 51.338 loading class jdk/internal/reflect/ClassDefiner done
Event: 51.339 loading class jdk/internal/reflect/ClassDefiner$1
Event: 51.339 loading class jdk/internal/reflect/ClassDefiner$1 done
Event: 78.235 loading class sun/net/ConnectionResetException
Event: 78.236 loading class sun/net/ConnectionResetException done
Event: 78.272 Thread 0x0000022be1f07050 Thread exited: 0x0000022be1f07050
Event: 78.274 loading class java/util/concurrent/ConcurrentLinkedQueue$Itr
Event: 78.275 loading class java/util/concurrent/ConcurrentLinkedQueue$Itr done


Dynamic libraries:
0x00007ff67f6d0000 - 0x00007ff67f6e0000 	C:\Program Files\Java\jdk-17\bin\java.exe
0x00007ffd31b30000 - 0x00007ffd31d47000 	C:\Windows\SYSTEM32\ntdll.dll
0x00007ffd313c0000 - 0x00007ffd31484000 	C:\Windows\System32\KERNEL32.DLL
0x00007ffd2f400000 - 0x00007ffd2f7ad000 	C:\Windows\System32\KERNELBASE.dll
0x00007ffd2f2e0000 - 0x00007ffd2f3f1000 	C:\Windows\System32\ucrtbase.dll
0x00007ffcfaf60000 - 0x00007ffcfaf7b000 	C:\Program Files\Java\jdk-17\bin\VCRUNTIME140.dll
0x00007ffcfb200000 - 0x00007ffcfb219000 	C:\Program Files\Java\jdk-17\bin\jli.dll
0x00007ffd30590000 - 0x00007ffd30642000 	C:\Windows\System32\ADVAPI32.dll
0x00007ffd31710000 - 0x00007ffd317b7000 	C:\Windows\System32\msvcrt.dll
0x00007ffd312d0000 - 0x00007ffd31379000 	C:\Windows\System32\sechost.dll
0x00007ffd2f830000 - 0x00007ffd2f858000 	C:\Windows\System32\bcrypt.dll
0x00007ffd30d20000 - 0x00007ffd30e34000 	C:\Windows\System32\RPCRT4.dll
0x00007ffd303c0000 - 0x00007ffd3056e000 	C:\Windows\System32\USER32.dll
0x00007ffd2ef70000 - 0x00007ffd2ef96000 	C:\Windows\System32\win32u.dll
0x00007ffd30390000 - 0x00007ffd303b9000 	C:\Windows\System32\GDI32.dll
0x00007ffd2ee50000 - 0x00007ffd2ef69000 	C:\Windows\System32\gdi32full.dll
0x00007ffd18940000 - 0x00007ffd18bd3000 	C:\Windows\WinSxS\amd64_microsoft.windows.common-controls_6595b64144ccf1df_6.0.22621.3672_none_2713b9d173822955\COMCTL32.dll
0x00007ffd2f180000 - 0x00007ffd2f21a000 	C:\Windows\System32\msvcp_win.dll
0x00007ffd29770000 - 0x00007ffd2977a000 	C:\Windows\SYSTEM32\VERSION.dll
0x00007ffd316d0000 - 0x00007ffd31701000 	C:\Windows\System32\IMM32.DLL
0x00007ffd0b360000 - 0x00007ffd0b36c000 	C:\Program Files\Java\jdk-17\bin\vcruntime140_1.dll
0x00007ffce5210000 - 0x00007ffce529e000 	C:\Program Files\Java\jdk-17\bin\msvcp140.dll
0x00007ffcb18c0000 - 0x00007ffcb24a0000 	C:\Program Files\Java\jdk-17\bin\server\jvm.dll
0x00007ffd312c0000 - 0x00007ffd312c8000 	C:\Windows\System32\PSAPI.DLL
0x00007ffd19360000 - 0x00007ffd19369000 	C:\Windows\SYSTEM32\WSOCK32.dll
0x00007ffd30ca0000 - 0x00007ffd30d11000 	C:\Windows\System32\WS2_32.dll
0x00007ffd21f40000 - 0x00007ffd21f74000 	C:\Windows\SYSTEM32\WINMM.dll
0x00007ffd2de40000 - 0x00007ffd2de58000 	C:\Windows\SYSTEM32\kernel.appcore.dll
0x00007ffd0b0c0000 - 0x00007ffd0b0ca000 	C:\Program Files\Java\jdk-17\bin\jimage.dll
0x00007ffd20300000 - 0x00007ffd20532000 	C:\Windows\SYSTEM32\DBGHELP.DLL
0x00007ffd30650000 - 0x00007ffd309dd000 	C:\Windows\System32\combase.dll
0x00007ffd302b0000 - 0x00007ffd30387000 	C:\Windows\System32\OLEAUT32.dll
0x00007ffd13500000 - 0x00007ffd13532000 	C:\Windows\SYSTEM32\dbgcore.DLL
0x00007ffd2f7b0000 - 0x00007ffd2f82b000 	C:\Windows\System32\bcryptPrimitives.dll
0x00007ffcee080000 - 0x00007ffcee0a5000 	C:\Program Files\Java\jdk-17\bin\java.dll
0x00007ffce4a60000 - 0x00007ffce4b37000 	C:\Program Files\Java\jdk-17\bin\jsvml.dll
0x00007ffd2fa40000 - 0x00007ffd302a7000 	C:\Windows\System32\SHELL32.dll
0x00007ffd2cd50000 - 0x00007ffd2d64e000 	C:\Windows\SYSTEM32\windows.storage.dll
0x00007ffd2cc10000 - 0x00007ffd2cd4f000 	C:\Windows\SYSTEM32\wintypes.dll
0x00007ffd319f0000 - 0x00007ffd31ae9000 	C:\Windows\System32\SHCORE.dll
0x00007ffd309e0000 - 0x00007ffd30a3e000 	C:\Windows\System32\shlwapi.dll
0x00007ffd2ed80000 - 0x00007ffd2eda1000 	C:\Windows\SYSTEM32\profapi.dll
0x00007ffcfa8f0000 - 0x00007ffcfa909000 	C:\Program Files\Java\jdk-17\bin\net.dll
0x00007ffd2b840000 - 0x00007ffd2b976000 	C:\Windows\SYSTEM32\WINHTTP.dll
0x00007ffd2e2a0000 - 0x00007ffd2e309000 	C:\Windows\system32\mswsock.dll
0x00007ffcee0f0000 - 0x00007ffcee106000 	C:\Program Files\Java\jdk-17\bin\nio.dll
0x00007ffcea650000 - 0x00007ffcea668000 	C:\Program Files\Java\jdk-17\bin\zip.dll
0x00007ffd04ff0000 - 0x00007ffd05000000 	C:\Program Files\Java\jdk-17\bin\verify.dll
0x00007ffce9d60000 - 0x00007ffce9d87000 	C:\Users\Hp\.gradle\native\c067742578af261105cb4f569cf0c3c89f3d7b1fecec35dd04571415982c5e48\windows-amd64\native-platform.dll
0x00007ffd04250000 - 0x00007ffd0425a000 	C:\Program Files\Java\jdk-17\bin\management.dll
0x00007ffd02900000 - 0x00007ffd0290b000 	C:\Program Files\Java\jdk-17\bin\management_ext.dll
0x00007ffd2e5f0000 - 0x00007ffd2e60b000 	C:\Windows\SYSTEM32\CRYPTSP.dll
0x00007ffd2dda0000 - 0x00007ffd2ddd5000 	C:\Windows\system32\rsaenh.dll
0x00007ffd2e340000 - 0x00007ffd2e368000 	C:\Windows\SYSTEM32\USERENV.dll
0x00007ffd2e5d0000 - 0x00007ffd2e5dc000 	C:\Windows\SYSTEM32\CRYPTBASE.dll
0x00007ffd2d8b0000 - 0x00007ffd2d8dd000 	C:\Windows\SYSTEM32\IPHLPAPI.DLL
0x00007ffd313b0000 - 0x00007ffd313b9000 	C:\Windows\System32\NSI.dll
0x00007ffd2b820000 - 0x00007ffd2b839000 	C:\Windows\SYSTEM32\dhcpcsvc6.DLL
0x00007ffd2b800000 - 0x00007ffd2b81f000 	C:\Windows\SYSTEM32\dhcpcsvc.DLL
0x00007ffd2d8e0000 - 0x00007ffd2d9d8000 	C:\Windows\SYSTEM32\DNSAPI.dll
0x00007ffcfbac0000 - 0x00007ffcfbace000 	C:\Program Files\Java\jdk-17\bin\sunmscapi.dll
0x00007ffd2f010000 - 0x00007ffd2f177000 	C:\Windows\System32\CRYPT32.dll
0x00007ffd2e710000 - 0x00007ffd2e73e000 	C:\Windows\SYSTEM32\ncrypt.dll
0x00007ffd2e6d0000 - 0x00007ffd2e707000 	C:\Windows\SYSTEM32\NTASN1.dll
0x00007ffcd7280000 - 0x00007ffcd7288000 	C:\Windows\system32\wshunix.dll

dbghelp: loaded successfully - version: 4.0.5 - missing functions: none
symbol engine: initialized successfully - sym options: 0x614 - pdb path: .;C:\Program Files\Java\jdk-17\bin;C:\Windows\SYSTEM32;C:\Windows\WinSxS\amd64_microsoft.windows.common-controls_6595b64144ccf1df_6.0.22621.3672_none_2713b9d173822955;C:\Program Files\Java\jdk-17\bin\server;C:\Users\Hp\.gradle\native\c067742578af261105cb4f569cf0c3c89f3d7b1fecec35dd04571415982c5e48\windows-amd64

VM Arguments:
jvm_args: -Xmx64m -Xms64m -Dorg.gradle.appname=gradlew 
java_command: org.gradle.wrapper.GradleWrapperMain app:installDebug -PreactNativeDevServerPort=8081
java_class_path (initial): D:\reactnativeapp\myapp\android\\gradle\wrapper\gradle-wrapper.jar
Launcher Type: SUN_STANDARD

[Global flags]
     intx CICompilerCount                          = 3                                         {product} {ergonomic}
     uint ConcGCThreads                            = 1                                         {product} {ergonomic}
     uint G1ConcRefinementThreads                  = 4                                         {product} {ergonomic}
   size_t G1HeapRegionSize                         = 1048576                                   {product} {ergonomic}
    uintx GCDrainStackTargetSize                   = 64                                        {product} {ergonomic}
   size_t InitialHeapSize                          = 67108864                                  {product} {command line}
   size_t MarkStackSize                            = 4194304                                   {product} {ergonomic}
   size_t MaxHeapSize                              = 67108864                                  {product} {command line}
   size_t MaxNewSize                               = 39845888                                  {product} {ergonomic}
   size_t MinHeapDeltaBytes                        = 1048576                                   {product} {ergonomic}
   size_t MinHeapSize                              = 67108864                                  {product} {command line}
    uintx NonNMethodCodeHeapSize                   = 5832780                                {pd product} {ergonomic}
    uintx NonProfiledCodeHeapSize                  = 122912730                              {pd product} {ergonomic}
    uintx ProfiledCodeHeapSize                     = 122912730                              {pd product} {ergonomic}
    uintx ReservedCodeCacheSize                    = 251658240                              {pd product} {ergonomic}
     bool SegmentedCodeCache                       = true                                      {product} {ergonomic}
   size_t SoftMaxHeapSize                          = 67108864                               {manageable} {ergonomic}
     bool UseCompressedClassPointers               = true                           {product lp64_product} {ergonomic}
     bool UseCompressedOops                        = true                           {product lp64_product} {ergonomic}
     bool UseG1GC                                  = true                                      {product} {ergonomic}
     bool UseLargePagesIndividualAllocation        = false                                  {pd product} {ergonomic}

Logging:
Log output configuration:
 #0: stdout all=warning uptime,level,tags
 #1: stderr all=off uptime,level,tags

Environment Variables:
JAVA_HOME=C:\Program Files\Java\jdk-17
CLASSPATH=D:\reactnativeapp\myapp\android\\gradle\wrapper\gradle-wrapper.jar
PATH=D:\reactnativeapp\myapp\node_modules\.bin;D:\reactnativeapp\myapp\node_modules\.bin;D:\reactnativeapp\node_modules\.bin;D:\node_modules\.bin;C:\Users\Hp\AppData\Roaming\nvm\v22.3.0\node_modules\npm\node_modules\@npmcli\run-script\lib\node-gyp-bin;D:\reactnativeapp\myapp\node_modules\.bin;D:\reactnativeapp\myapp\node_modules\.bin;D:\reactnativeapp\node_modules\.bin;D:\node_modules\.bin;C:\Users\Hp\AppData\Roaming\nvm\v22.3.0\node_modules\npm\node_modules\@npmcli\run-script\lib\node-gyp-bin;C:\Program Files\Common Files\Oracle\Java\javapath;C:\Windows\system32;C:\Windows;C:\Windows\System32\Wbem;C:\Windows\System32\WindowsPowerShell\v1.0\;C:\Windows\System32\OpenSSH\;C:\Users\Hp\AppData\Roaming\nvm;C:\Program Files\nodejs;C:\Program Files\nodejs;C:\Users\Hp\AppData\Local\Android\Sdk;C:\Program Files\MongoDB\Server\7.0\data;C:\Program Files\Java\jdk-17\bin;C:\Users\Hp\.gradle\daemon\8.6;D:\xamp\php;D:\ComposerSetup;C:\Users\Hp\AppData\Local\Android\Sdk\emulator;C:\Users\Hp\AppData\Local\Android\Sdk\tools;C:\Users\Hp\AppData\Local\Android\Sdk\tools;C:\Users\Hp\AppData\Local\Microsoft\WindowsApps;C:\Users\Hp\AppData\Roaming\nvm;C:\Program Files\nodejs;D:\miral\Microsoft VS Code\bin;C:\Program Files\Java\jdk-17\bin;C:\Users\Hp\.gradle\daemon\8.6;C:\Users\Hp\AppData\Roaming\Composer\vendor\bin;C:\Users\Hp\AppData\Local\Android\Sdk\platform-tools;C:\Users\Hp\AppData\Local\Android\Sdk\emulator;
USERNAME=Hp
LANG=en_US.UTF-8
OS=Windows_NT
PROCESSOR_IDENTIFIER=Intel64 Family 6 Model 78 Stepping 3, GenuineIntel



---------------  S Y S T E M  ---------------

OS:
 Windows 11 , 64 bit Build 22621 (10.0.22621.3958)
OS uptime: 0 days 3:01 hours
Hyper-V role detected

CPU: total 4 (initial active 4) (2 cores per cpu, 2 threads per core) family 6 model 78 stepping 3 microcode 0xf0, cx8, cmov, fxsr, ht, mmx, 3dnowpref, sse, sse2, sse3, ssse3, sse4.1, sse4.2, popcnt, lzcnt, tsc, tscinvbit, avx, avx2, aes, erms, clmul, bmi1, bmi2, rtm, adx, fma, vzeroupper, clflush, clflushopt, hv

Memory: 4k page, system-wide physical 8070M (197M free)
TotalPageFile size 14187M (AvailPageFile size 0M)
current process WorkingSet (physical memory assigned to process): 88M, peak: 88M
current process commit charge ("private bytes"): 156M, peak: 159M

vm_info: Java HotSpot(TM) 64-Bit Server VM (17.0.11+7-LTS-207) for windows-amd64 JRE (17.0.11+7-LTS-207), built on Mar 11 2024 19:01:50 by "mach5one" with MS VC++ 17.6 (VS2022)

END.
