#
# There is insufficient memory for the Java Runtime Environment to continue.
# Native memory allocation (mmap) failed to map 3178496 bytes for G1 virtual space
# Possible reasons:
#   The system is out of physical RAM or swap space
#   The process is running with CompressedOops enabled, and the Java Heap may be blocking the growth of the native heap
# Possible solutions:
#   Reduce memory load on the system
#   Increase physical memory or swap space
#   Check if swap backing store is full
#   Decrease Java heap size (-Xmx/-Xms)
#   Decrease number of Java threads
#   Decrease Java thread stack sizes (-Xss)
#   Set larger code cache with -XX:ReservedCodeCacheSize=
#   JVM is running with Zero Based Compressed Oops mode in which the Java heap is
#     placed in the first 32GB address space. The Java Heap base address is the
#     maximum limit for the native heap growth. Please use -XX:HeapBaseMinAddress
#     to set the Java Heap base and to place the Java Heap above 32GB virtual address.
# This output file may be truncated or incomplete.
#
#  Out of Memory Error (os_windows.cpp:3548), pid=4728, tid=14392
#
# JRE version: Java(TM) SE Runtime Environment (17.0.11+7) (build 17.0.11+7-LTS-207)
# Java VM: Java HotSpot(TM) 64-Bit Server VM (17.0.11+7-LTS-207, mixed mode, sharing, tiered, compressed oops, compressed class ptrs, g1 gc, windows-amd64)
# No core dump will be written. Minidumps are not enabled by default on client versions of Windows
#

---------------  S U M M A R Y ------------

Command Line: -XX:MaxMetaspaceSize=712m --add-opens=java.base/java.util=ALL-UNNAMED --add-opens=java.base/java.lang=ALL-UNNAMED --add-opens=java.base/java.lang.invoke=ALL-UNNAMED --add-opens=java.prefs/java.util.prefs=ALL-UNNAMED --add-opens=java.base/java.nio.charset=ALL-UNNAMED --add-opens=java.base/java.net=ALL-UNNAMED --add-opens=java.base/java.util.concurrent.atomic=ALL-UNNAMED -Xmx4g -Dfile.encoding=windows-1252 -Duser.country=GB -Duser.language=en -Duser.variant -javaagent:C:\Users\Hp\.gradle\wrapper\dists\gradle-8.6-all\3mbtmo166bl6vumsh5k2lkq5h\gradle-8.6\lib\agents\gradle-instrumentation-agent-8.6.jar org.gradle.launcher.daemon.bootstrap.GradleDaemon 8.6

Host: Intel(R) Core(TM) i5-6300U CPU @ 2.40GHz, 4 cores, 7G,  Windows 11 , 64 bit Build 22621 (10.0.22621.3958)
Time: Thu Aug  8 20:44:31 2024 Pakistan Standard Time elapsed time: 161.729830 seconds (0d 0h 2m 41s)

---------------  T H R E A D  ---------------

Current thread (0x000001fc691bf410):  VMThread "VM Thread" [stack: 0x000000151ae00000,0x000000151af00000] [id=14392]

Stack: [0x000000151ae00000,0x000000151af00000]
Native frames: (J=compiled Java code, j=interpreted, Vv=VM code, C=native code)
V  [jvm.dll+0x679cca]
V  [jvm.dll+0x7da13d]
V  [jvm.dll+0x7dba83]
V  [jvm.dll+0x7dc0f3]
V  [jvm.dll+0x2449af]
V  [jvm.dll+0x676ce9]
V  [jvm.dll+0x66b852]
V  [jvm.dll+0x3018d6]
V  [jvm.dll+0x308e76]
V  [jvm.dll+0x359703]
V  [jvm.dll+0x35991f]
V  [jvm.dll+0x2d89a8]
V  [jvm.dll+0x2d6ddd]
V  [jvm.dll+0x2d642c]
V  [jvm.dll+0x319f8b]
V  [jvm.dll+0x7e09eb]
V  [jvm.dll+0x7e1724]
V  [jvm.dll+0x7e1c3d]
V  [jvm.dll+0x7e2014]
V  [jvm.dll+0x7e20e0]
V  [jvm.dll+0x78a85a]
V  [jvm.dll+0x678bb5]
C  [ucrtbase.dll+0x29333]
C  [KERNEL32.DLL+0x1257d]
C  [ntdll.dll+0x5af28]

VM_Operation (0x000000151d7fdb90): G1CollectForAllocation, mode: safepoint, requested by thread 0x000001fc6eefb740


---------------  P R O C E S S  ---------------

Threads class SMR info:
_java_thread_list=0x000001fc71bda750, length=109, elements={
0x000001fc46c583d0, 0x000001fc691c3f30, 0x000001fc691c5cd0, 0x000001fc691da140,
0x000001fc691dbc20, 0x000001fc691de600, 0x000001fc691deed0, 0x000001fc691eec60,
0x000001fc691f7580, 0x000001fc691f7e90, 0x000001fc691b1970, 0x000001fc695126b0,
0x000001fc6fd66900, 0x000001fc69efa730, 0x000001fc6f2d4ee0, 0x000001fc6fa76440,
0x000001fc6fa76920, 0x000001fc6ec87e50, 0x000001fc6ec88360, 0x000001fc6ec88870,
0x000001fc6ec86500, 0x000001fc6ec850c0, 0x000001fc6ec85ff0, 0x000001fc6ec855d0,
0x000001fc6ec85ae0, 0x000001fc6ec86a10, 0x000001fc6ec86f20, 0x000001fc6ec87430,
0x000001fc6eefcb80, 0x000001fc6eefe4d0, 0x000001fc6eefdfc0, 0x000001fc6eefd090,
0x000001fc6eefdab0, 0x000001fc6eef7570, 0x000001fc6eef7f90, 0x000001fc6eefc670,
0x000001fc6eef93d0, 0x000001fc6eef7a80, 0x000001fc6eef89b0, 0x000001fc6eef98e0,
0x000001fc6eef9df0, 0x000001fc6eefd5a0, 0x000001fc6eefa810, 0x000001fc6eefc160,
0x000001fc7067adf0, 0x000001fc7067fef0, 0x000001fc7067a3d0, 0x000001fc70680910,
0x000001fc7067a8e0, 0x000001fc7067eab0, 0x000001fc70679ec0, 0x000001fc7067b300,
0x000001fc70681330, 0x000001fc70680400, 0x000001fc7067f4d0, 0x000001fc7067efc0,
0x000001fc7067b810, 0x000001fc70680e20, 0x000001fc7067c230, 0x000001fc7067e5a0,
0x000001fc7067e090, 0x000001fc7067db80, 0x000001fc7067c740, 0x000001fc707a0370,
0x000001fc707a21d0, 0x000001fc7079daf0, 0x000001fc707a0d90, 0x000001fc7079d0d0,
0x000001fc707a17b0, 0x000001fc7079bc90, 0x000001fc707a26e0, 0x000001fc707a3100,
0x000001fc7079e510, 0x000001fc6eefbc50, 0x000001fc74401f00, 0x000001fc743fd310,
0x000001fc743fdd30, 0x000001fc743fe240, 0x000001fc743fe750, 0x000001fc743fce00,
0x000001fc74400ac0, 0x000001fc743ffb90, 0x000001fc74402410, 0x000001fc743fec60,
0x000001fc743ff170, 0x000001fc74400fd0, 0x000001fc74402920, 0x000001fc743fb9c0,
0x000001fc743fc8f0, 0x000001fc71e78530, 0x000001fc71e7c700, 0x000001fc71e770f0,
0x000001fc71e7c1f0, 0x000001fc71e7b2c0, 0x000001fc71e7d120, 0x000001fc71e7d630,
0x000001fc71e78f50, 0x000001fc71e77b10, 0x000001fc71e78a40, 0x000001fc71e7e050,
0x000001fc71e7e560, 0x000001fc71e7a390, 0x000001fc71e7b7d0, 0x000001fc6eefb740,
0x000001fc7067bd20, 0x000001fc7067cc50, 0x000001fc707a1cc0, 0x000001fc6ec87940,
0x000001fc72948e70
}

Java Threads: ( => current thread )
  0x000001fc46c583d0 JavaThread "main" [_thread_blocked, id=1424, stack(0x000000151a800000,0x000000151a900000)]
  0x000001fc691c3f30 JavaThread "Reference Handler" daemon [_thread_blocked, id=15112, stack(0x000000151af00000,0x000000151b000000)]
  0x000001fc691c5cd0 JavaThread "Finalizer" daemon [_thread_blocked, id=7976, stack(0x000000151b000000,0x000000151b100000)]
  0x000001fc691da140 JavaThread "Signal Dispatcher" daemon [_thread_blocked, id=15224, stack(0x000000151b100000,0x000000151b200000)]
  0x000001fc691dbc20 JavaThread "Attach Listener" daemon [_thread_blocked, id=14976, stack(0x000000151b200000,0x000000151b300000)]
  0x000001fc691de600 JavaThread "Service Thread" daemon [_thread_blocked, id=4188, stack(0x000000151b300000,0x000000151b400000)]
  0x000001fc691deed0 JavaThread "Monitor Deflation Thread" daemon [_thread_blocked, id=4420, stack(0x000000151b400000,0x000000151b500000)]
  0x000001fc691eec60 JavaThread "C2 CompilerThread0" daemon [_thread_blocked, id=6488, stack(0x000000151b500000,0x000000151b600000)]
  0x000001fc691f7580 JavaThread "C1 CompilerThread0" daemon [_thread_blocked, id=6960, stack(0x000000151b600000,0x000000151b700000)]
  0x000001fc691f7e90 JavaThread "Sweeper thread" daemon [_thread_blocked, id=5964, stack(0x000000151b700000,0x000000151b800000)]
  0x000001fc691b1970 JavaThread "Common-Cleaner" daemon [_thread_blocked, id=6980, stack(0x000000151b800000,0x000000151b900000)]
  0x000001fc695126b0 JavaThread "Notification Thread" daemon [_thread_blocked, id=2172, stack(0x000000151b900000,0x000000151ba00000)]
  0x000001fc6fd66900 JavaThread "Daemon health stats" [_thread_blocked, id=3396, stack(0x000000151bf00000,0x000000151c000000)]
  0x000001fc69efa730 JavaThread "Incoming local TCP Connector on port 59037" [_thread_in_native, id=7048, stack(0x000000151bb00000,0x000000151bc00000)]
  0x000001fc6f2d4ee0 JavaThread "Daemon periodic checks" [_thread_blocked, id=13628, stack(0x000000151c100000,0x000000151c200000)]
  0x000001fc6fa76440 JavaThread "Daemon" [_thread_blocked, id=2536, stack(0x000000151c200000,0x000000151c300000)]
  0x000001fc6fa76920 JavaThread "Handler for socket connection from /127.0.0.1:59037 to /127.0.0.1:59038" [_thread_in_native, id=3044, stack(0x000000151c300000,0x000000151c400000)]
  0x000001fc6ec87e50 JavaThread "Cancel handler" [_thread_blocked, id=2872, stack(0x000000151c000000,0x000000151c100000)]
  0x000001fc6ec88360 JavaThread "Daemon worker" [_thread_blocked, id=12604, stack(0x000000151c400000,0x000000151c500000)]
  0x000001fc6ec88870 JavaThread "Asynchronous log dispatcher for DefaultDaemonConnection: socket connection from /127.0.0.1:59037 to /127.0.0.1:59038" [_thread_blocked, id=12248, stack(0x000000151c500000,0x000000151c600000)]
  0x000001fc6ec86500 JavaThread "Stdin handler" [_thread_blocked, id=12548, stack(0x000000151c600000,0x000000151c700000)]
  0x000001fc6ec850c0 JavaThread "Daemon client event forwarder" [_thread_blocked, id=12732, stack(0x000000151c700000,0x000000151c800000)]
  0x000001fc6ec85ff0 JavaThread "Cache worker for journal cache (C:\Users\Hp\.gradle\caches\journal-1)" [_thread_blocked, id=5484, stack(0x000000151c800000,0x000000151c900000)]
  0x000001fc6ec855d0 JavaThread "File lock request listener" [_thread_in_native, id=10336, stack(0x000000151c900000,0x000000151ca00000)]
  0x000001fc6ec85ae0 JavaThread "Cache worker for file hash cache (C:\Users\Hp\.gradle\caches\8.6\fileHashes)" [_thread_blocked, id=9048, stack(0x000000151ca00000,0x000000151cb00000)]
  0x000001fc6ec86a10 JavaThread "File watcher server" daemon [_thread_blocked, id=9660, stack(0x000000151cb00000,0x000000151cc00000)]
  0x000001fc6ec86f20 JavaThread "File watcher consumer" daemon [_thread_blocked, id=11312, stack(0x000000151cc00000,0x000000151cd00000)]
  0x000001fc6ec87430 JavaThread "Cache worker for checksums cache (D:\reactnativeapp\myapp\android\.gradle\8.6\checksums)" [_thread_blocked, id=11796, stack(0x000000151cd00000,0x000000151ce00000)]
  0x000001fc6eefcb80 JavaThread "Cache worker for file hash cache (D:\reactnativeapp\myapp\android\.gradle\8.6\fileHashes)" [_thread_blocked, id=5076, stack(0x000000151ce00000,0x000000151cf00000)]
  0x000001fc6eefe4d0 JavaThread "Cache worker for cache directory md-supplier (C:\Users\Hp\.gradle\caches\8.6\md-supplier)" [_thread_blocked, id=13720, stack(0x000000151cf00000,0x000000151d000000)]
  0x000001fc6eefdfc0 JavaThread "Cache worker for cache directory md-rule (C:\Users\Hp\.gradle\caches\8.6\md-rule)" [_thread_blocked, id=10652, stack(0x000000151d000000,0x000000151d100000)]
  0x000001fc6eefd090 JavaThread "Cache worker for file content cache (C:\Users\Hp\.gradle\caches\8.6\fileContent)" [_thread_blocked, id=14732, stack(0x000000151d100000,0x000000151d200000)]
  0x000001fc6eefdab0 JavaThread "jar transforms" [_thread_blocked, id=13832, stack(0x000000151d300000,0x000000151d400000)]
  0x000001fc6eef7570 JavaThread "jar transforms Thread 2" [_thread_blocked, id=13556, stack(0x000000151d400000,0x000000151d500000)]
  0x000001fc6eef7f90 JavaThread "jar transforms Thread 3" [_thread_blocked, id=14472, stack(0x000000151d500000,0x000000151d600000)]
  0x000001fc6eefc670 JavaThread "jar transforms Thread 4" [_thread_blocked, id=14280, stack(0x000000151d600000,0x000000151d700000)]
  0x000001fc6eef93d0 JavaThread "Unconstrained build operations" [_thread_blocked, id=11736, stack(0x000000151da00000,0x000000151db00000)]
  0x000001fc6eef7a80 JavaThread "Unconstrained build operations Thread 2" [_thread_blocked, id=4724, stack(0x000000151db00000,0x000000151dc00000)]
  0x000001fc6eef89b0 JavaThread "Cache worker for Build Output Cleanup Cache (D:\reactnativeapp\myapp\node_modules\@react-native\gradle-plugin\.gradle\buildOutputCleanup)" [_thread_blocked, id=14920, stack(0x000000151dc00000,0x000000151dd00000)]
  0x000001fc6eef98e0 JavaThread "Unconstrained build operations Thread 3" [_thread_blocked, id=14496, stack(0x000000151dd00000,0x000000151de00000)]
  0x000001fc6eef9df0 JavaThread "Unconstrained build operations Thread 4" [_thread_blocked, id=7392, stack(0x000000151de00000,0x000000151df00000)]
  0x000001fc6eefd5a0 JavaThread "Unconstrained build operations Thread 5" [_thread_blocked, id=2260, stack(0x000000151df00000,0x000000151e000000)]
  0x000001fc6eefa810 JavaThread "build event listener" [_thread_blocked, id=3760, stack(0x000000151d200000,0x000000151d300000)]
  0x000001fc6eefc160 JavaThread "Memory manager" [_thread_blocked, id=3644, stack(0x000000151e100000,0x000000151e200000)]
  0x000001fc7067adf0 JavaThread "Cache worker for Build Output Cleanup Cache (D:\reactnativeapp\myapp\android\.gradle\buildOutputCleanup)" [_thread_blocked, id=13064, stack(0x000000151e400000,0x000000151e500000)]
  0x000001fc7067fef0 JavaThread "ForkJoinPool.commonPool-worker-1" daemon [_thread_blocked, id=2760, stack(0x000000151e500000,0x000000151e600000)]
  0x000001fc7067a3d0 JavaThread "ForkJoinPool.commonPool-worker-3" daemon [_thread_blocked, id=8600, stack(0x000000151e700000,0x000000151e800000)]
  0x000001fc70680910 JavaThread "included builds" [_thread_blocked, id=7136, stack(0x000000151e800000,0x000000151e900000)]
  0x000001fc7067a8e0 JavaThread "Execution worker" [_thread_blocked, id=10536, stack(0x000000151e900000,0x000000151ea00000)]
  0x000001fc7067eab0 JavaThread "Execution worker Thread 2" [_thread_blocked, id=9436, stack(0x000000151ea00000,0x000000151eb00000)]
  0x000001fc70679ec0 JavaThread "Execution worker Thread 3" [_thread_blocked, id=10484, stack(0x000000151eb00000,0x000000151ec00000)]
  0x000001fc7067b300 JavaThread "Cache worker for execution history cache (D:\reactnativeapp\myapp\node_modules\@react-native\gradle-plugin\.gradle\8.6\executionHistory)" [_thread_blocked, id=3212, stack(0x000000151ec00000,0x000000151ed00000)]
  0x000001fc70681330 JavaThread "Unconstrained build operations Thread 6" [_thread_blocked, id=3976, stack(0x000000151ed00000,0x000000151ee00000)]
  0x000001fc70680400 JavaThread "Unconstrained build operations Thread 7" [_thread_blocked, id=10148, stack(0x000000151ee00000,0x000000151ef00000)]
  0x000001fc7067f4d0 JavaThread "Unconstrained build operations Thread 8" [_thread_blocked, id=8188, stack(0x000000151ef00000,0x000000151f000000)]
  0x000001fc7067efc0 JavaThread "Unconstrained build operations Thread 9" [_thread_blocked, id=4256, stack(0x000000151f000000,0x000000151f100000)]
  0x000001fc7067b810 JavaThread "Unconstrained build operations Thread 10" [_thread_blocked, id=8420, stack(0x000000151f100000,0x000000151f200000)]
  0x000001fc70680e20 JavaThread "Unconstrained build operations Thread 11" [_thread_blocked, id=3552, stack(0x000000151f200000,0x000000151f300000)]
  0x000001fc7067c230 JavaThread "Unconstrained build operations Thread 12" [_thread_blocked, id=7944, stack(0x000000151f300000,0x000000151f400000)]
  0x000001fc7067e5a0 JavaThread "Unconstrained build operations Thread 13" [_thread_blocked, id=4612, stack(0x000000151f400000,0x000000151f500000)]
  0x000001fc7067e090 JavaThread "Unconstrained build operations Thread 14" [_thread_blocked, id=13088, stack(0x000000151f500000,0x000000151f600000)]
  0x000001fc7067db80 JavaThread "Unconstrained build operations Thread 15" [_thread_blocked, id=9884, stack(0x000000151f600000,0x000000151f700000)]
  0x000001fc7067c740 JavaThread "Unconstrained build operations Thread 16" [_thread_blocked, id=14700, stack(0x000000151f700000,0x000000151f800000)]
  0x000001fc707a0370 JavaThread "build event listener" [_thread_blocked, id=14252, stack(0x000000151e300000,0x000000151e400000)]
  0x000001fc707a21d0 JavaThread "Unconstrained build operations Thread 17" [_thread_blocked, id=15288, stack(0x000000151f900000,0x000000151fa00000)]
  0x000001fc7079daf0 JavaThread "Unconstrained build operations Thread 18" [_thread_blocked, id=10868, stack(0x000000151fa00000,0x000000151fb00000)]
  0x000001fc707a0d90 JavaThread "Unconstrained build operations Thread 19" [_thread_blocked, id=13988, stack(0x000000151fb00000,0x000000151fc00000)]
  0x000001fc7079d0d0 JavaThread "Unconstrained build operations Thread 20" [_thread_blocked, id=8196, stack(0x000000151a500000,0x000000151a600000)]
  0x000001fc707a17b0 JavaThread "Unconstrained build operations Thread 21" [_thread_blocked, id=13580, stack(0x000000151a600000,0x000000151a700000)]
  0x000001fc7079bc90 JavaThread "Unconstrained build operations Thread 22" [_thread_blocked, id=9504, stack(0x000000151a700000,0x000000151a800000)]
  0x000001fc707a26e0 JavaThread "Unconstrained build operations Thread 23" [_thread_blocked, id=14844, stack(0x000000151fc00000,0x000000151fd00000)]
  0x000001fc707a3100 JavaThread "Unconstrained build operations Thread 24" [_thread_blocked, id=12640, stack(0x000000151fd00000,0x000000151fe00000)]
  0x000001fc7079e510 JavaThread "Unconstrained build operations Thread 25" [_thread_blocked, id=7192, stack(0x000000151fe00000,0x000000151ff00000)]
  0x000001fc6eefbc50 JavaThread "Unconstrained build operations Thread 26" [_thread_blocked, id=15304, stack(0x000000151ff00000,0x0000001520000000)]
  0x000001fc74401f00 JavaThread "Unconstrained build operations Thread 27" [_thread_blocked, id=7672, stack(0x0000001520000000,0x0000001520100000)]
  0x000001fc743fd310 JavaThread "Unconstrained build operations Thread 28" [_thread_blocked, id=13592, stack(0x0000001520100000,0x0000001520200000)]
  0x000001fc743fdd30 JavaThread "Unconstrained build operations Thread 29" [_thread_blocked, id=4372, stack(0x0000001520200000,0x0000001520300000)]
  0x000001fc743fe240 JavaThread "Unconstrained build operations Thread 30" [_thread_blocked, id=14144, stack(0x0000001520300000,0x0000001520400000)]
  0x000001fc743fe750 JavaThread "Unconstrained build operations Thread 31" [_thread_blocked, id=14548, stack(0x0000001520400000,0x0000001520500000)]
  0x000001fc743fce00 JavaThread "Unconstrained build operations Thread 32" [_thread_blocked, id=13960, stack(0x0000001520500000,0x0000001520600000)]
  0x000001fc74400ac0 JavaThread "Unconstrained build operations Thread 33" [_thread_blocked, id=8532, stack(0x0000001520600000,0x0000001520700000)]
  0x000001fc743ffb90 JavaThread "Unconstrained build operations Thread 34" [_thread_blocked, id=6716, stack(0x0000001520700000,0x0000001520800000)]
  0x000001fc74402410 JavaThread "Unconstrained build operations Thread 35" [_thread_blocked, id=9392, stack(0x0000001520800000,0x0000001520900000)]
  0x000001fc743fec60 JavaThread "Unconstrained build operations Thread 36" [_thread_blocked, id=11368, stack(0x0000001520900000,0x0000001520a00000)]
  0x000001fc743ff170 JavaThread "Unconstrained build operations Thread 37" [_thread_blocked, id=11228, stack(0x0000001520a00000,0x0000001520b00000)]
  0x000001fc74400fd0 JavaThread "Unconstrained build operations Thread 38" [_thread_blocked, id=7508, stack(0x0000001520b00000,0x0000001520c00000)]
  0x000001fc74402920 JavaThread "Unconstrained build operations Thread 39" [_thread_blocked, id=5008, stack(0x0000001520c00000,0x0000001520d00000)]
  0x000001fc743fb9c0 JavaThread "Unconstrained build operations Thread 40" [_thread_blocked, id=14052, stack(0x0000001520d00000,0x0000001520e00000)]
  0x000001fc743fc8f0 JavaThread "Cache worker for execution history cache (D:\reactnativeapp\myapp\android\.gradle\8.6\executionHistory)" [_thread_blocked, id=11788, stack(0x0000001520e00000,0x0000001520f00000)]
  0x000001fc71e78530 JavaThread "WorkerExecutor Queue" [_thread_in_native, id=8456, stack(0x000000151f800000,0x000000151f900000)]
  0x000001fc71e7c700 JavaThread "RMI Scheduler(0)" daemon [_thread_blocked, id=6824, stack(0x0000001520f00000,0x0000001521000000)]
  0x000001fc71e770f0 JavaThread "RMI RenewClean-[127.0.0.1:17776,org.jetbrains.kotlin.daemon.common.LoopbackNetworkInterface$ClientLoopbackSocketFactory@1a8a2e95]" daemon [_thread_blocked, id=14448, stack(0x0000001521000000,0x0000001521100000)]
  0x000001fc71e7c1f0 JavaThread "RMI GC Daemon" daemon [_thread_blocked, id=7696, stack(0x0000001521100000,0x0000001521200000)]
  0x000001fc71e7b2c0 JavaThread "WorkerExecutor Queue Thread 2" [_thread_in_native, id=14956, stack(0x0000001521200000,0x0000001521300000)]
  0x000001fc71e7d120 JavaThread "RMI TCP Accept-0" daemon [_thread_in_native, id=1260, stack(0x0000001521300000,0x0000001521400000)]
  0x000001fc71e7d630 JavaThread "RMI Reaper" [_thread_blocked, id=3656, stack(0x0000001521400000,0x0000001521500000)]
  0x000001fc71e78f50 JavaThread "RMI TCP Connection(idle)" daemon [_thread_blocked, id=14748, stack(0x0000001521500000,0x0000001521600000)]
  0x000001fc71e77b10 JavaThread "RMI RenewClean-[127.0.0.1:17776,org.jetbrains.kotlin.daemon.common.LoopbackNetworkInterface$ClientLoopbackSocketFactory@1b3ff419]" daemon [_thread_blocked, id=2700, stack(0x0000001521600000,0x0000001521700000)]
  0x000001fc71e78a40 JavaThread "RMI TCP Connection(idle)" daemon [_thread_blocked, id=8212, stack(0x0000001521700000,0x0000001521800000)]
  0x000001fc71e7e050 JavaThread "WorkerExecutor Queue Thread 3" [_thread_in_native, id=12448, stack(0x0000001521800000,0x0000001521900000)]
  0x000001fc71e7e560 JavaThread "RMI RenewClean-[127.0.0.1:17776,org.jetbrains.kotlin.daemon.common.LoopbackNetworkInterface$ClientLoopbackSocketFactory@aa35970]" daemon [_thread_blocked, id=5220, stack(0x0000001521900000,0x0000001521a00000)]
  0x000001fc71e7a390 JavaThread "RMI TCP Connection(idle)" daemon [_thread_blocked, id=13748, stack(0x0000001521a00000,0x0000001521b00000)]
  0x000001fc71e7b7d0 JavaThread "WorkerExecutor Queue Thread 4" [_thread_blocked, id=7480, stack(0x0000001521c00000,0x0000001521d00000)]
  0x000001fc6eefb740 JavaThread "WorkerExecutor Queue Thread 5" [_thread_blocked, id=8172, stack(0x000000151d700000,0x000000151d800000)]
  0x000001fc7067bd20 JavaThread "ForkJoinPool-1-worker-1" daemon [_thread_blocked, id=13640, stack(0x000000151d800000,0x000000151d900000)]
  0x000001fc7067cc50 JavaThread "ForkJoinPool-1-worker-2" daemon [_thread_blocked, id=6472, stack(0x000000151d900000,0x000000151da00000)]
  0x000001fc707a1cc0 JavaThread "ForkJoinPool-1-worker-3" daemon [_thread_blocked, id=6396, stack(0x000000151e000000,0x000000151e100000)]
  0x000001fc6ec87940 JavaThread "ForkJoinPool-1-worker-4" daemon [_thread_blocked, id=8596, stack(0x000000151e600000,0x000000151e700000)]
  0x000001fc72948e70 JavaThread "C2 CompilerThread1" daemon [_thread_blocked, id=4216, stack(0x0000001521f00000,0x0000001522000000)]

Other Threads:
=>0x000001fc691bf410 VMThread "VM Thread" [stack: 0x000000151ae00000,0x000000151af00000] [id=14392]
  0x000001fc46c59250 WatcherThread [stack: 0x000000151ba00000,0x000000151bb00000] [id=13540]
  0x000001fc46cc34f0 GCTaskThread "GC Thread#0" [stack: 0x000000151a900000,0x000000151aa00000] [id=14612]
  0x000001fc69a89f60 GCTaskThread "GC Thread#1" [stack: 0x000000151bc00000,0x000000151bd00000] [id=4100]
  0x000001fc69a8a220 GCTaskThread "GC Thread#2" [stack: 0x000000151bd00000,0x000000151be00000] [id=6792]
  0x000001fc69d99600 GCTaskThread "GC Thread#3" [stack: 0x000000151be00000,0x000000151bf00000] [id=3748]
  0x000001fc46cd6c00 ConcurrentGCThread "G1 Main Marker" [stack: 0x000000151aa00000,0x000000151ab00000] [id=14724]
  0x000001fc46cd7610 ConcurrentGCThread "G1 Conc#0" [stack: 0x000000151ab00000,0x000000151ac00000] [id=14940]
  0x000001fc46d10ef0 ConcurrentGCThread "G1 Refine#0" [stack: 0x000000151ac00000,0x000000151ad00000] [id=14544]
  0x000001fc791f28d0 ConcurrentGCThread "G1 Refine#1" [stack: 0x0000001521b00000,0x0000001521c00000] [id=7656]
  0x000001fc791f3780 ConcurrentGCThread "G1 Refine#2" [stack: 0x0000001521d00000,0x0000001521e00000] [id=6224]
  0x000001fc791f2bc0 ConcurrentGCThread "G1 Refine#3" [stack: 0x0000001521e00000,0x0000001521f00000] [id=4752]
  0x000001fc46d11920 ConcurrentGCThread "G1 Service" [stack: 0x000000151ad00000,0x000000151ae00000] [id=4280]

Threads with active compile tasks:
C2 CompilerThread0   161865 22764       4       com.android.tools.r8.utils.structural.c::a (80 bytes)

VM state: at safepoint (normal execution)

VM Mutex/Monitor currently owned by a thread:  ([mutex/lock_event])
[0x000001fc46c523e0] Threads_lock - owner thread: 0x000001fc691bf410
[0x000001fc46c526b0] Heap_lock - owner thread: 0x000001fc6eefb740

Heap address: 0x0000000700000000, size: 4096 MB, Compressed Oops mode: Zero based, Oop shift amount: 3

CDS archive(s) mapped at: [0x000001fc00000000-0x000001fc00bd0000-0x000001fc00bd0000), size 12386304, SharedBaseAddress: 0x000001fc00000000, ArchiveRelocationMode: 1.
Compressed class space mapped at: 0x000001fc01000000-0x000001fc25000000, reserved size: 603979776
Narrow klass base: 0x000001fc00000000, Narrow klass shift: 0, Narrow klass range: 0x100000000

GC Precious Log:
 CPUs: 4 total, 4 available
 Memory: 8070M
 Large Page Support: Disabled
 NUMA Support: Disabled
 Compressed Oops: Enabled (Zero based)
 Heap Region Size: 2M
 Heap Min Capacity: 8M
 Heap Initial Capacity: 128M
 Heap Max Capacity: 4G
 Pre-touch: Disabled
 Parallel Workers: 4
 Concurrent Workers: 1
 Concurrent Refinement Workers: 4
 Periodic GC: Disabled

Heap:
 garbage-first heap   total 526336K, used 385465K [0x0000000700000000, 0x0000000800000000)
  region size 2048K, 4 young (8192K), 4 survivors (8192K)
 Metaspace       used 131012K, committed 132480K, reserved 720896K
  class space    used 18115K, committed 18816K, reserved 589824K

Heap Regions: E=young(eden), S=young(survivor), O=old, HS=humongous(starts), HC=humongous(continues), CS=collection set, F=free, OA=open archive, CA=closed archive, TAMS=top-at-mark-start (previous, next)
|   0|0x0000000700000000, 0x0000000700200000, 0x0000000700200000|100%| O|  |TAMS 0x0000000700200000, 0x0000000700000000| Untracked 
|   1|0x0000000700200000, 0x0000000700400000, 0x0000000700400000|100%|HS|  |TAMS 0x0000000700400000, 0x0000000700200000| Complete 
|   2|0x0000000700400000, 0x0000000700600000, 0x0000000700600000|100%|HC|  |TAMS 0x0000000700600000, 0x0000000700400000| Complete 
|   3|0x0000000700600000, 0x0000000700800000, 0x0000000700800000|100%| O|  |TAMS 0x0000000700800000, 0x0000000700600000| Untracked 
|   4|0x0000000700800000, 0x0000000700a00000, 0x0000000700a00000|100%| O|  |TAMS 0x0000000700a00000, 0x0000000700800000| Untracked 
|   5|0x0000000700a00000, 0x0000000700c00000, 0x0000000700c00000|100%| O|  |TAMS 0x0000000700c00000, 0x0000000700a00000| Untracked 
|   6|0x0000000700c00000, 0x0000000700e00000, 0x0000000700e00000|100%| O|  |TAMS 0x0000000700e00000, 0x0000000700c00000| Untracked 
|   7|0x0000000700e00000, 0x0000000701000000, 0x0000000701000000|100%| O|  |TAMS 0x0000000701000000, 0x0000000700e00000| Untracked 
|   8|0x0000000701000000, 0x0000000701200000, 0x0000000701200000|100%| O|  |TAMS 0x0000000701200000, 0x0000000701000000| Untracked 
|   9|0x0000000701200000, 0x000000070136e600, 0x0000000701400000| 71%| O|  |TAMS 0x000000070136e600, 0x0000000701200000| Untracked 
|  10|0x0000000701400000, 0x0000000701600000, 0x0000000701600000|100%| O|  |TAMS 0x0000000701600000, 0x0000000701400000| Untracked 
|  11|0x0000000701600000, 0x0000000701800000, 0x0000000701800000|100%| O|  |TAMS 0x0000000701800000, 0x0000000701600000| Untracked 
|  12|0x0000000701800000, 0x0000000701a00000, 0x0000000701a00000|100%| O|  |TAMS 0x0000000701a00000, 0x0000000701800000| Untracked 
|  13|0x0000000701a00000, 0x0000000701c00000, 0x0000000701c00000|100%| O|  |TAMS 0x0000000701c00000, 0x0000000701a00000| Untracked 
|  14|0x0000000701c00000, 0x0000000701e00000, 0x0000000701e00000|100%| O|  |TAMS 0x0000000701e00000, 0x0000000701c00000| Untracked 
|  15|0x0000000701e00000, 0x0000000702000000, 0x0000000702000000|100%| O|  |TAMS 0x0000000702000000, 0x0000000701e00000| Untracked 
|  16|0x0000000702000000, 0x0000000702200000, 0x0000000702200000|100%| O|  |TAMS 0x0000000702200000, 0x0000000702000000| Untracked 
|  17|0x0000000702200000, 0x0000000702400000, 0x0000000702400000|100%|HS|  |TAMS 0x0000000702400000, 0x0000000702200000| Complete 
|  18|0x0000000702400000, 0x0000000702600000, 0x0000000702600000|100%| O|  |TAMS 0x0000000702600000, 0x0000000702400000| Untracked 
|  19|0x0000000702600000, 0x0000000702800000, 0x0000000702800000|100%| O|  |TAMS 0x0000000702800000, 0x0000000702600000| Untracked 
|  20|0x0000000702800000, 0x0000000702a00000, 0x0000000702a00000|100%| O|  |TAMS 0x0000000702a00000, 0x0000000702800000| Untracked 
|  21|0x0000000702a00000, 0x0000000702c00000, 0x0000000702c00000|100%| O|  |TAMS 0x0000000702c00000, 0x0000000702a00000| Untracked 
|  22|0x0000000702c00000, 0x0000000702e00000, 0x0000000702e00000|100%|HS|  |TAMS 0x0000000702e00000, 0x0000000702c00000| Complete 
|  23|0x0000000702e00000, 0x0000000703000000, 0x0000000703000000|100%|HS|  |TAMS 0x0000000703000000, 0x0000000702e00000| Complete 
|  24|0x0000000703000000, 0x0000000703200000, 0x0000000703200000|100%|HC|  |TAMS 0x0000000703200000, 0x0000000703000000| Complete 
|  25|0x0000000703200000, 0x0000000703400000, 0x0000000703400000|100%|HS|  |TAMS 0x0000000703400000, 0x0000000703200000| Complete 
|  26|0x0000000703400000, 0x0000000703600000, 0x0000000703600000|100%|HC|  |TAMS 0x0000000703600000, 0x0000000703400000| Complete 
|  27|0x0000000703600000, 0x0000000703800000, 0x0000000703800000|100%| O|  |TAMS 0x0000000703800000, 0x0000000703600000| Untracked 
|  28|0x0000000703800000, 0x0000000703a00000, 0x0000000703a00000|100%| O|  |TAMS 0x0000000703a00000, 0x0000000703800000| Untracked 
|  29|0x0000000703a00000, 0x0000000703c00000, 0x0000000703c00000|100%| O|  |TAMS 0x0000000703c00000, 0x0000000703a00000| Untracked 
|  30|0x0000000703c00000, 0x0000000703e00000, 0x0000000703e00000|100%| O|  |TAMS 0x0000000703e00000, 0x0000000703c00000| Untracked 
|  31|0x0000000703e00000, 0x0000000704000000, 0x0000000704000000|100%| O|  |TAMS 0x0000000704000000, 0x0000000703e00000| Untracked 
|  32|0x0000000704000000, 0x0000000704200000, 0x0000000704200000|100%| O|  |TAMS 0x0000000704200000, 0x0000000704000000| Untracked 
|  33|0x0000000704200000, 0x0000000704400000, 0x0000000704400000|100%| O|  |TAMS 0x0000000704400000, 0x0000000704200000| Untracked 
|  34|0x0000000704400000, 0x0000000704600000, 0x0000000704600000|100%| O|  |TAMS 0x0000000704600000, 0x0000000704400000| Untracked 
|  35|0x0000000704600000, 0x0000000704800000, 0x0000000704800000|100%| O|  |TAMS 0x0000000704800000, 0x0000000704600000| Untracked 
|  36|0x0000000704800000, 0x0000000704a00000, 0x0000000704a00000|100%|HS|  |TAMS 0x0000000704800000, 0x0000000704800000| Complete 
|  37|0x0000000704a00000, 0x0000000704c00000, 0x0000000704c00000|100%| O|  |TAMS 0x0000000704c00000, 0x0000000704a00000| Untracked 
|  38|0x0000000704c00000, 0x0000000704e00000, 0x0000000704e00000|100%| O|  |TAMS 0x0000000704e00000, 0x0000000704c00000| Untracked 
|  39|0x0000000704e00000, 0x0000000705000000, 0x0000000705000000|100%| O|  |TAMS 0x0000000705000000, 0x0000000704e00000| Untracked 
|  40|0x0000000705000000, 0x0000000705200000, 0x0000000705200000|100%| O|  |TAMS 0x0000000705200000, 0x0000000705000000| Untracked 
|  41|0x0000000705200000, 0x0000000705400000, 0x0000000705400000|100%| O|  |TAMS 0x0000000705400000, 0x0000000705200000| Untracked 
|  42|0x0000000705400000, 0x0000000705600000, 0x0000000705600000|100%| O|  |TAMS 0x0000000705600000, 0x0000000705400000| Untracked 
|  43|0x0000000705600000, 0x0000000705800000, 0x0000000705800000|100%| O|  |TAMS 0x0000000705800000, 0x0000000705600000| Untracked 
|  44|0x0000000705800000, 0x0000000705a00000, 0x0000000705a00000|100%| O|  |TAMS 0x0000000705a00000, 0x0000000705800000| Untracked 
|  45|0x0000000705a00000, 0x0000000705c00000, 0x0000000705c00000|100%| O|  |TAMS 0x0000000705c00000, 0x0000000705a00000| Untracked 
|  46|0x0000000705c00000, 0x0000000705e00000, 0x0000000705e00000|100%| O|  |TAMS 0x0000000705e00000, 0x0000000705c00000| Untracked 
|  47|0x0000000705e00000, 0x0000000706000000, 0x0000000706000000|100%| O|  |TAMS 0x0000000706000000, 0x0000000705e00000| Untracked 
|  48|0x0000000706000000, 0x0000000706200000, 0x0000000706200000|100%| O|  |TAMS 0x0000000706200000, 0x0000000706000000| Untracked 
|  49|0x0000000706200000, 0x0000000706400000, 0x0000000706400000|100%| O|  |TAMS 0x0000000706400000, 0x0000000706200000| Untracked 
|  50|0x0000000706400000, 0x0000000706600000, 0x0000000706600000|100%| O|  |TAMS 0x0000000706600000, 0x0000000706400000| Untracked 
|  51|0x0000000706600000, 0x0000000706800000, 0x0000000706800000|100%| O|  |TAMS 0x0000000706800000, 0x0000000706600000| Untracked 
|  52|0x0000000706800000, 0x0000000706a00000, 0x0000000706a00000|100%| O|  |TAMS 0x0000000706a00000, 0x0000000706800000| Untracked 
|  53|0x0000000706a00000, 0x0000000706c00000, 0x0000000706c00000|100%| O|  |TAMS 0x0000000706c00000, 0x0000000706a00000| Untracked 
|  54|0x0000000706c00000, 0x0000000706e00000, 0x0000000706e00000|100%| O|  |TAMS 0x0000000706e00000, 0x0000000706c00000| Untracked 
|  55|0x0000000706e00000, 0x0000000707000000, 0x0000000707000000|100%| O|  |TAMS 0x0000000707000000, 0x0000000706e00000| Untracked 
|  56|0x0000000707000000, 0x0000000707200000, 0x0000000707200000|100%| O|  |TAMS 0x0000000707200000, 0x0000000707000000| Untracked 
|  57|0x0000000707200000, 0x0000000707400000, 0x0000000707400000|100%| O|  |TAMS 0x0000000707400000, 0x0000000707200000| Untracked 
|  58|0x0000000707400000, 0x0000000707600000, 0x0000000707600000|100%| O|  |TAMS 0x0000000707600000, 0x0000000707400000| Untracked 
|  59|0x0000000707600000, 0x0000000707800000, 0x0000000707800000|100%| O|  |TAMS 0x0000000707800000, 0x0000000707600000| Untracked 
|  60|0x0000000707800000, 0x0000000707a00000, 0x0000000707a00000|100%| O|  |TAMS 0x0000000707a00000, 0x0000000707800000| Untracked 
|  61|0x0000000707a00000, 0x0000000707c00000, 0x0000000707c00000|100%|HS|  |TAMS 0x0000000707c00000, 0x0000000707a00000| Complete 
|  62|0x0000000707c00000, 0x0000000707e00000, 0x0000000707e00000|100%| O|  |TAMS 0x0000000707e00000, 0x0000000707c00000| Untracked 
|  63|0x0000000707e00000, 0x0000000708000000, 0x0000000708000000|100%| O|  |TAMS 0x0000000708000000, 0x0000000707e00000| Untracked 
|  64|0x0000000708000000, 0x0000000708200000, 0x0000000708200000|100%| O|  |TAMS 0x0000000708200000, 0x0000000708000000| Untracked 
|  65|0x0000000708200000, 0x0000000708400000, 0x0000000708400000|100%| O|  |TAMS 0x0000000708200000, 0x0000000708200000| Untracked 
|  66|0x0000000708400000, 0x0000000708600000, 0x0000000708600000|100%| O|  |TAMS 0x0000000708600000, 0x0000000708400000| Untracked 
|  67|0x0000000708600000, 0x0000000708800000, 0x0000000708800000|100%| O|  |TAMS 0x0000000708800000, 0x0000000708600000| Untracked 
|  68|0x0000000708800000, 0x0000000708a00000, 0x0000000708a00000|100%| O|  |TAMS 0x0000000708a00000, 0x0000000708800000| Untracked 
|  69|0x0000000708a00000, 0x0000000708c00000, 0x0000000708c00000|100%| O|  |TAMS 0x0000000708c00000, 0x0000000708a00000| Untracked 
|  70|0x0000000708c00000, 0x0000000708e00000, 0x0000000708e00000|100%| O|  |TAMS 0x0000000708e00000, 0x0000000708c00000| Untracked 
|  71|0x0000000708e00000, 0x0000000709000000, 0x0000000709000000|100%| O|  |TAMS 0x0000000709000000, 0x0000000708e00000| Untracked 
|  72|0x0000000709000000, 0x0000000709200000, 0x0000000709200000|100%| O|  |TAMS 0x0000000709000000, 0x0000000709000000| Untracked 
|  73|0x0000000709200000, 0x0000000709400000, 0x0000000709400000|100%| O|  |TAMS 0x0000000709200000, 0x0000000709200000| Untracked 
|  74|0x0000000709400000, 0x0000000709600000, 0x0000000709600000|100%| O|  |TAMS 0x0000000709600000, 0x0000000709400000| Untracked 
|  75|0x0000000709600000, 0x0000000709800000, 0x0000000709800000|100%| O|  |TAMS 0x0000000709800000, 0x0000000709600000| Untracked 
|  76|0x0000000709800000, 0x0000000709a00000, 0x0000000709a00000|100%| O|  |TAMS 0x0000000709800000, 0x0000000709800000| Untracked 
|  77|0x0000000709a00000, 0x0000000709c00000, 0x0000000709c00000|100%| O|  |TAMS 0x0000000709c00000, 0x0000000709a00000| Untracked 
|  78|0x0000000709c00000, 0x0000000709e00000, 0x0000000709e00000|100%| O|  |TAMS 0x0000000709e00000, 0x0000000709c00000| Untracked 
|  79|0x0000000709e00000, 0x000000070a000000, 0x000000070a000000|100%| O|  |TAMS 0x0000000709e00000, 0x0000000709e00000| Untracked 
|  80|0x000000070a000000, 0x000000070a200000, 0x000000070a200000|100%| O|  |TAMS 0x000000070a200000, 0x000000070a000000| Untracked 
|  81|0x000000070a200000, 0x000000070a400000, 0x000000070a400000|100%| O|  |TAMS 0x000000070a400000, 0x000000070a200000| Untracked 
|  82|0x000000070a400000, 0x000000070a600000, 0x000000070a600000|100%| O|  |TAMS 0x000000070a600000, 0x000000070a400000| Untracked 
|  83|0x000000070a600000, 0x000000070a800000, 0x000000070a800000|100%| O|  |TAMS 0x000000070a800000, 0x000000070a600000| Untracked 
|  84|0x000000070a800000, 0x000000070aa00000, 0x000000070aa00000|100%| O|  |TAMS 0x000000070aa00000, 0x000000070a800000| Untracked 
|  85|0x000000070aa00000, 0x000000070ac00000, 0x000000070ac00000|100%| O|  |TAMS 0x000000070ac00000, 0x000000070aa00000| Untracked 
|  86|0x000000070ac00000, 0x000000070ae00000, 0x000000070ae00000|100%| O|  |TAMS 0x000000070ae00000, 0x000000070ac00000| Untracked 
|  87|0x000000070ae00000, 0x000000070b000000, 0x000000070b000000|100%| O|  |TAMS 0x000000070b000000, 0x000000070ae00000| Untracked 
|  88|0x000000070b000000, 0x000000070b200000, 0x000000070b200000|100%| O|  |TAMS 0x000000070b000000, 0x000000070b000000| Untracked 
|  89|0x000000070b200000, 0x000000070b400000, 0x000000070b400000|100%| O|  |TAMS 0x000000070b400000, 0x000000070b200000| Untracked 
|  90|0x000000070b400000, 0x000000070b600000, 0x000000070b600000|100%| O|  |TAMS 0x000000070b600000, 0x000000070b400000| Untracked 
|  91|0x000000070b600000, 0x000000070b800000, 0x000000070b800000|100%| O|  |TAMS 0x000000070b800000, 0x000000070b600000| Untracked 
|  92|0x000000070b800000, 0x000000070ba00000, 0x000000070ba00000|100%| O|  |TAMS 0x000000070ba00000, 0x000000070b800000| Untracked 
|  93|0x000000070ba00000, 0x000000070bc00000, 0x000000070bc00000|100%| O|  |TAMS 0x000000070bc00000, 0x000000070ba00000| Untracked 
|  94|0x000000070bc00000, 0x000000070be00000, 0x000000070be00000|100%| O|  |TAMS 0x000000070be00000, 0x000000070bc00000| Untracked 
|  95|0x000000070be00000, 0x000000070c000000, 0x000000070c000000|100%| O|  |TAMS 0x000000070c000000, 0x000000070be00000| Untracked 
|  96|0x000000070c000000, 0x000000070c200000, 0x000000070c200000|100%| O|  |TAMS 0x000000070c200000, 0x000000070c000000| Untracked 
|  97|0x000000070c200000, 0x000000070c400000, 0x000000070c400000|100%| O|  |TAMS 0x000000070c400000, 0x000000070c200000| Untracked 
|  98|0x000000070c400000, 0x000000070c600000, 0x000000070c600000|100%| O|  |TAMS 0x000000070c600000, 0x000000070c400000| Untracked 
|  99|0x000000070c600000, 0x000000070c800000, 0x000000070c800000|100%| O|  |TAMS 0x000000070c800000, 0x000000070c600000| Untracked 
| 100|0x000000070c800000, 0x000000070ca00000, 0x000000070ca00000|100%| O|  |TAMS 0x000000070ca00000, 0x000000070c800000| Untracked 
| 101|0x000000070ca00000, 0x000000070cc00000, 0x000000070cc00000|100%| O|  |TAMS 0x000000070cc00000, 0x000000070ca00000| Untracked 
| 102|0x000000070cc00000, 0x000000070ce00000, 0x000000070ce00000|100%| O|  |TAMS 0x000000070ce00000, 0x000000070cc00000| Untracked 
| 103|0x000000070ce00000, 0x000000070d000000, 0x000000070d000000|100%| O|  |TAMS 0x000000070d000000, 0x000000070ce00000| Untracked 
| 104|0x000000070d000000, 0x000000070d200000, 0x000000070d200000|100%| O|  |TAMS 0x000000070d200000, 0x000000070d000000| Untracked 
| 105|0x000000070d200000, 0x000000070d400000, 0x000000070d400000|100%| O|  |TAMS 0x000000070d400000, 0x000000070d200000| Untracked 
| 106|0x000000070d400000, 0x000000070d600000, 0x000000070d600000|100%| O|  |TAMS 0x000000070d600000, 0x000000070d400000| Untracked 
| 107|0x000000070d600000, 0x000000070d800000, 0x000000070d800000|100%| O|  |TAMS 0x000000070d800000, 0x000000070d600000| Untracked 
| 108|0x000000070d800000, 0x000000070da00000, 0x000000070da00000|100%|HS|  |TAMS 0x000000070da00000, 0x000000070d800000| Complete 
| 109|0x000000070da00000, 0x000000070dc00000, 0x000000070dc00000|100%| O|  |TAMS 0x000000070dc00000, 0x000000070da00000| Untracked 
| 110|0x000000070dc00000, 0x000000070de00000, 0x000000070de00000|100%| O|  |TAMS 0x000000070de00000, 0x000000070dc00000| Untracked 
| 111|0x000000070de00000, 0x000000070e000000, 0x000000070e000000|100%| O|  |TAMS 0x000000070e000000, 0x000000070de00000| Untracked 
| 112|0x000000070e000000, 0x000000070e200000, 0x000000070e200000|100%| O|  |TAMS 0x000000070e200000, 0x000000070e000000| Untracked 
| 113|0x000000070e200000, 0x000000070e400000, 0x000000070e400000|100%| O|  |TAMS 0x000000070e200000, 0x000000070e200000| Untracked 
| 114|0x000000070e400000, 0x000000070e600000, 0x000000070e600000|100%| O|  |TAMS 0x000000070e600000, 0x000000070e400000| Untracked 
| 115|0x000000070e600000, 0x000000070e800000, 0x000000070e800000|100%| O|  |TAMS 0x000000070e600000, 0x000000070e600000| Untracked 
| 116|0x000000070e800000, 0x000000070ea00000, 0x000000070ea00000|100%| O|  |TAMS 0x000000070ea00000, 0x000000070e800000| Untracked 
| 117|0x000000070ea00000, 0x000000070ec00000, 0x000000070ec00000|100%| O|  |TAMS 0x000000070ec00000, 0x000000070ea00000| Untracked 
| 118|0x000000070ec00000, 0x000000070ee00000, 0x000000070ee00000|100%|HS|  |TAMS 0x000000070ee00000, 0x000000070ec00000| Complete 
| 119|0x000000070ee00000, 0x000000070f000000, 0x000000070f000000|100%| O|  |TAMS 0x000000070ee00000, 0x000000070ee00000| Untracked 
| 120|0x000000070f000000, 0x000000070f200000, 0x000000070f200000|100%| O|  |TAMS 0x000000070f000000, 0x000000070f000000| Untracked 
| 121|0x000000070f200000, 0x000000070f400000, 0x000000070f400000|100%| O|  |TAMS 0x000000070f200000, 0x000000070f200000| Untracked 
| 122|0x000000070f400000, 0x000000070f600000, 0x000000070f600000|100%|HS|  |TAMS 0x000000070f600000, 0x000000070f400000| Complete 
| 123|0x000000070f600000, 0x000000070f800000, 0x000000070f800000|100%| O|  |TAMS 0x000000070f706a00, 0x000000070f600000| Untracked 
| 124|0x000000070f800000, 0x000000070fa00000, 0x000000070fa00000|100%|HS|  |TAMS 0x000000070fa00000, 0x000000070f800000| Complete 
| 125|0x000000070fa00000, 0x000000070fc00000, 0x000000070fc00000|100%|HC|  |TAMS 0x000000070fc00000, 0x000000070fa00000| Complete 
| 126|0x000000070fc00000, 0x000000070fe00000, 0x000000070fe00000|100%|HC|  |TAMS 0x000000070fe00000, 0x000000070fc00000| Complete 
| 127|0x000000070fe00000, 0x0000000710000000, 0x0000000710000000|100%|HC|  |TAMS 0x0000000710000000, 0x000000070fe00000| Complete 
| 128|0x0000000710000000, 0x0000000710200000, 0x0000000710200000|100%|HS|  |TAMS 0x0000000710200000, 0x0000000710000000| Complete 
| 129|0x0000000710200000, 0x0000000710400000, 0x0000000710400000|100%|HS|  |TAMS 0x0000000710400000, 0x0000000710200000| Complete 
| 130|0x0000000710400000, 0x0000000710600000, 0x0000000710600000|100%|HC|  |TAMS 0x0000000710600000, 0x0000000710400000| Complete 
| 131|0x0000000710600000, 0x0000000710800000, 0x0000000710800000|100%| O|  |TAMS 0x0000000710600000, 0x0000000710600000| Untracked 
| 132|0x0000000710800000, 0x0000000710a00000, 0x0000000710a00000|100%|HS|  |TAMS 0x0000000710a00000, 0x0000000710800000| Complete 
| 133|0x0000000710a00000, 0x0000000710c00000, 0x0000000710c00000|100%| O|  |TAMS 0x0000000710a00000, 0x0000000710a00000| Untracked 
| 134|0x0000000710c00000, 0x0000000710e00000, 0x0000000710e00000|100%|HS|  |TAMS 0x0000000710e00000, 0x0000000710c00000| Complete 
| 135|0x0000000710e00000, 0x0000000711000000, 0x0000000711000000|100%| O|  |TAMS 0x0000000710e00000, 0x0000000710e00000| Untracked 
| 136|0x0000000711000000, 0x0000000711200000, 0x0000000711200000|100%|HS|  |TAMS 0x0000000711200000, 0x0000000711000000| Complete 
| 137|0x0000000711200000, 0x0000000711400000, 0x0000000711400000|100%| O|  |TAMS 0x0000000711200000, 0x0000000711200000| Untracked 
| 138|0x0000000711400000, 0x0000000711600000, 0x0000000711600000|100%|HS|  |TAMS 0x0000000711600000, 0x0000000711400000| Complete 
| 139|0x0000000711600000, 0x0000000711800000, 0x0000000711800000|100%| O|  |TAMS 0x0000000711600000, 0x0000000711600000| Untracked 
| 140|0x0000000711800000, 0x0000000711a00000, 0x0000000711a00000|100%| O|  |TAMS 0x0000000711800000, 0x0000000711800000| Untracked 
| 141|0x0000000711a00000, 0x0000000711c00000, 0x0000000711c00000|100%| O|  |TAMS 0x0000000711a00000, 0x0000000711a00000| Untracked 
| 142|0x0000000711c00000, 0x0000000711e00000, 0x0000000711e00000|100%| O|  |TAMS 0x0000000711c00000, 0x0000000711c00000| Untracked 
| 143|0x0000000711e00000, 0x0000000712000000, 0x0000000712000000|100%| O|  |TAMS 0x0000000711e00000, 0x0000000711e00000| Untracked 
| 144|0x0000000712000000, 0x0000000712200000, 0x0000000712200000|100%| O|  |TAMS 0x0000000712000000, 0x0000000712000000| Untracked 
| 145|0x0000000712200000, 0x0000000712400000, 0x0000000712400000|100%|HS|  |TAMS 0x0000000712200000, 0x0000000712200000| Complete 
| 146|0x0000000712400000, 0x0000000712600000, 0x0000000712600000|100%|HC|  |TAMS 0x0000000712400000, 0x0000000712400000| Complete 
| 147|0x0000000712600000, 0x0000000712800000, 0x0000000712800000|100%| O|  |TAMS 0x0000000712600000, 0x0000000712600000| Untracked 
| 148|0x0000000712800000, 0x0000000712a00000, 0x0000000712a00000|100%| O|  |TAMS 0x0000000712800000, 0x0000000712800000| Untracked 
| 149|0x0000000712a00000, 0x0000000712c00000, 0x0000000712c00000|100%| O|  |TAMS 0x0000000712a00000, 0x0000000712a00000| Untracked 
| 150|0x0000000712c00000, 0x0000000712e00000, 0x0000000712e00000|100%| O|  |TAMS 0x0000000712c00000, 0x0000000712c00000| Untracked 
| 151|0x0000000712e00000, 0x0000000713000000, 0x0000000713000000|100%| O|  |TAMS 0x0000000712e00000, 0x0000000712e00000| Untracked 
| 152|0x0000000713000000, 0x0000000713200000, 0x0000000713200000|100%| O|  |TAMS 0x0000000713000000, 0x0000000713000000| Untracked 
| 153|0x0000000713200000, 0x0000000713400000, 0x0000000713400000|100%| O|  |TAMS 0x0000000713200000, 0x0000000713200000| Untracked 
| 154|0x0000000713400000, 0x0000000713600000, 0x0000000713600000|100%| O|  |TAMS 0x0000000713400000, 0x0000000713400000| Untracked 
| 155|0x0000000713600000, 0x0000000713800000, 0x0000000713800000|100%| O|  |TAMS 0x0000000713600000, 0x0000000713600000| Untracked 
| 156|0x0000000713800000, 0x0000000713a00000, 0x0000000713a00000|100%| O|  |TAMS 0x0000000713800000, 0x0000000713800000| Untracked 
| 157|0x0000000713a00000, 0x0000000713c00000, 0x0000000713c00000|100%| O|  |TAMS 0x0000000713a00000, 0x0000000713a00000| Untracked 
| 158|0x0000000713c00000, 0x0000000713e00000, 0x0000000713e00000|100%| O|  |TAMS 0x0000000713c00000, 0x0000000713c00000| Untracked 
| 159|0x0000000713e00000, 0x0000000714000000, 0x0000000714000000|100%| O|  |TAMS 0x0000000713e00000, 0x0000000713e00000| Untracked 
| 160|0x0000000714000000, 0x0000000714200000, 0x0000000714200000|100%| O|  |TAMS 0x0000000714000000, 0x0000000714000000| Untracked 
| 161|0x0000000714200000, 0x0000000714400000, 0x0000000714400000|100%| O|  |TAMS 0x0000000714200000, 0x0000000714200000| Untracked 
| 162|0x0000000714400000, 0x0000000714600000, 0x0000000714600000|100%| O|  |TAMS 0x0000000714400000, 0x0000000714400000| Untracked 
| 163|0x0000000714600000, 0x0000000714800000, 0x0000000714800000|100%| O|  |TAMS 0x0000000714600000, 0x0000000714600000| Untracked 
| 164|0x0000000714800000, 0x0000000714a00000, 0x0000000714a00000|100%| O|  |TAMS 0x0000000714800000, 0x0000000714800000| Untracked 
| 165|0x0000000714a00000, 0x0000000714c00000, 0x0000000714c00000|100%| O|  |TAMS 0x0000000714a00000, 0x0000000714a00000| Untracked 
| 166|0x0000000714c00000, 0x0000000714e00000, 0x0000000714e00000|100%| O|  |TAMS 0x0000000714c00000, 0x0000000714c00000| Untracked 
| 167|0x0000000714e00000, 0x0000000715000000, 0x0000000715000000|100%| O|  |TAMS 0x0000000714e00000, 0x0000000714e00000| Untracked 
| 168|0x0000000715000000, 0x0000000715200000, 0x0000000715200000|100%| O|  |TAMS 0x0000000715000000, 0x0000000715000000| Untracked 
| 169|0x0000000715200000, 0x0000000715400000, 0x0000000715400000|100%| O|  |TAMS 0x0000000715200000, 0x0000000715200000| Untracked 
| 170|0x0000000715400000, 0x0000000715600000, 0x0000000715600000|100%| O|  |TAMS 0x0000000715400000, 0x0000000715400000| Untracked 
| 171|0x0000000715600000, 0x0000000715800000, 0x0000000715800000|100%| O|  |TAMS 0x0000000715600000, 0x0000000715600000| Untracked 
| 172|0x0000000715800000, 0x0000000715a00000, 0x0000000715a00000|100%| O|  |TAMS 0x0000000715800000, 0x0000000715800000| Untracked 
| 173|0x0000000715a00000, 0x0000000715c00000, 0x0000000715c00000|100%| O|  |TAMS 0x0000000715a00000, 0x0000000715a00000| Untracked 
| 174|0x0000000715c00000, 0x0000000715e00000, 0x0000000715e00000|100%| O|  |TAMS 0x0000000715c00000, 0x0000000715c00000| Untracked 
| 175|0x0000000715e00000, 0x0000000716000000, 0x0000000716000000|100%| O|  |TAMS 0x0000000715e00000, 0x0000000715e00000| Untracked 
| 176|0x0000000716000000, 0x0000000716200000, 0x0000000716200000|100%| O|  |TAMS 0x0000000716000000, 0x0000000716000000| Untracked 
| 177|0x0000000716200000, 0x0000000716400000, 0x0000000716400000|100%| O|  |TAMS 0x0000000716200000, 0x0000000716200000| Untracked 
| 178|0x0000000716400000, 0x0000000716600000, 0x0000000716600000|100%| O|  |TAMS 0x0000000716400000, 0x0000000716400000| Untracked 
| 179|0x0000000716600000, 0x0000000716800000, 0x0000000716800000|100%| O|  |TAMS 0x0000000716600000, 0x0000000716600000| Untracked 
| 180|0x0000000716800000, 0x0000000716a00000, 0x0000000716a00000|100%| O|  |TAMS 0x0000000716800000, 0x0000000716800000| Untracked 
| 181|0x0000000716a00000, 0x0000000716c00000, 0x0000000716c00000|100%| O|  |TAMS 0x0000000716a00000, 0x0000000716a00000| Untracked 
| 182|0x0000000716c00000, 0x0000000716e00000, 0x0000000716e00000|100%| O|  |TAMS 0x0000000716c00000, 0x0000000716c00000| Untracked 
| 183|0x0000000716e00000, 0x0000000717000000, 0x0000000717000000|100%| O|  |TAMS 0x0000000716e00000, 0x0000000716e00000| Untracked 
| 184|0x0000000717000000, 0x0000000717100000, 0x0000000717200000| 50%| O|  |TAMS 0x0000000717000000, 0x0000000717000000| Untracked 
| 185|0x0000000717200000, 0x0000000717200000, 0x0000000717400000|  0%| F|  |TAMS 0x0000000717200000, 0x0000000717200000| Untracked 
| 186|0x0000000717400000, 0x0000000717400000, 0x0000000717600000|  0%| F|  |TAMS 0x0000000717400000, 0x0000000717400000| Untracked 
| 187|0x0000000717600000, 0x0000000717600000, 0x0000000717800000|  0%| F|  |TAMS 0x0000000717600000, 0x0000000717600000| Untracked 
| 188|0x0000000717800000, 0x0000000717800000, 0x0000000717a00000|  0%| F|  |TAMS 0x0000000717800000, 0x0000000717800000| Untracked 
| 189|0x0000000717a00000, 0x0000000717a00000, 0x0000000717c00000|  0%| F|  |TAMS 0x0000000717a00000, 0x0000000717a00000| Untracked 
| 190|0x0000000717c00000, 0x0000000717c00000, 0x0000000717e00000|  0%| F|  |TAMS 0x0000000717c00000, 0x0000000717c00000| Untracked 
| 191|0x0000000717e00000, 0x0000000717e00000, 0x0000000718000000|  0%| F|  |TAMS 0x0000000717e00000, 0x0000000717e00000| Untracked 
| 192|0x0000000718000000, 0x0000000718000000, 0x0000000718200000|  0%| F|  |TAMS 0x0000000718000000, 0x0000000718000000| Untracked 
| 193|0x0000000718200000, 0x0000000718200000, 0x0000000718400000|  0%| F|  |TAMS 0x0000000718200000, 0x0000000718200000| Untracked 
| 194|0x0000000718400000, 0x0000000718400000, 0x0000000718600000|  0%| F|  |TAMS 0x0000000718400000, 0x0000000718400000| Untracked 
| 195|0x0000000718600000, 0x0000000718600000, 0x0000000718800000|  0%| F|  |TAMS 0x0000000718600000, 0x0000000718600000| Untracked 
| 196|0x0000000718800000, 0x0000000718800000, 0x0000000718a00000|  0%| F|  |TAMS 0x0000000718800000, 0x0000000718800000| Untracked 
| 197|0x0000000718a00000, 0x0000000718a00000, 0x0000000718c00000|  0%| F|  |TAMS 0x0000000718a00000, 0x0000000718a00000| Untracked 
| 198|0x0000000718c00000, 0x0000000718c00000, 0x0000000718e00000|  0%| F|  |TAMS 0x0000000718c00000, 0x0000000718c00000| Untracked 
| 199|0x0000000718e00000, 0x0000000718e00000, 0x0000000719000000|  0%| F|  |TAMS 0x0000000718e00000, 0x0000000718e00000| Untracked 
| 200|0x0000000719000000, 0x0000000719000000, 0x0000000719200000|  0%| F|  |TAMS 0x0000000719000000, 0x0000000719000000| Untracked 
| 201|0x0000000719200000, 0x0000000719200000, 0x0000000719400000|  0%| F|  |TAMS 0x0000000719200000, 0x0000000719200000| Untracked 
| 202|0x0000000719400000, 0x0000000719400000, 0x0000000719600000|  0%| F|  |TAMS 0x0000000719400000, 0x0000000719400000| Untracked 
| 203|0x0000000719600000, 0x0000000719600000, 0x0000000719800000|  0%| F|  |TAMS 0x0000000719600000, 0x0000000719600000| Untracked 
| 204|0x0000000719800000, 0x0000000719800000, 0x0000000719a00000|  0%| F|  |TAMS 0x0000000719800000, 0x0000000719800000| Untracked 
| 205|0x0000000719a00000, 0x0000000719a00000, 0x0000000719c00000|  0%| F|  |TAMS 0x0000000719a00000, 0x0000000719a00000| Untracked 
| 206|0x0000000719c00000, 0x0000000719c00000, 0x0000000719e00000|  0%| F|  |TAMS 0x0000000719c00000, 0x0000000719c00000| Untracked 
| 207|0x0000000719e00000, 0x0000000719e00000, 0x000000071a000000|  0%| F|  |TAMS 0x0000000719e00000, 0x0000000719e00000| Untracked 
| 208|0x000000071a000000, 0x000000071a000000, 0x000000071a200000|  0%| F|  |TAMS 0x000000071a000000, 0x000000071a000000| Untracked 
| 209|0x000000071a200000, 0x000000071a200000, 0x000000071a400000|  0%| F|  |TAMS 0x000000071a200000, 0x000000071a200000| Untracked 
| 210|0x000000071a400000, 0x000000071a400000, 0x000000071a600000|  0%| F|  |TAMS 0x000000071a400000, 0x000000071a400000| Untracked 
| 211|0x000000071a600000, 0x000000071a600000, 0x000000071a800000|  0%| F|  |TAMS 0x000000071a600000, 0x000000071a600000| Untracked 
| 212|0x000000071a800000, 0x000000071a800000, 0x000000071aa00000|  0%| F|  |TAMS 0x000000071a800000, 0x000000071a800000| Untracked 
| 213|0x000000071aa00000, 0x000000071aa00000, 0x000000071ac00000|  0%| F|  |TAMS 0x000000071aa00000, 0x000000071aa00000| Untracked 
| 214|0x000000071ac00000, 0x000000071ac00000, 0x000000071ae00000|  0%| F|  |TAMS 0x000000071ac00000, 0x000000071ac00000| Untracked 
| 215|0x000000071ae00000, 0x000000071ae00000, 0x000000071b000000|  0%| F|  |TAMS 0x000000071ae00000, 0x000000071ae00000| Untracked 
| 216|0x000000071b000000, 0x000000071b000000, 0x000000071b200000|  0%| F|  |TAMS 0x000000071b000000, 0x000000071b000000| Untracked 
| 217|0x000000071b200000, 0x000000071b200000, 0x000000071b400000|  0%| F|  |TAMS 0x000000071b200000, 0x000000071b200000| Untracked 
| 218|0x000000071b400000, 0x000000071b400000, 0x000000071b600000|  0%| F|  |TAMS 0x000000071b400000, 0x000000071b400000| Untracked 
| 219|0x000000071b600000, 0x000000071b600000, 0x000000071b800000|  0%| F|  |TAMS 0x000000071b600000, 0x000000071b600000| Untracked 
| 220|0x000000071b800000, 0x000000071b800000, 0x000000071ba00000|  0%| F|  |TAMS 0x000000071b800000, 0x000000071b800000| Untracked 
| 221|0x000000071ba00000, 0x000000071ba00000, 0x000000071bc00000|  0%| F|  |TAMS 0x000000071ba00000, 0x000000071ba00000| Untracked 
| 222|0x000000071bc00000, 0x000000071bc00000, 0x000000071be00000|  0%| F|  |TAMS 0x000000071bc00000, 0x000000071bc00000| Untracked 
| 223|0x000000071be00000, 0x000000071be00000, 0x000000071c000000|  0%| F|  |TAMS 0x000000071be00000, 0x000000071be00000| Untracked 
| 224|0x000000071c000000, 0x000000071c000000, 0x000000071c200000|  0%| F|  |TAMS 0x000000071c000000, 0x000000071c000000| Untracked 
| 225|0x000000071c200000, 0x000000071c200000, 0x000000071c400000|  0%| F|  |TAMS 0x000000071c200000, 0x000000071c200000| Untracked 
| 226|0x000000071c400000, 0x000000071c400000, 0x000000071c600000|  0%| F|  |TAMS 0x000000071c400000, 0x000000071c400000| Untracked 
| 227|0x000000071c600000, 0x000000071c600000, 0x000000071c800000|  0%| F|  |TAMS 0x000000071c600000, 0x000000071c600000| Untracked 
| 228|0x000000071c800000, 0x000000071c800000, 0x000000071ca00000|  0%| F|  |TAMS 0x000000071c800000, 0x000000071c800000| Untracked 
| 229|0x000000071ca00000, 0x000000071ca00000, 0x000000071cc00000|  0%| F|  |TAMS 0x000000071ca00000, 0x000000071ca00000| Untracked 
| 230|0x000000071cc00000, 0x000000071cc00000, 0x000000071ce00000|  0%| F|  |TAMS 0x000000071cc00000, 0x000000071cc00000| Untracked 
| 231|0x000000071ce00000, 0x000000071d000000, 0x000000071d000000|100%| S|CS|TAMS 0x000000071ce00000, 0x000000071ce00000| Complete 
| 232|0x000000071d000000, 0x000000071d200000, 0x000000071d200000|100%| S|CS|TAMS 0x000000071d000000, 0x000000071d000000| Complete 
| 233|0x000000071d200000, 0x000000071d400000, 0x000000071d400000|100%| S|CS|TAMS 0x000000071d200000, 0x000000071d200000| Complete 
| 234|0x000000071d400000, 0x000000071d600000, 0x000000071d600000|100%| S|CS|TAMS 0x000000071d400000, 0x000000071d400000| Complete 
| 235|0x000000071d600000, 0x000000071d600000, 0x000000071d800000|  0%| F|  |TAMS 0x000000071d600000, 0x000000071d600000| Untracked 
| 236|0x000000071d800000, 0x000000071d800000, 0x000000071da00000|  0%| F|  |TAMS 0x000000071d800000, 0x000000071d800000| Untracked 
| 237|0x000000071da00000, 0x000000071da00000, 0x000000071dc00000|  0%| F|  |TAMS 0x000000071da00000, 0x000000071da00000| Untracked 
| 238|0x000000071dc00000, 0x000000071dc00000, 0x000000071de00000|  0%| F|  |TAMS 0x000000071dc00000, 0x000000071dc00000| Untracked 
| 239|0x000000071de00000, 0x000000071de00000, 0x000000071e000000|  0%| F|  |TAMS 0x000000071de00000, 0x000000071de00000| Untracked 
| 240|0x000000071e000000, 0x000000071e000000, 0x000000071e200000|  0%| F|  |TAMS 0x000000071e000000, 0x000000071e000000| Untracked 
| 241|0x000000071e200000, 0x000000071e200000, 0x000000071e400000|  0%| F|  |TAMS 0x000000071e200000, 0x000000071e200000| Untracked 
| 242|0x000000071e400000, 0x000000071e400000, 0x000000071e600000|  0%| F|  |TAMS 0x000000071e400000, 0x000000071e400000| Untracked 
| 243|0x000000071e600000, 0x000000071e600000, 0x000000071e800000|  0%| F|  |TAMS 0x000000071e600000, 0x000000071e600000| Untracked 
| 244|0x000000071e800000, 0x000000071e800000, 0x000000071ea00000|  0%| F|  |TAMS 0x000000071e800000, 0x000000071e800000| Untracked 
| 245|0x000000071ea00000, 0x000000071ea00000, 0x000000071ec00000|  0%| F|  |TAMS 0x000000071ea00000, 0x000000071ea00000| Untracked 
| 246|0x000000071ec00000, 0x000000071ec00000, 0x000000071ee00000|  0%| F|  |TAMS 0x000000071ec00000, 0x000000071ec00000| Untracked 
| 247|0x000000071ee00000, 0x000000071ee00000, 0x000000071f000000|  0%| F|  |TAMS 0x000000071ee00000, 0x000000071ee00000| Untracked 
| 248|0x000000071f000000, 0x000000071f000000, 0x000000071f200000|  0%| F|  |TAMS 0x000000071f000000, 0x000000071f000000| Untracked 
| 249|0x000000071f200000, 0x000000071f200000, 0x000000071f400000|  0%| F|  |TAMS 0x000000071f200000, 0x000000071f200000| Untracked 
| 250|0x000000071f400000, 0x000000071f400000, 0x000000071f600000|  0%| F|  |TAMS 0x000000071f400000, 0x000000071f400000| Untracked 
| 251|0x000000071f600000, 0x000000071f600000, 0x000000071f800000|  0%| F|  |TAMS 0x000000071f600000, 0x000000071f600000| Untracked 
| 252|0x000000071f800000, 0x000000071f800000, 0x000000071fa00000|  0%| F|  |TAMS 0x000000071f800000, 0x000000071f800000| Untracked 
| 253|0x000000071fa00000, 0x000000071fa00000, 0x000000071fc00000|  0%| F|  |TAMS 0x000000071fa00000, 0x000000071fa00000| Untracked 
| 254|0x000000071fc00000, 0x000000071fc00000, 0x000000071fe00000|  0%| F|  |TAMS 0x000000071fc00000, 0x000000071fc00000| Untracked 
| 255|0x000000071fe00000, 0x000000071fe00000, 0x0000000720000000|  0%| F|  |TAMS 0x000000071fe00000, 0x000000071fe00000| Untracked 
| 256|0x0000000720000000, 0x0000000720000000, 0x0000000720200000|  0%| F|  |TAMS 0x0000000720000000, 0x0000000720000000| Untracked 

Card table byte_map: [0x000001fc5dd10000,0x000001fc5e510000] _byte_map_base: 0x000001fc5a510000

Marking Bits (Prev, Next): (CMBitMap*) 0x000001fc46cc4b20, (CMBitMap*) 0x000001fc46cc4b60
 Prev Bits: [0x000001fc5ed10000, 0x000001fc62d10000)
 Next Bits: [0x000001fc62d10000, 0x000001fc66d10000)

Polling page: 0x000001fc46420000

Metaspace:

Usage:
  Non-class:    110.25 MB used.
      Class:     17.69 MB used.
       Both:    127.94 MB used.

Virtual space:
  Non-class space:      128.00 MB reserved,     111.00 MB ( 87%) committed,  2 nodes.
      Class space:      576.00 MB reserved,      18.38 MB (  3%) committed,  1 nodes.
             Both:      704.00 MB reserved,     129.38 MB ( 18%) committed. 

Chunk freelists:
   Non-Class:  172.00 KB
       Class:  13.67 MB
        Both:  13.84 MB

MaxMetaspaceSize: 712.00 MB
CompressedClassSpaceSize: 576.00 MB
Initial GC threshold: 21.00 MB
Current GC threshold: 214.31 MB
CDS: on
MetaspaceReclaimPolicy: balanced
 - commit_granule_bytes: 65536.
 - commit_granule_words: 8192.
 - virtual_space_node_default_size: 8388608.
 - enlarge_chunks_in_place: 1.
 - new_chunks_are_fully_committed: 0.
 - uncommit_free_chunks: 1.
 - use_allocation_guard: 0.
 - handle_deallocations: 1.


Internal statistics:

num_allocs_failed_limit: 6.
num_arena_births: 2038.
num_arena_deaths: 0.
num_vsnodes_births: 3.
num_vsnodes_deaths: 0.
num_space_committed: 2069.
num_space_uncommitted: 0.
num_chunks_returned_to_freelist: 6.
num_chunks_taken_from_freelist: 7964.
num_chunk_merges: 6.
num_chunk_splits: 5091.
num_chunks_enlarged: 3146.
num_inconsistent_stats: 0.

CodeHeap 'non-profiled nmethods': size=120000Kb used=13482Kb max_used=13482Kb free=106517Kb
 bounds [0x000001fc55fe0000, 0x000001fc56d10000, 0x000001fc5d510000]
CodeHeap 'profiled nmethods': size=120000Kb used=39365Kb max_used=39365Kb free=80634Kb
 bounds [0x000001fc4e510000, 0x000001fc50be0000, 0x000001fc55a40000]
CodeHeap 'non-nmethods': size=5760Kb used=2479Kb max_used=2574Kb free=3280Kb
 bounds [0x000001fc55a40000, 0x000001fc55cf0000, 0x000001fc55fe0000]
 total_blobs=19821 nmethods=18802 adapters=928
 compilation: enabled
              stopped_count=0, restarted_count=0
 full_count=0

Compilation events (20 events):
Event: 161.571 Thread 0x000001fc691f7580 22778       3       com.android.tools.r8.synthesis.t::a (30 bytes)
Event: 161.572 Thread 0x000001fc691f7580 nmethod 22778 0x000001fc4ff40090 code [0x000001fc4ff40260, 0x000001fc4ff40618]
Event: 161.572 Thread 0x000001fc691f7580 22779       3       com.android.tools.r8.internal.W4::put (43 bytes)
Event: 161.573 Thread 0x000001fc691f7580 nmethod 22779 0x000001fc4ff3f510 code [0x000001fc4ff3f720, 0x000001fc4ff3fe58]
Event: 161.573 Thread 0x000001fc691f7580 22780       3       com.android.tools.r8.internal.Y4::e (55 bytes)
Event: 161.574 Thread 0x000001fc691f7580 nmethod 22780 0x000001fc5030c310 code [0x000001fc5030c520, 0x000001fc5030cc98]
Event: 161.574 Thread 0x000001fc691f7580 22781       3       com.android.tools.r8.internal.W4::e (57 bytes)
Event: 161.575 Thread 0x000001fc691f7580 nmethod 22781 0x000001fc4ff3ea10 code [0x000001fc4ff3ec20, 0x000001fc4ff3f308]
Event: 161.575 Thread 0x000001fc691f7580 22782       3       com.android.tools.r8.internal.W4$$Lambda$2897/0x000001fc021be230::apply (5 bytes)
Event: 161.575 Thread 0x000001fc691f7580 nmethod 22782 0x000001fc5030bd90 code [0x000001fc5030bf60, 0x000001fc5030c1c8]
Event: 161.575 Thread 0x000001fc691f7580 22783       3       com.android.tools.r8.synthesis.t$$Lambda$2895/0x000001fc021bbc58::accept (16 bytes)
Event: 161.576 Thread 0x000001fc72948e70 22787       4       java.util.IdentityHashMap::unmaskNull (13 bytes)
Event: 161.577 Thread 0x000001fc691f7580 nmethod 22783 0x000001fc5030ad10 code [0x000001fc5030af40, 0x000001fc5030ba08]
Event: 161.577 Thread 0x000001fc691f7580 22786       1       com.android.tools.r8.internal.GD::d (5 bytes)
Event: 161.577 Thread 0x000001fc691f7580 nmethod 22786 0x000001fc56d0a590 code [0x000001fc56d0a720, 0x000001fc56d0a7f8]
Event: 161.577 Thread 0x000001fc691f7580 22784       3       com.android.tools.r8.synthesis.t$$Lambda$2896/0x000001fc021be000::accept (16 bytes)
Event: 161.578 Thread 0x000001fc72948e70 nmethod 22787 0x000001fc56d0a890 code [0x000001fc56d0aa00, 0x000001fc56d0aa78]
Event: 161.578 Thread 0x000001fc691f7580 nmethod 22784 0x000001fc50450290 code [0x000001fc50450440, 0x000001fc50450688]
Event: 161.578 Thread 0x000001fc691f7580 22785       3       com.android.tools.r8.synthesis.t::a (48 bytes)
Event: 161.579 Thread 0x000001fc691f7580 nmethod 22785 0x000001fc5030a610 code [0x000001fc5030a7e0, 0x000001fc5030ab98]

GC Heap History (20 events):
Event: 100.749 GC heap after
{Heap after GC invocations=76 (full 0):
 garbage-first heap   total 364544K, used 242627K [0x0000000700000000, 0x0000000800000000)
  region size 2048K, 2 young (4096K), 2 survivors (4096K)
 Metaspace       used 121677K, committed 123072K, reserved 720896K
  class space    used 16980K, committed 17664K, reserved 589824K
}
Event: 107.086 GC heap before
{Heap before GC invocations=76 (full 0):
 garbage-first heap   total 364544K, used 328643K [0x0000000700000000, 0x0000000800000000)
  region size 2048K, 34 young (69632K), 2 survivors (4096K)
 Metaspace       used 125445K, committed 126848K, reserved 720896K
  class space    used 17453K, committed 18112K, reserved 589824K
}
Event: 107.097 GC heap after
{Heap after GC invocations=77 (full 0):
 garbage-first heap   total 364544K, used 253640K [0x0000000700000000, 0x0000000800000000)
  region size 2048K, 3 young (6144K), 3 survivors (6144K)
 Metaspace       used 125445K, committed 126848K, reserved 720896K
  class space    used 17453K, committed 18112K, reserved 589824K
}
Event: 118.888 GC heap before
{Heap before GC invocations=77 (full 0):
 garbage-first heap   total 364544K, used 310984K [0x0000000700000000, 0x0000000800000000)
  region size 2048K, 31 young (63488K), 3 survivors (6144K)
 Metaspace       used 129140K, committed 130560K, reserved 720896K
  class space    used 17877K, committed 18560K, reserved 589824K
}
Event: 118.904 GC heap after
{Heap after GC invocations=78 (full 0):
 garbage-first heap   total 364544K, used 258500K [0x0000000700000000, 0x0000000800000000)
  region size 2048K, 4 young (8192K), 4 survivors (8192K)
 Metaspace       used 129140K, committed 130560K, reserved 720896K
  class space    used 17877K, committed 18560K, reserved 589824K
}
Event: 133.067 GC heap before
{Heap before GC invocations=78 (full 0):
 garbage-first heap   total 364544K, used 309700K [0x0000000700000000, 0x0000000800000000)
  region size 2048K, 29 young (59392K), 4 survivors (8192K)
 Metaspace       used 129436K, committed 130816K, reserved 720896K
  class space    used 17909K, committed 18560K, reserved 589824K
}
Event: 133.081 GC heap after
{Heap after GC invocations=79 (full 0):
 garbage-first heap   total 364544K, used 256952K [0x0000000700000000, 0x0000000800000000)
  region size 2048K, 2 young (4096K), 2 survivors (4096K)
 Metaspace       used 129436K, committed 130816K, reserved 720896K
  class space    used 17909K, committed 18560K, reserved 589824K
}
Event: 147.332 GC heap before
{Heap before GC invocations=79 (full 0):
 garbage-first heap   total 364544K, used 316344K [0x0000000700000000, 0x0000000800000000)
  region size 2048K, 29 young (59392K), 2 survivors (4096K)
 Metaspace       used 129793K, committed 131200K, reserved 720896K
  class space    used 17943K, committed 18624K, reserved 589824K
}
Event: 147.342 GC heap after
{Heap after GC invocations=80 (full 0):
 garbage-first heap   total 364544K, used 268756K [0x0000000700000000, 0x0000000800000000)
  region size 2048K, 4 young (8192K), 4 survivors (8192K)
 Metaspace       used 129793K, committed 131200K, reserved 720896K
  class space    used 17943K, committed 18624K, reserved 589824K
}
Event: 148.431 GC heap before
{Heap before GC invocations=80 (full 0):
 garbage-first heap   total 364544K, used 322004K [0x0000000700000000, 0x0000000800000000)
  region size 2048K, 18 young (36864K), 4 survivors (8192K)
 Metaspace       used 130175K, committed 131584K, reserved 720896K
  class space    used 18007K, committed 18688K, reserved 589824K
}
Event: 148.444 GC heap after
{Heap after GC invocations=81 (full 0):
 garbage-first heap   total 364544K, used 300603K [0x0000000700000000, 0x0000000800000000)
  region size 2048K, 3 young (6144K), 3 survivors (6144K)
 Metaspace       used 130175K, committed 131584K, reserved 720896K
  class space    used 18007K, committed 18688K, reserved 589824K
}
Event: 150.668 GC heap before
{Heap before GC invocations=82 (full 0):
 garbage-first heap   total 526336K, used 321083K [0x0000000700000000, 0x0000000800000000)
  region size 2048K, 12 young (24576K), 3 survivors (6144K)
 Metaspace       used 130235K, committed 131648K, reserved 720896K
  class space    used 18011K, committed 18688K, reserved 589824K
}
Event: 150.686 GC heap after
{Heap after GC invocations=83 (full 0):
 garbage-first heap   total 526336K, used 305393K [0x0000000700000000, 0x0000000800000000)
  region size 2048K, 2 young (4096K), 2 survivors (4096K)
 Metaspace       used 130235K, committed 131648K, reserved 720896K
  class space    used 18011K, committed 18688K, reserved 589824K
}
Event: 152.082 GC heap before
{Heap before GC invocations=83 (full 0):
 garbage-first heap   total 526336K, used 325873K [0x0000000700000000, 0x0000000800000000)
  region size 2048K, 12 young (24576K), 2 survivors (4096K)
 Metaspace       used 130235K, committed 131648K, reserved 720896K
  class space    used 18011K, committed 18688K, reserved 589824K
}
Event: 152.135 GC heap after
{Heap after GC invocations=84 (full 0):
 garbage-first heap   total 526336K, used 296541K [0x0000000700000000, 0x0000000800000000)
  region size 2048K, 2 young (4096K), 2 survivors (4096K)
 Metaspace       used 130235K, committed 131648K, reserved 720896K
  class space    used 18011K, committed 18688K, reserved 589824K
}
Event: 156.798 GC heap before
{Heap before GC invocations=84 (full 0):
 garbage-first heap   total 526336K, used 382557K [0x0000000700000000, 0x0000000800000000)
  region size 2048K, 43 young (88064K), 2 survivors (4096K)
 Metaspace       used 130682K, committed 132160K, reserved 720896K
  class space    used 18092K, committed 18752K, reserved 589824K
}
Event: 156.965 GC heap after
{Heap after GC invocations=85 (full 0):
 garbage-first heap   total 526336K, used 337337K [0x0000000700000000, 0x0000000800000000)
  region size 2048K, 6 young (12288K), 6 survivors (12288K)
 Metaspace       used 130682K, committed 132160K, reserved 720896K
  class space    used 18092K, committed 18752K, reserved 589824K
}
Event: 157.960 GC heap before
{Heap before GC invocations=85 (full 0):
 garbage-first heap   total 526336K, used 398777K [0x0000000700000000, 0x0000000800000000)
  region size 2048K, 37 young (75776K), 6 survivors (12288K)
 Metaspace       used 130686K, committed 132160K, reserved 720896K
  class space    used 18092K, committed 18752K, reserved 589824K
}
Event: 158.066 GC heap after
{Heap after GC invocations=86 (full 0):
 garbage-first heap   total 526336K, used 371129K [0x0000000700000000, 0x0000000800000000)
  region size 2048K, 5 young (10240K), 5 survivors (10240K)
 Metaspace       used 130686K, committed 132160K, reserved 720896K
  class space    used 18092K, committed 18752K, reserved 589824K
}
Event: 161.584 GC heap before
{Heap before GC invocations=86 (full 0):
 garbage-first heap   total 526336K, used 416185K [0x0000000700000000, 0x0000000800000000)
  region size 2048K, 27 young (55296K), 5 survivors (10240K)
 Metaspace       used 131012K, committed 132480K, reserved 720896K
  class space    used 18115K, committed 18816K, reserved 589824K
}

Deoptimization events (20 events):
Event: 161.507 Thread 0x000001fc6eefb740 Uncommon trap: trap_request=0xffffffde fr.pc=0x000001fc56cef9d4 relative=0x0000000000000a94
Event: 161.507 Thread 0x000001fc6eefb740 Uncommon trap: reason=class_check action=maybe_recompile pc=0x000001fc56cef9d4 method=com.android.tools.r8.utils.structural.b.b(Ljava/util/function/Function;Lcom/android/tools/r8/utils/structural/v;Lcom/android/tools/r8/utils/structural/w;)Lcom/android/to
Event: 161.507 Thread 0x000001fc6eefb740 DEOPT PACKING pc=0x000001fc56cef9d4 sp=0x000000151d7fd410
Event: 161.507 Thread 0x000001fc6eefb740 DEOPT UNPACKING pc=0x000001fc55a923a3 sp=0x000000151d7fd3b0 mode 2
Event: 161.507 Thread 0x000001fc6eefb740 Uncommon trap: trap_request=0xffffff76 fr.pc=0x000001fc56ced86c relative=0x000000000000040c
Event: 161.507 Thread 0x000001fc6eefb740 Uncommon trap: reason=predicate action=maybe_recompile pc=0x000001fc56ced86c method=com.android.tools.r8.utils.structural.c.a(Ljava/util/Iterator;Ljava/util/Iterator;Lcom/android/tools/r8/utils/structural/v;)I @ 5 c2
Event: 161.507 Thread 0x000001fc6eefb740 DEOPT PACKING pc=0x000001fc56ced86c sp=0x000000151d7fd370
Event: 161.507 Thread 0x000001fc6eefb740 DEOPT UNPACKING pc=0x000001fc55a923a3 sp=0x000000151d7fd338 mode 2
Event: 161.507 Thread 0x000001fc6eefb740 Uncommon trap: trap_request=0xffffffde fr.pc=0x000001fc56cef9d4 relative=0x0000000000000a94
Event: 161.507 Thread 0x000001fc6eefb740 Uncommon trap: reason=class_check action=maybe_recompile pc=0x000001fc56cef9d4 method=com.android.tools.r8.utils.structural.b.b(Ljava/util/function/Function;Lcom/android/tools/r8/utils/structural/v;Lcom/android/tools/r8/utils/structural/w;)Lcom/android/to
Event: 161.507 Thread 0x000001fc6eefb740 DEOPT PACKING pc=0x000001fc56cef9d4 sp=0x000000151d7fd410
Event: 161.507 Thread 0x000001fc6eefb740 DEOPT UNPACKING pc=0x000001fc55a923a3 sp=0x000000151d7fd3b0 mode 2
Event: 161.507 Thread 0x000001fc6eefb740 Uncommon trap: trap_request=0xffffffde fr.pc=0x000001fc56cef9d4 relative=0x0000000000000a94
Event: 161.507 Thread 0x000001fc6eefb740 Uncommon trap: reason=class_check action=maybe_recompile pc=0x000001fc56cef9d4 method=com.android.tools.r8.utils.structural.b.b(Ljava/util/function/Function;Lcom/android/tools/r8/utils/structural/v;Lcom/android/tools/r8/utils/structural/w;)Lcom/android/to
Event: 161.507 Thread 0x000001fc6eefb740 DEOPT PACKING pc=0x000001fc56cef9d4 sp=0x000000151d7fd410
Event: 161.507 Thread 0x000001fc6eefb740 DEOPT UNPACKING pc=0x000001fc55a923a3 sp=0x000000151d7fd3b0 mode 2
Event: 161.508 Thread 0x000001fc6eefb740 Uncommon trap: trap_request=0xffffffde fr.pc=0x000001fc56cef9d4 relative=0x0000000000000a94
Event: 161.508 Thread 0x000001fc6eefb740 Uncommon trap: reason=class_check action=maybe_recompile pc=0x000001fc56cef9d4 method=com.android.tools.r8.utils.structural.b.b(Ljava/util/function/Function;Lcom/android/tools/r8/utils/structural/v;Lcom/android/tools/r8/utils/structural/w;)Lcom/android/to
Event: 161.508 Thread 0x000001fc6eefb740 DEOPT PACKING pc=0x000001fc56cef9d4 sp=0x000000151d7fd680
Event: 161.508 Thread 0x000001fc6eefb740 DEOPT UNPACKING pc=0x000001fc55a923a3 sp=0x000000151d7fd620 mode 2

Classes unloaded (0 events):
No events

Classes redefined (0 events):
No events

Internal exceptions (20 events):
Event: 121.429 Thread 0x000001fc7067eab0 Exception <a 'sun/nio/fs/WindowsException'{0x0000000715a618c8}> (0x0000000715a618c8) 
thrown [s\open\src\hotspot\share\prims\jni.cpp, line 516]
Event: 121.430 Thread 0x000001fc7067eab0 Exception <a 'sun/nio/fs/WindowsException'{0x0000000715a61d30}> (0x0000000715a61d30) 
thrown [s\open\src\hotspot\share\prims\jni.cpp, line 516]
Event: 121.434 Thread 0x000001fc71e7b7d0 Exception <a 'sun/nio/fs/WindowsException'{0x0000000715b2c620}> (0x0000000715b2c620) 
thrown [s\open\src\hotspot\share\prims\jni.cpp, line 516]
Event: 121.435 Thread 0x000001fc71e7b7d0 Exception <a 'sun/nio/fs/WindowsException'{0x0000000715b2c850}> (0x0000000715b2c850) 
thrown [s\open\src\hotspot\share\prims\jni.cpp, line 516]
Event: 121.435 Thread 0x000001fc71e7b7d0 Exception <a 'sun/nio/fs/WindowsException'{0x0000000715b2c910}> (0x0000000715b2c910) 
thrown [s\open\src\hotspot\share\prims\jni.cpp, line 516]
Event: 121.436 Thread 0x000001fc71e7b7d0 Exception <a 'sun/nio/fs/WindowsException'{0x0000000715b2cd78}> (0x0000000715b2cd78) 
thrown [s\open\src\hotspot\share\prims\jni.cpp, line 516]
Event: 124.351 Thread 0x000001fc7067eab0 Exception <a 'sun/nio/fs/WindowsException'{0x0000000715342c90}> (0x0000000715342c90) 
thrown [s\open\src\hotspot\share\prims\jni.cpp, line 516]
Event: 126.250 Thread 0x000001fc7067eab0 Exception <a 'sun/nio/fs/WindowsException'{0x00000007149648b0}> (0x00000007149648b0) 
thrown [s\open\src\hotspot\share\prims\jni.cpp, line 516]
Event: 130.510 Thread 0x000001fc7067eab0 Exception <a 'sun/nio/fs/WindowsException'{0x0000000713fd1458}> (0x0000000713fd1458) 
thrown [s\open\src\hotspot\share\prims\jni.cpp, line 516]
Event: 130.519 Thread 0x000001fc7067eab0 Exception <a 'sun/nio/fs/WindowsException'{0x0000000713fe9b30}> (0x0000000713fe9b30) 
thrown [s\open\src\hotspot\share\prims\jni.cpp, line 516]
Event: 130.524 Thread 0x000001fc7067eab0 Exception <a 'sun/nio/fs/WindowsException'{0x0000000713c296c0}> (0x0000000713c296c0) 
thrown [s\open\src\hotspot\share\prims\jni.cpp, line 516]
Event: 130.528 Thread 0x000001fc7067eab0 Exception <a 'sun/nio/fs/WindowsException'{0x0000000713c411b0}> (0x0000000713c411b0) 
thrown [s\open\src\hotspot\share\prims\jni.cpp, line 516]
Event: 130.586 Thread 0x000001fc7067eab0 Exception <a 'sun/nio/fs/WindowsException'{0x0000000713c58930}> (0x0000000713c58930) 
thrown [s\open\src\hotspot\share\prims\jni.cpp, line 516]
Event: 130.606 Thread 0x000001fc7067eab0 Exception <a 'sun/nio/fs/WindowsException'{0x0000000713c703a0}> (0x0000000713c703a0) 
thrown [s\open\src\hotspot\share\prims\jni.cpp, line 516]
Event: 130.654 Thread 0x000001fc7067eab0 Exception <a 'sun/nio/fs/WindowsException'{0x0000000713c87ea8}> (0x0000000713c87ea8) 
thrown [s\open\src\hotspot\share\prims\jni.cpp, line 516]
Event: 147.886 Thread 0x000001fc6eefb740 Exception <a 'sun/nio/fs/WindowsException'{0x00000007161121d8}> (0x00000007161121d8) 
thrown [s\open\src\hotspot\share\prims\jni.cpp, line 516]
Event: 153.750 Thread 0x000001fc7067bd20 Exception <a 'java/lang/NoSuchMethodError'{0x000000071da21218}: 'long java.lang.invoke.DirectMethodHandle$Holder.invokeStatic(java.lang.Object, java.lang.Object, java.lang.Object)'> (0x000000071da21218) 
thrown [s\open\src\hotspot\share\interpreter\linkResolver.cpp, line 759]
Event: 153.753 Thread 0x000001fc7067cc50 Exception <a 'java/lang/NoSuchMethodError'{0x000000071dc68b98}: 'long java.lang.invoke.DirectMethodHandle$Holder.invokeStatic(java.lang.Object, java.lang.Object, java.lang.Object)'> (0x000000071dc68b98) 
thrown [s\open\src\hotspot\share\interpreter\linkResolver.cpp, line 759]
Event: 161.103 Thread 0x000001fc6eefb740 Exception <a 'java/lang/NoSuchMethodError'{0x000000071d97f350}: 'java.lang.Object java.lang.invoke.DirectMethodHandle$Holder.newInvokeSpecial(java.lang.Object, int, java.lang.Object, java.lang.Object)'> (0x000000071d97f350) 
thrown [s\open\src\hotspot\share\interpreter\linkResolver.cpp, line 759]
Event: 161.103 Thread 0x000001fc6eefb740 Exception <a 'java/lang/NoSuchMethodError'{0x000000071d9833b0}: 'java.lang.Object java.lang.invoke.DirectMethodHandle$Holder.invokeSpecial(java.lang.Object, java.lang.Object, int, java.lang.Object, java.lang.Object)'> (0x000000071d9833b0) 
thrown [s\open\src\hotspot\share\interpreter\linkResolver.cpp, line 759]

VM Operations (20 events):
Event: 153.361 Executing VM operation: HandshakeAllThreads done
Event: 153.361 Executing VM operation: Cleanup
Event: 153.364 Executing VM operation: Cleanup done
Event: 153.735 Executing VM operation: HandshakeAllThreads
Event: 153.736 Executing VM operation: HandshakeAllThreads done
Event: 154.652 Executing VM operation: HandshakeAllThreads
Event: 154.929 Executing VM operation: HandshakeAllThreads done
Event: 154.929 Executing VM operation: Cleanup
Event: 155.212 Executing VM operation: Cleanup done
Event: 155.715 Executing VM operation: HandshakeAllThreads
Event: 156.008 Executing VM operation: HandshakeAllThreads done
Event: 156.680 Executing VM operation: G1CollectForAllocation
Event: 156.974 Executing VM operation: G1CollectForAllocation done
Event: 157.872 Executing VM operation: G1CollectForAllocation
Event: 158.074 Executing VM operation: G1CollectForAllocation done
Event: 159.076 Executing VM operation: Cleanup
Event: 159.119 Executing VM operation: Cleanup done
Event: 161.118 Executing VM operation: Cleanup
Event: 161.138 Executing VM operation: Cleanup done
Event: 161.584 Executing VM operation: G1CollectForAllocation

Events (20 events):
Event: 155.459 Thread 0x000001fc691f7e90 flushing nmethod 0x000001fc507c8f10
Event: 155.459 Thread 0x000001fc691f7e90 flushing nmethod 0x000001fc507cb110
Event: 155.459 Thread 0x000001fc691f7e90 flushing nmethod 0x000001fc507cbd90
Event: 155.459 Thread 0x000001fc691f7e90 flushing nmethod 0x000001fc507cc790
Event: 155.459 Thread 0x000001fc691f7e90 flushing nmethod 0x000001fc507ce610
Event: 155.459 Thread 0x000001fc691f7e90 flushing nmethod 0x000001fc507d1390
Event: 155.459 Thread 0x000001fc691f7e90 flushing nmethod 0x000001fc507dcd90
Event: 155.459 Thread 0x000001fc691f7e90 flushing nmethod 0x000001fc507f4d10
Event: 155.461 Thread 0x000001fc691f7e90 flushing nmethod 0x000001fc50987d90
Event: 155.462 Thread 0x000001fc691f7e90 flushing nmethod 0x000001fc509c4890
Event: 155.462 Thread 0x000001fc691f7e90 flushing nmethod 0x000001fc509c5490
Event: 155.463 Thread 0x000001fc691f7e90 flushing nmethod 0x000001fc50a38190
Event: 155.464 Thread 0x000001fc691f7e90 flushing nmethod 0x000001fc50a85410
Event: 155.464 Thread 0x000001fc691f7e90 flushing nmethod 0x000001fc50a9a590
Event: 155.464 Thread 0x000001fc691f7e90 flushing nmethod 0x000001fc50a9ac10
Event: 155.464 Thread 0x000001fc691f7e90 flushing nmethod 0x000001fc50a9cd10
Event: 155.464 Thread 0x000001fc691f7e90 flushing nmethod 0x000001fc50a9d990
Event: 157.613 Thread 0x000001fc72948e70 Thread added: 0x000001fc72948e70
Event: 159.618 loading class java/util/concurrent/ForkJoinTask$AdaptedCallable
Event: 159.756 loading class java/util/concurrent/ForkJoinTask$AdaptedCallable done


Dynamic libraries:
0x00007ff67f6d0000 - 0x00007ff67f6e0000 	C:\Program Files\Java\jdk-17\bin\java.exe
0x00007ffd31b30000 - 0x00007ffd31d47000 	C:\Windows\SYSTEM32\ntdll.dll
0x00007ffd313c0000 - 0x00007ffd31484000 	C:\Windows\System32\KERNEL32.DLL
0x00007ffd2f400000 - 0x00007ffd2f7ad000 	C:\Windows\System32\KERNELBASE.dll
0x00007ffd2f2e0000 - 0x00007ffd2f3f1000 	C:\Windows\System32\ucrtbase.dll
0x00007ffd22ed0000 - 0x00007ffd22eeb000 	C:\Program Files\Java\jdk-17\bin\VCRUNTIME140.dll
0x00007ffd22ef0000 - 0x00007ffd22f09000 	C:\Program Files\Java\jdk-17\bin\jli.dll
0x00007ffd30590000 - 0x00007ffd30642000 	C:\Windows\System32\ADVAPI32.dll
0x00007ffd31710000 - 0x00007ffd317b7000 	C:\Windows\System32\msvcrt.dll
0x00007ffd312d0000 - 0x00007ffd31379000 	C:\Windows\System32\sechost.dll
0x00007ffd2f830000 - 0x00007ffd2f858000 	C:\Windows\System32\bcrypt.dll
0x00007ffd30d20000 - 0x00007ffd30e34000 	C:\Windows\System32\RPCRT4.dll
0x00007ffd303c0000 - 0x00007ffd3056e000 	C:\Windows\System32\USER32.dll
0x00007ffd2ef70000 - 0x00007ffd2ef96000 	C:\Windows\System32\win32u.dll
0x00007ffd30390000 - 0x00007ffd303b9000 	C:\Windows\System32\GDI32.dll
0x00007ffd2ee50000 - 0x00007ffd2ef69000 	C:\Windows\System32\gdi32full.dll
0x00007ffd18940000 - 0x00007ffd18bd3000 	C:\Windows\WinSxS\amd64_microsoft.windows.common-controls_6595b64144ccf1df_6.0.22621.3672_none_2713b9d173822955\COMCTL32.dll
0x00007ffd2f180000 - 0x00007ffd2f21a000 	C:\Windows\System32\msvcp_win.dll
0x00007ffd29770000 - 0x00007ffd2977a000 	C:\Windows\SYSTEM32\VERSION.dll
0x00007ffd316d0000 - 0x00007ffd31701000 	C:\Windows\System32\IMM32.DLL
0x00007ffd2b3d0000 - 0x00007ffd2b3dc000 	C:\Program Files\Java\jdk-17\bin\vcruntime140_1.dll
0x00007ffceba20000 - 0x00007ffcebaae000 	C:\Program Files\Java\jdk-17\bin\msvcp140.dll
0x00007ffcb6850000 - 0x00007ffcb7430000 	C:\Program Files\Java\jdk-17\bin\server\jvm.dll
0x00007ffd312c0000 - 0x00007ffd312c8000 	C:\Windows\System32\PSAPI.DLL
0x00007ffd19360000 - 0x00007ffd19369000 	C:\Windows\SYSTEM32\WSOCK32.dll
0x00007ffd21f40000 - 0x00007ffd21f74000 	C:\Windows\SYSTEM32\WINMM.dll
0x00007ffd30ca0000 - 0x00007ffd30d11000 	C:\Windows\System32\WS2_32.dll
0x00007ffd2de40000 - 0x00007ffd2de58000 	C:\Windows\SYSTEM32\kernel.appcore.dll
0x00007ffd29780000 - 0x00007ffd2978a000 	C:\Program Files\Java\jdk-17\bin\jimage.dll
0x00007ffd20300000 - 0x00007ffd20532000 	C:\Windows\SYSTEM32\DBGHELP.DLL
0x00007ffd30650000 - 0x00007ffd309dd000 	C:\Windows\System32\combase.dll
0x00007ffd302b0000 - 0x00007ffd30387000 	C:\Windows\System32\OLEAUT32.dll
0x00007ffd13500000 - 0x00007ffd13532000 	C:\Windows\SYSTEM32\dbgcore.DLL
0x00007ffd2f7b0000 - 0x00007ffd2f82b000 	C:\Windows\System32\bcryptPrimitives.dll
0x00007ffd17de0000 - 0x00007ffd17dee000 	C:\Program Files\Java\jdk-17\bin\instrument.dll
0x00007ffd19c20000 - 0x00007ffd19c45000 	C:\Program Files\Java\jdk-17\bin\java.dll
0x00007ffcea4a0000 - 0x00007ffcea577000 	C:\Program Files\Java\jdk-17\bin\jsvml.dll
0x00007ffd2fa40000 - 0x00007ffd302a7000 	C:\Windows\System32\SHELL32.dll
0x00007ffd2cd50000 - 0x00007ffd2d64e000 	C:\Windows\SYSTEM32\windows.storage.dll
0x00007ffd2cc10000 - 0x00007ffd2cd4f000 	C:\Windows\SYSTEM32\wintypes.dll
0x00007ffd319f0000 - 0x00007ffd31ae9000 	C:\Windows\System32\SHCORE.dll
0x00007ffd309e0000 - 0x00007ffd30a3e000 	C:\Windows\System32\shlwapi.dll
0x00007ffd2ed80000 - 0x00007ffd2eda1000 	C:\Windows\SYSTEM32\profapi.dll
0x00007ffd17e00000 - 0x00007ffd17e18000 	C:\Program Files\Java\jdk-17\bin\zip.dll
0x00007ffd19c00000 - 0x00007ffd19c19000 	C:\Program Files\Java\jdk-17\bin\net.dll
0x00007ffd2b840000 - 0x00007ffd2b976000 	C:\Windows\SYSTEM32\WINHTTP.dll
0x00007ffd2e2a0000 - 0x00007ffd2e309000 	C:\Windows\system32\mswsock.dll
0x00007ffd19be0000 - 0x00007ffd19bf6000 	C:\Program Files\Java\jdk-17\bin\nio.dll
0x00007ffd26500000 - 0x00007ffd26510000 	C:\Program Files\Java\jdk-17\bin\verify.dll
0x00007ffd0b600000 - 0x00007ffd0b627000 	C:\Users\Hp\.gradle\native\c067742578af261105cb4f569cf0c3c89f3d7b1fecec35dd04571415982c5e48\windows-amd64\native-platform.dll
0x00007ffce9e40000 - 0x00007ffce9f84000 	C:\Users\Hp\.gradle\native\38dada09dfb8b06ba9b0570ebf7e218e3eb74d4ef43ca46872605cf95ebc2f47\windows-amd64\native-platform-file-events.dll
0x00007ffd18030000 - 0x00007ffd1803a000 	C:\Program Files\Java\jdk-17\bin\management.dll
0x00007ffd17df0000 - 0x00007ffd17dfb000 	C:\Program Files\Java\jdk-17\bin\management_ext.dll
0x00007ffd2e5f0000 - 0x00007ffd2e60b000 	C:\Windows\SYSTEM32\CRYPTSP.dll
0x00007ffd2dda0000 - 0x00007ffd2ddd5000 	C:\Windows\system32\rsaenh.dll
0x00007ffd2e340000 - 0x00007ffd2e368000 	C:\Windows\SYSTEM32\USERENV.dll
0x00007ffd2e5d0000 - 0x00007ffd2e5dc000 	C:\Windows\SYSTEM32\CRYPTBASE.dll
0x00007ffd2d8b0000 - 0x00007ffd2d8dd000 	C:\Windows\SYSTEM32\IPHLPAPI.DLL
0x00007ffd313b0000 - 0x00007ffd313b9000 	C:\Windows\System32\NSI.dll
0x00007ffd2b820000 - 0x00007ffd2b839000 	C:\Windows\SYSTEM32\dhcpcsvc6.DLL
0x00007ffd2b800000 - 0x00007ffd2b81f000 	C:\Windows\SYSTEM32\dhcpcsvc.DLL
0x00007ffd2d8e0000 - 0x00007ffd2d9d8000 	C:\Windows\SYSTEM32\DNSAPI.dll
0x00007ffd13a20000 - 0x00007ffd13a2e000 	C:\Program Files\Java\jdk-17\bin\sunmscapi.dll
0x00007ffd2f010000 - 0x00007ffd2f177000 	C:\Windows\System32\CRYPT32.dll
0x00007ffd2e710000 - 0x00007ffd2e73e000 	C:\Windows\SYSTEM32\ncrypt.dll
0x00007ffd2e6d0000 - 0x00007ffd2e707000 	C:\Windows\SYSTEM32\NTASN1.dll
0x00007ffcd7280000 - 0x00007ffcd7288000 	C:\Windows\system32\wshunix.dll
0x00007ffd0b820000 - 0x00007ffd0b837000 	C:\Windows\system32\napinsp.dll
0x00007ffd0b7b0000 - 0x00007ffd0b7cb000 	C:\Windows\system32\pnrpnsp.dll
0x00007ffd0b790000 - 0x00007ffd0b7a1000 	C:\Windows\System32\winrnr.dll
0x00007ffd0b770000 - 0x00007ffd0b785000 	C:\Windows\system32\wshbth.dll
0x00007ffd0b740000 - 0x00007ffd0b767000 	C:\Windows\system32\nlansp_c.dll
0x00007ffd190c0000 - 0x00007ffd190ca000 	C:\Windows\System32\rasadhlp.dll
0x00007ffd26c50000 - 0x00007ffd26cd3000 	C:\Windows\System32\fwpuclnt.dll
0x00007ffd0b5e0000 - 0x00007ffd0b5fe000 	C:\Users\Hp\AppData\Local\Temp\native-platform2556290717025255130dir\native-platform.dll
0x00007ffd0b5d0000 - 0x00007ffd0b5d7000 	C:\Program Files\Java\jdk-17\bin\rmi.dll

dbghelp: loaded successfully - version: 4.0.5 - missing functions: none
symbol engine: initialized successfully - sym options: 0x614 - pdb path: .;C:\Program Files\Java\jdk-17\bin;C:\Windows\SYSTEM32;C:\Windows\WinSxS\amd64_microsoft.windows.common-controls_6595b64144ccf1df_6.0.22621.3672_none_2713b9d173822955;C:\Program Files\Java\jdk-17\bin\server;C:\Users\Hp\.gradle\native\c067742578af261105cb4f569cf0c3c89f3d7b1fecec35dd04571415982c5e48\windows-amd64;C:\Users\Hp\.gradle\native\38dada09dfb8b06ba9b0570ebf7e218e3eb74d4ef43ca46872605cf95ebc2f47\windows-amd64;C:\Users\Hp\AppData\Local\Temp\native-platform2556290717025255130dir

VM Arguments:
jvm_args: -XX:MaxMetaspaceSize=712m --add-opens=java.base/java.util=ALL-UNNAMED --add-opens=java.base/java.lang=ALL-UNNAMED --add-opens=java.base/java.lang.invoke=ALL-UNNAMED --add-opens=java.prefs/java.util.prefs=ALL-UNNAMED --add-opens=java.base/java.nio.charset=ALL-UNNAMED --add-opens=java.base/java.net=ALL-UNNAMED --add-opens=java.base/java.util.concurrent.atomic=ALL-UNNAMED -Xmx4g -Dfile.encoding=windows-1252 -Duser.country=GB -Duser.language=en -Duser.variant -javaagent:C:\Users\Hp\.gradle\wrapper\dists\gradle-8.6-all\3mbtmo166bl6vumsh5k2lkq5h\gradle-8.6\lib\agents\gradle-instrumentation-agent-8.6.jar 
java_command: org.gradle.launcher.daemon.bootstrap.GradleDaemon 8.6
java_class_path (initial): C:\Users\Hp\.gradle\wrapper\dists\gradle-8.6-all\3mbtmo166bl6vumsh5k2lkq5h\gradle-8.6\lib\gradle-launcher-8.6.jar
Launcher Type: SUN_STANDARD

[Global flags]
     intx CICompilerCount                          = 3                                         {product} {ergonomic}
   size_t CompressedClassSpaceSize                 = 603979776                                 {product} {ergonomic}
     uint ConcGCThreads                            = 1                                         {product} {ergonomic}
     uint G1ConcRefinementThreads                  = 4                                         {product} {ergonomic}
   size_t G1HeapRegionSize                         = 2097152                                   {product} {ergonomic}
    uintx GCDrainStackTargetSize                   = 64                                        {product} {ergonomic}
   size_t InitialHeapSize                          = 134217728                                 {product} {ergonomic}
   size_t MarkStackSize                            = 4194304                                   {product} {ergonomic}
   size_t MaxHeapSize                              = 4294967296                                {product} {command line}
   size_t MaxMetaspaceSize                         = 746586112                                 {product} {command line}
   size_t MaxNewSize                               = 2575302656                                {product} {ergonomic}
   size_t MinHeapDeltaBytes                        = 2097152                                   {product} {ergonomic}
   size_t MinHeapSize                              = 8388608                                   {product} {ergonomic}
    uintx NonNMethodCodeHeapSize                   = 5832780                                {pd product} {ergonomic}
    uintx NonProfiledCodeHeapSize                  = 122912730                              {pd product} {ergonomic}
    uintx ProfiledCodeHeapSize                     = 122912730                              {pd product} {ergonomic}
    uintx ReservedCodeCacheSize                    = 251658240                              {pd product} {ergonomic}
     bool SegmentedCodeCache                       = true                                      {product} {ergonomic}
   size_t SoftMaxHeapSize                          = 4294967296                             {manageable} {ergonomic}
     bool UseCompressedClassPointers               = true                           {product lp64_product} {ergonomic}
     bool UseCompressedOops                        = true                           {product lp64_product} {ergonomic}
     bool UseG1GC                                  = true                                      {product} {ergonomic}
     bool UseLargePagesIndividualAllocation        = false                                  {pd product} {ergonomic}

Logging:
Log output configuration:
 #0: stdout all=warning uptime,level,tags
 #1: stderr all=off uptime,level,tags

Environment Variables:
JAVA_HOME=C:\Program Files\Java\jdk-17
CLASSPATH=D:\reactnativeapp\myapp\android\\gradle\wrapper\gradle-wrapper.jar
PATH=D:\reactnativeapp\myapp\node_modules\.bin;D:\reactnativeapp\myapp\node_modules\.bin;D:\reactnativeapp\node_modules\.bin;D:\node_modules\.bin;C:\Users\Hp\AppData\Roaming\nvm\v22.3.0\node_modules\npm\node_modules\@npmcli\run-script\lib\node-gyp-bin;D:\reactnativeapp\myapp\node_modules\.bin;D:\reactnativeapp\myapp\node_modules\.bin;D:\reactnativeapp\node_modules\.bin;D:\node_modules\.bin;C:\Users\Hp\AppData\Roaming\nvm\v22.3.0\node_modules\npm\node_modules\@npmcli\run-script\lib\node-gyp-bin;C:\Program Files\Common Files\Oracle\Java\javapath;C:\Windows\system32;C:\Windows;C:\Windows\System32\Wbem;C:\Windows\System32\WindowsPowerShell\v1.0\;C:\Windows\System32\OpenSSH\;C:\Users\Hp\AppData\Roaming\nvm;C:\Program Files\nodejs;C:\Program Files\nodejs;C:\Users\Hp\AppData\Local\Android\Sdk;C:\Program Files\MongoDB\Server\7.0\data;C:\Program Files\Java\jdk-17\bin;C:\Users\Hp\.gradle\daemon\8.6;D:\xamp\php;D:\ComposerSetup;C:\Users\Hp\AppData\Local\Android\Sdk\emulator;C:\Users\Hp\AppData\Local\Android\Sdk\tools;C:\Users\Hp\AppData\Local\Android\Sdk\tools;C:\Users\Hp\AppData\Local\Microsoft\WindowsApps;C:\Users\Hp\AppData\Roaming\nvm;C:\Program Files\nodejs;D:\miral\Microsoft VS Code\bin;C:\Program Files\Java\jdk-17\bin;C:\Users\Hp\.gradle\daemon\8.6;C:\Users\Hp\AppData\Roaming\Composer\vendor\bin;C:\Users\Hp\AppData\Local\Android\Sdk\platform-tools;C:\Users\Hp\AppData\Local\Android\Sdk\emulator;
USERNAME=Hp
LANG=en_US.UTF-8
OS=Windows_NT
PROCESSOR_IDENTIFIER=Intel64 Family 6 Model 78 Stepping 3, GenuineIntel



---------------  S Y S T E M  ---------------

OS:
 Windows 11 , 64 bit Build 22621 (10.0.22621.3958)
OS uptime: 0 days 3:19 hours
Hyper-V role detected

CPU: total 4 (initial active 4) (2 cores per cpu, 2 threads per core) family 6 model 78 stepping 3 microcode 0xf0, cx8, cmov, fxsr, ht, mmx, 3dnowpref, sse, sse2, sse3, ssse3, sse4.1, sse4.2, popcnt, lzcnt, tsc, tscinvbit, avx, avx2, aes, erms, clmul, bmi1, bmi2, rtm, adx, fma, vzeroupper, clflush, clflushopt, hv

Memory: 4k page, system-wide physical 8070M (336M free)
TotalPageFile size 14187M (AvailPageFile size 3M)
current process WorkingSet (physical memory assigned to process): 760M, peak: 760M
current process commit charge ("private bytes"): 1177M, peak: 1180M

vm_info: Java HotSpot(TM) 64-Bit Server VM (17.0.11+7-LTS-207) for windows-amd64 JRE (17.0.11+7-LTS-207), built on Mar 11 2024 19:01:50 by "mach5one" with MS VC++ 17.6 (VS2022)

END.
