#
# There is insufficient memory for the Java Runtime Environment to continue.
# Native memory allocation (mmap) failed to map 2588672 bytes for G1 virtual space
# Possible reasons:
#   The system is out of physical RAM or swap space
#   The process is running with CompressedOops enabled, and the Java Heap may be blocking the growth of the native heap
# Possible solutions:
#   Reduce memory load on the system
#   Increase physical memory or swap space
#   Check if swap backing store is full
#   Decrease Java heap size (-Xmx/-Xms)
#   Decrease number of Java threads
#   Decrease Java thread stack sizes (-Xss)
#   Set larger code cache with -XX:ReservedCodeCacheSize=
#   JVM is running with Zero Based Compressed Oops mode in which the Java heap is
#     placed in the first 32GB address space. The Java Heap base address is the
#     maximum limit for the native heap growth. Please use -XX:HeapBaseMinAddress
#     to set the Java Heap base and to place the Java Heap above 32GB virtual address.
# This output file may be truncated or incomplete.
#
#  Out of Memory Error (os_windows.cpp:3548), pid=13952, tid=13160
#
# JRE version: Java(TM) SE Runtime Environment (17.0.11+7) (build 17.0.11+7-LTS-207)
# Java VM: Java HotSpot(TM) 64-Bit Server VM (17.0.11+7-LTS-207, mixed mode, sharing, tiered, compressed oops, compressed class ptrs, g1 gc, windows-amd64)
# No core dump will be written. Minidumps are not enabled by default on client versions of Windows
#

---------------  S U M M A R Y ------------

Command Line: -XX:MaxMetaspaceSize=712m --add-opens=java.base/java.util=ALL-UNNAMED --add-opens=java.base/java.lang=ALL-UNNAMED --add-opens=java.base/java.lang.invoke=ALL-UNNAMED --add-opens=java.prefs/java.util.prefs=ALL-UNNAMED --add-opens=java.base/java.nio.charset=ALL-UNNAMED --add-opens=java.base/java.net=ALL-UNNAMED --add-opens=java.base/java.util.concurrent.atomic=ALL-UNNAMED -Xmx4g -Dfile.encoding=windows-1252 -Duser.country=GB -Duser.language=en -Duser.variant -javaagent:C:\Users\Hp\.gradle\wrapper\dists\gradle-8.6-all\3mbtmo166bl6vumsh5k2lkq5h\gradle-8.6\lib\agents\gradle-instrumentation-agent-8.6.jar org.gradle.launcher.daemon.bootstrap.GradleDaemon 8.6

Host: Intel(R) Core(TM) i5-6300U CPU @ 2.40GHz, 4 cores, 7G,  Windows 11 , 64 bit Build 22621 (10.0.22621.3958)
Time: Thu Aug  8 20:58:22 2024 Pakistan Standard Time elapsed time: 111.107073 seconds (0d 0h 1m 51s)

---------------  T H R E A D  ---------------

Current thread (0x000001b24277cea0):  VMThread "VM Thread" [stack: 0x0000003b87100000,0x0000003b87200000] [id=13160]

Stack: [0x0000003b87100000,0x0000003b87200000]
Native frames: (J=compiled Java code, j=interpreted, Vv=VM code, C=native code)
V  [jvm.dll+0x679cca]
V  [jvm.dll+0x7da13d]
V  [jvm.dll+0x7dba83]
V  [jvm.dll+0x7dc0f3]
V  [jvm.dll+0x2449af]
V  [jvm.dll+0x676ce9]
V  [jvm.dll+0x66b852]
V  [jvm.dll+0x3018d6]
V  [jvm.dll+0x308e76]
V  [jvm.dll+0x359703]
V  [jvm.dll+0x35991f]
V  [jvm.dll+0x2d89a8]
V  [jvm.dll+0x2dba16]
V  [jvm.dll+0x2e611b]
V  [jvm.dll+0x31a1a0]
V  [jvm.dll+0x7e09eb]
V  [jvm.dll+0x7e1724]
V  [jvm.dll+0x7e1c3d]
V  [jvm.dll+0x7e2014]
V  [jvm.dll+0x7e20e0]
V  [jvm.dll+0x78a85a]
V  [jvm.dll+0x678bb5]
C  [ucrtbase.dll+0x29333]
C  [KERNEL32.DLL+0x1257d]
C  [ntdll.dll+0x5af28]

VM_Operation (0x0000003b86dff450): G1Concurrent, mode: safepoint, requested by thread 0x000001b21e335020


---------------  P R O C E S S  ---------------

Threads class SMR info:
_java_thread_list=0x000001b278811010, length=112, elements={
0x000001b21e2b87b0, 0x000001b242780ea0, 0x000001b242782d30, 0x000001b242797730,
0x000001b242799300, 0x000001b24279bdd0, 0x000001b24279cba0, 0x000001b24279f8a0,
0x000001b2427ac830, 0x000001b2427b5630, 0x000001b24276f950, 0x000001b242a45d70,
0x000001b26de04830, 0x000001b26e2e1920, 0x000001b26d06ef50, 0x000001b26d883a90,
0x000001b26d7efb70, 0x000001b2429b4020, 0x000001b2429b4f50, 0x000001b2429b5460,
0x000001b2429b5970, 0x000001b2429b77d0, 0x000001b2429b72c0, 0x000001b2429b4a40,
0x000001b2429b6390, 0x000001b2429b5e80, 0x000001b2429b68a0, 0x000001b2429b6db0,
0x000001b24294f550, 0x000001b242951dd0, 0x000001b24294eb30, 0x000001b24294bda0,
0x000001b24294c7c0, 0x000001b2429522e0, 0x000001b242950480, 0x000001b2429527f0,
0x000001b242952d00, 0x000001b24294f040, 0x000001b24294d1e0, 0x000001b24294ccd0,
0x000001b24294b890, 0x000001b24294d6f0, 0x000001b2429513b0, 0x000001b24294c2b0,
0x000001b24294e110, 0x000001b24294fa60, 0x000001b242950ea0, 0x000001b2702f29c0,
0x000001b2702ee2e0, 0x000001b2702ee7f0, 0x000001b2702ec480, 0x000001b2702eddd0,
0x000001b2702ec990, 0x000001b2702f1a90, 0x000001b2702f0140, 0x000001b2702ed8c0,
0x000001b2702ebf70, 0x000001b2702f2ed0, 0x000001b2702f0650, 0x000001b2702eed00,
0x000001b2702ef210, 0x000001b2702f0b60, 0x000001b2702ecea0, 0x000001b2702ed3b0,
0x000001b2702ef720, 0x000001b2702f1fa0, 0x000001b2702efc30, 0x000001b26dc6c7f0,
0x000001b26dc69a60, 0x000001b26dc6aea0, 0x000001b26dc704b0, 0x000001b26dc713e0,
0x000001b26dc6ffa0, 0x000001b26dc69f70, 0x000001b26dc6eb60, 0x000001b26dc6bdd0,
0x000001b26dc6c2e0, 0x000001b26dc6f070, 0x000001b24294ff70, 0x000001b2429b4530,
0x000001b26fbd7e00, 0x000001b26fbdbfd0, 0x000001b26fbdc9f0, 0x000001b26fbdd410,
0x000001b26fbd8820, 0x000001b26fbdd920, 0x000001b26fbd8d30, 0x000001b26fbd73e0,
0x000001b26fbd64b0, 0x000001b26fbd78f0, 0x000001b26fbd8310, 0x000001b26fbdc4e0,
0x000001b26fbd9240, 0x000001b26fbdb0a0, 0x000001b2799d3310, 0x000001b2799cf140,
0x000001b2799d0070, 0x000001b2799d14b0, 0x000001b2799d4c60, 0x000001b2799d28f0,
0x000001b2799d0580, 0x000001b2799d0a90, 0x000001b2799d2e00, 0x000001b2799cf650,
0x000001b2799d3820, 0x000001b2799d3d30, 0x000001b2799d19c0, 0x000001b2799d1ed0,
0x000001b2799d4750, 0x000001b2799d5170, 0x000001b2799d5b90, 0x000001b2799d65b0
}

Java Threads: ( => current thread )
  0x000001b21e2b87b0 JavaThread "main" [_thread_blocked, id=1572, stack(0x0000003b86b00000,0x0000003b86c00000)]
  0x000001b242780ea0 JavaThread "Reference Handler" daemon [_thread_blocked, id=1656, stack(0x0000003b87200000,0x0000003b87300000)]
  0x000001b242782d30 JavaThread "Finalizer" daemon [_thread_blocked, id=3752, stack(0x0000003b87300000,0x0000003b87400000)]
  0x000001b242797730 JavaThread "Signal Dispatcher" daemon [_thread_blocked, id=13436, stack(0x0000003b87400000,0x0000003b87500000)]
  0x000001b242799300 JavaThread "Attach Listener" daemon [_thread_blocked, id=2904, stack(0x0000003b87500000,0x0000003b87600000)]
  0x000001b24279bdd0 JavaThread "Service Thread" daemon [_thread_blocked, id=11464, stack(0x0000003b87600000,0x0000003b87700000)]
  0x000001b24279cba0 JavaThread "Monitor Deflation Thread" daemon [_thread_blocked, id=13636, stack(0x0000003b87700000,0x0000003b87800000)]
  0x000001b24279f8a0 JavaThread "C2 CompilerThread0" daemon [_thread_in_native, id=14780, stack(0x0000003b87800000,0x0000003b87900000)]
  0x000001b2427ac830 JavaThread "C1 CompilerThread0" daemon [_thread_blocked, id=14972, stack(0x0000003b87900000,0x0000003b87a00000)]
  0x000001b2427b5630 JavaThread "Sweeper thread" daemon [_thread_blocked, id=7596, stack(0x0000003b87a00000,0x0000003b87b00000)]
  0x000001b24276f950 JavaThread "Common-Cleaner" daemon [_thread_blocked, id=3460, stack(0x0000003b87b00000,0x0000003b87c00000)]
  0x000001b242a45d70 JavaThread "Notification Thread" daemon [_thread_blocked, id=2428, stack(0x0000003b87c00000,0x0000003b87d00000)]
  0x000001b26de04830 JavaThread "Daemon health stats" [_thread_blocked, id=11332, stack(0x0000003b88200000,0x0000003b88300000)]
  0x000001b26e2e1920 JavaThread "Incoming local TCP Connector on port 59301" [_thread_in_native, id=11380, stack(0x0000003b87e00000,0x0000003b87f00000)]
  0x000001b26d06ef50 JavaThread "Daemon periodic checks" [_thread_blocked, id=9592, stack(0x0000003b88300000,0x0000003b88400000)]
  0x000001b26d883a90 JavaThread "Daemon" [_thread_blocked, id=10740, stack(0x0000003b88400000,0x0000003b88500000)]
  0x000001b26d7efb70 JavaThread "Handler for socket connection from /127.0.0.1:59301 to /127.0.0.1:59302" [_thread_in_native, id=2464, stack(0x0000003b88500000,0x0000003b88600000)]
  0x000001b2429b4020 JavaThread "Cancel handler" [_thread_blocked, id=14480, stack(0x0000003b88600000,0x0000003b88700000)]
  0x000001b2429b4f50 JavaThread "Daemon worker" [_thread_blocked, id=12624, stack(0x0000003b88700000,0x0000003b88800000)]
  0x000001b2429b5460 JavaThread "Asynchronous log dispatcher for DefaultDaemonConnection: socket connection from /127.0.0.1:59301 to /127.0.0.1:59302" [_thread_blocked, id=13432, stack(0x0000003b88800000,0x0000003b88900000)]
  0x000001b2429b5970 JavaThread "Stdin handler" [_thread_blocked, id=7128, stack(0x0000003b88900000,0x0000003b88a00000)]
  0x000001b2429b77d0 JavaThread "Daemon client event forwarder" [_thread_blocked, id=14680, stack(0x0000003b88a00000,0x0000003b88b00000)]
  0x000001b2429b72c0 JavaThread "Cache worker for journal cache (C:\Users\Hp\.gradle\caches\journal-1)" [_thread_blocked, id=13376, stack(0x0000003b88b00000,0x0000003b88c00000)]
  0x000001b2429b4a40 JavaThread "File lock request listener" [_thread_in_native, id=5764, stack(0x0000003b88c00000,0x0000003b88d00000)]
  0x000001b2429b6390 JavaThread "Cache worker for file hash cache (C:\Users\Hp\.gradle\caches\8.6\fileHashes)" [_thread_blocked, id=15036, stack(0x0000003b88d00000,0x0000003b88e00000)]
  0x000001b2429b5e80 JavaThread "File watcher server" daemon [_thread_blocked, id=2860, stack(0x0000003b88f00000,0x0000003b89000000)]
  0x000001b2429b68a0 JavaThread "File watcher consumer" daemon [_thread_blocked, id=6208, stack(0x0000003b89000000,0x0000003b89100000)]
  0x000001b2429b6db0 JavaThread "Cache worker for checksums cache (D:\reactnativeapp\myapp\android\.gradle\8.6\checksums)" [_thread_blocked, id=15320, stack(0x0000003b88e00000,0x0000003b88f00000)]
  0x000001b24294f550 JavaThread "Cache worker for file hash cache (D:\reactnativeapp\myapp\android\.gradle\8.6\fileHashes)" [_thread_blocked, id=6224, stack(0x0000003b89100000,0x0000003b89200000)]
  0x000001b242951dd0 JavaThread "Cache worker for cache directory md-supplier (C:\Users\Hp\.gradle\caches\8.6\md-supplier)" [_thread_blocked, id=13480, stack(0x0000003b89200000,0x0000003b89300000)]
  0x000001b24294eb30 JavaThread "Cache worker for cache directory md-rule (C:\Users\Hp\.gradle\caches\8.6\md-rule)" [_thread_blocked, id=10148, stack(0x0000003b89300000,0x0000003b89400000)]
  0x000001b24294bda0 JavaThread "Cache worker for file content cache (C:\Users\Hp\.gradle\caches\8.6\fileContent)" [_thread_blocked, id=3976, stack(0x0000003b89400000,0x0000003b89500000)]
  0x000001b24294c7c0 JavaThread "jar transforms" [_thread_blocked, id=1596, stack(0x0000003b89600000,0x0000003b89700000)]
  0x000001b2429522e0 JavaThread "jar transforms Thread 2" [_thread_blocked, id=2896, stack(0x0000003b89700000,0x0000003b89800000)]
  0x000001b242950480 JavaThread "jar transforms Thread 3" [_thread_blocked, id=12620, stack(0x0000003b89800000,0x0000003b89900000)]
  0x000001b2429527f0 JavaThread "jar transforms Thread 4" [_thread_blocked, id=5992, stack(0x0000003b89900000,0x0000003b89a00000)]
  0x000001b242952d00 JavaThread "Exec process" [_thread_blocked, id=13476, stack(0x0000003b89a00000,0x0000003b89b00000)]
  0x000001b24294f040 JavaThread "Exec process Thread 2" [_thread_blocked, id=13716, stack(0x0000003b89b00000,0x0000003b89c00000)]
  0x000001b24294d1e0 JavaThread "Exec process Thread 3" [_thread_blocked, id=1644, stack(0x0000003b89c00000,0x0000003b89d00000)]
  0x000001b24294ccd0 JavaThread "Unconstrained build operations" [_thread_blocked, id=12856, stack(0x0000003b89e00000,0x0000003b89f00000)]
  0x000001b24294b890 JavaThread "Unconstrained build operations Thread 2" [_thread_blocked, id=9656, stack(0x0000003b89f00000,0x0000003b8a000000)]
  0x000001b24294d6f0 JavaThread "Cache worker for Build Output Cleanup Cache (D:\reactnativeapp\myapp\node_modules\@react-native\gradle-plugin\.gradle\buildOutputCleanup)" [_thread_blocked, id=11412, stack(0x0000003b8a000000,0x0000003b8a100000)]
  0x000001b2429513b0 JavaThread "Unconstrained build operations Thread 3" [_thread_blocked, id=1940, stack(0x0000003b8a100000,0x0000003b8a200000)]
  0x000001b24294c2b0 JavaThread "Unconstrained build operations Thread 4" [_thread_blocked, id=7792, stack(0x0000003b8a200000,0x0000003b8a300000)]
  0x000001b24294e110 JavaThread "Unconstrained build operations Thread 5" [_thread_blocked, id=8060, stack(0x0000003b8a300000,0x0000003b8a400000)]
  0x000001b24294fa60 JavaThread "build event listener" [_thread_blocked, id=14012, stack(0x0000003b8a400000,0x0000003b8a500000)]
  0x000001b242950ea0 JavaThread "Memory manager" [_thread_blocked, id=13920, stack(0x0000003b8a500000,0x0000003b8a600000)]
  0x000001b2702f29c0 JavaThread "Cache worker for Build Output Cleanup Cache (D:\reactnativeapp\myapp\android\.gradle\buildOutputCleanup)" [_thread_blocked, id=13512, stack(0x0000003b8a800000,0x0000003b8a900000)]
  0x000001b2702ee2e0 JavaThread "ForkJoinPool.commonPool-worker-1" daemon [_thread_blocked, id=6080, stack(0x0000003b8a900000,0x0000003b8aa00000)]
  0x000001b2702ee7f0 JavaThread "ForkJoinPool.commonPool-worker-2" daemon [_thread_blocked, id=14092, stack(0x0000003b8aa00000,0x0000003b8ab00000)]
  0x000001b2702ec480 JavaThread "ForkJoinPool.commonPool-worker-3" daemon [_thread_blocked, id=13508, stack(0x0000003b8ab00000,0x0000003b8ac00000)]
  0x000001b2702eddd0 JavaThread "included builds" [_thread_blocked, id=10104, stack(0x0000003b8ac00000,0x0000003b8ad00000)]
  0x000001b2702ec990 JavaThread "Execution worker" [_thread_blocked, id=2488, stack(0x0000003b8ad00000,0x0000003b8ae00000)]
  0x000001b2702f1a90 JavaThread "Execution worker Thread 2" [_thread_blocked, id=14328, stack(0x0000003b8ae00000,0x0000003b8af00000)]
  0x000001b2702f0140 JavaThread "Execution worker Thread 3" [_thread_blocked, id=9492, stack(0x0000003b8af00000,0x0000003b8b000000)]
  0x000001b2702ed8c0 JavaThread "Cache worker for execution history cache (D:\reactnativeapp\myapp\node_modules\@react-native\gradle-plugin\.gradle\8.6\executionHistory)" [_thread_blocked, id=6128, stack(0x0000003b89500000,0x0000003b89600000)]
  0x000001b2702ebf70 JavaThread "Unconstrained build operations Thread 6" [_thread_blocked, id=7224, stack(0x0000003b8b000000,0x0000003b8b100000)]
  0x000001b2702f2ed0 JavaThread "Unconstrained build operations Thread 7" [_thread_blocked, id=8736, stack(0x0000003b8b100000,0x0000003b8b200000)]
  0x000001b2702f0650 JavaThread "Unconstrained build operations Thread 8" [_thread_blocked, id=10000, stack(0x0000003b8b200000,0x0000003b8b300000)]
  0x000001b2702eed00 JavaThread "Unconstrained build operations Thread 9" [_thread_blocked, id=8672, stack(0x0000003b8b300000,0x0000003b8b400000)]
  0x000001b2702ef210 JavaThread "Unconstrained build operations Thread 10" [_thread_blocked, id=2508, stack(0x0000003b8b400000,0x0000003b8b500000)]
  0x000001b2702f0b60 JavaThread "Unconstrained build operations Thread 11" [_thread_blocked, id=1528, stack(0x0000003b8b500000,0x0000003b8b600000)]
  0x000001b2702ecea0 JavaThread "Unconstrained build operations Thread 12" [_thread_blocked, id=14172, stack(0x0000003b8b600000,0x0000003b8b700000)]
  0x000001b2702ed3b0 JavaThread "Unconstrained build operations Thread 13" [_thread_blocked, id=4844, stack(0x0000003b8b700000,0x0000003b8b800000)]
  0x000001b2702ef720 JavaThread "Unconstrained build operations Thread 14" [_thread_blocked, id=14732, stack(0x0000003b8b800000,0x0000003b8b900000)]
  0x000001b2702f1fa0 JavaThread "Unconstrained build operations Thread 15" [_thread_blocked, id=13556, stack(0x0000003b8b900000,0x0000003b8ba00000)]
  0x000001b2702efc30 JavaThread "Unconstrained build operations Thread 16" [_thread_blocked, id=4640, stack(0x0000003b8ba00000,0x0000003b8bb00000)]
  0x000001b26dc6c7f0 JavaThread "build event listener" [_thread_blocked, id=10700, stack(0x0000003b8bb00000,0x0000003b8bc00000)]
  0x000001b26dc69a60 JavaThread "Unconstrained build operations Thread 17" [_thread_blocked, id=1228, stack(0x0000003b8bd00000,0x0000003b8be00000)]
  0x000001b26dc6aea0 JavaThread "Unconstrained build operations Thread 18" [_thread_blocked, id=12600, stack(0x0000003b8be00000,0x0000003b8bf00000)]
  0x000001b26dc704b0 JavaThread "Unconstrained build operations Thread 19" [_thread_blocked, id=7780, stack(0x0000003b8bf00000,0x0000003b8c000000)]
  0x000001b26dc713e0 JavaThread "Unconstrained build operations Thread 20" [_thread_blocked, id=5604, stack(0x0000003b86800000,0x0000003b86900000)]
  0x000001b26dc6ffa0 JavaThread "Unconstrained build operations Thread 21" [_thread_blocked, id=3424, stack(0x0000003b86900000,0x0000003b86a00000)]
  0x000001b26dc69f70 JavaThread "Unconstrained build operations Thread 22" [_thread_blocked, id=4456, stack(0x0000003b86a00000,0x0000003b86b00000)]
  0x000001b26dc6eb60 JavaThread "Unconstrained build operations Thread 23" [_thread_blocked, id=13688, stack(0x0000003b8c000000,0x0000003b8c100000)]
  0x000001b26dc6bdd0 JavaThread "Unconstrained build operations Thread 24" [_thread_blocked, id=15352, stack(0x0000003b8c100000,0x0000003b8c200000)]
  0x000001b26dc6c2e0 JavaThread "Unconstrained build operations Thread 25" [_thread_blocked, id=14252, stack(0x0000003b8c200000,0x0000003b8c300000)]
  0x000001b26dc6f070 JavaThread "Unconstrained build operations Thread 26" [_thread_blocked, id=13764, stack(0x0000003b8c300000,0x0000003b8c400000)]
  0x000001b24294ff70 JavaThread "Unconstrained build operations Thread 27" [_thread_blocked, id=14968, stack(0x0000003b8c400000,0x0000003b8c500000)]
  0x000001b2429b4530 JavaThread "Unconstrained build operations Thread 28" [_thread_blocked, id=8580, stack(0x0000003b8c500000,0x0000003b8c600000)]
  0x000001b26fbd7e00 JavaThread "Unconstrained build operations Thread 29" [_thread_blocked, id=7132, stack(0x0000003b8c600000,0x0000003b8c700000)]
  0x000001b26fbdbfd0 JavaThread "Unconstrained build operations Thread 30" [_thread_blocked, id=136, stack(0x0000003b8c700000,0x0000003b8c800000)]
  0x000001b26fbdc9f0 JavaThread "Unconstrained build operations Thread 31" [_thread_blocked, id=13796, stack(0x0000003b8c800000,0x0000003b8c900000)]
  0x000001b26fbdd410 JavaThread "Unconstrained build operations Thread 32" [_thread_blocked, id=9448, stack(0x0000003b8c900000,0x0000003b8ca00000)]
  0x000001b26fbd8820 JavaThread "Unconstrained build operations Thread 33" [_thread_blocked, id=824, stack(0x0000003b8ca00000,0x0000003b8cb00000)]
  0x000001b26fbdd920 JavaThread "Unconstrained build operations Thread 34" [_thread_blocked, id=10628, stack(0x0000003b8cb00000,0x0000003b8cc00000)]
  0x000001b26fbd8d30 JavaThread "Unconstrained build operations Thread 35" [_thread_blocked, id=2536, stack(0x0000003b8cc00000,0x0000003b8cd00000)]
  0x000001b26fbd73e0 JavaThread "Unconstrained build operations Thread 36" [_thread_blocked, id=3116, stack(0x0000003b8cd00000,0x0000003b8ce00000)]
  0x000001b26fbd64b0 JavaThread "Unconstrained build operations Thread 37" [_thread_blocked, id=6812, stack(0x0000003b8ce00000,0x0000003b8cf00000)]
  0x000001b26fbd78f0 JavaThread "Unconstrained build operations Thread 38" [_thread_blocked, id=3804, stack(0x0000003b8cf00000,0x0000003b8d000000)]
  0x000001b26fbd8310 JavaThread "Unconstrained build operations Thread 39" [_thread_blocked, id=15292, stack(0x0000003b8d000000,0x0000003b8d100000)]
  0x000001b26fbdc4e0 JavaThread "Unconstrained build operations Thread 40" [_thread_blocked, id=14816, stack(0x0000003b8d100000,0x0000003b8d200000)]
  0x000001b26fbd9240 JavaThread "Cache worker for execution history cache (D:\reactnativeapp\myapp\android\.gradle\8.6\executionHistory)" [_thread_blocked, id=2176, stack(0x0000003b8d200000,0x0000003b8d300000)]
  0x000001b26fbdb0a0 JavaThread "WorkerExecutor Queue" [_thread_in_native, id=10836, stack(0x0000003b8d300000,0x0000003b8d400000)]
  0x000001b2799d3310 JavaThread "RMI Scheduler(0)" daemon [_thread_blocked, id=14852, stack(0x0000003b8bc00000,0x0000003b8bd00000)]
  0x000001b2799cf140 JavaThread "RMI RenewClean-[127.0.0.1:17400,org.jetbrains.kotlin.daemon.common.LoopbackNetworkInterface$ClientLoopbackSocketFactory@57068d8c]" daemon [_thread_blocked, id=14948, stack(0x0000003b8d400000,0x0000003b8d500000)]
  0x000001b2799d0070 JavaThread "RMI GC Daemon" daemon [_thread_blocked, id=7492, stack(0x0000003b8d500000,0x0000003b8d600000)]
  0x000001b2799d14b0 JavaThread "WorkerExecutor Queue Thread 2" [_thread_in_native, id=3700, stack(0x0000003b8d600000,0x0000003b8d700000)]
  0x000001b2799d4c60 JavaThread "RMI TCP Accept-0" daemon [_thread_in_native, id=5484, stack(0x0000003b8d700000,0x0000003b8d800000)]
  0x000001b2799d28f0 JavaThread "RMI Reaper" [_thread_blocked, id=14596, stack(0x0000003b8d800000,0x0000003b8d900000)]
  0x000001b2799d0580 JavaThread "RMI RenewClean-[127.0.0.1:17400,org.jetbrains.kotlin.daemon.common.LoopbackNetworkInterface$ClientLoopbackSocketFactory@7935dda9]" daemon [_thread_blocked, id=8636, stack(0x0000003b8da00000,0x0000003b8db00000)]
  0x000001b2799d0a90 JavaThread "RMI TCP Connection(idle)" daemon [_thread_blocked, id=7904, stack(0x0000003b8db00000,0x0000003b8dc00000)]
  0x000001b2799d2e00 JavaThread "RMI TCP Connection(idle)" daemon [_thread_blocked, id=8000, stack(0x0000003b8dc00000,0x0000003b8dd00000)]
  0x000001b2799cf650 JavaThread "WorkerExecutor Queue Thread 3" [_thread_in_native, id=12132, stack(0x0000003b8d900000,0x0000003b8da00000)]
  0x000001b2799d3820 JavaThread "RMI RenewClean-[127.0.0.1:17400,org.jetbrains.kotlin.daemon.common.LoopbackNetworkInterface$ClientLoopbackSocketFactory@74a35453]" daemon [_thread_blocked, id=7116, stack(0x0000003b8de00000,0x0000003b8df00000)]
  0x000001b2799d3d30 JavaThread "RMI TCP Connection(idle)" daemon [_thread_blocked, id=5576, stack(0x0000003b8df00000,0x0000003b8e000000)]
  0x000001b2799d19c0 JavaThread "WorkerExecutor Queue Thread 4" [_thread_blocked, id=9852, stack(0x0000003b8e000000,0x0000003b8e100000)]
  0x000001b2799d1ed0 JavaThread "WorkerExecutor Queue Thread 5" [_thread_blocked, id=7096, stack(0x0000003b8dd00000,0x0000003b8de00000)]
  0x000001b2799d4750 JavaThread "ForkJoinPool-1-worker-1" daemon [_thread_blocked, id=14472, stack(0x0000003b8e100000,0x0000003b8e200000)]
  0x000001b2799d5170 JavaThread "ForkJoinPool-1-worker-2" daemon [_thread_blocked, id=9136, stack(0x0000003b8e300000,0x0000003b8e400000)]
  0x000001b2799d5b90 JavaThread "ForkJoinPool-1-worker-3" daemon [_thread_blocked, id=4224, stack(0x0000003b8e400000,0x0000003b8e500000)]
  0x000001b2799d65b0 JavaThread "ForkJoinPool-1-worker-4" daemon [_thread_blocked, id=15204, stack(0x0000003b8e500000,0x0000003b8e600000)]

Other Threads:
=>0x000001b24277cea0 VMThread "VM Thread" [stack: 0x0000003b87100000,0x0000003b87200000] [id=13160]
  0x000001b242a46250 WatcherThread [stack: 0x0000003b87d00000,0x0000003b87e00000] [id=696]
  0x000001b21e3230c0 GCTaskThread "GC Thread#0" [stack: 0x0000003b86c00000,0x0000003b86d00000] [id=13744]
  0x000001b242b5ad90 GCTaskThread "GC Thread#1" [stack: 0x0000003b87f00000,0x0000003b88000000] [id=13544]
  0x000001b242c4e520 GCTaskThread "GC Thread#2" [stack: 0x0000003b88000000,0x0000003b88100000] [id=1440]
  0x000001b26c844120 GCTaskThread "GC Thread#3" [stack: 0x0000003b88100000,0x0000003b88200000] [id=15184]
  0x000001b21e335020 ConcurrentGCThread "G1 Main Marker" [stack: 0x0000003b86d00000,0x0000003b86e00000] [id=5596]
  0x000001b21e3371e0 ConcurrentGCThread "G1 Conc#0" [stack: 0x0000003b86e00000,0x0000003b86f00000] [id=14708]
  0x000001b21e370ac0 ConcurrentGCThread "G1 Refine#0" [stack: 0x0000003b86f00000,0x0000003b87000000] [id=13288]
  0x000001b26cc99ad0 ConcurrentGCThread "G1 Refine#1" [stack: 0x0000003b89d00000,0x0000003b89e00000] [id=13720]
  0x000001b27056ef00 ConcurrentGCThread "G1 Refine#2" [stack: 0x0000003b8e200000,0x0000003b8e300000] [id=7488]
  0x000001b27056f1f0 ConcurrentGCThread "G1 Refine#3" [stack: 0x0000003b8e600000,0x0000003b8e700000] [id=14232]
  0x000001b242642600 ConcurrentGCThread "G1 Service" [stack: 0x0000003b87000000,0x0000003b87100000] [id=14384]

Threads with active compile tasks:
C2 CompilerThread0   111253 19455 %     4       com.android.tools.r8.dex.C::a @ 292 (992 bytes)

VM state: at safepoint (normal execution)

VM Mutex/Monitor currently owned by a thread:  ([mutex/lock_event])
[0x000001b21e2b34d0] Threads_lock - owner thread: 0x000001b24277cea0
[0x000001b21e2b4490] Heap_lock - owner thread: 0x000001b21e335020

Heap address: 0x0000000700000000, size: 4096 MB, Compressed Oops mode: Zero based, Oop shift amount: 3

CDS archive(s) mapped at: [0x000001b243000000-0x000001b243bd0000-0x000001b243bd0000), size 12386304, SharedBaseAddress: 0x000001b243000000, ArchiveRelocationMode: 1.
Compressed class space mapped at: 0x000001b244000000-0x000001b268000000, reserved size: 603979776
Narrow klass base: 0x000001b243000000, Narrow klass shift: 0, Narrow klass range: 0x100000000

GC Precious Log:
 CPUs: 4 total, 4 available
 Memory: 8070M
 Large Page Support: Disabled
 NUMA Support: Disabled
 Compressed Oops: Enabled (Zero based)
 Heap Region Size: 2M
 Heap Min Capacity: 8M
 Heap Initial Capacity: 128M
 Heap Max Capacity: 4G
 Pre-touch: Disabled
 Parallel Workers: 4
 Concurrent Workers: 1
 Concurrent Refinement Workers: 4
 Periodic GC: Disabled

Heap:
 garbage-first heap   total 483328K, used 384868K [0x0000000700000000, 0x0000000800000000)
  region size 2048K, 35 young (71680K), 8 survivors (16384K)
 Metaspace       used 118921K, committed 120384K, reserved 720896K
  class space    used 16613K, committed 17280K, reserved 589824K

Heap Regions: E=young(eden), S=young(survivor), O=old, HS=humongous(starts), HC=humongous(continues), CS=collection set, F=free, OA=open archive, CA=closed archive, TAMS=top-at-mark-start (previous, next)
|   0|0x0000000700000000, 0x0000000700200000, 0x0000000700200000|100%| O|  |TAMS 0x0000000700200000, 0x0000000700000000| Untracked 
|   1|0x0000000700200000, 0x0000000700400000, 0x0000000700400000|100%|HS|  |TAMS 0x0000000700400000, 0x0000000700200000| Complete 
|   2|0x0000000700400000, 0x0000000700600000, 0x0000000700600000|100%|HC|  |TAMS 0x0000000700600000, 0x0000000700400000| Complete 
|   3|0x0000000700600000, 0x0000000700800000, 0x0000000700800000|100%| O|  |TAMS 0x0000000700800000, 0x0000000700600000| Untracked 
|   4|0x0000000700800000, 0x0000000700a00000, 0x0000000700a00000|100%| O|  |TAMS 0x0000000700a00000, 0x0000000700800000| Untracked 
|   5|0x0000000700a00000, 0x0000000700c00000, 0x0000000700c00000|100%| O|  |TAMS 0x0000000700c00000, 0x0000000700a00000| Untracked 
|   6|0x0000000700c00000, 0x0000000700e00000, 0x0000000700e00000|100%| O|  |TAMS 0x0000000700e00000, 0x0000000700c00000| Untracked 
|   7|0x0000000700e00000, 0x0000000701000000, 0x0000000701000000|100%| O|  |TAMS 0x0000000701000000, 0x0000000700e00000| Untracked 
|   8|0x0000000701000000, 0x0000000701200000, 0x0000000701200000|100%| O|  |TAMS 0x0000000701200000, 0x0000000701000000| Untracked 
|   9|0x0000000701200000, 0x0000000701400000, 0x0000000701400000|100%| O|  |TAMS 0x0000000701400000, 0x0000000701200000| Untracked 
|  10|0x0000000701400000, 0x0000000701600000, 0x0000000701600000|100%| O|  |TAMS 0x0000000701600000, 0x0000000701400000| Updating 
|  11|0x0000000701600000, 0x0000000701800000, 0x0000000701800000|100%| O|  |TAMS 0x0000000701800000, 0x0000000701600000| Untracked 
|  12|0x0000000701800000, 0x0000000701a00000, 0x0000000701a00000|100%| O|  |TAMS 0x0000000701a00000, 0x0000000701800000| Untracked 
|  13|0x0000000701a00000, 0x0000000701c00000, 0x0000000701c00000|100%| O|  |TAMS 0x0000000701c00000, 0x0000000701a00000| Updating 
|  14|0x0000000701c00000, 0x0000000701e00000, 0x0000000701e00000|100%| O|  |TAMS 0x0000000701e00000, 0x0000000701c00000| Untracked 
|  15|0x0000000701e00000, 0x0000000702000000, 0x0000000702000000|100%| O|  |TAMS 0x0000000702000000, 0x0000000701e00000| Untracked 
|  16|0x0000000702000000, 0x0000000702200000, 0x0000000702200000|100%| O|  |TAMS 0x0000000702200000, 0x0000000702000000| Updating 
|  17|0x0000000702200000, 0x0000000702400000, 0x0000000702400000|100%| O|  |TAMS 0x0000000702400000, 0x0000000702200000| Updating 
|  18|0x0000000702400000, 0x0000000702600000, 0x0000000702600000|100%|HS|  |TAMS 0x0000000702600000, 0x0000000702400000| Complete 
|  19|0x0000000702600000, 0x0000000702800000, 0x0000000702800000|100%|HS|  |TAMS 0x0000000702800000, 0x0000000702600000| Complete 
|  20|0x0000000702800000, 0x0000000702a00000, 0x0000000702a00000|100%| O|  |TAMS 0x0000000702a00000, 0x0000000702800000| Untracked 
|  21|0x0000000702a00000, 0x0000000702c00000, 0x0000000702c00000|100%|HS|  |TAMS 0x0000000702c00000, 0x0000000702a00000| Complete 
|  22|0x0000000702c00000, 0x0000000702e00000, 0x0000000702e00000|100%|HC|  |TAMS 0x0000000702e00000, 0x0000000702c00000| Complete 
|  23|0x0000000702e00000, 0x0000000703000000, 0x0000000703000000|100%|HS|  |TAMS 0x0000000703000000, 0x0000000702e00000| Complete 
|  24|0x0000000703000000, 0x0000000703200000, 0x0000000703200000|100%|HC|  |TAMS 0x0000000703200000, 0x0000000703000000| Complete 
|  25|0x0000000703200000, 0x0000000703400000, 0x0000000703400000|100%| O|  |TAMS 0x0000000703400000, 0x0000000703200000| Untracked 
|  26|0x0000000703400000, 0x0000000703600000, 0x0000000703600000|100%| O|  |TAMS 0x0000000703600000, 0x0000000703400000| Updating 
|  27|0x0000000703600000, 0x0000000703800000, 0x0000000703800000|100%| O|  |TAMS 0x0000000703800000, 0x0000000703600000| Updating 
|  28|0x0000000703800000, 0x0000000703a00000, 0x0000000703a00000|100%| O|  |TAMS 0x0000000703a00000, 0x0000000703800000| Untracked 
|  29|0x0000000703a00000, 0x0000000703c00000, 0x0000000703c00000|100%| O|  |TAMS 0x0000000703c00000, 0x0000000703a00000| Untracked 
|  30|0x0000000703c00000, 0x0000000703e00000, 0x0000000703e00000|100%| O|  |TAMS 0x0000000703e00000, 0x0000000703c00000| Untracked 
|  31|0x0000000703e00000, 0x0000000704000000, 0x0000000704000000|100%| O|  |TAMS 0x0000000704000000, 0x0000000703e00000| Updating 
|  32|0x0000000704000000, 0x0000000704200000, 0x0000000704200000|100%| O|  |TAMS 0x0000000704200000, 0x0000000704000000| Untracked 
|  33|0x0000000704200000, 0x0000000704400000, 0x0000000704400000|100%| O|  |TAMS 0x0000000704400000, 0x0000000704200000| Updating 
|  34|0x0000000704400000, 0x0000000704600000, 0x0000000704600000|100%| O|  |TAMS 0x0000000704600000, 0x0000000704400000| Untracked 
|  35|0x0000000704600000, 0x0000000704800000, 0x0000000704800000|100%| O|  |TAMS 0x0000000704800000, 0x0000000704600000| Untracked 
|  36|0x0000000704800000, 0x0000000704a00000, 0x0000000704a00000|100%| O|  |TAMS 0x0000000704a00000, 0x0000000704800000| Updating 
|  37|0x0000000704a00000, 0x0000000704c00000, 0x0000000704c00000|100%| O|  |TAMS 0x0000000704c00000, 0x0000000704a00000| Updating 
|  38|0x0000000704c00000, 0x0000000704e00000, 0x0000000704e00000|100%| O|  |TAMS 0x0000000704e00000, 0x0000000704c00000| Updating 
|  39|0x0000000704e00000, 0x0000000705000000, 0x0000000705000000|100%| O|  |TAMS 0x0000000705000000, 0x0000000704e00000| Untracked 
|  40|0x0000000705000000, 0x0000000705200000, 0x0000000705200000|100%| O|  |TAMS 0x0000000705200000, 0x0000000705000000| Untracked 
|  41|0x0000000705200000, 0x0000000705400000, 0x0000000705400000|100%| O|  |TAMS 0x0000000705400000, 0x0000000705200000| Updating 
|  42|0x0000000705400000, 0x0000000705600000, 0x0000000705600000|100%| O|  |TAMS 0x0000000705600000, 0x0000000705400000| Updating 
|  43|0x0000000705600000, 0x0000000705800000, 0x0000000705800000|100%| O|  |TAMS 0x0000000705800000, 0x0000000705600000| Untracked 
|  44|0x0000000705800000, 0x0000000705a00000, 0x0000000705a00000|100%| O|  |TAMS 0x0000000705a00000, 0x0000000705800000| Untracked 
|  45|0x0000000705a00000, 0x0000000705c00000, 0x0000000705c00000|100%| O|  |TAMS 0x0000000705c00000, 0x0000000705a00000| Updating 
|  46|0x0000000705c00000, 0x0000000705e00000, 0x0000000705e00000|100%| O|  |TAMS 0x0000000705e00000, 0x0000000705c00000| Untracked 
|  47|0x0000000705e00000, 0x0000000706000000, 0x0000000706000000|100%| O|  |TAMS 0x0000000706000000, 0x0000000705e00000| Untracked 
|  48|0x0000000706000000, 0x0000000706200000, 0x0000000706200000|100%| O|  |TAMS 0x0000000706200000, 0x0000000706000000| Untracked 
|  49|0x0000000706200000, 0x0000000706400000, 0x0000000706400000|100%| O|  |TAMS 0x0000000706400000, 0x0000000706200000| Untracked 
|  50|0x0000000706400000, 0x0000000706600000, 0x0000000706600000|100%| O|  |TAMS 0x0000000706600000, 0x0000000706400000| Untracked 
|  51|0x0000000706600000, 0x0000000706800000, 0x0000000706800000|100%| O|  |TAMS 0x0000000706800000, 0x0000000706600000| Untracked 
|  52|0x0000000706800000, 0x0000000706a00000, 0x0000000706a00000|100%| O|  |TAMS 0x0000000706a00000, 0x0000000706800000| Untracked 
|  53|0x0000000706a00000, 0x0000000706c00000, 0x0000000706c00000|100%| O|  |TAMS 0x0000000706c00000, 0x0000000706a00000| Untracked 
|  54|0x0000000706c00000, 0x0000000706e00000, 0x0000000706e00000|100%| O|  |TAMS 0x0000000706e00000, 0x0000000706c00000| Updating 
|  55|0x0000000706e00000, 0x0000000707000000, 0x0000000707000000|100%|HS|  |TAMS 0x0000000707000000, 0x0000000706e00000| Complete 
|  56|0x0000000707000000, 0x0000000707200000, 0x0000000707200000|100%| O|  |TAMS 0x0000000707200000, 0x0000000707000000| Untracked 
|  57|0x0000000707200000, 0x0000000707400000, 0x0000000707400000|100%| O|  |TAMS 0x0000000707400000, 0x0000000707200000| Untracked 
|  58|0x0000000707400000, 0x0000000707600000, 0x0000000707600000|100%| O|  |TAMS 0x0000000707600000, 0x0000000707400000| Untracked 
|  59|0x0000000707600000, 0x0000000707800000, 0x0000000707800000|100%| O|  |TAMS 0x0000000707800000, 0x0000000707600000| Untracked 
|  60|0x0000000707800000, 0x0000000707a00000, 0x0000000707a00000|100%| O|  |TAMS 0x0000000707a00000, 0x0000000707800000| Updating 
|  61|0x0000000707a00000, 0x0000000707c00000, 0x0000000707c00000|100%| O|  |TAMS 0x0000000707c00000, 0x0000000707a00000| Updating 
|  62|0x0000000707c00000, 0x0000000707e00000, 0x0000000707e00000|100%| O|  |TAMS 0x0000000707e00000, 0x0000000707c00000| Updating 
|  63|0x0000000707e00000, 0x0000000708000000, 0x0000000708000000|100%| O|  |TAMS 0x0000000708000000, 0x0000000707e00000| Updating 
|  64|0x0000000708000000, 0x0000000708200000, 0x0000000708200000|100%| O|  |TAMS 0x0000000708200000, 0x0000000708000000| Untracked 
|  65|0x0000000708200000, 0x0000000708400000, 0x0000000708400000|100%| O|  |TAMS 0x0000000708400000, 0x0000000708200000| Untracked 
|  66|0x0000000708400000, 0x0000000708600000, 0x0000000708600000|100%| O|  |TAMS 0x0000000708600000, 0x0000000708400000| Updating 
|  67|0x0000000708600000, 0x0000000708800000, 0x0000000708800000|100%| O|  |TAMS 0x0000000708800000, 0x0000000708600000| Untracked 
|  68|0x0000000708800000, 0x0000000708a00000, 0x0000000708a00000|100%| O|  |TAMS 0x0000000708a00000, 0x0000000708800000| Updating 
|  69|0x0000000708a00000, 0x0000000708c00000, 0x0000000708c00000|100%| O|  |TAMS 0x0000000708c00000, 0x0000000708a00000| Updating 
|  70|0x0000000708c00000, 0x0000000708e00000, 0x0000000708e00000|100%| O|  |TAMS 0x0000000708e00000, 0x0000000708c00000| Updating 
|  71|0x0000000708e00000, 0x0000000709000000, 0x0000000709000000|100%| O|  |TAMS 0x0000000709000000, 0x0000000708e00000| Updating 
|  72|0x0000000709000000, 0x0000000709200000, 0x0000000709200000|100%| O|  |TAMS 0x0000000709200000, 0x0000000709000000| Updating 
|  73|0x0000000709200000, 0x0000000709400000, 0x0000000709400000|100%| O|  |TAMS 0x0000000709400000, 0x0000000709200000| Untracked 
|  74|0x0000000709400000, 0x0000000709600000, 0x0000000709600000|100%| O|  |TAMS 0x0000000709600000, 0x0000000709400000| Untracked 
|  75|0x0000000709600000, 0x0000000709800000, 0x0000000709800000|100%| O|  |TAMS 0x0000000709800000, 0x0000000709600000| Untracked 
|  76|0x0000000709800000, 0x0000000709a00000, 0x0000000709a00000|100%| O|  |TAMS 0x0000000709a00000, 0x0000000709800000| Untracked 
|  77|0x0000000709a00000, 0x0000000709c00000, 0x0000000709c00000|100%| O|  |TAMS 0x0000000709c00000, 0x0000000709a00000| Untracked 
|  78|0x0000000709c00000, 0x0000000709e00000, 0x0000000709e00000|100%| O|  |TAMS 0x0000000709e00000, 0x0000000709c00000| Untracked 
|  79|0x0000000709e00000, 0x000000070a000000, 0x000000070a000000|100%| O|  |TAMS 0x000000070a000000, 0x0000000709e00000| Untracked 
|  80|0x000000070a000000, 0x000000070a200000, 0x000000070a200000|100%| O|  |TAMS 0x000000070a200000, 0x000000070a000000| Untracked 
|  81|0x000000070a200000, 0x000000070a400000, 0x000000070a400000|100%| O|  |TAMS 0x000000070a400000, 0x000000070a200000| Untracked 
|  82|0x000000070a400000, 0x000000070a600000, 0x000000070a600000|100%| O|  |TAMS 0x000000070a600000, 0x000000070a400000| Updating 
|  83|0x000000070a600000, 0x000000070a800000, 0x000000070a800000|100%| O|  |TAMS 0x000000070a800000, 0x000000070a600000| Untracked 
|  84|0x000000070a800000, 0x000000070aa00000, 0x000000070aa00000|100%| O|  |TAMS 0x000000070aa00000, 0x000000070a800000| Untracked 
|  85|0x000000070aa00000, 0x000000070ac00000, 0x000000070ac00000|100%| O|  |TAMS 0x000000070ac00000, 0x000000070aa00000| Untracked 
|  86|0x000000070ac00000, 0x000000070ae00000, 0x000000070ae00000|100%| O|  |TAMS 0x000000070ae00000, 0x000000070ac00000| Untracked 
|  87|0x000000070ae00000, 0x000000070b000000, 0x000000070b000000|100%| O|  |TAMS 0x000000070b000000, 0x000000070ae00000| Untracked 
|  88|0x000000070b000000, 0x000000070b200000, 0x000000070b200000|100%| O|  |TAMS 0x000000070b200000, 0x000000070b000000| Untracked 
|  89|0x000000070b200000, 0x000000070b400000, 0x000000070b400000|100%| O|  |TAMS 0x000000070b400000, 0x000000070b200000| Updating 
|  90|0x000000070b400000, 0x000000070b600000, 0x000000070b600000|100%| O|  |TAMS 0x000000070b600000, 0x000000070b400000| Untracked 
|  91|0x000000070b600000, 0x000000070b800000, 0x000000070b800000|100%| O|  |TAMS 0x000000070b800000, 0x000000070b600000| Untracked 
|  92|0x000000070b800000, 0x000000070ba00000, 0x000000070ba00000|100%| O|  |TAMS 0x000000070ba00000, 0x000000070b800000| Untracked 
|  93|0x000000070ba00000, 0x000000070bc00000, 0x000000070bc00000|100%| O|  |TAMS 0x000000070bc00000, 0x000000070ba00000| Untracked 
|  94|0x000000070bc00000, 0x000000070be00000, 0x000000070be00000|100%| O|  |TAMS 0x000000070be00000, 0x000000070bc00000| Updating 
|  95|0x000000070be00000, 0x000000070c000000, 0x000000070c000000|100%| O|  |TAMS 0x000000070c000000, 0x000000070be00000| Untracked 
|  96|0x000000070c000000, 0x000000070c200000, 0x000000070c200000|100%| O|  |TAMS 0x000000070c200000, 0x000000070c000000| Updating 
|  97|0x000000070c200000, 0x000000070c400000, 0x000000070c400000|100%| O|  |TAMS 0x000000070c400000, 0x000000070c200000| Updating 
|  98|0x000000070c400000, 0x000000070c600000, 0x000000070c600000|100%| O|  |TAMS 0x000000070c600000, 0x000000070c400000| Untracked 
|  99|0x000000070c600000, 0x000000070c800000, 0x000000070c800000|100%| O|  |TAMS 0x000000070c800000, 0x000000070c600000| Updating 
| 100|0x000000070c800000, 0x000000070ca00000, 0x000000070ca00000|100%|HS|  |TAMS 0x000000070ca00000, 0x000000070c800000| Complete 
| 101|0x000000070ca00000, 0x000000070cc00000, 0x000000070cc00000|100%|HS|  |TAMS 0x000000070cc00000, 0x000000070ca00000| Complete 
| 102|0x000000070cc00000, 0x000000070ce00000, 0x000000070ce00000|100%|HS|  |TAMS 0x000000070ce00000, 0x000000070cc00000| Complete 
| 103|0x000000070ce00000, 0x000000070d000000, 0x000000070d000000|100%|HS|  |TAMS 0x000000070d000000, 0x000000070ce00000| Complete 
| 104|0x000000070d000000, 0x000000070d200000, 0x000000070d200000|100%|HS|  |TAMS 0x000000070d200000, 0x000000070d000000| Complete 
| 105|0x000000070d200000, 0x000000070d400000, 0x000000070d400000|100%|HC|  |TAMS 0x000000070d400000, 0x000000070d200000| Complete 
| 106|0x000000070d400000, 0x000000070d600000, 0x000000070d600000|100%|HS|  |TAMS 0x000000070d600000, 0x000000070d400000| Complete 
| 107|0x000000070d600000, 0x000000070d800000, 0x000000070d800000|100%|HS|  |TAMS 0x000000070d800000, 0x000000070d600000| Complete 
| 108|0x000000070d800000, 0x000000070da00000, 0x000000070da00000|100%| O|  |TAMS 0x000000070d800000, 0x000000070d800000| Untracked 
| 109|0x000000070da00000, 0x000000070dc00000, 0x000000070dc00000|100%|HS|  |TAMS 0x000000070dc00000, 0x000000070da00000| Complete 
| 110|0x000000070dc00000, 0x000000070de00000, 0x000000070de00000|100%| O|  |TAMS 0x000000070dc00000, 0x000000070dc00000| Untracked 
| 111|0x000000070de00000, 0x000000070e000000, 0x000000070e000000|100%|HS|  |TAMS 0x000000070e000000, 0x000000070de00000| Complete 
| 112|0x000000070e000000, 0x000000070e200000, 0x000000070e200000|100%| O|  |TAMS 0x000000070e000000, 0x000000070e000000| Untracked 
| 113|0x000000070e200000, 0x000000070e400000, 0x000000070e400000|100%|HS|  |TAMS 0x000000070e400000, 0x000000070e200000| Complete 
| 114|0x000000070e400000, 0x000000070e600000, 0x000000070e600000|100%| O|  |TAMS 0x000000070e400000, 0x000000070e400000| Untracked 
| 115|0x000000070e600000, 0x000000070e800000, 0x000000070e800000|100%| O|  |TAMS 0x000000070e600000, 0x000000070e600000| Untracked 
| 116|0x000000070e800000, 0x000000070ea00000, 0x000000070ea00000|100%| O|  |TAMS 0x000000070e800000, 0x000000070e800000| Untracked 
| 117|0x000000070ea00000, 0x000000070ec00000, 0x000000070ec00000|100%|HS|  |TAMS 0x000000070ec00000, 0x000000070ea00000| Complete 
| 118|0x000000070ec00000, 0x000000070ee00000, 0x000000070ee00000|100%|HC|  |TAMS 0x000000070ee00000, 0x000000070ec00000| Complete 
| 119|0x000000070ee00000, 0x000000070f000000, 0x000000070f000000|100%| O|  |TAMS 0x000000070f000000, 0x000000070ee00000| Untracked 
| 120|0x000000070f000000, 0x000000070f200000, 0x000000070f200000|100%| O|  |TAMS 0x000000070f200000, 0x000000070f000000| Untracked 
| 121|0x000000070f200000, 0x000000070f400000, 0x000000070f400000|100%| O|  |TAMS 0x000000070f400000, 0x000000070f200000| Untracked 
| 122|0x000000070f400000, 0x000000070f600000, 0x000000070f600000|100%| O|  |TAMS 0x000000070f600000, 0x000000070f400000| Untracked 
| 123|0x000000070f600000, 0x000000070f800000, 0x000000070f800000|100%| O|  |TAMS 0x000000070f800000, 0x000000070f600000| Untracked 
| 124|0x000000070f800000, 0x000000070fa00000, 0x000000070fa00000|100%| O|  |TAMS 0x000000070fa00000, 0x000000070f800000| Untracked 
| 125|0x000000070fa00000, 0x000000070fc00000, 0x000000070fc00000|100%| O|  |TAMS 0x000000070fc00000, 0x000000070fa00000| Untracked 
| 126|0x000000070fc00000, 0x000000070fe00000, 0x000000070fe00000|100%| O|  |TAMS 0x000000070fe00000, 0x000000070fc00000| Untracked 
| 127|0x000000070fe00000, 0x0000000710000000, 0x0000000710000000|100%| O|  |TAMS 0x0000000710000000, 0x000000070fe00000| Untracked 
| 128|0x0000000710000000, 0x0000000710200000, 0x0000000710200000|100%| O|  |TAMS 0x0000000710200000, 0x0000000710000000| Untracked 
| 129|0x0000000710200000, 0x0000000710400000, 0x0000000710400000|100%| O|  |TAMS 0x0000000710400000, 0x0000000710200000| Untracked 
| 130|0x0000000710400000, 0x0000000710600000, 0x0000000710600000|100%| O|  |TAMS 0x0000000710600000, 0x0000000710400000| Untracked 
| 131|0x0000000710600000, 0x0000000710800000, 0x0000000710800000|100%| O|  |TAMS 0x0000000710800000, 0x0000000710600000| Untracked 
| 132|0x0000000710800000, 0x0000000710a00000, 0x0000000710a00000|100%| O|  |TAMS 0x0000000710a00000, 0x0000000710800000| Updating 
| 133|0x0000000710a00000, 0x0000000710a00000, 0x0000000710c00000|  0%| F|  |TAMS 0x0000000710a00000, 0x0000000710a00000| Untracked 
| 134|0x0000000710c00000, 0x0000000710c00000, 0x0000000710e00000|  0%| F|  |TAMS 0x0000000710c00000, 0x0000000710c00000| Untracked 
| 135|0x0000000710e00000, 0x0000000711000000, 0x0000000711000000|100%| O|  |TAMS 0x0000000710e00000, 0x0000000710e00000| Untracked 
| 136|0x0000000711000000, 0x0000000711200000, 0x0000000711200000|100%| O|  |TAMS 0x0000000711000000, 0x0000000711000000| Untracked 
| 137|0x0000000711200000, 0x0000000711400000, 0x0000000711400000|100%| O|  |TAMS 0x0000000711200000, 0x0000000711200000| Untracked 
| 138|0x0000000711400000, 0x0000000711600000, 0x0000000711600000|100%| O|  |TAMS 0x0000000711400000, 0x0000000711400000| Untracked 
| 139|0x0000000711600000, 0x0000000711800000, 0x0000000711800000|100%| O|  |TAMS 0x0000000711600000, 0x0000000711600000| Untracked 
| 140|0x0000000711800000, 0x0000000711a00000, 0x0000000711a00000|100%| O|  |TAMS 0x0000000711800000, 0x0000000711800000| Untracked 
| 141|0x0000000711a00000, 0x0000000711c00000, 0x0000000711c00000|100%| O|  |TAMS 0x0000000711a00000, 0x0000000711a00000| Untracked 
| 142|0x0000000711c00000, 0x0000000711c00000, 0x0000000711e00000|  0%| F|  |TAMS 0x0000000711c00000, 0x0000000711c00000| Untracked 
| 143|0x0000000711e00000, 0x0000000711e00000, 0x0000000712000000|  0%| F|  |TAMS 0x0000000711e00000, 0x0000000711e00000| Untracked 
| 144|0x0000000712000000, 0x0000000712200000, 0x0000000712200000|100%| O|  |TAMS 0x0000000712000000, 0x0000000712000000| Untracked 
| 145|0x0000000712200000, 0x0000000712400000, 0x0000000712400000|100%| O|  |TAMS 0x0000000712200000, 0x0000000712200000| Untracked 
| 146|0x0000000712400000, 0x0000000712600000, 0x0000000712600000|100%| O|  |TAMS 0x0000000712400000, 0x0000000712400000| Untracked 
| 147|0x0000000712600000, 0x0000000712600000, 0x0000000712800000|  0%| F|  |TAMS 0x0000000712600000, 0x0000000712600000| Untracked 
| 148|0x0000000712800000, 0x0000000712800000, 0x0000000712a00000|  0%| F|  |TAMS 0x0000000712800000, 0x0000000712800000| Untracked 
| 149|0x0000000712a00000, 0x0000000712a00000, 0x0000000712c00000|  0%| F|  |TAMS 0x0000000712a00000, 0x0000000712a00000| Untracked 
| 150|0x0000000712c00000, 0x0000000712c00000, 0x0000000712e00000|  0%| F|  |TAMS 0x0000000712c00000, 0x0000000712c00000| Untracked 
| 151|0x0000000712e00000, 0x0000000712e00000, 0x0000000713000000|  0%| F|  |TAMS 0x0000000712e00000, 0x0000000712e00000| Untracked 
| 152|0x0000000713000000, 0x0000000713000000, 0x0000000713200000|  0%| F|  |TAMS 0x0000000713000000, 0x0000000713000000| Untracked 
| 153|0x0000000713200000, 0x0000000713200000, 0x0000000713400000|  0%| F|  |TAMS 0x0000000713200000, 0x0000000713200000| Untracked 
| 154|0x0000000713400000, 0x0000000713400000, 0x0000000713600000|  0%| F|  |TAMS 0x0000000713400000, 0x0000000713400000| Untracked 
| 155|0x0000000713600000, 0x0000000713800000, 0x0000000713800000|100%| O|  |TAMS 0x0000000713600000, 0x0000000713600000| Untracked 
| 156|0x0000000713800000, 0x0000000713a00000, 0x0000000713a00000|100%| O|  |TAMS 0x0000000713800000, 0x0000000713800000| Untracked 
| 157|0x0000000713a00000, 0x0000000713c00000, 0x0000000713c00000|100%| O|  |TAMS 0x0000000713a00000, 0x0000000713a00000| Untracked 
| 158|0x0000000713c00000, 0x0000000713e00000, 0x0000000713e00000|100%| O|  |TAMS 0x0000000713c00000, 0x0000000713c00000| Untracked 
| 159|0x0000000713e00000, 0x0000000714000000, 0x0000000714000000|100%| O|  |TAMS 0x0000000713e00000, 0x0000000713e00000| Untracked 
| 160|0x0000000714000000, 0x0000000714200000, 0x0000000714200000|100%| O|  |TAMS 0x0000000714000000, 0x0000000714000000| Untracked 
| 161|0x0000000714200000, 0x0000000714400000, 0x0000000714400000|100%| O|  |TAMS 0x0000000714200000, 0x0000000714200000| Untracked 
| 162|0x0000000714400000, 0x0000000714600000, 0x0000000714600000|100%| O|  |TAMS 0x0000000714400000, 0x0000000714400000| Untracked 
| 163|0x0000000714600000, 0x00000007147d9000, 0x0000000714800000| 92%| O|  |TAMS 0x0000000714600000, 0x0000000714600000| Untracked 
| 164|0x0000000714800000, 0x0000000714800000, 0x0000000714a00000|  0%| F|  |TAMS 0x0000000714800000, 0x0000000714800000| Untracked 
| 165|0x0000000714a00000, 0x0000000714a00000, 0x0000000714c00000|  0%| F|  |TAMS 0x0000000714a00000, 0x0000000714a00000| Untracked 
| 166|0x0000000714c00000, 0x0000000714c00000, 0x0000000714e00000|  0%| F|  |TAMS 0x0000000714c00000, 0x0000000714c00000| Untracked 
| 167|0x0000000714e00000, 0x0000000714e00000, 0x0000000715000000|  0%| F|  |TAMS 0x0000000714e00000, 0x0000000714e00000| Untracked 
| 168|0x0000000715000000, 0x0000000715000000, 0x0000000715200000|  0%| F|  |TAMS 0x0000000715000000, 0x0000000715000000| Untracked 
| 169|0x0000000715200000, 0x0000000715200000, 0x0000000715400000|  0%| F|  |TAMS 0x0000000715200000, 0x0000000715200000| Untracked 
| 170|0x0000000715400000, 0x0000000715400000, 0x0000000715600000|  0%| F|  |TAMS 0x0000000715400000, 0x0000000715400000| Untracked 
| 171|0x0000000715600000, 0x0000000715600000, 0x0000000715800000|  0%| F|  |TAMS 0x0000000715600000, 0x0000000715600000| Untracked 
| 172|0x0000000715800000, 0x0000000715800000, 0x0000000715a00000|  0%| F|  |TAMS 0x0000000715800000, 0x0000000715800000| Untracked 
| 173|0x0000000715a00000, 0x0000000715a00000, 0x0000000715c00000|  0%| F|  |TAMS 0x0000000715a00000, 0x0000000715a00000| Untracked 
| 174|0x0000000715c00000, 0x0000000715c00000, 0x0000000715e00000|  0%| F|  |TAMS 0x0000000715c00000, 0x0000000715c00000| Untracked 
| 175|0x0000000715e00000, 0x0000000715e00000, 0x0000000716000000|  0%| F|  |TAMS 0x0000000715e00000, 0x0000000715e00000| Untracked 
| 176|0x0000000716000000, 0x0000000716000000, 0x0000000716200000|  0%| F|  |TAMS 0x0000000716000000, 0x0000000716000000| Untracked 
| 177|0x0000000716200000, 0x0000000716400000, 0x0000000716400000|100%| S|CS|TAMS 0x0000000716200000, 0x0000000716200000| Complete 
| 178|0x0000000716400000, 0x0000000716600000, 0x0000000716600000|100%| S|CS|TAMS 0x0000000716400000, 0x0000000716400000| Complete 
| 179|0x0000000716600000, 0x0000000716800000, 0x0000000716800000|100%| S|CS|TAMS 0x0000000716600000, 0x0000000716600000| Complete 
| 180|0x0000000716800000, 0x0000000716a00000, 0x0000000716a00000|100%| S|CS|TAMS 0x0000000716800000, 0x0000000716800000| Complete 
| 181|0x0000000716a00000, 0x0000000716c00000, 0x0000000716c00000|100%| S|CS|TAMS 0x0000000716a00000, 0x0000000716a00000| Complete 
| 182|0x0000000716c00000, 0x0000000716e00000, 0x0000000716e00000|100%| S|CS|TAMS 0x0000000716c00000, 0x0000000716c00000| Complete 
| 183|0x0000000716e00000, 0x0000000717000000, 0x0000000717000000|100%| S|CS|TAMS 0x0000000716e00000, 0x0000000716e00000| Complete 
| 184|0x0000000717000000, 0x0000000717200000, 0x0000000717200000|100%| S|CS|TAMS 0x0000000717000000, 0x0000000717000000| Complete 
| 185|0x0000000717200000, 0x0000000717200000, 0x0000000717400000|  0%| F|  |TAMS 0x0000000717200000, 0x0000000717200000| Untracked 
| 186|0x0000000717400000, 0x0000000717400000, 0x0000000717600000|  0%| F|  |TAMS 0x0000000717400000, 0x0000000717400000| Untracked 
| 187|0x0000000717600000, 0x0000000717600000, 0x0000000717800000|  0%| F|  |TAMS 0x0000000717600000, 0x0000000717600000| Untracked 
| 188|0x0000000717800000, 0x0000000717800000, 0x0000000717a00000|  0%| F|  |TAMS 0x0000000717800000, 0x0000000717800000| Untracked 
| 189|0x0000000717a00000, 0x0000000717a00000, 0x0000000717c00000|  0%| F|  |TAMS 0x0000000717a00000, 0x0000000717a00000| Untracked 
| 190|0x0000000717c00000, 0x0000000717c00000, 0x0000000717e00000|  0%| F|  |TAMS 0x0000000717c00000, 0x0000000717c00000| Untracked 
| 191|0x0000000717e00000, 0x0000000717e00000, 0x0000000718000000|  0%| F|  |TAMS 0x0000000717e00000, 0x0000000717e00000| Untracked 
| 192|0x0000000718000000, 0x0000000718000000, 0x0000000718200000|  0%| F|  |TAMS 0x0000000718000000, 0x0000000718000000| Untracked 
| 193|0x0000000718200000, 0x0000000718200000, 0x0000000718400000|  0%| F|  |TAMS 0x0000000718200000, 0x0000000718200000| Untracked 
| 194|0x0000000718400000, 0x0000000718400000, 0x0000000718600000|  0%| F|  |TAMS 0x0000000718400000, 0x0000000718400000| Untracked 
| 195|0x0000000718600000, 0x0000000718600000, 0x0000000718800000|  0%| F|  |TAMS 0x0000000718600000, 0x0000000718600000| Untracked 
| 196|0x0000000718800000, 0x0000000718800000, 0x0000000718a00000|  0%| F|  |TAMS 0x0000000718800000, 0x0000000718800000| Untracked 
| 197|0x0000000718a00000, 0x0000000718a00000, 0x0000000718c00000|  0%| F|  |TAMS 0x0000000718a00000, 0x0000000718a00000| Untracked 
| 198|0x0000000718c00000, 0x0000000718c00000, 0x0000000718e00000|  0%| F|  |TAMS 0x0000000718c00000, 0x0000000718c00000| Untracked 
| 199|0x0000000718e00000, 0x0000000718e00000, 0x0000000719000000|  0%| F|  |TAMS 0x0000000718e00000, 0x0000000718e00000| Untracked 
| 200|0x0000000719000000, 0x0000000719000000, 0x0000000719200000|  0%| F|  |TAMS 0x0000000719000000, 0x0000000719000000| Untracked 
| 201|0x0000000719200000, 0x0000000719200000, 0x0000000719400000|  0%| F|  |TAMS 0x0000000719200000, 0x0000000719200000| Untracked 
| 202|0x0000000719400000, 0x0000000719400000, 0x0000000719600000|  0%| F|  |TAMS 0x0000000719400000, 0x0000000719400000| Untracked 
| 203|0x0000000719600000, 0x0000000719600000, 0x0000000719800000|  0%| F|  |TAMS 0x0000000719600000, 0x0000000719600000| Untracked 
| 204|0x0000000719800000, 0x0000000719800000, 0x0000000719a00000|  0%| F|  |TAMS 0x0000000719800000, 0x0000000719800000| Untracked 
| 205|0x0000000719a00000, 0x0000000719a00000, 0x0000000719c00000|  0%| F|  |TAMS 0x0000000719a00000, 0x0000000719a00000| Untracked 
| 206|0x0000000719c00000, 0x0000000719c00000, 0x0000000719e00000|  0%| F|  |TAMS 0x0000000719c00000, 0x0000000719c00000| Untracked 
| 207|0x0000000719e00000, 0x0000000719e77cb8, 0x000000071a000000| 23%| E|  |TAMS 0x0000000719e00000, 0x0000000719e00000| Complete 
| 208|0x000000071a000000, 0x000000071a200000, 0x000000071a200000|100%| E|CS|TAMS 0x000000071a000000, 0x000000071a000000| Complete 
| 209|0x000000071a200000, 0x000000071a400000, 0x000000071a400000|100%| E|CS|TAMS 0x000000071a200000, 0x000000071a200000| Complete 
| 210|0x000000071a400000, 0x000000071a600000, 0x000000071a600000|100%| E|CS|TAMS 0x000000071a400000, 0x000000071a400000| Complete 
| 211|0x000000071a600000, 0x000000071a800000, 0x000000071a800000|100%| E|CS|TAMS 0x000000071a600000, 0x000000071a600000| Complete 
| 212|0x000000071a800000, 0x000000071aa00000, 0x000000071aa00000|100%| E|CS|TAMS 0x000000071a800000, 0x000000071a800000| Complete 
| 213|0x000000071aa00000, 0x000000071ac00000, 0x000000071ac00000|100%| E|CS|TAMS 0x000000071aa00000, 0x000000071aa00000| Complete 
| 214|0x000000071ac00000, 0x000000071ae00000, 0x000000071ae00000|100%| E|CS|TAMS 0x000000071ac00000, 0x000000071ac00000| Complete 
| 215|0x000000071ae00000, 0x000000071b000000, 0x000000071b000000|100%| E|CS|TAMS 0x000000071ae00000, 0x000000071ae00000| Complete 
| 216|0x000000071b000000, 0x000000071b200000, 0x000000071b200000|100%| E|CS|TAMS 0x000000071b000000, 0x000000071b000000| Complete 
| 217|0x000000071b200000, 0x000000071b400000, 0x000000071b400000|100%| E|CS|TAMS 0x000000071b200000, 0x000000071b200000| Complete 
| 218|0x000000071b400000, 0x000000071b600000, 0x000000071b600000|100%| E|CS|TAMS 0x000000071b400000, 0x000000071b400000| Complete 
| 219|0x000000071b600000, 0x000000071b800000, 0x000000071b800000|100%| E|CS|TAMS 0x000000071b600000, 0x000000071b600000| Complete 
| 220|0x000000071b800000, 0x000000071ba00000, 0x000000071ba00000|100%| E|CS|TAMS 0x000000071b800000, 0x000000071b800000| Complete 
| 221|0x000000071ba00000, 0x000000071bc00000, 0x000000071bc00000|100%| E|CS|TAMS 0x000000071ba00000, 0x000000071ba00000| Complete 
| 222|0x000000071bc00000, 0x000000071be00000, 0x000000071be00000|100%| E|CS|TAMS 0x000000071bc00000, 0x000000071bc00000| Complete 
| 223|0x000000071be00000, 0x000000071c000000, 0x000000071c000000|100%| E|CS|TAMS 0x000000071be00000, 0x000000071be00000| Complete 
| 224|0x000000071c000000, 0x000000071c200000, 0x000000071c200000|100%| E|CS|TAMS 0x000000071c000000, 0x000000071c000000| Complete 
| 225|0x000000071c200000, 0x000000071c400000, 0x000000071c400000|100%| E|CS|TAMS 0x000000071c200000, 0x000000071c200000| Complete 
| 226|0x000000071c400000, 0x000000071c600000, 0x000000071c600000|100%| E|CS|TAMS 0x000000071c400000, 0x000000071c400000| Complete 
| 227|0x000000071c600000, 0x000000071c800000, 0x000000071c800000|100%| E|CS|TAMS 0x000000071c600000, 0x000000071c600000| Complete 
| 228|0x000000071c800000, 0x000000071ca00000, 0x000000071ca00000|100%| E|CS|TAMS 0x000000071c800000, 0x000000071c800000| Complete 
| 229|0x000000071ca00000, 0x000000071cc00000, 0x000000071cc00000|100%| E|CS|TAMS 0x000000071ca00000, 0x000000071ca00000| Complete 
| 230|0x000000071cc00000, 0x000000071ce00000, 0x000000071ce00000|100%| E|CS|TAMS 0x000000071cc00000, 0x000000071cc00000| Complete 
| 231|0x000000071ce00000, 0x000000071d000000, 0x000000071d000000|100%| E|CS|TAMS 0x000000071ce00000, 0x000000071ce00000| Complete 
| 232|0x000000071d000000, 0x000000071d200000, 0x000000071d200000|100%| E|CS|TAMS 0x000000071d000000, 0x000000071d000000| Complete 
| 233|0x000000071d200000, 0x000000071d400000, 0x000000071d400000|100%| E|CS|TAMS 0x000000071d200000, 0x000000071d200000| Complete 
|2046|0x00000007ffc00000, 0x00000007ffe00000, 0x00000007ffe00000|100%| O|  |TAMS 0x00000007ffdc3400, 0x00000007ffc00000| Updating 
|2047|0x00000007ffe00000, 0x0000000800000000, 0x0000000800000000|100%| O|  |TAMS 0x0000000800000000, 0x00000007ffe00000| Untracked 

Card table byte_map: [0x000001b237170000,0x000001b237970000] _byte_map_base: 0x000001b233970000

Marking Bits (Prev, Next): (CMBitMap*) 0x000001b21e3246f0, (CMBitMap*) 0x000001b21e324730
 Prev Bits: [0x000001b238170000, 0x000001b23c170000)
 Next Bits: [0x000001b23c170000, 0x000001b240170000)

Polling page: 0x000001b21e380000

Metaspace:

Usage:
  Non-class:     99.91 MB used.
      Class:     16.22 MB used.
       Both:    116.13 MB used.

Virtual space:
  Non-class space:      128.00 MB reserved,     100.69 MB ( 79%) committed,  2 nodes.
      Class space:      576.00 MB reserved,      16.88 MB (  3%) committed,  1 nodes.
             Both:      704.00 MB reserved,     117.56 MB ( 17%) committed. 

Chunk freelists:
   Non-Class:  11.36 MB
       Class:  15.09 MB
        Both:  26.45 MB

MaxMetaspaceSize: 712.00 MB
CompressedClassSpaceSize: 576.00 MB
Initial GC threshold: 21.00 MB
Current GC threshold: 159.69 MB
CDS: on
MetaspaceReclaimPolicy: balanced
 - commit_granule_bytes: 65536.
 - commit_granule_words: 8192.
 - virtual_space_node_default_size: 8388608.
 - enlarge_chunks_in_place: 1.
 - new_chunks_are_fully_committed: 0.
 - uncommit_free_chunks: 1.
 - use_allocation_guard: 0.
 - handle_deallocations: 1.


Internal statistics:

num_allocs_failed_limit: 6.
num_arena_births: 1970.
num_arena_deaths: 0.
num_vsnodes_births: 3.
num_vsnodes_deaths: 0.
num_space_committed: 1880.
num_space_uncommitted: 0.
num_chunks_returned_to_freelist: 6.
num_chunks_taken_from_freelist: 7398.
num_chunk_merges: 6.
num_chunk_splits: 4685.
num_chunks_enlarged: 2829.
num_inconsistent_stats: 0.

CodeHeap 'non-profiled nmethods': size=120000Kb used=11643Kb max_used=12712Kb free=108356Kb
 bounds [0x000001b22ee10000, 0x000001b22fa80000, 0x000001b236340000]
CodeHeap 'profiled nmethods': size=120000Kb used=31471Kb max_used=32577Kb free=88528Kb
 bounds [0x000001b227340000, 0x000001b229320000, 0x000001b22e870000]
CodeHeap 'non-nmethods': size=5760Kb used=2464Kb max_used=2587Kb free=3295Kb
 bounds [0x000001b22e870000, 0x000001b22eb20000, 0x000001b22ee10000]
 total_blobs=17134 nmethods=16126 adapters=919
 compilation: enabled
              stopped_count=0, restarted_count=0
 full_count=0

Compilation events (20 events):
Event: 110.330 Thread 0x000001b2427ac830 19735       3       com.android.tools.r8.utils.A1::P (52 bytes)
Event: 110.332 Thread 0x000001b2427ac830 nmethod 19735 0x000001b228e0d310 code [0x000001b228e0d4a0, 0x000001b228e0d5b8]
Event: 110.573 Thread 0x000001b2427ac830 19737       2       com.android.tools.r8.dex.code.N3::<init> (85 bytes)
Event: 110.574 Thread 0x000001b2427ac830 nmethod 19737 0x000001b227f91310 code [0x000001b227f91500, 0x000001b227f91ae8]
Event: 110.575 Thread 0x000001b2427ac830 19738       3       com.android.tools.r8.graph.F0$b$a::hashCode (16 bytes)
Event: 110.576 Thread 0x000001b2427ac830 nmethod 19738 0x000001b227f59f10 code [0x000001b227f5a0c0, 0x000001b227f5a228]
Event: 110.615 Thread 0x000001b2427ac830 19739 %     3       com.android.tools.r8.graph.D2::a @ 14 (49 bytes)
Event: 110.616 Thread 0x000001b2427ac830 nmethod 19739% 0x000001b2281f8410 code [0x000001b2281f8620, 0x000001b2281f8cc8]
Event: 110.739 Thread 0x000001b2427ac830 19741       3       com.android.tools.r8.internal.C::put (10 bytes)
Event: 110.740 Thread 0x000001b2427ac830 nmethod 19741 0x000001b22824b490 code [0x000001b22824b660, 0x000001b22824bb98]
Event: 110.755 Thread 0x000001b2427ac830 19742   !   2       java.nio.DirectByteBuffer::address (53 bytes)
Event: 110.756 Thread 0x000001b2427ac830 nmethod 19742 0x000001b228246d90 code [0x000001b228246f80, 0x000001b2282472e8]
Event: 110.862 Thread 0x000001b2427ac830 19743       3       com.android.tools.r8.graph.U3::a (16 bytes)
Event: 110.863 Thread 0x000001b2427ac830 nmethod 19743 0x000001b22827e090 code [0x000001b22827e240, 0x000001b22827e3e8]
Event: 110.864 Thread 0x000001b2427ac830 19744       3       com.android.tools.r8.graph.y1$$Lambda$2435/0x000001b2450d4ae0::apply (15 bytes)
Event: 110.865 Thread 0x000001b2427ac830 nmethod 19744 0x000001b22826a810 code [0x000001b22826a9e0, 0x000001b22826add8]
Event: 110.875 Thread 0x000001b2427ac830 19745       2       com.android.tools.r8.dex.code.B1::H (5 bytes)
Event: 110.875 Thread 0x000001b2427ac830 nmethod 19745 0x000001b228f2e890 code [0x000001b228f2ea20, 0x000001b228f2eb78]
Event: 111.029 Thread 0x000001b2427ac830 19748       2       com.android.tools.r8.dex.code.N3::hashCode (35 bytes)
Event: 111.030 Thread 0x000001b2427ac830 nmethod 19748 0x000001b22850b310 code [0x000001b22850b4c0, 0x000001b22850b638]

GC Heap History (20 events):
Event: 65.110 GC heap before
{Heap before GC invocations=49 (full 0):
 garbage-first heap   total 239616K, used 169387K [0x0000000700000000, 0x0000000800000000)
  region size 2048K, 20 young (40960K), 4 survivors (8192K)
 Metaspace       used 97537K, committed 98560K, reserved 720896K
  class space    used 13721K, committed 14208K, reserved 589824K
}
Event: 65.126 GC heap after
{Heap after GC invocations=50 (full 0):
 garbage-first heap   total 239616K, used 143117K [0x0000000700000000, 0x0000000800000000)
  region size 2048K, 3 young (6144K), 3 survivors (6144K)
 Metaspace       used 97537K, committed 98560K, reserved 720896K
  class space    used 13721K, committed 14208K, reserved 589824K
}
Event: 65.227 GC heap before
{Heap before GC invocations=50 (full 0):
 garbage-first heap   total 239616K, used 147213K [0x0000000700000000, 0x0000000800000000)
  region size 2048K, 5 young (10240K), 3 survivors (6144K)
 Metaspace       used 97537K, committed 98560K, reserved 720896K
  class space    used 13721K, committed 14208K, reserved 589824K
}
Event: 65.239 GC heap after
{Heap after GC invocations=51 (full 0):
 garbage-first heap   total 239616K, used 143375K [0x0000000700000000, 0x0000000800000000)
  region size 2048K, 1 young (2048K), 1 survivors (2048K)
 Metaspace       used 97537K, committed 98560K, reserved 720896K
  class space    used 13721K, committed 14208K, reserved 589824K
}
Event: 66.379 GC heap before
{Heap before GC invocations=51 (full 0):
 garbage-first heap   total 239616K, used 186383K [0x0000000700000000, 0x0000000800000000)
  region size 2048K, 23 young (47104K), 1 survivors (2048K)
 Metaspace       used 97878K, committed 99008K, reserved 720896K
  class space    used 13755K, committed 14272K, reserved 589824K
}
Event: 66.395 GC heap after
{Heap after GC invocations=52 (full 0):
 garbage-first heap   total 479232K, used 155168K [0x0000000700000000, 0x0000000800000000)
  region size 2048K, 3 young (6144K), 3 survivors (6144K)
 Metaspace       used 97878K, committed 99008K, reserved 720896K
  class space    used 13755K, committed 14272K, reserved 589824K
}
Event: 74.970 GC heap before
{Heap before GC invocations=52 (full 0):
 garbage-first heap   total 479232K, used 366112K [0x0000000700000000, 0x0000000800000000)
  region size 2048K, 107 young (219136K), 3 survivors (6144K)
 Metaspace       used 104784K, committed 105920K, reserved 720896K
  class space    used 14671K, committed 15168K, reserved 589824K
}
Event: 75.075 GC heap after
{Heap after GC invocations=53 (full 0):
 garbage-first heap   total 479232K, used 187230K [0x0000000700000000, 0x0000000800000000)
  region size 2048K, 14 young (28672K), 14 survivors (28672K)
 Metaspace       used 104784K, committed 105920K, reserved 720896K
  class space    used 14671K, committed 15168K, reserved 589824K
}
Event: 79.495 GC heap before
{Heap before GC invocations=53 (full 0):
 garbage-first heap   total 479232K, used 346974K [0x0000000700000000, 0x0000000800000000)
  region size 2048K, 92 young (188416K), 14 survivors (28672K)
 Metaspace       used 106418K, committed 107584K, reserved 720896K
  class space    used 14834K, committed 15360K, reserved 589824K
}
Event: 79.548 GC heap after
{Heap after GC invocations=54 (full 0):
 garbage-first heap   total 479232K, used 202302K [0x0000000700000000, 0x0000000800000000)
  region size 2048K, 8 young (16384K), 8 survivors (16384K)
 Metaspace       used 106418K, committed 107584K, reserved 720896K
  class space    used 14834K, committed 15360K, reserved 589824K
}
Event: 82.985 GC heap before
{Heap before GC invocations=54 (full 0):
 garbage-first heap   total 479232K, used 359998K [0x0000000700000000, 0x0000000800000000)
  region size 2048K, 85 young (174080K), 8 survivors (16384K)
 Metaspace       used 106889K, committed 108160K, reserved 720896K
  class space    used 14900K, committed 15488K, reserved 589824K
}
Event: 83.029 GC heap after
{Heap after GC invocations=55 (full 0):
 garbage-first heap   total 479232K, used 208340K [0x0000000700000000, 0x0000000800000000)
  region size 2048K, 5 young (10240K), 5 survivors (10240K)
 Metaspace       used 106889K, committed 108160K, reserved 720896K
  class space    used 14900K, committed 15488K, reserved 589824K
}
Event: 87.608 GC heap before
{Heap before GC invocations=55 (full 0):
 garbage-first heap   total 479232K, used 370132K [0x0000000700000000, 0x0000000800000000)
  region size 2048K, 85 young (174080K), 5 survivors (10240K)
 Metaspace       used 107207K, committed 108544K, reserved 720896K
  class space    used 14935K, committed 15552K, reserved 589824K
}
Event: 87.639 GC heap after
{Heap after GC invocations=56 (full 0):
 garbage-first heap   total 479232K, used 213614K [0x0000000700000000, 0x0000000800000000)
  region size 2048K, 7 young (14336K), 7 survivors (14336K)
 Metaspace       used 107207K, committed 108544K, reserved 720896K
  class space    used 14935K, committed 15552K, reserved 589824K
}
Event: 98.670 GC heap before
{Heap before GC invocations=56 (full 0):
 garbage-first heap   total 479232K, used 379502K [0x0000000700000000, 0x0000000800000000)
  region size 2048K, 89 young (182272K), 7 survivors (14336K)
 Metaspace       used 111867K, committed 113216K, reserved 720896K
  class space    used 15544K, committed 16192K, reserved 589824K
}
Event: 98.704 GC heap after
{Heap after GC invocations=57 (full 0):
 garbage-first heap   total 479232K, used 223818K [0x0000000700000000, 0x0000000800000000)
  region size 2048K, 10 young (20480K), 10 survivors (20480K)
 Metaspace       used 111867K, committed 113216K, reserved 720896K
  class space    used 15544K, committed 16192K, reserved 589824K
}
Event: 107.288 GC heap before
{Heap before GC invocations=57 (full 0):
 garbage-first heap   total 479232K, used 422474K [0x0000000700000000, 0x0000000800000000)
  region size 2048K, 89 young (182272K), 10 survivors (20480K)
 Metaspace       used 116326K, committed 117760K, reserved 720896K
  class space    used 16095K, committed 16768K, reserved 589824K
}
Event: 107.362 GC heap after
{Heap after GC invocations=58 (full 0):
 garbage-first heap   total 483328K, used 286477K [0x0000000700000000, 0x0000000800000000)
  region size 2048K, 12 young (24576K), 12 survivors (24576K)
 Metaspace       used 116326K, committed 117760K, reserved 720896K
  class space    used 16095K, committed 16768K, reserved 589824K
}
Event: 109.783 GC heap before
{Heap before GC invocations=58 (full 0):
 garbage-first heap   total 483328K, used 386829K [0x0000000700000000, 0x0000000800000000)
  region size 2048K, 61 young (124928K), 12 survivors (24576K)
 Metaspace       used 118912K, committed 120320K, reserved 720896K
  class space    used 16613K, committed 17280K, reserved 589824K
}
Event: 109.896 GC heap after
{Heap after GC invocations=59 (full 0):
 garbage-first heap   total 483328K, used 331620K [0x0000000700000000, 0x0000000800000000)
  region size 2048K, 8 young (16384K), 8 survivors (16384K)
 Metaspace       used 118912K, committed 120320K, reserved 720896K
  class space    used 16613K, committed 17280K, reserved 589824K
}

Deoptimization events (20 events):
Event: 108.432 Thread 0x000001b2799d5170 Uncommon trap: trap_request=0xffffff45 fr.pc=0x000001b22fa6376c relative=0x000000000000014c
Event: 108.432 Thread 0x000001b2799d5170 Uncommon trap: reason=unstable_if action=reinterpret pc=0x000001b22fa6376c method=com.android.tools.r8.internal.lr.get(I)Ljava/lang/Object; @ 1 c2
Event: 108.432 Thread 0x000001b2799d5170 DEOPT PACKING pc=0x000001b22fa6376c sp=0x0000003b8e3fe690
Event: 108.432 Thread 0x000001b2799d5170 DEOPT UNPACKING pc=0x000001b22e8c23a3 sp=0x0000003b8e3fe628 mode 2
Event: 108.568 Thread 0x000001b2799d4750 Uncommon trap: trap_request=0xffffff45 fr.pc=0x000001b22f25ffb4 relative=0x0000000000000394
Event: 108.568 Thread 0x000001b2799d4750 Uncommon trap: reason=unstable_if action=reinterpret pc=0x000001b22f25ffb4 method=java.util.concurrent.ConcurrentLinkedQueue.offer(Ljava/lang/Object;)Z @ 42 c2
Event: 108.569 Thread 0x000001b2799d4750 DEOPT PACKING pc=0x000001b22f25ffb4 sp=0x0000003b8e1fef30
Event: 108.571 Thread 0x000001b2799d4750 DEOPT UNPACKING pc=0x000001b22e8c23a3 sp=0x0000003b8e1feed0 mode 2
Event: 108.727 Thread 0x000001b2799d4750 DEOPT PACKING pc=0x000001b22927fc29 sp=0x0000003b8e1fe9a0
Event: 108.727 Thread 0x000001b2799d4750 DEOPT UNPACKING pc=0x000001b22e8c2b43 sp=0x0000003b8e1fdee8 mode 0
Event: 109.028 Thread 0x000001b2799d65b0 Uncommon trap: trap_request=0xffffff45 fr.pc=0x000001b22fa72408 relative=0x0000000000005668
Event: 109.028 Thread 0x000001b2799d65b0 Uncommon trap: reason=unstable_if action=reinterpret pc=0x000001b22fa72408 method=com.android.tools.r8.dex.code.O.a(IILcom/android/tools/r8/dex/code/C1;Lcom/android/tools/r8/graph/r5;)Lcom/android/tools/r8/dex/code/B1; @ 505 c2
Event: 109.030 Thread 0x000001b2799d65b0 DEOPT PACKING pc=0x000001b22fa72408 sp=0x0000003b8e5fee30
Event: 109.030 Thread 0x000001b2799d65b0 DEOPT UNPACKING pc=0x000001b22e8c23a3 sp=0x0000003b8e5fede0 mode 2
Event: 109.176 Thread 0x000001b2799d65b0 DEOPT PACKING pc=0x000001b22926f494 sp=0x0000003b8e5feeb0
Event: 109.176 Thread 0x000001b2799d65b0 DEOPT UNPACKING pc=0x000001b22e8c2b43 sp=0x0000003b8e5fe3a8 mode 0
Event: 110.139 Thread 0x000001b2799d5b90 Uncommon trap: trap_request=0x0000016a fr.pc=0x000001b22f62cfdc relative=0x0000000000007c9c
Event: 110.140 Thread 0x000001b2799d5b90 Uncommon trap: reason=unloaded action=reinterpret pc=0x000001b22f62cfdc method=com.android.tools.r8.dex.code.O.a(IILcom/android/tools/r8/dex/code/C1;Lcom/android/tools/r8/graph/r5;)Lcom/android/tools/r8/dex/code/B1; @ 2061 c2
Event: 110.140 Thread 0x000001b2799d5b90 DEOPT PACKING pc=0x000001b22f62cfdc sp=0x0000003b8e4feeb0
Event: 110.140 Thread 0x000001b2799d5b90 DEOPT UNPACKING pc=0x000001b22e8c23a3 sp=0x0000003b8e4fee58 mode 2

Classes unloaded (0 events):
No events

Classes redefined (0 events):
No events

Internal exceptions (20 events):
Event: 95.638 Thread 0x000001b2702f0140 Exception <a 'sun/nio/fs/WindowsException'{0x0000000715970e88}> (0x0000000715970e88) 
thrown [s\open\src\hotspot\share\prims\jni.cpp, line 516]
Event: 95.653 Thread 0x000001b2702f0140 Exception <a 'sun/nio/fs/WindowsException'{0x00000007159b3270}> (0x00000007159b3270) 
thrown [s\open\src\hotspot\share\prims\jni.cpp, line 516]
Event: 95.719 Thread 0x000001b2702f0140 Exception <a 'sun/nio/fs/WindowsException'{0x0000000715606f18}> (0x0000000715606f18) 
thrown [s\open\src\hotspot\share\prims\jni.cpp, line 516]
Event: 96.478 Thread 0x000001b2702f0140 Implicit null exception at 0x000001b22f743b81 to 0x000001b22f743f0c
Event: 96.525 Thread 0x000001b2702f0140 Implicit null exception at 0x000001b22f7430a1 to 0x000001b22f743250
Event: 97.845 Thread 0x000001b2702f0140 Exception <a 'sun/nio/fs/WindowsException'{0x0000000713ca3580}> (0x0000000713ca3580) 
thrown [s\open\src\hotspot\share\prims\jni.cpp, line 516]
Event: 97.884 Thread 0x000001b2702f0140 Exception <a 'sun/nio/fs/WindowsException'{0x0000000713cbc5b0}> (0x0000000713cbc5b0) 
thrown [s\open\src\hotspot\share\prims\jni.cpp, line 516]
Event: 97.890 Thread 0x000001b2702f0140 Exception <a 'sun/nio/fs/WindowsException'{0x0000000713cd4108}> (0x0000000713cd4108) 
thrown [s\open\src\hotspot\share\prims\jni.cpp, line 516]
Event: 97.893 Thread 0x000001b2702f0140 Exception <a 'sun/nio/fs/WindowsException'{0x0000000713cebb58}> (0x0000000713cebb58) 
thrown [s\open\src\hotspot\share\prims\jni.cpp, line 516]
Event: 97.897 Thread 0x000001b2702f0140 Exception <a 'sun/nio/fs/WindowsException'{0x0000000713d03230}> (0x0000000713d03230) 
thrown [s\open\src\hotspot\share\prims\jni.cpp, line 516]
Event: 97.900 Thread 0x000001b2702f0140 Exception <a 'sun/nio/fs/WindowsException'{0x0000000713d1ac48}> (0x0000000713d1ac48) 
thrown [s\open\src\hotspot\share\prims\jni.cpp, line 516]
Event: 97.907 Thread 0x000001b2702f0140 Exception <a 'sun/nio/fs/WindowsException'{0x0000000713d32818}> (0x0000000713d32818) 
thrown [s\open\src\hotspot\share\prims\jni.cpp, line 516]
Event: 103.285 Thread 0x000001b2799d1ed0 Exception <a 'sun/nio/fs/WindowsException'{0x000000071966fd18}> (0x000000071966fd18) 
thrown [s\open\src\hotspot\share\prims\jni.cpp, line 516]
Event: 105.191 Thread 0x000001b2799d1ed0 Exception <a 'java/lang/NoSuchMethodError'{0x0000000718207ae8}: 'java.lang.Object java.lang.invoke.DirectMethodHandle$Holder.invokeStaticInit(java.lang.Object, java.lang.Object, java.lang.Object, java.lang.Object, java.lang.Object, java.lang.Object, java.lang.Object, java.lang.Object, java.lang.Object, java.lang.Object, java.lang.Object, java.lang.Object, java.lang.Object, java.lang.Object, java.lang.Object, java.lang.Object, java.lang.Object, java.lang.Object, java.lang.Object, java.lang.Object, int, java
Event: 108.355 Thread 0x000001b2799d5170 Exception <a 'java/lang/IncompatibleClassChangeError'{0x000000071c6823e8}: Found class java.lang.Object, but interface was expected> (0x000000071c6823e8) 
thrown [s\open\src\hotspot\share\interpreter\linkResolver.cpp, line 826]
Event: 108.358 Thread 0x000001b2799d4750 Exception <a 'java/lang/NoSuchMethodError'{0x000000071c157fd0}: 'long java.lang.invoke.DirectMethodHandle$Holder.invokeStatic(java.lang.Object, java.lang.Object, java.lang.Object)'> (0x000000071c157fd0) 
thrown [s\open\src\hotspot\share\interpreter\linkResolver.cpp, line 759]
Event: 108.371 Thread 0x000001b2799d5b90 Exception <a 'java/lang/IncompatibleClassChangeError'{0x000000071c1d4440}: Found class java.lang.Object, but interface was expected> (0x000000071c1d4440) 
thrown [s\open\src\hotspot\share\interpreter\linkResolver.cpp, line 826]
Event: 108.371 Thread 0x000001b2799d5170 Exception <a 'java/lang/IncompatibleClassChangeError'{0x000000071c1b7220}: Found class java.lang.Object, but interface was expected> (0x000000071c1b7220) 
thrown [s\open\src\hotspot\share\interpreter\linkResolver.cpp, line 826]
Event: 108.372 Thread 0x000001b2799d5170 Exception <a 'java/lang/IncompatibleClassChangeError'{0x000000071be20bd0}: Found class java.lang.Object, but interface was expected> (0x000000071be20bd0) 
thrown [s\open\src\hotspot\share\interpreter\linkResolver.cpp, line 826]
Event: 108.373 Thread 0x000001b2799d5b90 Exception <a 'java/lang/IncompatibleClassChangeError'{0x000000071c1d8318}: Found class java.lang.Object, but interface was expected> (0x000000071c1d8318) 
thrown [s\open\src\hotspot\share\interpreter\linkResolver.cpp, line 826]

VM Operations (20 events):
Event: 107.258 Executing VM operation: Cleanup done
Event: 107.287 Executing VM operation: G1CollectForAllocation
Event: 107.373 Executing VM operation: G1CollectForAllocation done
Event: 107.991 Executing VM operation: HandshakeAllThreads
Event: 107.992 Executing VM operation: HandshakeAllThreads done
Event: 108.537 Executing VM operation: ICBufferFull
Event: 108.538 Executing VM operation: ICBufferFull done
Event: 108.538 Executing VM operation: ICBufferFull
Event: 108.539 Executing VM operation: ICBufferFull done
Event: 109.028 Executing VM operation: HandshakeAllThreads
Event: 109.108 Executing VM operation: HandshakeAllThreads done
Event: 109.166 Executing VM operation: HandshakeAllThreads
Event: 109.176 Executing VM operation: HandshakeAllThreads done
Event: 109.216 Executing VM operation: HandshakeAllThreads
Event: 109.295 Executing VM operation: HandshakeAllThreads done
Event: 109.770 Executing VM operation: G1CollectForAllocation
Event: 109.901 Executing VM operation: G1CollectForAllocation done
Event: 110.901 Executing VM operation: Cleanup
Event: 110.990 Executing VM operation: Cleanup done
Event: 111.073 Executing VM operation: G1Concurrent

Events (20 events):
Event: 109.342 Thread 0x000001b2427b5630 flushing nmethod 0x000001b2291f5c10
Event: 109.342 Thread 0x000001b2427b5630 flushing nmethod 0x000001b2291f6c10
Event: 109.342 Thread 0x000001b2427b5630 flushing nmethod 0x000001b2291f7690
Event: 109.342 Thread 0x000001b2427b5630 flushing nmethod 0x000001b2291f8f90
Event: 109.342 Thread 0x000001b2427b5630 flushing nmethod 0x000001b2291f9b10
Event: 109.342 Thread 0x000001b2427b5630 flushing nmethod 0x000001b2291fa490
Event: 109.342 Thread 0x000001b2427b5630 flushing nmethod 0x000001b2291fa810
Event: 109.342 Thread 0x000001b2427b5630 flushing nmethod 0x000001b2291fdd10
Event: 109.342 Thread 0x000001b2427b5630 flushing nmethod 0x000001b2291ff010
Event: 109.342 Thread 0x000001b2427b5630 flushing nmethod 0x000001b229200290
Event: 109.342 Thread 0x000001b2427b5630 flushing nmethod 0x000001b229200c10
Event: 109.342 Thread 0x000001b2427b5630 flushing nmethod 0x000001b229201690
Event: 109.342 Thread 0x000001b2427b5630 flushing nmethod 0x000001b229202090
Event: 109.342 Thread 0x000001b2427b5630 flushing nmethod 0x000001b229202d90
Event: 109.342 Thread 0x000001b2427b5630 flushing nmethod 0x000001b229203490
Event: 109.342 Thread 0x000001b2427b5630 flushing nmethod 0x000001b229204090
Event: 109.342 Thread 0x000001b2427b5630 flushing nmethod 0x000001b229204590
Event: 109.342 Thread 0x000001b2427b5630 flushing nmethod 0x000001b229205110
Event: 109.342 Thread 0x000001b2427b5630 flushing nmethod 0x000001b229206010
Event: 109.342 Thread 0x000001b2427b5630 flushing nmethod 0x000001b229206710


Dynamic libraries:
0x00007ff61df70000 - 0x00007ff61df80000 	C:\Program Files\Java\jdk-17\bin\java.exe
0x00007ffd31b30000 - 0x00007ffd31d47000 	C:\Windows\SYSTEM32\ntdll.dll
0x00007ffd313c0000 - 0x00007ffd31484000 	C:\Windows\System32\KERNEL32.DLL
0x00007ffd2f400000 - 0x00007ffd2f7ad000 	C:\Windows\System32\KERNELBASE.dll
0x00007ffd2f2e0000 - 0x00007ffd2f3f1000 	C:\Windows\System32\ucrtbase.dll
0x00007ffd22ef0000 - 0x00007ffd22f09000 	C:\Program Files\Java\jdk-17\bin\jli.dll
0x00007ffd26510000 - 0x00007ffd2652b000 	C:\Program Files\Java\jdk-17\bin\VCRUNTIME140.dll
0x00007ffd30590000 - 0x00007ffd30642000 	C:\Windows\System32\ADVAPI32.dll
0x00007ffd31710000 - 0x00007ffd317b7000 	C:\Windows\System32\msvcrt.dll
0x00007ffd312d0000 - 0x00007ffd31379000 	C:\Windows\System32\sechost.dll
0x00007ffd2f830000 - 0x00007ffd2f858000 	C:\Windows\System32\bcrypt.dll
0x00007ffd30d20000 - 0x00007ffd30e34000 	C:\Windows\System32\RPCRT4.dll
0x00007ffd303c0000 - 0x00007ffd3056e000 	C:\Windows\System32\USER32.dll
0x00007ffd2ef70000 - 0x00007ffd2ef96000 	C:\Windows\System32\win32u.dll
0x00007ffd30390000 - 0x00007ffd303b9000 	C:\Windows\System32\GDI32.dll
0x00007ffd18940000 - 0x00007ffd18bd3000 	C:\Windows\WinSxS\amd64_microsoft.windows.common-controls_6595b64144ccf1df_6.0.22621.3672_none_2713b9d173822955\COMCTL32.dll
0x00007ffd2ee50000 - 0x00007ffd2ef69000 	C:\Windows\System32\gdi32full.dll
0x00007ffd2f180000 - 0x00007ffd2f21a000 	C:\Windows\System32\msvcp_win.dll
0x00007ffd29770000 - 0x00007ffd2977a000 	C:\Windows\SYSTEM32\VERSION.dll
0x00007ffd316d0000 - 0x00007ffd31701000 	C:\Windows\System32\IMM32.DLL
0x00007ffd2b3d0000 - 0x00007ffd2b3dc000 	C:\Program Files\Java\jdk-17\bin\vcruntime140_1.dll
0x00007ffcebeb0000 - 0x00007ffcebf3e000 	C:\Program Files\Java\jdk-17\bin\msvcp140.dll
0x00007ffcb6270000 - 0x00007ffcb6e50000 	C:\Program Files\Java\jdk-17\bin\server\jvm.dll
0x00007ffd312c0000 - 0x00007ffd312c8000 	C:\Windows\System32\PSAPI.DLL
0x00007ffd21f40000 - 0x00007ffd21f74000 	C:\Windows\SYSTEM32\WINMM.dll
0x00007ffd19360000 - 0x00007ffd19369000 	C:\Windows\SYSTEM32\WSOCK32.dll
0x00007ffd30ca0000 - 0x00007ffd30d11000 	C:\Windows\System32\WS2_32.dll
0x00007ffd2de40000 - 0x00007ffd2de58000 	C:\Windows\SYSTEM32\kernel.appcore.dll
0x00007ffd29780000 - 0x00007ffd2978a000 	C:\Program Files\Java\jdk-17\bin\jimage.dll
0x00007ffd20300000 - 0x00007ffd20532000 	C:\Windows\SYSTEM32\DBGHELP.DLL
0x00007ffd30650000 - 0x00007ffd309dd000 	C:\Windows\System32\combase.dll
0x00007ffd302b0000 - 0x00007ffd30387000 	C:\Windows\System32\OLEAUT32.dll
0x00007ffd13500000 - 0x00007ffd13532000 	C:\Windows\SYSTEM32\dbgcore.DLL
0x00007ffd2f7b0000 - 0x00007ffd2f82b000 	C:\Windows\System32\bcryptPrimitives.dll
0x00007ffd13a20000 - 0x00007ffd13a2e000 	C:\Program Files\Java\jdk-17\bin\instrument.dll
0x00007ffd19c20000 - 0x00007ffd19c45000 	C:\Program Files\Java\jdk-17\bin\java.dll
0x00007ffceb9d0000 - 0x00007ffcebaa7000 	C:\Program Files\Java\jdk-17\bin\jsvml.dll
0x00007ffd2fa40000 - 0x00007ffd302a7000 	C:\Windows\System32\SHELL32.dll
0x00007ffd2cd50000 - 0x00007ffd2d64e000 	C:\Windows\SYSTEM32\windows.storage.dll
0x00007ffd2cc10000 - 0x00007ffd2cd4f000 	C:\Windows\SYSTEM32\wintypes.dll
0x00007ffd319f0000 - 0x00007ffd31ae9000 	C:\Windows\System32\SHCORE.dll
0x00007ffd309e0000 - 0x00007ffd30a3e000 	C:\Windows\System32\shlwapi.dll
0x00007ffd2ed80000 - 0x00007ffd2eda1000 	C:\Windows\SYSTEM32\profapi.dll
0x00007ffd19be0000 - 0x00007ffd19bf8000 	C:\Program Files\Java\jdk-17\bin\zip.dll
0x00007ffd22ed0000 - 0x00007ffd22ee9000 	C:\Program Files\Java\jdk-17\bin\net.dll
0x00007ffd2b840000 - 0x00007ffd2b976000 	C:\Windows\SYSTEM32\WINHTTP.dll
0x00007ffd2e2a0000 - 0x00007ffd2e309000 	C:\Windows\system32\mswsock.dll
0x00007ffd19c00000 - 0x00007ffd19c16000 	C:\Program Files\Java\jdk-17\bin\nio.dll
0x00007ffd26500000 - 0x00007ffd26510000 	C:\Program Files\Java\jdk-17\bin\verify.dll
0x00007ffd17df0000 - 0x00007ffd17e17000 	C:\Users\Hp\.gradle\native\c067742578af261105cb4f569cf0c3c89f3d7b1fecec35dd04571415982c5e48\windows-amd64\native-platform.dll
0x00007ffce8c80000 - 0x00007ffce8dc4000 	C:\Users\Hp\.gradle\native\38dada09dfb8b06ba9b0570ebf7e218e3eb74d4ef43ca46872605cf95ebc2f47\windows-amd64\native-platform-file-events.dll
0x00007ffd18030000 - 0x00007ffd1803a000 	C:\Program Files\Java\jdk-17\bin\management.dll
0x00007ffd17de0000 - 0x00007ffd17deb000 	C:\Program Files\Java\jdk-17\bin\management_ext.dll
0x00007ffd2e5f0000 - 0x00007ffd2e60b000 	C:\Windows\SYSTEM32\CRYPTSP.dll
0x00007ffd2dda0000 - 0x00007ffd2ddd5000 	C:\Windows\system32\rsaenh.dll
0x00007ffd2e340000 - 0x00007ffd2e368000 	C:\Windows\SYSTEM32\USERENV.dll
0x00007ffd2e5d0000 - 0x00007ffd2e5dc000 	C:\Windows\SYSTEM32\CRYPTBASE.dll
0x00007ffd2d8b0000 - 0x00007ffd2d8dd000 	C:\Windows\SYSTEM32\IPHLPAPI.DLL
0x00007ffd313b0000 - 0x00007ffd313b9000 	C:\Windows\System32\NSI.dll
0x00007ffd2b820000 - 0x00007ffd2b839000 	C:\Windows\SYSTEM32\dhcpcsvc6.DLL
0x00007ffd2b800000 - 0x00007ffd2b81f000 	C:\Windows\SYSTEM32\dhcpcsvc.DLL
0x00007ffd2d8e0000 - 0x00007ffd2d9d8000 	C:\Windows\SYSTEM32\DNSAPI.dll
0x00007ffd0b620000 - 0x00007ffd0b62e000 	C:\Program Files\Java\jdk-17\bin\sunmscapi.dll
0x00007ffd2f010000 - 0x00007ffd2f177000 	C:\Windows\System32\CRYPT32.dll
0x00007ffd2e710000 - 0x00007ffd2e73e000 	C:\Windows\SYSTEM32\ncrypt.dll
0x00007ffd2e6d0000 - 0x00007ffd2e707000 	C:\Windows\SYSTEM32\NTASN1.dll
0x00007ffcd7280000 - 0x00007ffcd7288000 	C:\Windows\system32\wshunix.dll
0x00007ffd0b820000 - 0x00007ffd0b837000 	C:\Windows\system32\napinsp.dll
0x00007ffd0b7b0000 - 0x00007ffd0b7cb000 	C:\Windows\system32\pnrpnsp.dll
0x00007ffd0b790000 - 0x00007ffd0b7a1000 	C:\Windows\System32\winrnr.dll
0x00007ffd0b770000 - 0x00007ffd0b785000 	C:\Windows\system32\wshbth.dll
0x00007ffd0b740000 - 0x00007ffd0b767000 	C:\Windows\system32\nlansp_c.dll
0x00007ffd190c0000 - 0x00007ffd190ca000 	C:\Windows\System32\rasadhlp.dll
0x00007ffd26c50000 - 0x00007ffd26cd3000 	C:\Windows\System32\fwpuclnt.dll
0x00007ffcfb200000 - 0x00007ffcfb21e000 	C:\Users\Hp\AppData\Local\Temp\native-platform4720896231222287558dir\native-platform.dll
0x00007ffd0b360000 - 0x00007ffd0b367000 	C:\Program Files\Java\jdk-17\bin\rmi.dll

dbghelp: loaded successfully - version: 4.0.5 - missing functions: none
symbol engine: initialized successfully - sym options: 0x614 - pdb path: .;C:\Program Files\Java\jdk-17\bin;C:\Windows\SYSTEM32;C:\Windows\WinSxS\amd64_microsoft.windows.common-controls_6595b64144ccf1df_6.0.22621.3672_none_2713b9d173822955;C:\Program Files\Java\jdk-17\bin\server;C:\Users\Hp\.gradle\native\c067742578af261105cb4f569cf0c3c89f3d7b1fecec35dd04571415982c5e48\windows-amd64;C:\Users\Hp\.gradle\native\38dada09dfb8b06ba9b0570ebf7e218e3eb74d4ef43ca46872605cf95ebc2f47\windows-amd64;C:\Users\Hp\AppData\Local\Temp\native-platform4720896231222287558dir

VM Arguments:
jvm_args: -XX:MaxMetaspaceSize=712m --add-opens=java.base/java.util=ALL-UNNAMED --add-opens=java.base/java.lang=ALL-UNNAMED --add-opens=java.base/java.lang.invoke=ALL-UNNAMED --add-opens=java.prefs/java.util.prefs=ALL-UNNAMED --add-opens=java.base/java.nio.charset=ALL-UNNAMED --add-opens=java.base/java.net=ALL-UNNAMED --add-opens=java.base/java.util.concurrent.atomic=ALL-UNNAMED -Xmx4g -Dfile.encoding=windows-1252 -Duser.country=GB -Duser.language=en -Duser.variant -javaagent:C:\Users\Hp\.gradle\wrapper\dists\gradle-8.6-all\3mbtmo166bl6vumsh5k2lkq5h\gradle-8.6\lib\agents\gradle-instrumentation-agent-8.6.jar 
java_command: org.gradle.launcher.daemon.bootstrap.GradleDaemon 8.6
java_class_path (initial): C:\Users\Hp\.gradle\wrapper\dists\gradle-8.6-all\3mbtmo166bl6vumsh5k2lkq5h\gradle-8.6\lib\gradle-launcher-8.6.jar
Launcher Type: SUN_STANDARD

[Global flags]
     intx CICompilerCount                          = 3                                         {product} {ergonomic}
   size_t CompressedClassSpaceSize                 = 603979776                                 {product} {ergonomic}
     uint ConcGCThreads                            = 1                                         {product} {ergonomic}
     uint G1ConcRefinementThreads                  = 4                                         {product} {ergonomic}
   size_t G1HeapRegionSize                         = 2097152                                   {product} {ergonomic}
    uintx GCDrainStackTargetSize                   = 64                                        {product} {ergonomic}
   size_t InitialHeapSize                          = 134217728                                 {product} {ergonomic}
   size_t MarkStackSize                            = 4194304                                   {product} {ergonomic}
   size_t MaxHeapSize                              = 4294967296                                {product} {command line}
   size_t MaxMetaspaceSize                         = 746586112                                 {product} {command line}
   size_t MaxNewSize                               = 2575302656                                {product} {ergonomic}
   size_t MinHeapDeltaBytes                        = 2097152                                   {product} {ergonomic}
   size_t MinHeapSize                              = 8388608                                   {product} {ergonomic}
    uintx NonNMethodCodeHeapSize                   = 5832780                                {pd product} {ergonomic}
    uintx NonProfiledCodeHeapSize                  = 122912730                              {pd product} {ergonomic}
    uintx ProfiledCodeHeapSize                     = 122912730                              {pd product} {ergonomic}
    uintx ReservedCodeCacheSize                    = 251658240                              {pd product} {ergonomic}
     bool SegmentedCodeCache                       = true                                      {product} {ergonomic}
   size_t SoftMaxHeapSize                          = 4294967296                             {manageable} {ergonomic}
     bool UseCompressedClassPointers               = true                           {product lp64_product} {ergonomic}
     bool UseCompressedOops                        = true                           {product lp64_product} {ergonomic}
     bool UseG1GC                                  = true                                      {product} {ergonomic}
     bool UseLargePagesIndividualAllocation        = false                                  {pd product} {ergonomic}

Logging:
Log output configuration:
 #0: stdout all=warning uptime,level,tags
 #1: stderr all=off uptime,level,tags

Environment Variables:
JAVA_HOME=C:\Program Files\Java\jdk-17
CLASSPATH=D:\reactnativeapp\myapp\android\\gradle\wrapper\gradle-wrapper.jar
PATH=D:\reactnativeapp\myapp\node_modules\.bin;D:\reactnativeapp\myapp\node_modules\.bin;D:\reactnativeapp\node_modules\.bin;D:\node_modules\.bin;C:\Users\Hp\AppData\Roaming\nvm\v22.3.0\node_modules\npm\node_modules\@npmcli\run-script\lib\node-gyp-bin;D:\reactnativeapp\myapp\node_modules\.bin;D:\reactnativeapp\myapp\node_modules\.bin;D:\reactnativeapp\node_modules\.bin;D:\node_modules\.bin;C:\Users\Hp\AppData\Roaming\nvm\v22.3.0\node_modules\npm\node_modules\@npmcli\run-script\lib\node-gyp-bin;C:\Program Files\Common Files\Oracle\Java\javapath;C:\Windows\system32;C:\Windows;C:\Windows\System32\Wbem;C:\Windows\System32\WindowsPowerShell\v1.0\;C:\Windows\System32\OpenSSH\;C:\Users\Hp\AppData\Roaming\nvm;C:\Program Files\nodejs;C:\Program Files\nodejs;C:\Users\Hp\AppData\Local\Android\Sdk;C:\Program Files\MongoDB\Server\7.0\data;C:\Program Files\Java\jdk-17\bin;C:\Users\Hp\.gradle\daemon\8.6;D:\xamp\php;D:\ComposerSetup;C:\Users\Hp\AppData\Local\Android\Sdk\emulator;C:\Users\Hp\AppData\Local\Android\Sdk\tools;C:\Users\Hp\AppData\Local\Android\Sdk\tools;C:\Users\Hp\AppData\Local\Microsoft\WindowsApps;C:\Users\Hp\AppData\Roaming\nvm;C:\Program Files\nodejs;D:\miral\Microsoft VS Code\bin;C:\Program Files\Java\jdk-17\bin;C:\Users\Hp\.gradle\daemon\8.6;C:\Users\Hp\AppData\Roaming\Composer\vendor\bin;C:\Users\Hp\AppData\Local\Android\Sdk\platform-tools;C:\Users\Hp\AppData\Local\Android\Sdk\emulator;
USERNAME=Hp
LANG=en_US.UTF-8
OS=Windows_NT
PROCESSOR_IDENTIFIER=Intel64 Family 6 Model 78 Stepping 3, GenuineIntel



---------------  S Y S T E M  ---------------

OS:
 Windows 11 , 64 bit Build 22621 (10.0.22621.3958)
OS uptime: 0 days 3:33 hours
Hyper-V role detected

CPU: total 4 (initial active 4) (2 cores per cpu, 2 threads per core) family 6 model 78 stepping 3 microcode 0xf0, cx8, cmov, fxsr, ht, mmx, 3dnowpref, sse, sse2, sse3, ssse3, sse4.1, sse4.2, popcnt, lzcnt, tsc, tscinvbit, avx, avx2, aes, erms, clmul, bmi1, bmi2, rtm, adx, fma, vzeroupper, clflush, clflushopt, hv

Memory: 4k page, system-wide physical 8070M (342M free)
TotalPageFile size 14187M (AvailPageFile size 3M)
current process WorkingSet (physical memory assigned to process): 719M, peak: 814M
current process commit charge ("private bytes"): 1058M, peak: 1064M

vm_info: Java HotSpot(TM) 64-Bit Server VM (17.0.11+7-LTS-207) for windows-amd64 JRE (17.0.11+7-LTS-207), built on Mar 11 2024 19:01:50 by "mach5one" with MS VC++ 17.6 (VS2022)

END.
