#
# There is insufficient memory for the Java Runtime Environment to continue.
# Native memory allocation (malloc) failed to allocate 9232 bytes for AllocateHeap
# Possible reasons:
#   The system is out of physical RAM or swap space
#   The process is running with CompressedOops enabled, and the Java Heap may be blocking the growth of the native heap
# Possible solutions:
#   Reduce memory load on the system
#   Increase physical memory or swap space
#   Check if swap backing store is full
#   Decrease Java heap size (-Xmx/-Xms)
#   Decrease number of Java threads
#   Decrease Java thread stack sizes (-Xss)
#   Set larger code cache with -XX:ReservedCodeCacheSize=
#   JVM is running with Unscaled Compressed Oops mode in which the Java heap is
#     placed in the first 4GB address space. The Java Heap base address is the
#     maximum limit for the native heap growth. Please use -XX:HeapBaseMinAddress
#     to set the Java Heap base and to place the Java Heap above 4GB virtual address.
# This output file may be truncated or incomplete.
#
#  Out of Memory Error (allocation.cpp:44), pid=3208, tid=2432
#
# JRE version: Java(TM) SE Runtime Environment (17.0.11+7) (build 17.0.11+7-LTS-207)
# Java VM: Java HotSpot(TM) 64-Bit Server VM (17.0.11+7-LTS-207, mixed mode, sharing, tiered, compressed oops, compressed class ptrs, g1 gc, windows-amd64)
# No core dump will be written. Minidumps are not enabled by default on client versions of Windows
#

---------------  S U M M A R Y ------------

Command Line: -Xmx64m -Xms64m -Dorg.gradle.appname=gradlew org.gradle.wrapper.GradleWrapperMain app:installDebug -PreactNativeDevServerPort=8081

Host: Intel(R) Core(TM) i5-6300U CPU @ 2.40GHz, 4 cores, 7G,  Windows 11 , 64 bit Build 22621 (10.0.22621.3672)
Time: Sun Jul 28 12:59:50 2024 Pakistan Standard Time elapsed time: 72.364163 seconds (0d 0h 1m 12s)

---------------  T H R E A D  ---------------

Current thread (0x000001b9de014b10):  JavaThread "main" [_thread_in_Java, id=2432, stack(0x0000004d5f800000,0x0000004d5f900000)]

Stack: [0x0000004d5f800000,0x0000004d5f900000]
Native frames: (J=compiled Java code, j=interpreted, Vv=VM code, C=native code)
V  [jvm.dll+0x679cca]
V  [jvm.dll+0x7da13d]
V  [jvm.dll+0x7dba83]
V  [jvm.dll+0x7dc0f3]
V  [jvm.dll+0x2449af]
V  [jvm.dll+0xa5e73]
V  [jvm.dll+0x2518c9]
V  [jvm.dll+0x25437c]
C  0x000001b9ece5232b

Java frames: (J=compiled Java code, j=interpreted, Vv=VM code)
v  ~UncommonTrapBlob
J 1495 c2 com.esotericsoftware.kryo.io.Input.readUtf8(I)V (90 bytes) @ 0x000001b9ed43025c [0x000001b9ed42fd20+0x000000000000053c]
J 1387 c1 com.esotericsoftware.kryo.io.Input.readString()Ljava/lang/String; (127 bytes) @ 0x000001b9e5b4a8fc [0x000001b9e5b4a5c0+0x000000000000033c]
J 1386 c1 org.gradle.internal.serialize.kryo.KryoBackedDecoder.readNullableString()Ljava/lang/String; (15 bytes) @ 0x000001b9e5b49bb4 [0x000001b9e5b49b20+0x0000000000000094]
j  org.gradle.internal.logging.serializer.LogEventSerializer.read(Lorg/gradle/internal/serialize/Decoder;)Lorg/gradle/internal/logging/events/LogEvent;+31
j  org.gradle.internal.logging.serializer.LogEventSerializer.read(Lorg/gradle/internal/serialize/Decoder;)Ljava/lang/Object;+2
J 1344 c1 org.gradle.internal.serialize.DefaultSerializerRegistry$TaggedTypeSerializer.read(Lorg/gradle/internal/serialize/Decoder;)Ljava/lang/Object; (69 bytes) @ 0x000001b9e5b3b554 [0x000001b9e5b3abc0+0x0000000000000994]
J 1394 c1 org.gradle.launcher.daemon.protocol.DaemonMessageSerializer$OutputMessageSerializer.read(Lorg/gradle/internal/serialize/Decoder;)Ljava/lang/Object; (6 bytes) @ 0x000001b9e5b4d78c [0x000001b9e5b4d5e0+0x00000000000001ac]
J 1344 c1 org.gradle.internal.serialize.DefaultSerializerRegistry$TaggedTypeSerializer.read(Lorg/gradle/internal/serialize/Decoder;)Ljava/lang/Object; (69 bytes) @ 0x000001b9e5b3b554 [0x000001b9e5b3abc0+0x0000000000000994]
J 1433 c1 org.gradle.internal.remote.internal.inet.SocketConnection.receive()Ljava/lang/Object; (142 bytes) @ 0x000001b9e5b6626c [0x000001b9e5b660c0+0x00000000000001ac]
J 1436 c1 org.gradle.launcher.daemon.client.DaemonClientConnection.receive()Lorg/gradle/launcher/daemon/protocol/Message; (81 bytes) @ 0x000001b9e5b6ac5c [0x000001b9e5b6aba0+0x00000000000000bc]
J 1393 c1 org.gradle.launcher.daemon.client.DaemonClientConnection.receive()Ljava/lang/Object; (5 bytes) @ 0x000001b9e5b4d2c4 [0x000001b9e5b4d240+0x0000000000000084]
j  org.gradle.launcher.daemon.client.DaemonClient.monitorBuild(Lorg/gradle/launcher/daemon/protocol/Build;Lorg/gradle/launcher/daemon/diagnostics/DaemonDiagnostics;Lorg/gradle/internal/remote/internal/Connection;Lorg/gradle/initialization/BuildCancellationToken;Lorg/gradle/initialization/BuildEventConsumer;)Ljava/lang/Object;+44
j  org.gradle.launcher.daemon.client.DaemonClient.executeBuild(Lorg/gradle/launcher/daemon/protocol/Build;Lorg/gradle/launcher/daemon/client/DaemonClientConnection;Lorg/gradle/initialization/BuildCancellationToken;Lorg/gradle/initialization/BuildEventConsumer;)Lorg/gradle/launcher/exec/BuildActionResult;+128
j  org.gradle.launcher.daemon.client.DaemonClient.execute(Lorg/gradle/internal/invocation/BuildAction;Lorg/gradle/launcher/exec/BuildActionParameters;Lorg/gradle/initialization/BuildRequestContext;)Lorg/gradle/launcher/exec/BuildActionResult;+139
j  org.gradle.launcher.daemon.client.DaemonClient.execute(Lorg/gradle/internal/invocation/BuildAction;Ljava/lang/Object;Ljava/lang/Object;)Lorg/gradle/launcher/exec/BuildActionResult;+10
j  org.gradle.launcher.cli.RunBuildAction.run()V+74
j  org.gradle.internal.Actions$RunnableActionAdapter.execute(Ljava/lang/Object;)V+4
j  org.gradle.launcher.cli.DefaultCommandLineActionFactory$ParseAndBuildAction.execute(Lorg/gradle/launcher/bootstrap/ExecutionListener;)V+60
j  org.gradle.launcher.cli.DefaultCommandLineActionFactory$ParseAndBuildAction.execute(Ljava/lang/Object;)V+5
j  org.gradle.launcher.cli.DebugLoggerWarningAction.execute(Lorg/gradle/launcher/bootstrap/ExecutionListener;)V+9
j  org.gradle.launcher.cli.DebugLoggerWarningAction.execute(Ljava/lang/Object;)V+5
j  org.gradle.launcher.cli.WelcomeMessageAction.execute(Lorg/gradle/launcher/bootstrap/ExecutionListener;)V+218
j  org.gradle.launcher.cli.WelcomeMessageAction.execute(Ljava/lang/Object;)V+5
j  org.gradle.launcher.cli.NativeServicesInitializingAction.execute(Lorg/gradle/launcher/bootstrap/ExecutionListener;)V+35
j  org.gradle.launcher.cli.NativeServicesInitializingAction.execute(Ljava/lang/Object;)V+5
j  org.gradle.launcher.cli.ExceptionReportingAction.execute(Lorg/gradle/launcher/bootstrap/ExecutionListener;)V+5
j  org.gradle.launcher.cli.ExceptionReportingAction.execute(Ljava/lang/Object;)V+5
j  org.gradle.launcher.cli.DefaultCommandLineActionFactory$WithLogging.execute(Lorg/gradle/launcher/bootstrap/ExecutionListener;)V+299
j  org.gradle.launcher.Main.doAction([Ljava/lang/String;Lorg/gradle/launcher/bootstrap/ExecutionListener;)V+14
j  org.gradle.launcher.bootstrap.EntryPoint.run([Ljava/lang/String;)V+12
v  ~StubRoutines::call_stub
j  jdk.internal.reflect.NativeMethodAccessorImpl.invoke0(Ljava/lang/reflect/Method;Ljava/lang/Object;[Ljava/lang/Object;)Ljava/lang/Object;+0 java.base@17.0.11
j  jdk.internal.reflect.NativeMethodAccessorImpl.invoke(Ljava/lang/Object;[Ljava/lang/Object;)Ljava/lang/Object;+133 java.base@17.0.11
j  jdk.internal.reflect.DelegatingMethodAccessorImpl.invoke(Ljava/lang/Object;[Ljava/lang/Object;)Ljava/lang/Object;+6 java.base@17.0.11
j  java.lang.reflect.Method.invoke(Ljava/lang/Object;[Ljava/lang/Object;)Ljava/lang/Object;+59 java.base@17.0.11
j  org.gradle.launcher.bootstrap.ProcessBootstrap.runNoExit(Ljava/lang/String;[Ljava/lang/String;)V+155
j  org.gradle.launcher.bootstrap.ProcessBootstrap.run(Ljava/lang/String;[Ljava/lang/String;)V+2
v  ~StubRoutines::call_stub
j  jdk.internal.reflect.NativeMethodAccessorImpl.invoke0(Ljava/lang/reflect/Method;Ljava/lang/Object;[Ljava/lang/Object;)Ljava/lang/Object;+0 java.base@17.0.11
j  jdk.internal.reflect.NativeMethodAccessorImpl.invoke(Ljava/lang/Object;[Ljava/lang/Object;)Ljava/lang/Object;+133 java.base@17.0.11
j  jdk.internal.reflect.DelegatingMethodAccessorImpl.invoke(Ljava/lang/Object;[Ljava/lang/Object;)Ljava/lang/Object;+6 java.base@17.0.11
j  java.lang.reflect.Method.invoke(Ljava/lang/Object;[Ljava/lang/Object;)Ljava/lang/Object;+59 java.base@17.0.11
j  org.gradle.launcher.GradleMain.main([Ljava/lang/String;)V+100
v  ~StubRoutines::call_stub
j  jdk.internal.reflect.NativeMethodAccessorImpl.invoke0(Ljava/lang/reflect/Method;Ljava/lang/Object;[Ljava/lang/Object;)Ljava/lang/Object;+0 java.base@17.0.11
j  jdk.internal.reflect.NativeMethodAccessorImpl.invoke(Ljava/lang/Object;[Ljava/lang/Object;)Ljava/lang/Object;+133 java.base@17.0.11
j  jdk.internal.reflect.DelegatingMethodAccessorImpl.invoke(Ljava/lang/Object;[Ljava/lang/Object;)Ljava/lang/Object;+6 java.base@17.0.11
j  java.lang.reflect.Method.invoke(Ljava/lang/Object;[Ljava/lang/Object;)Ljava/lang/Object;+59 java.base@17.0.11
j  org.gradle.wrapper.BootstrapMainStarter.start([Ljava/lang/String;Ljava/io/File;)V+105
j  org.gradle.wrapper.WrapperExecutor.execute([Ljava/lang/String;Lorg/gradle/wrapper/Install;Lorg/gradle/wrapper/BootstrapMainStarter;)V+14
j  org.gradle.wrapper.GradleWrapperMain.main([Ljava/lang/String;)V+206
v  ~StubRoutines::call_stub

---------------  P R O C E S S  ---------------

Threads class SMR info:
_java_thread_list=0x000001b9f7ca0f50, length=15, elements={
0x000001b9de014b10, 0x000001b9f6efb4e0, 0x000001b9f6efbf70, 0x000001b9f6f11570,
0x000001b9f6f11d40, 0x000001b9f6f15430, 0x000001b9f6f19a10, 0x000001b9f6f298f0,
0x000001b9f6f2b310, 0x000001b9f6f36840, 0x000001b9f7188fe0, 0x000001b9f718d770,
0x000001b9f7318f30, 0x000001b9f7c76090, 0x000001b9f7c76570
}

Java Threads: ( => current thread )
=>0x000001b9de014b10 JavaThread "main" [_thread_in_Java, id=2432, stack(0x0000004d5f800000,0x0000004d5f900000)]
  0x000001b9f6efb4e0 JavaThread "Reference Handler" daemon [_thread_blocked, id=8412, stack(0x0000004d5ff00000,0x0000004d60000000)]
  0x000001b9f6efbf70 JavaThread "Finalizer" daemon [_thread_blocked, id=1868, stack(0x0000004d60000000,0x0000004d60100000)]
  0x000001b9f6f11570 JavaThread "Signal Dispatcher" daemon [_thread_blocked, id=13560, stack(0x0000004d60100000,0x0000004d60200000)]
  0x000001b9f6f11d40 JavaThread "Attach Listener" daemon [_thread_blocked, id=3292, stack(0x0000004d60200000,0x0000004d60300000)]
  0x000001b9f6f15430 JavaThread "Service Thread" daemon [_thread_blocked, id=6560, stack(0x0000004d60300000,0x0000004d60400000)]
  0x000001b9f6f19a10 JavaThread "Monitor Deflation Thread" daemon [_thread_blocked, id=4300, stack(0x0000004d60400000,0x0000004d60500000)]
  0x000001b9f6f298f0 JavaThread "C2 CompilerThread0" daemon [_thread_blocked, id=12124, stack(0x0000004d60500000,0x0000004d60600000)]
  0x000001b9f6f2b310 JavaThread "C1 CompilerThread0" daemon [_thread_blocked, id=8628, stack(0x0000004d60600000,0x0000004d60700000)]
  0x000001b9f6f36840 JavaThread "Sweeper thread" daemon [_thread_blocked, id=5796, stack(0x0000004d60700000,0x0000004d60800000)]
  0x000001b9f7188fe0 JavaThread "Notification Thread" daemon [_thread_blocked, id=672, stack(0x0000004d60800000,0x0000004d60900000)]
  0x000001b9f718d770 JavaThread "Common-Cleaner" daemon [_thread_blocked, id=7008, stack(0x0000004d60a00000,0x0000004d60b00000)]
  0x000001b9f7318f30 JavaThread "pool-1-thread-1" [_thread_blocked, id=8184, stack(0x0000004d60b00000,0x0000004d60c00000)]
  0x000001b9f7c76090 JavaThread "DisconnectableInputStream source reader" daemon [_thread_in_native, id=16520, stack(0x0000004d61100000,0x0000004d61200000)]
  0x000001b9f7c76570 JavaThread "Forward input" [_thread_blocked, id=3092, stack(0x0000004d61200000,0x0000004d61300000)]

Other Threads:
  0x000001b9f6ef54d0 VMThread "VM Thread" [stack: 0x0000004d5fe00000,0x0000004d5ff00000] [id=5356] _threads_hazard_ptr=0x000001b9f7ca0f50
  0x000001b9f718d4e0 WatcherThread [stack: 0x0000004d60900000,0x0000004d60a00000] [id=1292]
  0x000001b9de035460 GCTaskThread "GC Thread#0" [stack: 0x0000004d5f900000,0x0000004d5fa00000] [id=13856]
  0x000001b9f73f04a0 GCTaskThread "GC Thread#1" [stack: 0x0000004d60c00000,0x0000004d60d00000] [id=4236]
  0x000001b9f73f16c0 GCTaskThread "GC Thread#2" [stack: 0x0000004d60d00000,0x0000004d60e00000] [id=5820]
  0x000001b9f72e1100 GCTaskThread "GC Thread#3" [stack: 0x0000004d60e00000,0x0000004d60f00000] [id=15536]
  0x000001b9de036bb0 ConcurrentGCThread "G1 Main Marker" [stack: 0x0000004d5fa00000,0x0000004d5fb00000] [id=4736]
  0x000001b9de037d60 ConcurrentGCThread "G1 Conc#0" [stack: 0x0000004d5fb00000,0x0000004d5fc00000] [id=19104]
  0x000001b9de086800 ConcurrentGCThread "G1 Refine#0" [stack: 0x0000004d5fc00000,0x0000004d5fd00000] [id=3612]
  0x000001b9de086e40 ConcurrentGCThread "G1 Service" [stack: 0x0000004d5fd00000,0x0000004d5fe00000] [id=9396]

Threads with active compile tasks:

VM state: synchronizing (normal execution)

VM Mutex/Monitor currently owned by a thread:  ([mutex/lock_event])
[0x000001b9de0110e0] Threads_lock - owner thread: 0x000001b9f6ef54d0

Heap address: 0x00000000fc000000, size: 64 MB, Compressed Oops mode: 32-bit

CDS archive(s) mapped at: [0x000001b980000000-0x000001b980bd0000-0x000001b980bd0000), size 12386304, SharedBaseAddress: 0x000001b980000000, ArchiveRelocationMode: 1.
Compressed class space mapped at: 0x000001b981000000-0x000001b9c1000000, reserved size: 1073741824
Narrow klass base: 0x000001b980000000, Narrow klass shift: 0, Narrow klass range: 0x100000000

GC Precious Log:
 CPUs: 4 total, 4 available
 Memory: 8070M
 Large Page Support: Disabled
 NUMA Support: Disabled
 Compressed Oops: Enabled (32-bit)
 Heap Region Size: 1M
 Heap Min Capacity: 64M
 Heap Initial Capacity: 64M
 Heap Max Capacity: 64M
 Pre-touch: Disabled
 Parallel Workers: 4
 Concurrent Workers: 1
 Concurrent Refinement Workers: 4
 Periodic GC: Disabled

Heap:
 garbage-first heap   total 65536K, used 24126K [0x00000000fc000000, 0x0000000100000000)
  region size 1024K, 17 young (17408K), 3 survivors (3072K)
 Metaspace       used 9602K, committed 9792K, reserved 1114112K
  class space    used 1256K, committed 1344K, reserved 1048576K

Heap Regions: E=young(eden), S=young(survivor), O=old, HS=humongous(starts), HC=humongous(continues), CS=collection set, F=free, OA=open archive, CA=closed archive, TAMS=top-at-mark-start (previous, next)
|   0|0x00000000fc000000, 0x00000000fc100000, 0x00000000fc100000|100%| O|  |TAMS 0x00000000fc000000, 0x00000000fc000000| Untracked 
|   1|0x00000000fc100000, 0x00000000fc200000, 0x00000000fc200000|100%|HS|  |TAMS 0x00000000fc100000, 0x00000000fc100000| Complete 
|   2|0x00000000fc200000, 0x00000000fc300000, 0x00000000fc300000|100%|HC|  |TAMS 0x00000000fc200000, 0x00000000fc200000| Complete 
|   3|0x00000000fc300000, 0x00000000fc400000, 0x00000000fc400000|100%|HC|  |TAMS 0x00000000fc300000, 0x00000000fc300000| Complete 
|   4|0x00000000fc400000, 0x00000000fc500000, 0x00000000fc500000|100%|HC|  |TAMS 0x00000000fc400000, 0x00000000fc400000| Complete 
|   5|0x00000000fc500000, 0x00000000fc600000, 0x00000000fc600000|100%| O|  |TAMS 0x00000000fc500000, 0x00000000fc500000| Untracked 
|   6|0x00000000fc600000, 0x00000000fc700000, 0x00000000fc700000|100%| O|  |TAMS 0x00000000fc600000, 0x00000000fc600000| Untracked 
|   7|0x00000000fc700000, 0x00000000fc78f800, 0x00000000fc800000| 56%| O|  |TAMS 0x00000000fc700000, 0x00000000fc700000| Untracked 
|   8|0x00000000fc800000, 0x00000000fc800000, 0x00000000fc900000|  0%| F|  |TAMS 0x00000000fc800000, 0x00000000fc800000| Untracked 
|   9|0x00000000fc900000, 0x00000000fc900000, 0x00000000fca00000|  0%| F|  |TAMS 0x00000000fc900000, 0x00000000fc900000| Untracked 
|  10|0x00000000fca00000, 0x00000000fca00000, 0x00000000fcb00000|  0%| F|  |TAMS 0x00000000fca00000, 0x00000000fca00000| Untracked 
|  11|0x00000000fcb00000, 0x00000000fcb00000, 0x00000000fcc00000|  0%| F|  |TAMS 0x00000000fcb00000, 0x00000000fcb00000| Untracked 
|  12|0x00000000fcc00000, 0x00000000fcc00000, 0x00000000fcd00000|  0%| F|  |TAMS 0x00000000fcc00000, 0x00000000fcc00000| Untracked 
|  13|0x00000000fcd00000, 0x00000000fcd00000, 0x00000000fce00000|  0%| F|  |TAMS 0x00000000fcd00000, 0x00000000fcd00000| Untracked 
|  14|0x00000000fce00000, 0x00000000fce00000, 0x00000000fcf00000|  0%| F|  |TAMS 0x00000000fce00000, 0x00000000fce00000| Untracked 
|  15|0x00000000fcf00000, 0x00000000fcf00000, 0x00000000fd000000|  0%| F|  |TAMS 0x00000000fcf00000, 0x00000000fcf00000| Untracked 
|  16|0x00000000fd000000, 0x00000000fd000000, 0x00000000fd100000|  0%| F|  |TAMS 0x00000000fd000000, 0x00000000fd000000| Untracked 
|  17|0x00000000fd100000, 0x00000000fd100000, 0x00000000fd200000|  0%| F|  |TAMS 0x00000000fd100000, 0x00000000fd100000| Untracked 
|  18|0x00000000fd200000, 0x00000000fd200000, 0x00000000fd300000|  0%| F|  |TAMS 0x00000000fd200000, 0x00000000fd200000| Untracked 
|  19|0x00000000fd300000, 0x00000000fd300000, 0x00000000fd400000|  0%| F|  |TAMS 0x00000000fd300000, 0x00000000fd300000| Untracked 
|  20|0x00000000fd400000, 0x00000000fd400000, 0x00000000fd500000|  0%| F|  |TAMS 0x00000000fd400000, 0x00000000fd400000| Untracked 
|  21|0x00000000fd500000, 0x00000000fd500000, 0x00000000fd600000|  0%| F|  |TAMS 0x00000000fd500000, 0x00000000fd500000| Untracked 
|  22|0x00000000fd600000, 0x00000000fd600000, 0x00000000fd700000|  0%| F|  |TAMS 0x00000000fd600000, 0x00000000fd600000| Untracked 
|  23|0x00000000fd700000, 0x00000000fd700000, 0x00000000fd800000|  0%| F|  |TAMS 0x00000000fd700000, 0x00000000fd700000| Untracked 
|  24|0x00000000fd800000, 0x00000000fd800000, 0x00000000fd900000|  0%| F|  |TAMS 0x00000000fd800000, 0x00000000fd800000| Untracked 
|  25|0x00000000fd900000, 0x00000000fd900000, 0x00000000fda00000|  0%| F|  |TAMS 0x00000000fd900000, 0x00000000fd900000| Untracked 
|  26|0x00000000fda00000, 0x00000000fda00000, 0x00000000fdb00000|  0%| F|  |TAMS 0x00000000fda00000, 0x00000000fda00000| Untracked 
|  27|0x00000000fdb00000, 0x00000000fdb00000, 0x00000000fdc00000|  0%| F|  |TAMS 0x00000000fdb00000, 0x00000000fdb00000| Untracked 
|  28|0x00000000fdc00000, 0x00000000fdc00000, 0x00000000fdd00000|  0%| F|  |TAMS 0x00000000fdc00000, 0x00000000fdc00000| Untracked 
|  29|0x00000000fdd00000, 0x00000000fdd00000, 0x00000000fde00000|  0%| F|  |TAMS 0x00000000fdd00000, 0x00000000fdd00000| Untracked 
|  30|0x00000000fde00000, 0x00000000fde00000, 0x00000000fdf00000|  0%| F|  |TAMS 0x00000000fde00000, 0x00000000fde00000| Untracked 
|  31|0x00000000fdf00000, 0x00000000fdf00000, 0x00000000fe000000|  0%| F|  |TAMS 0x00000000fdf00000, 0x00000000fdf00000| Untracked 
|  32|0x00000000fe000000, 0x00000000fe000000, 0x00000000fe100000|  0%| F|  |TAMS 0x00000000fe000000, 0x00000000fe000000| Untracked 
|  33|0x00000000fe100000, 0x00000000fe100000, 0x00000000fe200000|  0%| F|  |TAMS 0x00000000fe100000, 0x00000000fe100000| Untracked 
|  34|0x00000000fe200000, 0x00000000fe200000, 0x00000000fe300000|  0%| F|  |TAMS 0x00000000fe200000, 0x00000000fe200000| Untracked 
|  35|0x00000000fe300000, 0x00000000fe300000, 0x00000000fe400000|  0%| F|  |TAMS 0x00000000fe300000, 0x00000000fe300000| Untracked 
|  36|0x00000000fe400000, 0x00000000fe400000, 0x00000000fe500000|  0%| F|  |TAMS 0x00000000fe400000, 0x00000000fe400000| Untracked 
|  37|0x00000000fe500000, 0x00000000fe500000, 0x00000000fe600000|  0%| F|  |TAMS 0x00000000fe500000, 0x00000000fe500000| Untracked 
|  38|0x00000000fe600000, 0x00000000fe600000, 0x00000000fe700000|  0%| F|  |TAMS 0x00000000fe600000, 0x00000000fe600000| Untracked 
|  39|0x00000000fe700000, 0x00000000fe700000, 0x00000000fe800000|  0%| F|  |TAMS 0x00000000fe700000, 0x00000000fe700000| Untracked 
|  40|0x00000000fe800000, 0x00000000fe800000, 0x00000000fe900000|  0%| F|  |TAMS 0x00000000fe800000, 0x00000000fe800000| Untracked 
|  41|0x00000000fe900000, 0x00000000fe900000, 0x00000000fea00000|  0%| F|  |TAMS 0x00000000fe900000, 0x00000000fe900000| Untracked 
|  42|0x00000000fea00000, 0x00000000fea00000, 0x00000000feb00000|  0%| F|  |TAMS 0x00000000fea00000, 0x00000000fea00000| Untracked 
|  43|0x00000000feb00000, 0x00000000fec00000, 0x00000000fec00000|100%| S|CS|TAMS 0x00000000feb00000, 0x00000000feb00000| Complete 
|  44|0x00000000fec00000, 0x00000000fed00000, 0x00000000fed00000|100%| S|CS|TAMS 0x00000000fec00000, 0x00000000fec00000| Complete 
|  45|0x00000000fed00000, 0x00000000fee00000, 0x00000000fee00000|100%| S|CS|TAMS 0x00000000fed00000, 0x00000000fed00000| Complete 
|  46|0x00000000fee00000, 0x00000000fee00000, 0x00000000fef00000|  0%| F|  |TAMS 0x00000000fee00000, 0x00000000fee00000| Untracked 
|  47|0x00000000fef00000, 0x00000000fef00000, 0x00000000ff000000|  0%| F|  |TAMS 0x00000000fef00000, 0x00000000fef00000| Untracked 
|  48|0x00000000ff000000, 0x00000000ff000000, 0x00000000ff100000|  0%| F|  |TAMS 0x00000000ff000000, 0x00000000ff000000| Untracked 
|  49|0x00000000ff100000, 0x00000000ff100000, 0x00000000ff200000|  0%| F|  |TAMS 0x00000000ff100000, 0x00000000ff100000| Untracked 
|  50|0x00000000ff200000, 0x00000000ff2ee4a8, 0x00000000ff300000| 93%| E|  |TAMS 0x00000000ff200000, 0x00000000ff200000| Complete 
|  51|0x00000000ff300000, 0x00000000ff400000, 0x00000000ff400000|100%| E|CS|TAMS 0x00000000ff300000, 0x00000000ff300000| Complete 
|  52|0x00000000ff400000, 0x00000000ff500000, 0x00000000ff500000|100%| E|CS|TAMS 0x00000000ff400000, 0x00000000ff400000| Complete 
|  53|0x00000000ff500000, 0x00000000ff600000, 0x00000000ff600000|100%| E|CS|TAMS 0x00000000ff500000, 0x00000000ff500000| Complete 
|  54|0x00000000ff600000, 0x00000000ff700000, 0x00000000ff700000|100%| E|CS|TAMS 0x00000000ff600000, 0x00000000ff600000| Complete 
|  55|0x00000000ff700000, 0x00000000ff800000, 0x00000000ff800000|100%| E|CS|TAMS 0x00000000ff700000, 0x00000000ff700000| Complete 
|  56|0x00000000ff800000, 0x00000000ff900000, 0x00000000ff900000|100%| E|CS|TAMS 0x00000000ff800000, 0x00000000ff800000| Complete 
|  57|0x00000000ff900000, 0x00000000ffa00000, 0x00000000ffa00000|100%| E|CS|TAMS 0x00000000ff900000, 0x00000000ff900000| Complete 
|  58|0x00000000ffa00000, 0x00000000ffb00000, 0x00000000ffb00000|100%| E|CS|TAMS 0x00000000ffa00000, 0x00000000ffa00000| Complete 
|  59|0x00000000ffb00000, 0x00000000ffc00000, 0x00000000ffc00000|100%| E|CS|TAMS 0x00000000ffb00000, 0x00000000ffb00000| Complete 
|  60|0x00000000ffc00000, 0x00000000ffd00000, 0x00000000ffd00000|100%| E|CS|TAMS 0x00000000ffc00000, 0x00000000ffc00000| Complete 
|  61|0x00000000ffd00000, 0x00000000ffe00000, 0x00000000ffe00000|100%| E|CS|TAMS 0x00000000ffd00000, 0x00000000ffd00000| Complete 
|  62|0x00000000ffe00000, 0x00000000fff00000, 0x00000000fff00000|100%| E|CS|TAMS 0x00000000ffe00000, 0x00000000ffe00000| Complete 
|  63|0x00000000fff00000, 0x0000000100000000, 0x0000000100000000|100%| E|CS|TAMS 0x00000000fff00000, 0x00000000fff00000| Complete 

Card table byte_map: [0x000001b9dc010000,0x000001b9dc030000] _byte_map_base: 0x000001b9db830000

Marking Bits (Prev, Next): (CMBitMap*) 0x000001b9de035a80, (CMBitMap*) 0x000001b9de035ac0
 Prev Bits: [0x000001b9dde30000, 0x000001b9ddf30000)
 Next Bits: [0x000001b9f48d0000, 0x000001b9f49d0000)

Polling page: 0x000001b9dbfc0000

Metaspace:

Usage:
  Non-class:      8.15 MB used.
      Class:      1.23 MB used.
       Both:      9.38 MB used.

Virtual space:
  Non-class space:       64.00 MB reserved,       8.25 MB ( 13%) committed,  1 nodes.
      Class space:        1.00 GB reserved,       1.31 MB ( <1%) committed,  1 nodes.
             Both:        1.06 GB reserved,       9.56 MB ( <1%) committed. 

Chunk freelists:
   Non-Class:  7.52 MB
       Class:  14.61 MB
        Both:  22.12 MB

MaxMetaspaceSize: unlimited
CompressedClassSpaceSize: 1.00 GB
Initial GC threshold: 21.00 MB
Current GC threshold: 21.00 MB
CDS: on
MetaspaceReclaimPolicy: balanced
 - commit_granule_bytes: 65536.
 - commit_granule_words: 8192.
 - virtual_space_node_default_size: 8388608.
 - enlarge_chunks_in_place: 1.
 - new_chunks_are_fully_committed: 0.
 - uncommit_free_chunks: 1.
 - use_allocation_guard: 0.
 - handle_deallocations: 1.


Internal statistics:

num_allocs_failed_limit: 0.
num_arena_births: 82.
num_arena_deaths: 0.
num_vsnodes_births: 2.
num_vsnodes_deaths: 0.
num_space_committed: 153.
num_space_uncommitted: 0.
num_chunks_returned_to_freelist: 0.
num_chunks_taken_from_freelist: 336.
num_chunk_merges: 0.
num_chunk_splits: 237.
num_chunks_enlarged: 200.
num_inconsistent_stats: 0.

CodeHeap 'non-profiled nmethods': size=120000Kb used=609Kb max_used=609Kb free=119390Kb
 bounds [0x000001b9ed3a0000, 0x000001b9ed610000, 0x000001b9f48d0000]
CodeHeap 'profiled nmethods': size=120000Kb used=3185Kb max_used=3185Kb free=116814Kb
 bounds [0x000001b9e58d0000, 0x000001b9e5bf0000, 0x000001b9ece00000]
CodeHeap 'non-nmethods': size=5760Kb used=1174Kb max_used=1199Kb free=4585Kb
 bounds [0x000001b9ece00000, 0x000001b9ed070000, 0x000001b9ed3a0000]
 total_blobs=2149 nmethods=1679 adapters=383
 compilation: enabled
              stopped_count=0, restarted_count=0
 full_count=0

Compilation events (20 events):
Event: 68.016 Thread 0x000001b9f6f2b310 1670       3       org.gradle.internal.logging.text.AbstractLineChoppingStyledTextOutput$2::execute (9 bytes)
Event: 68.016 Thread 0x000001b9f6f2b310 nmethod 1670 0x000001b9e5be8510 code [0x000001b9e5be86c0, 0x000001b9e5be88e8]
Event: 68.017 Thread 0x000001b9f6f2b310 1668       3       org.gradle.internal.logging.text.AbstractLineChoppingStyledTextOutput$SeenFromEol::none (13 bytes)
Event: 68.017 Thread 0x000001b9f6f2b310 nmethod 1668 0x000001b9e5be8990 code [0x000001b9e5be8b20, 0x000001b9e5be8c98]
Event: 68.017 Thread 0x000001b9f6f2b310 1667       3       org.gradle.internal.logging.text.AbstractLineChoppingStyledTextOutput$SeenFromEol::all (18 bytes)
Event: 68.018 Thread 0x000001b9f6f2b310 nmethod 1667 0x000001b9e5be8d10 code [0x000001b9e5be8ea0, 0x000001b9e5be9018]
Event: 68.018 Thread 0x000001b9f6f2b310 1671       3       org.gradle.internal.logging.text.AbstractLineChoppingStyledTextOutput$2::execute (77 bytes)
Event: 68.020 Thread 0x000001b9f6f2b310 nmethod 1671 0x000001b9e5be9110 code [0x000001b9e5be93c0, 0x000001b9e5be9ec8]
Event: 68.020 Thread 0x000001b9f6f2b310 1672       3       org.gradle.internal.logging.text.AbstractLineChoppingStyledTextOutput::access$900 (4 bytes)
Event: 68.020 Thread 0x000001b9f6f2b310 nmethod 1672 0x000001b9e5bea310 code [0x000001b9e5bea4a0, 0x000001b9e5bea598]
Event: 68.020 Thread 0x000001b9f6f2b310 1673       3       org.gradle.internal.logging.text.AbstractLineChoppingStyledTextOutput$StateContext::next (11 bytes)
Event: 68.021 Thread 0x000001b9f6f2b310 nmethod 1673 0x000001b9e5bea610 code [0x000001b9e5bea7a0, 0x000001b9e5bea8b8]
Event: 68.070 Thread 0x000001b9f6f2b310 1674       3       java.nio.Buffer::<init> (105 bytes)
Event: 68.071 Thread 0x000001b9f6f2b310 nmethod 1674 0x000001b9e5bea990 code [0x000001b9e5beac40, 0x000001b9e5beb7b8]
Event: 71.143 Thread 0x000001b9f6f298f0 1675       4       java.util.LinkedHashMap$LinkedHashIterator::hasNext (13 bytes)
Event: 71.144 Thread 0x000001b9f6f298f0 nmethod 1675 0x000001b9ed437a90 code [0x000001b9ed437c00, 0x000001b9ed437c98]
Event: 71.191 Thread 0x000001b9f6f2b310 1676       3       org.gradle.internal.logging.console.ProgressBar::trimToConsole (45 bytes)
Event: 71.192 Thread 0x000001b9f6f2b310 nmethod 1676 0x000001b9e5bebc10 code [0x000001b9e5bebde0, 0x000001b9e5bec168]
Event: 71.537 Thread 0x000001b9f6f298f0 1677       4       java.lang.System::getSecurityManager (12 bytes)
Event: 71.538 Thread 0x000001b9f6f298f0 nmethod 1677 0x000001b9ed437d90 code [0x000001b9ed437f00, 0x000001b9ed437f78]

GC Heap History (4 events):
Event: 0.853 GC heap before
{Heap before GC invocations=0 (full 0):
 garbage-first heap   total 65536K, used 12288K [0x00000000fc000000, 0x0000000100000000)
  region size 1024K, 13 young (13312K), 0 survivors (0K)
 Metaspace       used 1809K, committed 1920K, reserved 1114112K
  class space    used 167K, committed 192K, reserved 1048576K
}
Event: 0.861 GC heap after
{Heap after GC invocations=1 (full 0):
 garbage-first heap   total 65536K, used 2900K [0x00000000fc000000, 0x0000000100000000)
  region size 1024K, 2 young (2048K), 2 survivors (2048K)
 Metaspace       used 1809K, committed 1920K, reserved 1114112K
  class space    used 167K, committed 192K, reserved 1048576K
}
Event: 1.899 GC heap before
{Heap before GC invocations=1 (full 0):
 garbage-first heap   total 65536K, used 22356K [0x00000000fc000000, 0x0000000100000000)
  region size 1024K, 18 young (18432K), 2 survivors (2048K)
 Metaspace       used 5229K, committed 5440K, reserved 1114112K
  class space    used 691K, committed 768K, reserved 1048576K
}
Event: 1.908 GC heap after
{Heap after GC invocations=2 (full 0):
 garbage-first heap   total 65536K, used 10814K [0x00000000fc000000, 0x0000000100000000)
  region size 1024K, 3 young (3072K), 3 survivors (3072K)
 Metaspace       used 5229K, committed 5440K, reserved 1114112K
  class space    used 691K, committed 768K, reserved 1048576K
}

Deoptimization events (20 events):
Event: 2.188 Thread 0x000001b9de014b10 DEOPT UNPACKING pc=0x000001b9ece52b43 sp=0x0000004d5f8f9878 mode 0
Event: 3.230 Thread 0x000001b9de014b10 Uncommon trap: trap_request=0xffffff45 fr.pc=0x000001b9ed3d81a4 relative=0x0000000000000664
Event: 3.231 Thread 0x000001b9de014b10 Uncommon trap: reason=unstable_if action=reinterpret pc=0x000001b9ed3d81a4 method=java.lang.AbstractStringBuilder.append(Ljava/lang/String;)Ljava/lang/AbstractStringBuilder; @ 1 c2
Event: 3.231 Thread 0x000001b9de014b10 DEOPT PACKING pc=0x000001b9ed3d81a4 sp=0x0000004d5f8fc760
Event: 3.231 Thread 0x000001b9de014b10 DEOPT UNPACKING pc=0x000001b9ece523a3 sp=0x0000004d5f8fc6e0 mode 2
Event: 3.231 Thread 0x000001b9de014b10 Uncommon trap: trap_request=0xffffff45 fr.pc=0x000001b9ed3ebea4 relative=0x0000000000000664
Event: 3.231 Thread 0x000001b9de014b10 Uncommon trap: reason=unstable_if action=reinterpret pc=0x000001b9ed3ebea4 method=java.lang.AbstractStringBuilder.append(Ljava/lang/String;)Ljava/lang/AbstractStringBuilder; @ 1 c2
Event: 3.231 Thread 0x000001b9de014b10 DEOPT PACKING pc=0x000001b9ed3ebea4 sp=0x0000004d5f8fc700
Event: 3.231 Thread 0x000001b9de014b10 DEOPT UNPACKING pc=0x000001b9ece523a3 sp=0x0000004d5f8fc6e8 mode 2
Event: 3.465 Thread 0x000001b9de014b10 Uncommon trap: trap_request=0xffffff45 fr.pc=0x000001b9ed3f1a90 relative=0x0000000000000430
Event: 3.465 Thread 0x000001b9de014b10 Uncommon trap: reason=unstable_if action=reinterpret pc=0x000001b9ed3f1a90 method=java.util.regex.Matcher.match(II)Z @ 76 c2
Event: 3.465 Thread 0x000001b9de014b10 DEOPT PACKING pc=0x000001b9ed3f1a90 sp=0x0000004d5f8fba00
Event: 3.465 Thread 0x000001b9de014b10 DEOPT UNPACKING pc=0x000001b9ece523a3 sp=0x0000004d5f8fb9b8 mode 2
Event: 20.958 Thread 0x000001b9de014b10 Uncommon trap: trap_request=0xffffff45 fr.pc=0x000001b9ed42c9e4 relative=0x00000000000001c4
Event: 20.958 Thread 0x000001b9de014b10 Uncommon trap: reason=unstable_if action=reinterpret pc=0x000001b9ed42c9e4 method=com.esotericsoftware.kryo.io.Input.require(I)I @ 65 c2
Event: 20.958 Thread 0x000001b9de014b10 DEOPT PACKING pc=0x000001b9ed42c9e4 sp=0x0000004d5f8fc440
Event: 20.959 Thread 0x000001b9de014b10 DEOPT UNPACKING pc=0x000001b9ece523a3 sp=0x0000004d5f8fc3f0 mode 2
Event: 71.538 Thread 0x000001b9de014b10 Uncommon trap: trap_request=0xffffff45 fr.pc=0x000001b9ed43025c relative=0x000000000000053c
Event: 71.538 Thread 0x000001b9de014b10 Uncommon trap: reason=unstable_if action=reinterpret pc=0x000001b9ed43025c method=com.esotericsoftware.kryo.io.Input.readUtf8(I)V @ 79 c2
Event: 71.538 Thread 0x000001b9de014b10 DEOPT PACKING pc=0x000001b9ed43025c sp=0x0000004d5f8fc4b0

Classes unloaded (0 events):
No events

Classes redefined (0 events):
No events

Internal exceptions (20 events):
Event: 1.491 Thread 0x000001b9de014b10 Exception <a 'java/lang/NoSuchMethodError'{0x00000000ff667848}: 'void java.lang.invoke.DirectMethodHandle$Holder.invokeStatic(java.lang.Object, java.lang.Object)'> (0x00000000ff667848) 
thrown [s\open\src\hotspot\share\interpreter\linkResolver.cpp, line 759]
Event: 1.543 Thread 0x000001b9de014b10 Exception <a 'java/lang/NoClassDefFoundError'{0x00000000ff6eca60}: org/slf4j/impl/StaticMarkerBinder> (0x00000000ff6eca60) 
thrown [s\open\src\hotspot\share\classfile\systemDictionary.cpp, line 245]
Event: 1.587 Thread 0x000001b9de014b10 Exception <a 'java/lang/NoSuchMethodError'{0x00000000ff58eae0}: 'java.lang.Object java.lang.invoke.DirectMethodHandle$Holder.invokeVirtual(java.lang.Object, java.lang.Object, java.lang.Object, java.lang.Object, java.lang.Object, java.lang.Object, java.lang.Object)'> (0x00000000ff58eae0) 
thrown [s\open\src\hotspot\share\interpreter\linkResolver.cpp, line 759]
Event: 1.592 Thread 0x000001b9de014b10 Exception <a 'java/lang/NoSuchMethodError'{0x00000000ff5a02e0}: 'java.lang.Object java.lang.invoke.Invokers$Holder.invoker(java.lang.Object, java.lang.Object, java.lang.Object)'> (0x00000000ff5a02e0) 
thrown [s\open\src\hotspot\share\interpreter\linkResolver.cpp, line 759]
Event: 1.595 Thread 0x000001b9de014b10 Exception <a 'java/lang/NoSuchMethodError'{0x00000000ff5a9700}: 'java.lang.Object java.lang.invoke.DirectMethodHandle$Holder.invokeStatic(java.lang.Object, java.lang.Object, int)'> (0x00000000ff5a9700) 
thrown [s\open\src\hotspot\share\interpreter\linkResolver.cpp, line 759]
Event: 1.598 Thread 0x000001b9de014b10 Exception <a 'java/lang/NoSuchMethodError'{0x00000000ff5b53f0}: 'void java.lang.invoke.DelegatingMethodHandle$Holder.delegate(java.lang.Object, java.lang.Object, int, java.lang.Object)'> (0x00000000ff5b53f0) 
thrown [s\open\src\hotspot\share\interpreter\linkResolver.cpp, line 759]
Event: 1.599 Thread 0x000001b9de014b10 Exception <a 'java/lang/NoSuchMethodError'{0x00000000ff5b9538}: 'int java.lang.invoke.DirectMethodHandle$Holder.invokeSpecial(java.lang.Object, java.lang.Object, java.lang.Object)'> (0x00000000ff5b9538) 
thrown [s\open\src\hotspot\share\interpreter\linkResolver.cpp, line 759]
Event: 1.605 Thread 0x000001b9de014b10 Exception <a 'java/lang/NoSuchMethodError'{0x00000000ff5cc680}: 'java.lang.Object java.lang.invoke.Invokers$Holder.invokeExact_MT(java.lang.Object, java.lang.Object, java.lang.Object, java.lang.Object)'> (0x00000000ff5cc680) 
thrown [s\open\src\hotspot\share\interpreter\linkResolver.cpp, line 759]
Event: 1.976 Thread 0x000001b9de014b10 Exception <a 'java/lang/NoSuchMethodError'{0x00000000ffe7bcd8}: 'void java.lang.invoke.DirectMethodHandle$Holder.invokeSpecial(java.lang.Object, java.lang.Object, java.lang.Object)'> (0x00000000ffe7bcd8) 
thrown [s\open\src\hotspot\share\interpreter\linkResolver.cpp, line 759]
Event: 1.994 Thread 0x000001b9de014b10 Implicit null exception at 0x000001b9ed3f998f to 0x000001b9ed3f9ef0
Event: 1.994 Thread 0x000001b9de014b10 Implicit null exception at 0x000001b9ed3f218f to 0x000001b9ed3f26f8
Event: 1.995 Thread 0x000001b9de014b10 Implicit null exception at 0x000001b9ed3fe80f to 0x000001b9ed3fe889
Event: 2.059 Thread 0x000001b9de014b10 Exception <a 'java/lang/NoSuchMethodError'{0x00000000ffdda3e0}: 'java.lang.Object java.lang.invoke.DirectMethodHandle$Holder.invokeStaticInit(java.lang.Object)'> (0x00000000ffdda3e0) 
thrown [s\open\src\hotspot\share\interpreter\linkResolver.cpp, line 759]
Event: 2.125 Thread 0x000001b9de014b10 Exception <a 'java/lang/NoSuchMethodError'{0x00000000ffc744f8}: 'int java.lang.invoke.DirectMethodHandle$Holder.invokeVirtual(java.lang.Object, java.lang.Object, java.lang.Object)'> (0x00000000ffc744f8) 
thrown [s\open\src\hotspot\share\interpreter\linkResolver.cpp, line 759]
Event: 2.145 Thread 0x000001b9de014b10 Exception <a 'java/lang/NoSuchMethodError'{0x00000000ffcb6a80}: 'java.lang.Object java.lang.invoke.DirectMethodHandle$Holder.invokeVirtual(java.lang.Object, java.lang.Object, java.lang.Object)'> (0x00000000ffcb6a80) 
thrown [s\open\src\hotspot\share\interpreter\linkResolver.cpp, line 759]
Event: 2.366 Thread 0x000001b9de014b10 Exception <a 'java/lang/NoSuchMethodError'{0x00000000ff82c878}: 'java.lang.Object java.lang.invoke.DirectMethodHandle$Holder.invokeStaticInit(java.lang.Object, int, int, int, int)'> (0x00000000ff82c878) 
thrown [s\open\src\hotspot\share\interpreter\linkResolver.cpp, line 759]
Event: 2.681 Thread 0x000001b9de014b10 Exception <a 'java/lang/NoSuchMethodError'{0x00000000ff8784f8}: 'java.lang.Object java.lang.invoke.DirectMethodHandle$Holder.invokeStaticInit(java.lang.Object, java.lang.Object, int, int, int, int)'> (0x00000000ff8784f8) 
thrown [s\open\src\hotspot\share\interpreter\linkResolver.cpp, line 759]
Event: 3.184 Thread 0x000001b9de014b10 Exception <a 'java/lang/NoSuchMethodError'{0x00000000ff8a6f88}: 'void java.lang.invoke.DirectMethodHandle$Holder.invokeStatic(java.lang.Object, java.lang.Object, java.lang.Object)'> (0x00000000ff8a6f88) 
thrown [s\open\src\hotspot\share\interpreter\linkResolver.cpp, line 759]
Event: 3.230 Thread 0x000001b9de014b10 Implicit null exception at 0x000001b9ed3d7b72 to 0x000001b9ed3d818c
Event: 3.231 Thread 0x000001b9de014b10 Implicit null exception at 0x000001b9ed3eb872 to 0x000001b9ed3ebe8c

VM Operations (20 events):
Event: 30.939 Executing VM operation: Cleanup
Event: 30.939 Executing VM operation: Cleanup done
Event: 32.968 Executing VM operation: Cleanup
Event: 32.968 Executing VM operation: Cleanup done
Event: 41.037 Executing VM operation: Cleanup
Event: 41.037 Executing VM operation: Cleanup done
Event: 48.076 Executing VM operation: Cleanup
Event: 48.077 Executing VM operation: Cleanup done
Event: 49.091 Executing VM operation: Cleanup
Event: 49.091 Executing VM operation: Cleanup done
Event: 53.135 Executing VM operation: Cleanup
Event: 53.136 Executing VM operation: Cleanup done
Event: 60.029 Executing VM operation: HandshakeAllThreads
Event: 60.029 Executing VM operation: HandshakeAllThreads done
Event: 60.029 Executing VM operation: Cleanup
Event: 60.034 Executing VM operation: Cleanup done
Event: 68.088 Executing VM operation: Cleanup
Event: 68.088 Executing VM operation: Cleanup done
Event: 69.088 Executing VM operation: Cleanup
Event: 69.088 Executing VM operation: Cleanup done

Events (20 events):
Event: 67.294 loading class jdk/internal/logger/LazyLoggers$LazyLoggerFactories
Event: 67.294 loading class jdk/internal/logger/LazyLoggers$LazyLoggerFactories done
Event: 67.295 loading class jdk/internal/logger/LoggerFinderLoader
Event: 67.296 loading class jdk/internal/logger/LoggerFinderLoader done
Event: 67.296 loading class jdk/internal/logger/LoggerFinderLoader$TemporaryLoggerFinder
Event: 67.297 loading class jdk/internal/logger/LoggerFinderLoader$TemporaryLoggerFinder done
Event: 67.297 loading class sun/util/logging/internal/LoggingProviderImpl$JULWrapper
Event: 67.297 loading class sun/util/logging/PlatformLogger$ConfigurableBridge$LoggerConfiguration
Event: 67.298 loading class sun/util/logging/PlatformLogger$ConfigurableBridge$LoggerConfiguration done
Event: 67.298 loading class sun/util/logging/internal/LoggingProviderImpl$JULWrapper done
Event: 67.299 loading class java/io/ObjectInputFilter
Event: 67.299 loading class java/io/ObjectInputFilter done
Event: 67.300 loading class java/io/ObjectInputFilter$Config$BuiltinFilterFactory
Event: 67.300 loading class java/io/ObjectInputFilter$Config$BuiltinFilterFactory done
Event: 67.300 loading class jdk/internal/access/JavaObjectInputFilterAccess
Event: 67.301 loading class jdk/internal/access/JavaObjectInputFilterAccess done
Event: 67.301 loading class java/lang/System$Logger$Level
Event: 67.302 loading class java/lang/System$Logger$Level done
Event: 67.302 loading class java/io/Bits
Event: 67.303 loading class java/io/Bits done


Dynamic libraries:
0x00007ff60cd10000 - 0x00007ff60cd20000 	C:\Program Files\Java\jdk-17\bin\java.exe
0x00007ffc011d0000 - 0x00007ffc013e7000 	C:\Windows\SYSTEM32\ntdll.dll
0x00007ffc00940000 - 0x00007ffc00a04000 	C:\Windows\System32\KERNEL32.DLL
0x00007ffbfea10000 - 0x00007ffbfedbd000 	C:\Windows\System32\KERNELBASE.dll
0x00007ffbfedc0000 - 0x00007ffbfeed1000 	C:\Windows\System32\ucrtbase.dll
0x00007ffbe64d0000 - 0x00007ffbe64eb000 	C:\Program Files\Java\jdk-17\bin\VCRUNTIME140.dll
0x00007ffbe64f0000 - 0x00007ffbe6509000 	C:\Program Files\Java\jdk-17\bin\jli.dll
0x00007ffc00ce0000 - 0x00007ffc00d92000 	C:\Windows\System32\ADVAPI32.dll
0x00007ffc00de0000 - 0x00007ffc00e87000 	C:\Windows\System32\msvcrt.dll
0x00007ffbff430000 - 0x00007ffbff4d9000 	C:\Windows\System32\sechost.dll
0x00007ffbfeee0000 - 0x00007ffbfef08000 	C:\Windows\System32\bcrypt.dll
0x00007ffc01070000 - 0x00007ffc01184000 	C:\Windows\System32\RPCRT4.dll
0x00007ffbff070000 - 0x00007ffbff21e000 	C:\Windows\System32\USER32.dll
0x00007ffbfe500000 - 0x00007ffbfe526000 	C:\Windows\System32\win32u.dll
0x00007ffbff220000 - 0x00007ffbff249000 	C:\Windows\System32\GDI32.dll
0x00007ffbfe880000 - 0x00007ffbfe999000 	C:\Windows\System32\gdi32full.dll
0x00007ffbe7640000 - 0x00007ffbe78d3000 	C:\Windows\WinSxS\amd64_microsoft.windows.common-controls_6595b64144ccf1df_6.0.22621.3672_none_2713b9d173822955\COMCTL32.dll
0x00007ffbfe530000 - 0x00007ffbfe5ca000 	C:\Windows\System32\msvcp_win.dll
0x00007ffbf8dd0000 - 0x00007ffbf8dda000 	C:\Windows\SYSTEM32\VERSION.dll
0x00007ffc00da0000 - 0x00007ffc00dd1000 	C:\Windows\System32\IMM32.DLL
0x00007ffbe65e0000 - 0x00007ffbe65ec000 	C:\Program Files\Java\jdk-17\bin\vcruntime140_1.dll
0x00007ffbbbcd0000 - 0x00007ffbbbd5e000 	C:\Program Files\Java\jdk-17\bin\msvcp140.dll
0x00007ffb5f460000 - 0x00007ffb60040000 	C:\Program Files\Java\jdk-17\bin\server\jvm.dll
0x00007ffbff3d0000 - 0x00007ffbff3d8000 	C:\Windows\System32\PSAPI.DLL
0x00007ffbf4ff0000 - 0x00007ffbf4ff9000 	C:\Windows\SYSTEM32\WSOCK32.dll
0x00007ffbed280000 - 0x00007ffbed2b4000 	C:\Windows\SYSTEM32\WINMM.dll
0x00007ffc00a10000 - 0x00007ffc00a81000 	C:\Windows\System32\ws2_32.DLL
0x00007ffbfd4f0000 - 0x00007ffbfd508000 	C:\Windows\SYSTEM32\kernel.appcore.dll
0x00007ffbe5fc0000 - 0x00007ffbe5fca000 	C:\Program Files\Java\jdk-17\bin\jimage.dll
0x00007ffbebb60000 - 0x00007ffbebd92000 	C:\Windows\SYSTEM32\DBGHELP.DLL
0x00007ffc00540000 - 0x00007ffc008c8000 	C:\Windows\System32\combase.dll
0x00007ffbfef10000 - 0x00007ffbfefe7000 	C:\Windows\System32\OLEAUT32.dll
0x00007ffbe0d50000 - 0x00007ffbe0d82000 	C:\Windows\SYSTEM32\dbgcore.DLL
0x00007ffbfe5d0000 - 0x00007ffbfe64b000 	C:\Windows\System32\bcryptPrimitives.dll
0x00007ffbbbca0000 - 0x00007ffbbbcc5000 	C:\Program Files\Java\jdk-17\bin\java.dll
0x00007ffbaaef0000 - 0x00007ffbaafc7000 	C:\Program Files\Java\jdk-17\bin\jsvml.dll
0x00007ffbffce0000 - 0x00007ffc0053f000 	C:\Windows\System32\SHELL32.dll
0x00007ffbfc400000 - 0x00007ffbfccfc000 	C:\Windows\SYSTEM32\windows.storage.dll
0x00007ffbfc2c0000 - 0x00007ffbfc3ff000 	C:\Windows\SYSTEM32\wintypes.dll
0x00007ffc00f10000 - 0x00007ffc01004000 	C:\Windows\System32\SHCORE.dll
0x00007ffc008d0000 - 0x00007ffc0092e000 	C:\Windows\System32\shlwapi.dll
0x00007ffbfe430000 - 0x00007ffbfe451000 	C:\Windows\SYSTEM32\profapi.dll
0x00007ffbbb5c0000 - 0x00007ffbbb5d9000 	C:\Program Files\Java\jdk-17\bin\net.dll
0x00007ffbfac70000 - 0x00007ffbfada6000 	C:\Windows\SYSTEM32\WINHTTP.dll
0x00007ffbfd950000 - 0x00007ffbfd9b9000 	C:\Windows\system32\mswsock.dll
0x00007ffbbb5a0000 - 0x00007ffbbb5b6000 	C:\Program Files\Java\jdk-17\bin\nio.dll
0x00007ffbb8500000 - 0x00007ffbb8518000 	C:\Program Files\Java\jdk-17\bin\zip.dll
0x00007ffbe5f90000 - 0x00007ffbe5fa0000 	C:\Program Files\Java\jdk-17\bin\verify.dll
0x00007ffbd3870000 - 0x00007ffbd3897000 	C:\Users\Hp\.gradle\native\c067742578af261105cb4f569cf0c3c89f3d7b1fecec35dd04571415982c5e48\windows-amd64\native-platform.dll
0x00007ffbf8400000 - 0x00007ffbf840a000 	C:\Users\Hp\.gradle\native\jansi\1.18\windows64\jansi.dll
0x00007ffbe5a30000 - 0x00007ffbe5a3a000 	C:\Program Files\Java\jdk-17\bin\management.dll
0x00007ffbe59b0000 - 0x00007ffbe59bb000 	C:\Program Files\Java\jdk-17\bin\management_ext.dll
0x00007ffbfdca0000 - 0x00007ffbfdcbb000 	C:\Windows\SYSTEM32\CRYPTSP.dll
0x00007ffbfd450000 - 0x00007ffbfd485000 	C:\Windows\system32\rsaenh.dll
0x00007ffbfd9f0000 - 0x00007ffbfda18000 	C:\Windows\SYSTEM32\USERENV.dll
0x00007ffbfdc80000 - 0x00007ffbfdc8c000 	C:\Windows\SYSTEM32\CRYPTBASE.dll
0x00007ffbfcf60000 - 0x00007ffbfcf8d000 	C:\Windows\SYSTEM32\IPHLPAPI.DLL
0x00007ffbff590000 - 0x00007ffbff599000 	C:\Windows\System32\NSI.dll
0x00007ffbfab70000 - 0x00007ffbfab89000 	C:\Windows\SYSTEM32\dhcpcsvc6.DLL
0x00007ffbfab50000 - 0x00007ffbfab6f000 	C:\Windows\SYSTEM32\dhcpcsvc.DLL
0x00007ffbfcfd0000 - 0x00007ffbfd0c8000 	C:\Windows\SYSTEM32\DNSAPI.dll
0x00007ffbe6fa0000 - 0x00007ffbe6fae000 	C:\Program Files\Java\jdk-17\bin\sunmscapi.dll
0x00007ffbfe710000 - 0x00007ffbfe877000 	C:\Windows\System32\CRYPT32.dll
0x00007ffbfddc0000 - 0x00007ffbfddee000 	C:\Windows\SYSTEM32\ncrypt.dll
0x00007ffbfdd80000 - 0x00007ffbfddb7000 	C:\Windows\SYSTEM32\NTASN1.dll
0x00007ffbf8f20000 - 0x00007ffbf8f28000 	C:\Windows\system32\wshunix.dll

dbghelp: loaded successfully - version: 4.0.5 - missing functions: none
symbol engine: initialized successfully - sym options: 0x614 - pdb path: .;C:\Program Files\Java\jdk-17\bin;C:\Windows\SYSTEM32;C:\Windows\WinSxS\amd64_microsoft.windows.common-controls_6595b64144ccf1df_6.0.22621.3672_none_2713b9d173822955;C:\Program Files\Java\jdk-17\bin\server;C:\Users\Hp\.gradle\native\c067742578af261105cb4f569cf0c3c89f3d7b1fecec35dd04571415982c5e48\windows-amd64;C:\Users\Hp\.gradle\native\jansi\1.18\windows64

VM Arguments:
jvm_args: -Xmx64m -Xms64m -Dorg.gradle.appname=gradlew 
java_command: org.gradle.wrapper.GradleWrapperMain app:installDebug -PreactNativeDevServerPort=8081
java_class_path (initial): D:\reactnativeapp\myapp\android\\gradle\wrapper\gradle-wrapper.jar
Launcher Type: SUN_STANDARD

[Global flags]
     intx CICompilerCount                          = 3                                         {product} {ergonomic}
     uint ConcGCThreads                            = 1                                         {product} {ergonomic}
     uint G1ConcRefinementThreads                  = 4                                         {product} {ergonomic}
   size_t G1HeapRegionSize                         = 1048576                                   {product} {ergonomic}
    uintx GCDrainStackTargetSize                   = 64                                        {product} {ergonomic}
   size_t InitialHeapSize                          = 67108864                                  {product} {command line}
   size_t MarkStackSize                            = 4194304                                   {product} {ergonomic}
   size_t MaxHeapSize                              = 67108864                                  {product} {command line}
   size_t MaxNewSize                               = 39845888                                  {product} {ergonomic}
   size_t MinHeapDeltaBytes                        = 1048576                                   {product} {ergonomic}
   size_t MinHeapSize                              = 67108864                                  {product} {command line}
    uintx NonNMethodCodeHeapSize                   = 5832780                                {pd product} {ergonomic}
    uintx NonProfiledCodeHeapSize                  = 122912730                              {pd product} {ergonomic}
    uintx ProfiledCodeHeapSize                     = 122912730                              {pd product} {ergonomic}
    uintx ReservedCodeCacheSize                    = 251658240                              {pd product} {ergonomic}
     bool SegmentedCodeCache                       = true                                      {product} {ergonomic}
   size_t SoftMaxHeapSize                          = 67108864                               {manageable} {ergonomic}
     bool UseCompressedClassPointers               = true                           {product lp64_product} {ergonomic}
     bool UseCompressedOops                        = true                           {product lp64_product} {ergonomic}
     bool UseG1GC                                  = true                                      {product} {ergonomic}
     bool UseLargePagesIndividualAllocation        = false                                  {pd product} {ergonomic}

Logging:
Log output configuration:
 #0: stdout all=warning uptime,level,tags
 #1: stderr all=off uptime,level,tags

Environment Variables:
JAVA_HOME=C:\Program Files\Java\jdk-17
CLASSPATH=D:\reactnativeapp\myapp\android\\gradle\wrapper\gradle-wrapper.jar
PATH=D:\reactnativeapp\myapp\node_modules\.bin;D:\reactnativeapp\myapp\node_modules\.bin;D:\reactnativeapp\node_modules\.bin;D:\node_modules\.bin;C:\Users\Hp\AppData\Roaming\nvm\v22.3.0\node_modules\npm\node_modules\@npmcli\run-script\lib\node-gyp-bin;C:\Program Files\Common Files\Oracle\Java\javapath;C:\Windows\system32;C:\Windows;C:\Windows\System32\Wbem;C:\Windows\System32\WindowsPowerShell\v1.0\;C:\Windows\System32\OpenSSH\;C:\Users\Hp\AppData\Roaming\nvm;C:\Program Files\nodejs;C:\Program Files\nodejs;C:\Users\Hp\AppData\Local\Android\Sdk;C:\Program Files\MongoDB\Server\7.0\data;C:\Program Files\Java\jdk-17\bin;C:\Users\Hp\.gradle\daemon\8.6;D:\xamp\php;D:\ComposerSetup;C:\Users\Hp\AppData\Local\Android\Sdk\ndk;C:\Users\Hp\AppData\Local\Android\Sdk\tools;C:\Users\Hp\AppData\Local\Android\Sdk\tools;C:\Users\Hp\AppData\Local\Microsoft\WindowsApps;C:\Users\Hp\AppData\Roaming\nvm;C:\Program Files\nodejs;D:\miral\Microsoft VS Code\bin;C:\Program Files\Java\jdk-17\bin;C:\Users\Hp\.gradle\daemon\8.6;C:\Users\Hp\AppData\Roaming\Composer\vendor\bin;C:\Users\Hp\AppData\Local\Android\Sdk\platform-tools;C:\Users\Hp\AppData\Local\Android\Sdk\ndk;C:\Users\Hp\AppData\Local\Android\Sdk\cmake;
USERNAME=Hp
LANG=en_US.UTF-8
OS=Windows_NT
PROCESSOR_IDENTIFIER=Intel64 Family 6 Model 78 Stepping 3, GenuineIntel



---------------  S Y S T E M  ---------------

OS:
 Windows 11 , 64 bit Build 22621 (10.0.22621.3672)
OS uptime: 1 days 2:22 hours
Hyper-V role detected

CPU: total 4 (initial active 4) (2 cores per cpu, 2 threads per core) family 6 model 78 stepping 3 microcode 0xf0, cx8, cmov, fxsr, ht, mmx, 3dnowpref, sse, sse2, sse3, ssse3, sse4.1, sse4.2, popcnt, lzcnt, tsc, tscinvbit, avx, avx2, aes, erms, clmul, bmi1, bmi2, rtm, adx, fma, vzeroupper, clflush, clflushopt, hv

Memory: 4k page, system-wide physical 8070M (413M free)
TotalPageFile size 14187M (AvailPageFile size 7M)
current process WorkingSet (physical memory assigned to process): 84M, peak: 87M
current process commit charge ("private bytes"): 154M, peak: 157M

vm_info: Java HotSpot(TM) 64-Bit Server VM (17.0.11+7-LTS-207) for windows-amd64 JRE (17.0.11+7-LTS-207), built on Mar 11 2024 19:01:50 by "mach5one" with MS VC++ 17.6 (VS2022)

END.
