#
# There is insufficient memory for the Java Runtime Environment to continue.
# Native memory allocation (mmap) failed to map 134217728 bytes for G1 virtual space
# Possible reasons:
#   The system is out of physical RAM or swap space
#   The process is running with CompressedOops enabled, and the Java Heap may be blocking the growth of the native heap
# Possible solutions:
#   Reduce memory load on the system
#   Increase physical memory or swap space
#   Check if swap backing store is full
#   Decrease Java heap size (-Xmx/-Xms)
#   Decrease number of Java threads
#   Decrease Java thread stack sizes (-Xss)
#   Set larger code cache with -XX:ReservedCodeCacheSize=
#   JVM is running with Unscaled Compressed Oops mode in which the Java heap is
#     placed in the first 4GB address space. The Java Heap base address is the
#     maximum limit for the native heap growth. Please use -XX:HeapBaseMinAddress
#     to set the Java Heap base and to place the Java Heap above 4GB virtual address.
# This output file may be truncated or incomplete.
#
#  Out of Memory Error (os_windows.cpp:3548), pid=6080, tid=2604
#
# JRE version:  (17.0.11+7) (build )
# Java VM: Java HotSpot(TM) 64-Bit Server VM (17.0.11+7-LTS-207, mixed mode, sharing, tiered, compressed oops, compressed class ptrs, g1 gc, windows-amd64)
# No core dump will be written. Minidumps are not enabled by default on client versions of Windows
#

---------------  S U M M A R Y ------------

Command Line: org.jetbrains.kotlin.cli.jvm.K2JVMCompiler @D:\reactnativeapp\myapp\node_modules\react-native-gesture-handler\android\build\20240617_10208278807797041904.compiler.options

Host: Intel(R) Core(TM) i5-6300U CPU @ 2.40GHz, 4 cores, 7G,  Windows 11 , 64 bit Build 22621 (10.0.22621.3672)
Time: Mon Jun 17 22:27:38 2024 Pakistan Standard Time elapsed time: 0.040731 seconds (0d 0h 0m 0s)

---------------  T H R E A D  ---------------

Current thread (0x00000251371b5c60):  JavaThread "Unknown thread" [_thread_in_vm, id=2604, stack(0x00000069ff900000,0x00000069ffa00000)]

Stack: [0x00000069ff900000,0x00000069ffa00000]
Native frames: (J=compiled Java code, j=interpreted, Vv=VM code, C=native code)
V  [jvm.dll+0x679cca]
V  [jvm.dll+0x7da13d]
V  [jvm.dll+0x7dba83]
V  [jvm.dll+0x7dc0f3]
V  [jvm.dll+0x2449af]
V  [jvm.dll+0x676ce9]
V  [jvm.dll+0x66b852]
V  [jvm.dll+0x3018d6]
V  [jvm.dll+0x308e76]
V  [jvm.dll+0x3596ee]
V  [jvm.dll+0x35991f]
V  [jvm.dll+0x2d89a8]
V  [jvm.dll+0x2d9914]
V  [jvm.dll+0x7ac6b1]
V  [jvm.dll+0x366f61]
V  [jvm.dll+0x78b609]
V  [jvm.dll+0x3ec22f]
V  [jvm.dll+0x3ede61]
C  [jli.dll+0x5297]
C  [ucrtbase.dll+0x29333]
C  [KERNEL32.DLL+0x1257d]
C  [ntdll.dll+0x5af28]


---------------  P R O C E S S  ---------------

Threads class SMR info:
_java_thread_list=0x00007ffb3e4f7a18, length=0, elements={
}

Java Threads: ( => current thread )

Other Threads:
  0x000002513720dc10 GCTaskThread "GC Thread#0" [stack: 0x00000069ffa00000,0x00000069ffb00000] [id=8864]
  0x000002513721f7c0 ConcurrentGCThread "G1 Main Marker" [stack: 0x00000069ffb00000,0x00000069ffc00000] [id=7580]
  0x00000251372201d0 ConcurrentGCThread "G1 Conc#0" [stack: 0x00000069ffc00000,0x00000069ffd00000] [id=8720]

[error occurred during error reporting (printing all threads), id 0xc0000005, EXCEPTION_ACCESS_VIOLATION (0xc0000005) at pc=0x00007ffb3dd29497]

VM state: not at safepoint (not fully initialized)

VM Mutex/Monitor currently owned by a thread:  ([mutex/lock_event])
[0x00000251371b14e0] Heap_lock - owner thread: 0x00000251371b5c60

Heap address: 0x0000000081e00000, size: 2018 MB, Compressed Oops mode: 32-bit

CDS archive(s) mapped at: [0x0000000000000000-0x0000000000000000-0x0000000000000000), size 0, SharedBaseAddress: 0x0000000800000000, ArchiveRelocationMode: 1.
Narrow klass base: 0x0000000000000000, Narrow klass shift: 0, Narrow klass range: 0x0

GC Precious Log:
<Empty>

Heap:
 garbage-first heap   total 0K, used 0K [0x0000000081e00000, 0x0000000100000000)
  region size 1024K, 0 young (0K), 0 survivors (0K)

[error occurred during error reporting (printing heap information), id 0xc0000005, EXCEPTION_ACCESS_VIOLATION (0xc0000005) at pc=0x00007ffb3e113559]

GC Heap History (0 events):
No events

Deoptimization events (0 events):
No events

Classes unloaded (0 events):
No events

Classes redefined (0 events):
No events

Internal exceptions (0 events):
No events

VM Operations (0 events):
No events

Events (1 events):
Event: 0.021 Loaded shared library C:\Program Files\Java\jdk-17\bin\java.dll


Dynamic libraries:
0x00007ff6f9290000 - 0x00007ff6f92a0000 	C:\Program Files\Java\jdk-17\bin\java.exe
0x00007ffb8e370000 - 0x00007ffb8e587000 	C:\Windows\SYSTEM32\ntdll.dll
0x00007ffb8d500000 - 0x00007ffb8d5c4000 	C:\Windows\System32\KERNEL32.DLL
0x00007ffb8b970000 - 0x00007ffb8bd1c000 	C:\Windows\System32\KERNELBASE.dll
0x00007ffb8be70000 - 0x00007ffb8bf81000 	C:\Windows\System32\ucrtbase.dll
0x00007ffb78da0000 - 0x00007ffb78db9000 	C:\Program Files\Java\jdk-17\bin\jli.dll
0x00007ffb8cb50000 - 0x00007ffb8cc02000 	C:\Windows\System32\ADVAPI32.dll
0x00007ffb8caa0000 - 0x00007ffb8cb47000 	C:\Windows\System32\msvcrt.dll
0x00007ffb8c2b0000 - 0x00007ffb8c35a000 	C:\Windows\System32\sechost.dll
0x00007ffb8bd20000 - 0x00007ffb8bd48000 	C:\Windows\System32\bcrypt.dll
0x00007ffb8dee0000 - 0x00007ffb8dff5000 	C:\Windows\System32\RPCRT4.dll
0x00007ffb8dba0000 - 0x00007ffb8dd4e000 	C:\Windows\System32\USER32.dll
0x00007ffb8b760000 - 0x00007ffb8b786000 	C:\Windows\System32\win32u.dll
0x00007ffb8dd50000 - 0x00007ffb8dd79000 	C:\Windows\System32\GDI32.dll
0x00007ffb8bd50000 - 0x00007ffb8be69000 	C:\Windows\System32\gdi32full.dll
0x00007ffb8c010000 - 0x00007ffb8c0aa000 	C:\Windows\System32\msvcp_win.dll
0x00007ffb77620000 - 0x00007ffb778b3000 	C:\Windows\WinSxS\amd64_microsoft.windows.common-controls_6595b64144ccf1df_6.0.22621.3672_none_2713b9d173822955\COMCTL32.dll
0x00007ffb85fd0000 - 0x00007ffb85fda000 	C:\Windows\SYSTEM32\VERSION.dll
0x00007ffb7c280000 - 0x00007ffb7c29b000 	C:\Program Files\Java\jdk-17\bin\VCRUNTIME140.dll
0x00007ffb8c0b0000 - 0x00007ffb8c0e1000 	C:\Windows\System32\IMM32.DLL
0x00007ffb7de60000 - 0x00007ffb7de6c000 	C:\Program Files\Java\jdk-17\bin\vcruntime140_1.dll
0x00007ffb5b920000 - 0x00007ffb5b9ae000 	C:\Program Files\Java\jdk-17\bin\msvcp140.dll
0x00007ffb3da40000 - 0x00007ffb3e620000 	C:\Program Files\Java\jdk-17\bin\server\jvm.dll
0x00007ffb8e2c0000 - 0x00007ffb8e2c8000 	C:\Windows\System32\PSAPI.DLL
0x00007ffb68ea0000 - 0x00007ffb68ea9000 	C:\Windows\SYSTEM32\WSOCK32.dll
0x00007ffb8dd80000 - 0x00007ffb8ddf1000 	C:\Windows\System32\WS2_32.dll
0x00007ffb78d60000 - 0x00007ffb78d94000 	C:\Windows\SYSTEM32\WINMM.dll
0x00007ffb8a690000 - 0x00007ffb8a6a8000 	C:\Windows\SYSTEM32\kernel.appcore.dll
0x00007ffb7d9f0000 - 0x00007ffb7d9fa000 	C:\Program Files\Java\jdk-17\bin\jimage.dll
0x00007ffb78880000 - 0x00007ffb78ab2000 	C:\Windows\SYSTEM32\DBGHELP.DLL
0x00007ffb8d5d0000 - 0x00007ffb8d958000 	C:\Windows\System32\combase.dll
0x00007ffb8de00000 - 0x00007ffb8ded7000 	C:\Windows\System32\OLEAUT32.dll
0x00007ffb68390000 - 0x00007ffb683c2000 	C:\Windows\SYSTEM32\dbgcore.DLL
0x00007ffb8bf90000 - 0x00007ffb8c00b000 	C:\Windows\System32\bcryptPrimitives.dll
0x00007ffb77e40000 - 0x00007ffb77e65000 	C:\Program Files\Java\jdk-17\bin\java.dll

dbghelp: loaded successfully - version: 4.0.5 - missing functions: none
symbol engine: initialized successfully - sym options: 0x614 - pdb path: .;C:\Program Files\Java\jdk-17\bin;C:\Windows\SYSTEM32;C:\Windows\WinSxS\amd64_microsoft.windows.common-controls_6595b64144ccf1df_6.0.22621.3672_none_2713b9d173822955;C:\Program Files\Java\jdk-17\bin\server

VM Arguments:
java_command: org.jetbrains.kotlin.cli.jvm.K2JVMCompiler @D:\reactnativeapp\myapp\node_modules\react-native-gesture-handler\android\build\20240617_10208278807797041904.compiler.options
java_class_path (initial): C:\Users\Hp\.gradle\caches\modules-2\files-2.1\org.jetbrains.kotlin\kotlin-compiler-embeddable\1.9.22\9cd4dc7773cf2a99ecd961a88fbbc9a2da3fb5e1\kotlin-compiler-embeddable-1.9.22.jar;C:\Users\Hp\.gradle\caches\modules-2\files-2.1\org.jetbrains.kotlin\kotlin-stdlib\1.9.22\d6c44cd08d8f3f9bece8101216dbe6553365c6e3\kotlin-stdlib-1.9.22.jar;C:\Users\Hp\.gradle\caches\modules-2\files-2.1\org.jetbrains.kotlin\kotlin-script-runtime\1.9.22\f8139a46fc677ec9badc49ae954392f4f5e7e7c7\kotlin-script-runtime-1.9.22.jar;C:\Users\Hp\.gradle\caches\modules-2\files-2.1\org.jetbrains.kotlin\kotlin-reflect\1.6.10\1cbe9c92c12a94eea200d23c2bbaedaf3daf5132\kotlin-reflect-1.6.10.jar;C:\Users\Hp\.gradle\caches\modules-2\files-2.1\org.jetbrains.kotlin\kotlin-daemon-embeddable\1.9.22\20e2c5df715f3240c765cfc222530e2796542021\kotlin-daemon-embeddable-1.9.22.jar;C:\Users\Hp\.gradle\caches\modules-2\files-2.1\org.jetbrains.intellij.deps\trove4j\1.0.20200330\3afb14d5f9ceb459d724e907a21145e8ff394f02\trove4j-1.0.20200330.jar;C:\Users\Hp\.gradle\caches\modules-2\files-2.1\org.jetbrains\annotations\13.0\919f0dfe192fb4e063e7dacadee7f8bb9a2672a9\annotations-13.0.jar
Launcher Type: SUN_STANDARD

[Global flags]
     intx CICompilerCount                          = 3                                         {product} {ergonomic}
     uint ConcGCThreads                            = 1                                         {product} {ergonomic}
     uint G1ConcRefinementThreads                  = 4                                         {product} {ergonomic}
   size_t G1HeapRegionSize                         = 1048576                                   {product} {ergonomic}
    uintx GCDrainStackTargetSize                   = 64                                        {product} {ergonomic}
   size_t InitialHeapSize                          = 134217728                                 {product} {ergonomic}
   size_t MarkStackSize                            = 4194304                                   {product} {ergonomic}
   size_t MaxHeapSize                              = 2116026368                                {product} {ergonomic}
   size_t MinHeapDeltaBytes                        = 1048576                                   {product} {ergonomic}
   size_t MinHeapSize                              = 8388608                                   {product} {ergonomic}
    uintx NonNMethodCodeHeapSize                   = 5832780                                {pd product} {ergonomic}
    uintx NonProfiledCodeHeapSize                  = 122912730                              {pd product} {ergonomic}
    uintx ProfiledCodeHeapSize                     = 122912730                              {pd product} {ergonomic}
    uintx ReservedCodeCacheSize                    = 251658240                              {pd product} {ergonomic}
     bool SegmentedCodeCache                       = true                                      {product} {ergonomic}
   size_t SoftMaxHeapSize                          = 2116026368                             {manageable} {ergonomic}
     bool UseCompressedClassPointers               = true                           {product lp64_product} {ergonomic}
     bool UseCompressedOops                        = true                           {product lp64_product} {ergonomic}
     bool UseG1GC                                  = true                                      {product} {ergonomic}
     bool UseLargePagesIndividualAllocation        = false                                  {pd product} {ergonomic}

Logging:
Log output configuration:
 #0: stdout all=warning uptime,level,tags
 #1: stderr all=off uptime,level,tags

Environment Variables:
JAVA_HOME=C:\Program Files\Java\jdk-17
CLASSPATH=D:\reactnativeapp\myapp\android\\gradle\wrapper\gradle-wrapper.jar
PATH=D:\reactnativeapp\myapp\node_modules\.bin;D:\reactnativeapp\myapp\node_modules\.bin;D:\reactnativeapp\node_modules\.bin;D:\node_modules\.bin;C:\Users\Hp\AppData\Roaming\nvm\v22.3.0\node_modules\npm\node_modules\@npmcli\run-script\lib\node-gyp-bin;C:\Program Files\Common Files\Oracle\Java\javapath;C:\Windows\system32;C:\Windows;C:\Windows\System32\Wbem;C:\Windows\System32\WindowsPowerShell\v1.0\;C:\Windows\System32\OpenSSH\;C:\Users\Hp\AppData\Roaming\nvm;C:\Program Files\nodejs;C:\Program Files\nodejs;C:\Users\Hp\AppData\Local\Android\Sdk;C:\Program Files\MongoDB\Server\7.0\data;C:\Program Files\Java\jdk-17\bin;C:\Users\Hp\.gradle\daemon\8.6;C:\Users\Hp\AppData\Local\Android\Sdk\tools;C:\Users\Hp\AppData\Local\Android\Sdk\tools;C:\Users\Hp\AppData\Local\Microsoft\WindowsApps;C:\Users\Hp\AppData\Roaming\nvm;C:\Program Files\nodejs;C:\Users\Hp\AppData\Local\Android\Sdk\platform-tools;D:\miral\Microsoft VS Code\bin;C:\Program Files\Java\jdk-17\bin;C:\Users\Hp\.gradle\daemon\8.6;
USERNAME=Hp
LANG=en_US.UTF-8
OS=Windows_NT
PROCESSOR_IDENTIFIER=Intel64 Family 6 Model 78 Stepping 3, GenuineIntel



---------------  S Y S T E M  ---------------

OS:
 Windows 11 , 64 bit Build 22621 (10.0.22621.3672)
OS uptime: 0 days 4:27 hours
Hyper-V role detected

CPU: total 4 (initial active 4) (2 cores per cpu, 2 threads per core) family 6 model 78 stepping 3 microcode 0xf0, cx8, cmov, fxsr, ht, mmx, 3dnowpref, sse, sse2, sse3, ssse3, sse4.1, sse4.2, popcnt, lzcnt, tsc, tscinvbit, avx, avx2, aes, erms, clmul, bmi1, bmi2, rtm, adx, fma, vzeroupper, clflush, clflushopt, hv

Memory: 4k page, system-wide physical 8070M (427M free)
TotalPageFile size 10138M (AvailPageFile size 119M)
current process WorkingSet (physical memory assigned to process): 11M, peak: 11M
current process commit charge ("private bytes"): 52M, peak: 179M

vm_info: Java HotSpot(TM) 64-Bit Server VM (17.0.11+7-LTS-207) for windows-amd64 JRE (17.0.11+7-LTS-207), built on Mar 11 2024 19:01:50 by "mach5one" with MS VC++ 17.6 (VS2022)

END.
