#
# There is insufficient memory for the Java Runtime Environment to continue.
# Native memory allocation (malloc) failed to allocate 372336 bytes for Chunk::new
# Possible reasons:
#   The system is out of physical RAM or swap space
#   The process is running with CompressedOops enabled, and the Java Heap may be blocking the growth of the native heap
# Possible solutions:
#   Reduce memory load on the system
#   Increase physical memory or swap space
#   Check if swap backing store is full
#   Decrease Java heap size (-Xmx/-Xms)
#   Decrease number of Java threads
#   Decrease Java thread stack sizes (-Xss)
#   Set larger code cache with -XX:ReservedCodeCacheSize=
#   JVM is running with Unscaled Compressed Oops mode in which the Java heap is
#     placed in the first 4GB address space. The Java Heap base address is the
#     maximum limit for the native heap growth. Please use -XX:HeapBaseMinAddress
#     to set the Java Heap base and to place the Java Heap above 4GB virtual address.
# This output file may be truncated or incomplete.
#
#  Out of Memory Error (arena.cpp:189), pid=13596, tid=2892
#
# JRE version: Java(TM) SE Runtime Environment (17.0.11+7) (build 17.0.11+7-LTS-207)
# Java VM: Java HotSpot(TM) 64-Bit Server VM (17.0.11+7-LTS-207, mixed mode, sharing, tiered, compressed oops, compressed class ptrs, g1 gc, windows-amd64)
# No core dump will be written. Minidumps are not enabled by default on client versions of Windows
#

---------------  S U M M A R Y ------------

Command Line: -Xmx64m -Xms64m -Dorg.gradle.appname=gradlew org.gradle.wrapper.GradleWrapperMain app:installDebug -PreactNativeDevServerPort=8081

Host: Intel(R) Core(TM) i5-6300U CPU @ 2.40GHz, 4 cores, 7G,  Windows 11 , 64 bit Build 22621 (10.0.22621.3672)
Time: Thu Jul 25 21:31:41 2024 Pakistan Standard Time elapsed time: 188.685903 seconds (0d 0h 3m 8s)

---------------  T H R E A D  ---------------

Current thread (0x00000235541723d0):  JavaThread "C2 CompilerThread0" daemon [_thread_in_native, id=2892, stack(0x000000c782100000,0x000000c782200000)]


Current CompileTask:
C2: 188686 1798   !   4       java.util.concurrent.ConcurrentHashMap::transfer (849 bytes)

Stack: [0x000000c782100000,0x000000c782200000]
Native frames: (J=compiled Java code, j=interpreted, Vv=VM code, C=native code)
V  [jvm.dll+0x679cca]
V  [jvm.dll+0x7da13d]
V  [jvm.dll+0x7dba83]
V  [jvm.dll+0x7dc0f3]
V  [jvm.dll+0x2449af]
V  [jvm.dll+0xab83b]
V  [jvm.dll+0xabe1c]
V  [jvm.dll+0x36155f]
V  [jvm.dll+0x32bd61]
V  [jvm.dll+0x32b1fa]
V  [jvm.dll+0x2161df]
V  [jvm.dll+0x21560f]
V  [jvm.dll+0x1a2040]
V  [jvm.dll+0x225a2b]
V  [jvm.dll+0x223bcb]
V  [jvm.dll+0x7903ec]
V  [jvm.dll+0x78a85a]
V  [jvm.dll+0x678bb5]
C  [ucrtbase.dll+0x29333]
C  [KERNEL32.DLL+0x1257d]
C  [ntdll.dll+0x5af28]


---------------  P R O C E S S  ---------------

Threads class SMR info:
_java_thread_list=0x000002359a3b3fb0, length=14, elements={
0x00000235392d64f0, 0x00000235541560c0, 0x0000023554156e50, 0x000002355416ca90,
0x000002355416e570, 0x0000023554170e50, 0x0000023554171720, 0x00000235541723d0,
0x0000023554176db0, 0x00000235541acda0, 0x00000235543a7a70, 0x00000235543b0210,
0x0000023554d5c1f0, 0x0000023554d5d120
}

Java Threads: ( => current thread )
  0x00000235392d64f0 JavaThread "main" [_thread_in_vm, id=14212, stack(0x000000c781400000,0x000000c781500000)]
  0x00000235541560c0 JavaThread "Reference Handler" daemon [_thread_blocked, id=18624, stack(0x000000c781b00000,0x000000c781c00000)]
  0x0000023554156e50 JavaThread "Finalizer" daemon [_thread_blocked, id=15740, stack(0x000000c781c00000,0x000000c781d00000)]
  0x000002355416ca90 JavaThread "Signal Dispatcher" daemon [_thread_blocked, id=14268, stack(0x000000c781d00000,0x000000c781e00000)]
  0x000002355416e570 JavaThread "Attach Listener" daemon [_thread_blocked, id=6148, stack(0x000000c781e00000,0x000000c781f00000)]
  0x0000023554170e50 JavaThread "Service Thread" daemon [_thread_blocked, id=10620, stack(0x000000c781f00000,0x000000c782000000)]
  0x0000023554171720 JavaThread "Monitor Deflation Thread" daemon [_thread_blocked, id=9168, stack(0x000000c782000000,0x000000c782100000)]
=>0x00000235541723d0 JavaThread "C2 CompilerThread0" daemon [_thread_in_native, id=2892, stack(0x000000c782100000,0x000000c782200000)]
  0x0000023554176db0 JavaThread "C1 CompilerThread0" daemon [_thread_blocked, id=19028, stack(0x000000c782200000,0x000000c782300000)]
  0x00000235541acda0 JavaThread "Sweeper thread" daemon [_thread_blocked, id=5808, stack(0x000000c782300000,0x000000c782400000)]
  0x00000235543a7a70 JavaThread "Notification Thread" daemon [_thread_blocked, id=6672, stack(0x000000c782400000,0x000000c782500000)]
  0x00000235543b0210 JavaThread "Common-Cleaner" daemon [_thread_blocked, id=6096, stack(0x000000c782600000,0x000000c782700000)]
  0x0000023554d5c1f0 JavaThread "pool-1-thread-1" [_thread_blocked, id=11648, stack(0x000000c782a00000,0x000000c782b00000)]
  0x0000023554d5d120 JavaThread "DisconnectableInputStream source reader" daemon [_thread_in_native, id=19896, stack(0x000000c782c00000,0x000000c782d00000)]

Other Threads:
  0x000002355414ff00 VMThread "VM Thread" [stack: 0x000000c781a00000,0x000000c781b00000] [id=5824]
  0x00000235543aff80 WatcherThread [stack: 0x000000c782500000,0x000000c782600000] [id=13564]
  0x00000235392f70a0 GCTaskThread "GC Thread#0" [stack: 0x000000c781500000,0x000000c781600000] [id=4328]
  0x00000235545713e0 GCTaskThread "GC Thread#1" [stack: 0x000000c782700000,0x000000c782800000] [id=18568]
  0x000002355488ccf0 GCTaskThread "GC Thread#2" [stack: 0x000000c782800000,0x000000c782900000] [id=12588]
  0x000002355476ec10 GCTaskThread "GC Thread#3" [stack: 0x000000c782900000,0x000000c782a00000] [id=7380]
  0x00000235392f8700 ConcurrentGCThread "G1 Main Marker" [stack: 0x000000c781600000,0x000000c781700000] [id=13508]
  0x00000235392f9020 ConcurrentGCThread "G1 Conc#0" [stack: 0x000000c781700000,0x000000c781800000] [id=10168]
  0x0000023539344cb0 ConcurrentGCThread "G1 Refine#0" [stack: 0x000000c781800000,0x000000c781900000] [id=612]
  0x00000235393455f0 ConcurrentGCThread "G1 Service" [stack: 0x000000c781900000,0x000000c781a00000] [id=13740]

Threads with active compile tasks:
C2 CompilerThread0   188789 1798   !   4       java.util.concurrent.ConcurrentHashMap::transfer (849 bytes)

VM state: not at safepoint (normal execution)

VM Mutex/Monitor currently owned by a thread:  ([mutex/lock_event])
[0x00000235392d2ed0] VMOperation_lock - owner thread: 0x00000235392d64f0
[0x00000235392d2150] Compile_lock - owner thread: 0x00000235392d64f0

Heap address: 0x00000000fc000000, size: 64 MB, Compressed Oops mode: 32-bit

CDS archive(s) mapped at: [0x0000023555000000-0x0000023555bd0000-0x0000023555bd0000), size 12386304, SharedBaseAddress: 0x0000023555000000, ArchiveRelocationMode: 1.
Compressed class space mapped at: 0x0000023556000000-0x0000023596000000, reserved size: 1073741824
Narrow klass base: 0x0000023555000000, Narrow klass shift: 0, Narrow klass range: 0x100000000

GC Precious Log:
 CPUs: 4 total, 4 available
 Memory: 8070M
 Large Page Support: Disabled
 NUMA Support: Disabled
 Compressed Oops: Enabled (32-bit)
 Heap Region Size: 1M
 Heap Min Capacity: 64M
 Heap Initial Capacity: 64M
 Heap Max Capacity: 64M
 Pre-touch: Disabled
 Parallel Workers: 4
 Concurrent Workers: 1
 Concurrent Refinement Workers: 4
 Periodic GC: Disabled

Heap:
 garbage-first heap   total 65536K, used 29554K [0x00000000fc000000, 0x0000000100000000)
  region size 1024K, 22 young (22528K), 3 survivors (3072K)
 Metaspace       used 9941K, committed 10112K, reserved 1114112K
  class space    used 1297K, committed 1344K, reserved 1048576K

Heap Regions: E=young(eden), S=young(survivor), O=old, HS=humongous(starts), HC=humongous(continues), CS=collection set, F=free, OA=open archive, CA=closed archive, TAMS=top-at-mark-start (previous, next)
|   0|0x00000000fc000000, 0x00000000fc100000, 0x00000000fc100000|100%| O|  |TAMS 0x00000000fc000000, 0x00000000fc000000| Untracked 
|   1|0x00000000fc100000, 0x00000000fc200000, 0x00000000fc200000|100%|HS|  |TAMS 0x00000000fc100000, 0x00000000fc100000| Complete 
|   2|0x00000000fc200000, 0x00000000fc300000, 0x00000000fc300000|100%|HC|  |TAMS 0x00000000fc200000, 0x00000000fc200000| Complete 
|   3|0x00000000fc300000, 0x00000000fc400000, 0x00000000fc400000|100%|HC|  |TAMS 0x00000000fc300000, 0x00000000fc300000| Complete 
|   4|0x00000000fc400000, 0x00000000fc500000, 0x00000000fc500000|100%|HC|  |TAMS 0x00000000fc400000, 0x00000000fc400000| Complete 
|   5|0x00000000fc500000, 0x00000000fc600000, 0x00000000fc600000|100%| O|  |TAMS 0x00000000fc500000, 0x00000000fc500000| Untracked 
|   6|0x00000000fc600000, 0x00000000fc700000, 0x00000000fc700000|100%| O|  |TAMS 0x00000000fc600000, 0x00000000fc600000| Untracked 
|   7|0x00000000fc700000, 0x00000000fc7dca00, 0x00000000fc800000| 86%| O|  |TAMS 0x00000000fc700000, 0x00000000fc700000| Untracked 
|   8|0x00000000fc800000, 0x00000000fc800000, 0x00000000fc900000|  0%| F|  |TAMS 0x00000000fc800000, 0x00000000fc800000| Untracked 
|   9|0x00000000fc900000, 0x00000000fc900000, 0x00000000fca00000|  0%| F|  |TAMS 0x00000000fc900000, 0x00000000fc900000| Untracked 
|  10|0x00000000fca00000, 0x00000000fca00000, 0x00000000fcb00000|  0%| F|  |TAMS 0x00000000fca00000, 0x00000000fca00000| Untracked 
|  11|0x00000000fcb00000, 0x00000000fcb00000, 0x00000000fcc00000|  0%| F|  |TAMS 0x00000000fcb00000, 0x00000000fcb00000| Untracked 
|  12|0x00000000fcc00000, 0x00000000fcc00000, 0x00000000fcd00000|  0%| F|  |TAMS 0x00000000fcc00000, 0x00000000fcc00000| Untracked 
|  13|0x00000000fcd00000, 0x00000000fcd00000, 0x00000000fce00000|  0%| F|  |TAMS 0x00000000fcd00000, 0x00000000fcd00000| Untracked 
|  14|0x00000000fce00000, 0x00000000fce00000, 0x00000000fcf00000|  0%| F|  |TAMS 0x00000000fce00000, 0x00000000fce00000| Untracked 
|  15|0x00000000fcf00000, 0x00000000fcf00000, 0x00000000fd000000|  0%| F|  |TAMS 0x00000000fcf00000, 0x00000000fcf00000| Untracked 
|  16|0x00000000fd000000, 0x00000000fd000000, 0x00000000fd100000|  0%| F|  |TAMS 0x00000000fd000000, 0x00000000fd000000| Untracked 
|  17|0x00000000fd100000, 0x00000000fd100000, 0x00000000fd200000|  0%| F|  |TAMS 0x00000000fd100000, 0x00000000fd100000| Untracked 
|  18|0x00000000fd200000, 0x00000000fd200000, 0x00000000fd300000|  0%| F|  |TAMS 0x00000000fd200000, 0x00000000fd200000| Untracked 
|  19|0x00000000fd300000, 0x00000000fd300000, 0x00000000fd400000|  0%| F|  |TAMS 0x00000000fd300000, 0x00000000fd300000| Untracked 
|  20|0x00000000fd400000, 0x00000000fd400000, 0x00000000fd500000|  0%| F|  |TAMS 0x00000000fd400000, 0x00000000fd400000| Untracked 
|  21|0x00000000fd500000, 0x00000000fd500000, 0x00000000fd600000|  0%| F|  |TAMS 0x00000000fd500000, 0x00000000fd500000| Untracked 
|  22|0x00000000fd600000, 0x00000000fd600000, 0x00000000fd700000|  0%| F|  |TAMS 0x00000000fd600000, 0x00000000fd600000| Untracked 
|  23|0x00000000fd700000, 0x00000000fd700000, 0x00000000fd800000|  0%| F|  |TAMS 0x00000000fd700000, 0x00000000fd700000| Untracked 
|  24|0x00000000fd800000, 0x00000000fd800000, 0x00000000fd900000|  0%| F|  |TAMS 0x00000000fd800000, 0x00000000fd800000| Untracked 
|  25|0x00000000fd900000, 0x00000000fd900000, 0x00000000fda00000|  0%| F|  |TAMS 0x00000000fd900000, 0x00000000fd900000| Untracked 
|  26|0x00000000fda00000, 0x00000000fda00000, 0x00000000fdb00000|  0%| F|  |TAMS 0x00000000fda00000, 0x00000000fda00000| Untracked 
|  27|0x00000000fdb00000, 0x00000000fdb00000, 0x00000000fdc00000|  0%| F|  |TAMS 0x00000000fdb00000, 0x00000000fdb00000| Untracked 
|  28|0x00000000fdc00000, 0x00000000fdc00000, 0x00000000fdd00000|  0%| F|  |TAMS 0x00000000fdc00000, 0x00000000fdc00000| Untracked 
|  29|0x00000000fdd00000, 0x00000000fdd00000, 0x00000000fde00000|  0%| F|  |TAMS 0x00000000fdd00000, 0x00000000fdd00000| Untracked 
|  30|0x00000000fde00000, 0x00000000fde00000, 0x00000000fdf00000|  0%| F|  |TAMS 0x00000000fde00000, 0x00000000fde00000| Untracked 
|  31|0x00000000fdf00000, 0x00000000fdf00000, 0x00000000fe000000|  0%| F|  |TAMS 0x00000000fdf00000, 0x00000000fdf00000| Untracked 
|  32|0x00000000fe000000, 0x00000000fe000000, 0x00000000fe100000|  0%| F|  |TAMS 0x00000000fe000000, 0x00000000fe000000| Untracked 
|  33|0x00000000fe100000, 0x00000000fe100000, 0x00000000fe200000|  0%| F|  |TAMS 0x00000000fe100000, 0x00000000fe100000| Untracked 
|  34|0x00000000fe200000, 0x00000000fe200000, 0x00000000fe300000|  0%| F|  |TAMS 0x00000000fe200000, 0x00000000fe200000| Untracked 
|  35|0x00000000fe300000, 0x00000000fe300000, 0x00000000fe400000|  0%| F|  |TAMS 0x00000000fe300000, 0x00000000fe300000| Untracked 
|  36|0x00000000fe400000, 0x00000000fe400000, 0x00000000fe500000|  0%| F|  |TAMS 0x00000000fe400000, 0x00000000fe400000| Untracked 
|  37|0x00000000fe500000, 0x00000000fe500000, 0x00000000fe600000|  0%| F|  |TAMS 0x00000000fe500000, 0x00000000fe500000| Untracked 
|  38|0x00000000fe600000, 0x00000000fe600000, 0x00000000fe700000|  0%| F|  |TAMS 0x00000000fe600000, 0x00000000fe600000| Untracked 
|  39|0x00000000fe700000, 0x00000000fe700000, 0x00000000fe800000|  0%| F|  |TAMS 0x00000000fe700000, 0x00000000fe700000| Untracked 
|  40|0x00000000fe800000, 0x00000000fe800000, 0x00000000fe900000|  0%| F|  |TAMS 0x00000000fe800000, 0x00000000fe800000| Untracked 
|  41|0x00000000fe900000, 0x00000000fe900000, 0x00000000fea00000|  0%| F|  |TAMS 0x00000000fe900000, 0x00000000fe900000| Untracked 
|  42|0x00000000fea00000, 0x00000000fea61438, 0x00000000feb00000| 37%| E|  |TAMS 0x00000000fea00000, 0x00000000fea00000| Complete 
|  43|0x00000000feb00000, 0x00000000fec00000, 0x00000000fec00000|100%| E|CS|TAMS 0x00000000feb00000, 0x00000000feb00000| Complete 
|  44|0x00000000fec00000, 0x00000000fed00000, 0x00000000fed00000|100%| S|CS|TAMS 0x00000000fec00000, 0x00000000fec00000| Complete 
|  45|0x00000000fed00000, 0x00000000fee00000, 0x00000000fee00000|100%| S|CS|TAMS 0x00000000fed00000, 0x00000000fed00000| Complete 
|  46|0x00000000fee00000, 0x00000000fef00000, 0x00000000fef00000|100%| S|CS|TAMS 0x00000000fee00000, 0x00000000fee00000| Complete 
|  47|0x00000000fef00000, 0x00000000ff000000, 0x00000000ff000000|100%| E|CS|TAMS 0x00000000fef00000, 0x00000000fef00000| Complete 
|  48|0x00000000ff000000, 0x00000000ff100000, 0x00000000ff100000|100%| E|CS|TAMS 0x00000000ff000000, 0x00000000ff000000| Complete 
|  49|0x00000000ff100000, 0x00000000ff200000, 0x00000000ff200000|100%| E|CS|TAMS 0x00000000ff100000, 0x00000000ff100000| Complete 
|  50|0x00000000ff200000, 0x00000000ff300000, 0x00000000ff300000|100%| E|CS|TAMS 0x00000000ff200000, 0x00000000ff200000| Complete 
|  51|0x00000000ff300000, 0x00000000ff400000, 0x00000000ff400000|100%| E|CS|TAMS 0x00000000ff300000, 0x00000000ff300000| Complete 
|  52|0x00000000ff400000, 0x00000000ff500000, 0x00000000ff500000|100%| E|CS|TAMS 0x00000000ff400000, 0x00000000ff400000| Complete 
|  53|0x00000000ff500000, 0x00000000ff600000, 0x00000000ff600000|100%| E|CS|TAMS 0x00000000ff500000, 0x00000000ff500000| Complete 
|  54|0x00000000ff600000, 0x00000000ff700000, 0x00000000ff700000|100%| E|CS|TAMS 0x00000000ff600000, 0x00000000ff600000| Complete 
|  55|0x00000000ff700000, 0x00000000ff800000, 0x00000000ff800000|100%| E|CS|TAMS 0x00000000ff700000, 0x00000000ff700000| Complete 
|  56|0x00000000ff800000, 0x00000000ff900000, 0x00000000ff900000|100%| E|CS|TAMS 0x00000000ff800000, 0x00000000ff800000| Complete 
|  57|0x00000000ff900000, 0x00000000ffa00000, 0x00000000ffa00000|100%| E|CS|TAMS 0x00000000ff900000, 0x00000000ff900000| Complete 
|  58|0x00000000ffa00000, 0x00000000ffb00000, 0x00000000ffb00000|100%| E|CS|TAMS 0x00000000ffa00000, 0x00000000ffa00000| Complete 
|  59|0x00000000ffb00000, 0x00000000ffc00000, 0x00000000ffc00000|100%| E|CS|TAMS 0x00000000ffb00000, 0x00000000ffb00000| Complete 
|  60|0x00000000ffc00000, 0x00000000ffd00000, 0x00000000ffd00000|100%| E|CS|TAMS 0x00000000ffc00000, 0x00000000ffc00000| Complete 
|  61|0x00000000ffd00000, 0x00000000ffe00000, 0x00000000ffe00000|100%| E|CS|TAMS 0x00000000ffd00000, 0x00000000ffd00000| Complete 
|  62|0x00000000ffe00000, 0x00000000fff00000, 0x00000000fff00000|100%| E|CS|TAMS 0x00000000ffe00000, 0x00000000ffe00000| Complete 
|  63|0x00000000fff00000, 0x0000000100000000, 0x0000000100000000|100%| E|CS|TAMS 0x00000000fff00000, 0x00000000fff00000| Complete 

Card table byte_map: [0x00000235519c0000,0x00000235519e0000] _byte_map_base: 0x00000235511e0000

Marking Bits (Prev, Next): (CMBitMap*) 0x00000235392f75d0, (CMBitMap*) 0x00000235392f7610
 Prev Bits: [0x0000023551a00000, 0x0000023551b00000)
 Next Bits: [0x0000023551b00000, 0x0000023551c00000)

Polling page: 0x00000235393a0000

Metaspace:

Usage:
  Non-class:      8.45 MB used.
      Class:      1.27 MB used.
       Both:      9.72 MB used.

Virtual space:
  Non-class space:       64.00 MB reserved,       8.56 MB ( 13%) committed,  1 nodes.
      Class space:        1.00 GB reserved,       1.31 MB ( <1%) committed,  1 nodes.
             Both:        1.06 GB reserved,       9.88 MB ( <1%) committed. 

Chunk freelists:
   Non-Class:  6.58 MB
       Class:  14.57 MB
        Both:  21.14 MB

MaxMetaspaceSize: unlimited
CompressedClassSpaceSize: 1.00 GB
Initial GC threshold: 21.00 MB
Current GC threshold: 21.00 MB
CDS: on
MetaspaceReclaimPolicy: balanced
 - commit_granule_bytes: 65536.
 - commit_granule_words: 8192.
 - virtual_space_node_default_size: 8388608.
 - enlarge_chunks_in_place: 1.
 - new_chunks_are_fully_committed: 0.
 - uncommit_free_chunks: 1.
 - use_allocation_guard: 0.
 - handle_deallocations: 1.


Internal statistics:

num_allocs_failed_limit: 0.
num_arena_births: 98.
num_arena_deaths: 0.
num_vsnodes_births: 2.
num_vsnodes_deaths: 0.
num_space_committed: 158.
num_space_uncommitted: 0.
num_chunks_returned_to_freelist: 0.
num_chunks_taken_from_freelist: 370.
num_chunk_merges: 0.
num_chunk_splits: 243.
num_chunks_enlarged: 197.
num_inconsistent_stats: 0.

CodeHeap 'non-profiled nmethods': size=120000Kb used=676Kb max_used=676Kb free=119323Kb
 bounds [0x0000023549e50000, 0x000002354a0c0000, 0x0000023551380000]
CodeHeap 'profiled nmethods': size=120000Kb used=3558Kb max_used=3558Kb free=116441Kb
 bounds [0x0000023542380000, 0x0000023542700000, 0x00000235498b0000]
CodeHeap 'non-nmethods': size=5760Kb used=1178Kb max_used=1199Kb free=4581Kb
 bounds [0x00000235498b0000, 0x0000023549b20000, 0x0000023549e50000]
 total_blobs=2284 nmethods=1808 adapters=389
 compilation: enabled
              stopped_count=0, restarted_count=0
 full_count=0

Compilation events (20 events):
Event: 144.641 Thread 0x0000023554176db0 nmethod 1795 0x00000235426f6190 code [0x00000235426f6340, 0x00000235426f6688]
Event: 154.437 Thread 0x00000235541723d0 1796       4       java.util.LinkedHashMap$LinkedValueIterator::next (8 bytes)
Event: 154.443 Thread 0x00000235541723d0 nmethod 1796 0x0000023549ef7e90 code [0x0000023549ef8000, 0x0000023549ef8298]
Event: 182.632 Thread 0x00000235541723d0 1797       4       java.util.concurrent.ScheduledThreadPoolExecutor::canRunInCurrentRunState (61 bytes)
Event: 182.635 Thread 0x00000235541723d0 nmethod 1797 0x0000023549ef8390 code [0x0000023549ef8500, 0x0000023549ef85b8]
Event: 188.637 Thread 0x00000235541723d0 1798   !   4       java.util.concurrent.ConcurrentHashMap::transfer (849 bytes)
Event: 188.639 Thread 0x0000023554176db0 1799       3       org.gradle.internal.logging.text.AbstractLineChoppingStyledTextOutput$1::execute (9 bytes)
Event: 188.639 Thread 0x0000023554176db0 nmethod 1799 0x00000235426f6790 code [0x00000235426f6940, 0x00000235426f6b68]
Event: 188.650 Thread 0x0000023554176db0 1801       1       java.util.LinkedList::size (5 bytes)
Event: 188.650 Thread 0x0000023554176db0 nmethod 1801 0x0000023549ef8690 code [0x0000023549ef8820, 0x0000023549ef88f8]
Event: 188.657 Thread 0x0000023554176db0 1802       3       java.lang.invoke.MethodHandleNatives::findMethodHandleType (7 bytes)
Event: 188.657 Thread 0x0000023554176db0 nmethod 1802 0x00000235426f6c10 code [0x00000235426f6da0, 0x00000235426f6ec8]
Event: 188.657 Thread 0x0000023554176db0 1803       3       jdk.internal.org.objectweb.asm.MethodWriter::visitTypeInsn (116 bytes)
Event: 188.658 Thread 0x0000023554176db0 nmethod 1803 0x00000235426f6f90 code [0x00000235426f7180, 0x00000235426f7588]
Event: 188.658 Thread 0x0000023554176db0 1805       3       java.lang.invoke.LambdaForm::forceInterpretation (14 bytes)
Event: 188.659 Thread 0x0000023554176db0 nmethod 1805 0x00000235426f7790 code [0x00000235426f7920, 0x00000235426f7a98]
Event: 188.664 Thread 0x0000023554176db0 1806       3       java.lang.invoke.MemberName::isMethod (8 bytes)
Event: 188.664 Thread 0x0000023554176db0 nmethod 1806 0x00000235426f7b10 code [0x00000235426f7cc0, 0x00000235426f7ef8]
Event: 188.682 Thread 0x0000023554176db0 1808       3       java.lang.invoke.MethodHandleNatives::refKindHasReceiver (33 bytes)
Event: 188.682 Thread 0x0000023554176db0 nmethod 1808 0x00000235426f8010 code [0x00000235426f81a0, 0x00000235426f82f8]

GC Heap History (4 events):
Event: 1.836 GC heap before
{Heap before GC invocations=0 (full 0):
 garbage-first heap   total 65536K, used 12288K [0x00000000fc000000, 0x0000000100000000)
  region size 1024K, 13 young (13312K), 0 survivors (0K)
 Metaspace       used 1814K, committed 1920K, reserved 1114112K
  class space    used 166K, committed 192K, reserved 1048576K
}
Event: 1.851 GC heap after
{Heap after GC invocations=1 (full 0):
 garbage-first heap   total 65536K, used 2903K [0x00000000fc000000, 0x0000000100000000)
  region size 1024K, 2 young (2048K), 2 survivors (2048K)
 Metaspace       used 1814K, committed 1920K, reserved 1114112K
  class space    used 166K, committed 192K, reserved 1048576K
}
Event: 3.693 GC heap before
{Heap before GC invocations=1 (full 0):
 garbage-first heap   total 65536K, used 21335K [0x00000000fc000000, 0x0000000100000000)
  region size 1024K, 17 young (17408K), 2 survivors (2048K)
 Metaspace       used 5021K, committed 5248K, reserved 1114112K
  class space    used 667K, committed 768K, reserved 1048576K
}
Event: 3.702 GC heap after
{Heap after GC invocations=2 (full 0):
 garbage-first heap   total 65536K, used 11122K [0x00000000fc000000, 0x0000000100000000)
  region size 1024K, 3 young (3072K), 3 survivors (3072K)
 Metaspace       used 5021K, committed 5248K, reserved 1114112K
  class space    used 667K, committed 768K, reserved 1048576K
}

Deoptimization events (20 events):
Event: 188.626 Thread 0x00000235392d64f0 DEOPT PACKING pc=0x0000023549ef6068 sp=0x000000c7814fc6d0
Event: 188.626 Thread 0x00000235392d64f0 DEOPT UNPACKING pc=0x00000235499023a3 sp=0x000000c7814fc538 mode 2
Event: 188.637 Thread 0x00000235392d64f0 DEOPT PACKING pc=0x0000023542634ac9 sp=0x000000c7814fbb80
Event: 188.637 Thread 0x00000235392d64f0 DEOPT UNPACKING pc=0x0000023549902b43 sp=0x000000c7814fb090 mode 0
Event: 188.639 Thread 0x0000023554d5c1f0 Uncommon trap: trap_request=0xffffff45 fr.pc=0x0000023549ef0550 relative=0x0000000000000550
Event: 188.639 Thread 0x0000023554d5c1f0 Uncommon trap: reason=unstable_if action=reinterpret pc=0x0000023549ef0550 method=org.gradle.internal.logging.text.AbstractLineChoppingStyledTextOutput$2.execute(Lorg/gradle/internal/logging/text/AbstractLineChoppingStyledTextOutput$StateContext;)V @ 34 c
Event: 188.639 Thread 0x0000023554d5c1f0 DEOPT PACKING pc=0x0000023549ef0550 sp=0x000000c782afec10
Event: 188.639 Thread 0x0000023554d5c1f0 DEOPT UNPACKING pc=0x00000235499023a3 sp=0x000000c782afea98 mode 2
Event: 188.649 Thread 0x00000235392d64f0 DEOPT PACKING pc=0x00000235425e5256 sp=0x000000c7814fc2f0
Event: 188.649 Thread 0x00000235392d64f0 DEOPT UNPACKING pc=0x0000023549902b43 sp=0x000000c7814fb790 mode 0
Event: 188.650 Thread 0x00000235392d64f0 DEOPT PACKING pc=0x00000235425e5256 sp=0x000000c7814fc2f0
Event: 188.650 Thread 0x00000235392d64f0 DEOPT UNPACKING pc=0x0000023549902b43 sp=0x000000c7814fb790 mode 0
Event: 188.650 Thread 0x00000235392d64f0 DEOPT PACKING pc=0x00000235425e5256 sp=0x000000c7814fc2f0
Event: 188.650 Thread 0x00000235392d64f0 DEOPT UNPACKING pc=0x0000023549902b43 sp=0x000000c7814fb790 mode 0
Event: 188.651 Thread 0x00000235392d64f0 DEOPT PACKING pc=0x00000235425e5256 sp=0x000000c7814fc2f0
Event: 188.651 Thread 0x00000235392d64f0 DEOPT UNPACKING pc=0x0000023549902b43 sp=0x000000c7814fb790 mode 0
Event: 188.669 Thread 0x00000235392d64f0 Uncommon trap: trap_request=0xffffff45 fr.pc=0x0000023549ecdb74 relative=0x00000000000001d4
Event: 188.669 Thread 0x00000235392d64f0 Uncommon trap: reason=unstable_if action=reinterpret pc=0x0000023549ecdb74 method=java.net.URI$Parser.scan(IILjava/lang/String;)I @ 26 c2
Event: 188.669 Thread 0x00000235392d64f0 DEOPT PACKING pc=0x0000023549ecdb74 sp=0x000000c7814fc5e0
Event: 188.669 Thread 0x00000235392d64f0 DEOPT UNPACKING pc=0x00000235499023a3 sp=0x000000c7814fc570 mode 2

Classes unloaded (0 events):
No events

Classes redefined (0 events):
No events

Internal exceptions (20 events):
Event: 3.245 Thread 0x00000235392d64f0 Exception <a 'java/lang/NoSuchMethodError'{0x00000000ff5cd318}: 'void java.lang.invoke.DelegatingMethodHandle$Holder.delegate(java.lang.Object, java.lang.Object, int, java.lang.Object)'> (0x00000000ff5cd318) 
thrown [s\open\src\hotspot\share\interpreter\linkResolver.cpp, line 759]
Event: 3.247 Thread 0x00000235392d64f0 Exception <a 'java/lang/NoSuchMethodError'{0x00000000ff5d1460}: 'int java.lang.invoke.DirectMethodHandle$Holder.invokeSpecial(java.lang.Object, java.lang.Object, java.lang.Object)'> (0x00000000ff5d1460) 
thrown [s\open\src\hotspot\share\interpreter\linkResolver.cpp, line 759]
Event: 3.254 Thread 0x00000235392d64f0 Exception <a 'java/lang/NoSuchMethodError'{0x00000000ff5e4818}: 'java.lang.Object java.lang.invoke.Invokers$Holder.invokeExact_MT(java.lang.Object, java.lang.Object, java.lang.Object, java.lang.Object)'> (0x00000000ff5e4818) 
thrown [s\open\src\hotspot\share\interpreter\linkResolver.cpp, line 759]
Event: 3.825 Thread 0x00000235392d64f0 Exception <a 'java/lang/NoSuchMethodError'{0x00000000ffe4e5d0}: 'void java.lang.invoke.DirectMethodHandle$Holder.invokeSpecial(java.lang.Object, java.lang.Object, java.lang.Object)'> (0x00000000ffe4e5d0) 
thrown [s\open\src\hotspot\share\interpreter\linkResolver.cpp, line 759]
Event: 3.870 Thread 0x00000235392d64f0 Implicit null exception at 0x0000023549eaca8f to 0x0000023549ead004
Event: 3.870 Thread 0x00000235392d64f0 Implicit null exception at 0x0000023549e9240f to 0x0000023549e9298c
Event: 4.034 Thread 0x00000235392d64f0 Exception <a 'java/lang/NoSuchMethodError'{0x00000000ffdaa778}: 'java.lang.Object java.lang.invoke.DirectMethodHandle$Holder.invokeStaticInit(java.lang.Object)'> (0x00000000ffdaa778) 
thrown [s\open\src\hotspot\share\interpreter\linkResolver.cpp, line 759]
Event: 4.159 Thread 0x00000235392d64f0 Exception <a 'java/lang/NoSuchMethodError'{0x00000000ffc44e38}: 'int java.lang.invoke.DirectMethodHandle$Holder.invokeVirtual(java.lang.Object, java.lang.Object, java.lang.Object)'> (0x00000000ffc44e38) 
thrown [s\open\src\hotspot\share\interpreter\linkResolver.cpp, line 759]
Event: 4.183 Thread 0x00000235392d64f0 Exception <a 'java/lang/NoSuchMethodError'{0x00000000ffca7c90}: 'java.lang.Object java.lang.invoke.DirectMethodHandle$Holder.invokeVirtual(java.lang.Object, java.lang.Object, java.lang.Object)'> (0x00000000ffca7c90) 
thrown [s\open\src\hotspot\share\interpreter\linkResolver.cpp, line 759]
Event: 4.597 Thread 0x00000235392d64f0 Exception <a 'java/lang/NoSuchMethodError'{0x00000000ff8227f0}: 'java.lang.Object java.lang.invoke.DirectMethodHandle$Holder.invokeStaticInit(java.lang.Object, int, int, int, int)'> (0x00000000ff8227f0) 
thrown [s\open\src\hotspot\share\interpreter\linkResolver.cpp, line 759]
Event: 5.551 Thread 0x00000235392d64f0 Exception <a 'java/lang/NoSuchMethodError'{0x00000000ff85f300}: 'java.lang.Object java.lang.invoke.DirectMethodHandle$Holder.invokeStaticInit(java.lang.Object, java.lang.Object, int, int, int, int)'> (0x00000000ff85f300) 
thrown [s\open\src\hotspot\share\interpreter\linkResolver.cpp, line 759]
Event: 6.715 Thread 0x00000235392d64f0 Exception <a 'java/lang/NoSuchMethodError'{0x00000000ff88e000}: 'void java.lang.invoke.DirectMethodHandle$Holder.invokeStatic(java.lang.Object, java.lang.Object, java.lang.Object)'> (0x00000000ff88e000) 
thrown [s\open\src\hotspot\share\interpreter\linkResolver.cpp, line 759]
Event: 7.239 Thread 0x0000023554d5c700 Exception <a 'java/lang/NoSuchMethodError'{0x00000000ff26db08}: 'void java.lang.invoke.DirectMethodHandle$Holder.invokeStatic(java.lang.Object, long)'> (0x00000000ff26db08) 
thrown [s\open\src\hotspot\share\interpreter\linkResolver.cpp, line 759]
Event: 7.243 Thread 0x0000023554d5c700 Exception <a 'java/lang/NoSuchMethodError'{0x00000000ff273460}: 'java.lang.Object java.lang.invoke.DirectMethodHandle$Holder.newInvokeSpecial(java.lang.Object, long)'> (0x00000000ff273460) 
thrown [s\open\src\hotspot\share\interpreter\linkResolver.cpp, line 759]
Event: 7.261 Thread 0x0000023554d5c700 Exception <a 'java/lang/NoSuchMethodError'{0x00000000ff27e008}: 'java.lang.Object java.lang.invoke.DirectMethodHandle$Holder.invokeStaticInit(java.lang.Object, java.lang.Object, long, java.lang.Object)'> (0x00000000ff27e008) 
thrown [s\open\src\hotspot\share\interpreter\linkResolver.cpp, line 759]
Event: 7.262 Thread 0x0000023554d5c700 Exception <a 'java/lang/NoSuchMethodError'{0x00000000ff284690}: 'java.lang.Object java.lang.invoke.DirectMethodHandle$Holder.newInvokeSpecial(java.lang.Object, java.lang.Object, long)'> (0x00000000ff284690) 
thrown [s\open\src\hotspot\share\interpreter\linkResolver.cpp, line 759]
Event: 7.263 Thread 0x0000023554d5c700 Exception <a 'java/lang/NoSuchMethodError'{0x00000000ff288980}: 'java.lang.Object java.lang.invoke.Invokers$Holder.linkToTargetMethod(java.lang.Object, long, java.lang.Object)'> (0x00000000ff288980) 
thrown [s\open\src\hotspot\share\interpreter\linkResolver.cpp, line 759]
Event: 188.626 Thread 0x00000235392d64f0 Exception <a 'sun/net/ConnectionResetException'{0x00000000feb6fd40}: Connection reset> (0x00000000feb6fd40) 
thrown [s\open\src\hotspot\share\prims\jni.cpp, line 535]
Event: 188.658 Thread 0x00000235392d64f0 Exception <a 'java/lang/NoSuchMethodError'{0x00000000febe33f8}: 'int java.lang.invoke.DirectMethodHandle$Holder.invokeVirtual(java.lang.Object, java.lang.Object)'> (0x00000000febe33f8) 
thrown [s\open\src\hotspot\share\interpreter\linkResolver.cpp, line 759]
Event: 188.671 Thread 0x0000023554d5a8a0 Exception <a 'java/io/IOException'{0x00000000fef629c8}: Connection reset by peer> (0x00000000fef629c8) 
thrown [s\open\src\hotspot\share\prims\jni.cpp, line 535]

VM Operations (20 events):
Event: 129.502 Executing VM operation: Cleanup
Event: 129.502 Executing VM operation: Cleanup done
Event: 130.507 Executing VM operation: Cleanup
Event: 130.507 Executing VM operation: Cleanup done
Event: 133.536 Executing VM operation: Cleanup
Event: 133.536 Executing VM operation: Cleanup done
Event: 134.536 Executing VM operation: Cleanup
Event: 134.537 Executing VM operation: Cleanup done
Event: 138.558 Executing VM operation: Cleanup
Event: 138.559 Executing VM operation: Cleanup done
Event: 139.574 Executing VM operation: Cleanup
Event: 139.574 Executing VM operation: Cleanup done
Event: 143.619 Executing VM operation: Cleanup
Event: 143.619 Executing VM operation: Cleanup done
Event: 154.734 Executing VM operation: Cleanup
Event: 154.734 Executing VM operation: Cleanup done
Event: 160.776 Executing VM operation: Cleanup
Event: 160.776 Executing VM operation: Cleanup done
Event: 180.673 Executing VM operation: HandshakeAllThreads
Event: 180.674 Executing VM operation: HandshakeAllThreads done

Events (20 events):
Event: 138.510 loading class jdk/internal/logger/LoggerFinderLoader$TemporaryLoggerFinder done
Event: 138.510 loading class sun/util/logging/internal/LoggingProviderImpl$JULWrapper
Event: 138.511 loading class sun/util/logging/PlatformLogger$ConfigurableBridge$LoggerConfiguration
Event: 138.511 loading class sun/util/logging/PlatformLogger$ConfigurableBridge$LoggerConfiguration done
Event: 138.511 loading class sun/util/logging/internal/LoggingProviderImpl$JULWrapper done
Event: 138.512 loading class java/io/ObjectInputFilter
Event: 138.512 loading class java/io/ObjectInputFilter done
Event: 138.513 loading class java/io/ObjectInputFilter$Config$BuiltinFilterFactory
Event: 138.513 loading class java/io/ObjectInputFilter$Config$BuiltinFilterFactory done
Event: 138.514 loading class jdk/internal/access/JavaObjectInputFilterAccess
Event: 138.514 loading class jdk/internal/access/JavaObjectInputFilterAccess done
Event: 138.514 loading class java/lang/System$Logger$Level
Event: 138.515 loading class java/lang/System$Logger$Level done
Event: 138.515 loading class java/io/Bits
Event: 138.516 loading class java/io/Bits done
Event: 188.625 loading class sun/net/ConnectionResetException
Event: 188.625 loading class sun/net/ConnectionResetException done
Event: 188.672 Thread 0x0000023554d5a8a0 Thread exited: 0x0000023554d5a8a0
Event: 188.681 loading class java/util/concurrent/ConcurrentLinkedQueue$Itr
Event: 188.681 loading class java/util/concurrent/ConcurrentLinkedQueue$Itr done


Dynamic libraries:
0x00007ff7a4470000 - 0x00007ff7a4480000 	C:\Program Files\Java\jdk-17\bin\java.exe
0x00007fffa28f0000 - 0x00007fffa2b07000 	C:\Windows\SYSTEM32\ntdll.dll
0x00007fffa1c10000 - 0x00007fffa1cd4000 	C:\Windows\System32\KERNEL32.DLL
0x00007fff9fdf0000 - 0x00007fffa019d000 	C:\Windows\System32\KERNELBASE.dll
0x00007fffa03e0000 - 0x00007fffa04f1000 	C:\Windows\System32\ucrtbase.dll
0x00007fff8ebc0000 - 0x00007fff8ebdb000 	C:\Program Files\Java\jdk-17\bin\VCRUNTIME140.dll
0x00007fff8eba0000 - 0x00007fff8ebb9000 	C:\Program Files\Java\jdk-17\bin\jli.dll
0x00007fffa1920000 - 0x00007fffa19d2000 	C:\Windows\System32\ADVAPI32.dll
0x00007fffa0be0000 - 0x00007fffa0c87000 	C:\Windows\System32\msvcrt.dll
0x00007fffa2390000 - 0x00007fffa2439000 	C:\Windows\System32\sechost.dll
0x00007fff9fd90000 - 0x00007fff9fdb8000 	C:\Windows\System32\bcrypt.dll
0x00007fffa09c0000 - 0x00007fffa0ad4000 	C:\Windows\System32\RPCRT4.dll
0x00007fffa0eb0000 - 0x00007fffa105e000 	C:\Windows\System32\USER32.dll
0x00007fff9fdc0000 - 0x00007fff9fde6000 	C:\Windows\System32\win32u.dll
0x00007fff8ba50000 - 0x00007fff8bce3000 	C:\Windows\WinSxS\amd64_microsoft.windows.common-controls_6595b64144ccf1df_6.0.22621.3672_none_2713b9d173822955\COMCTL32.dll
0x00007fffa2440000 - 0x00007fffa2469000 	C:\Windows\System32\GDI32.dll
0x00007fffa0240000 - 0x00007fffa0359000 	C:\Windows\System32\gdi32full.dll
0x00007fffa01a0000 - 0x00007fffa023a000 	C:\Windows\System32\msvcp_win.dll
0x00007fff9a670000 - 0x00007fff9a67a000 	C:\Windows\SYSTEM32\VERSION.dll
0x00007fffa1ce0000 - 0x00007fffa1d11000 	C:\Windows\System32\IMM32.DLL
0x00007fff8f4f0000 - 0x00007fff8f4fc000 	C:\Program Files\Java\jdk-17\bin\vcruntime140_1.dll
0x00007fff6aac0000 - 0x00007fff6ab4e000 	C:\Program Files\Java\jdk-17\bin\msvcp140.dll
0x00007fff354d0000 - 0x00007fff360b0000 	C:\Program Files\Java\jdk-17\bin\server\jvm.dll
0x00007fffa19e0000 - 0x00007fffa19e8000 	C:\Windows\System32\PSAPI.DLL
0x00007fff98760000 - 0x00007fff98769000 	C:\Windows\SYSTEM32\WSOCK32.dll
0x00007fff8f380000 - 0x00007fff8f3b4000 	C:\Windows\SYSTEM32\WINMM.dll
0x00007fffa2290000 - 0x00007fffa2301000 	C:\Windows\System32\WS2_32.dll
0x00007fff9ec10000 - 0x00007fff9ec28000 	C:\Windows\SYSTEM32\kernel.appcore.dll
0x00007fff8f420000 - 0x00007fff8f42a000 	C:\Program Files\Java\jdk-17\bin\jimage.dll
0x00007fff8f5b0000 - 0x00007fff8f7e2000 	C:\Windows\SYSTEM32\DBGHELP.DLL
0x00007fffa0630000 - 0x00007fffa09b8000 	C:\Windows\System32\combase.dll
0x00007fffa21b0000 - 0x00007fffa2287000 	C:\Windows\System32\OLEAUT32.dll
0x00007fff8e630000 - 0x00007fff8e662000 	C:\Windows\SYSTEM32\dbgcore.DLL
0x00007fffa0360000 - 0x00007fffa03db000 	C:\Windows\System32\bcryptPrimitives.dll
0x00007fff8a340000 - 0x00007fff8a365000 	C:\Program Files\Java\jdk-17\bin\java.dll
0x00007fff675a0000 - 0x00007fff67677000 	C:\Program Files\Java\jdk-17\bin\jsvml.dll
0x00007fffa10c0000 - 0x00007fffa191f000 	C:\Windows\System32\SHELL32.dll
0x00007fff9db20000 - 0x00007fff9e41c000 	C:\Windows\SYSTEM32\windows.storage.dll
0x00007fff9d9e0000 - 0x00007fff9db1f000 	C:\Windows\SYSTEM32\wintypes.dll
0x00007fffa1ac0000 - 0x00007fffa1bb4000 	C:\Windows\System32\SHCORE.dll
0x00007fffa2850000 - 0x00007fffa28ae000 	C:\Windows\System32\shlwapi.dll
0x00007fff9fb50000 - 0x00007fff9fb71000 	C:\Windows\SYSTEM32\profapi.dll
0x00007fff89900000 - 0x00007fff89919000 	C:\Program Files\Java\jdk-17\bin\net.dll
0x00007fff9c560000 - 0x00007fff9c696000 	C:\Windows\SYSTEM32\WINHTTP.dll
0x00007fff9f070000 - 0x00007fff9f0d9000 	C:\Windows\system32\mswsock.dll
0x00007fff815f0000 - 0x00007fff81606000 	C:\Program Files\Java\jdk-17\bin\nio.dll
0x00007fff7e190000 - 0x00007fff7e1a8000 	C:\Program Files\Java\jdk-17\bin\zip.dll
0x00007fff9c470000 - 0x00007fff9c480000 	C:\Program Files\Java\jdk-17\bin\verify.dll
0x00007fff8f580000 - 0x00007fff8f5a7000 	C:\Users\Hp\.gradle\native\c067742578af261105cb4f569cf0c3c89f3d7b1fecec35dd04571415982c5e48\windows-amd64\native-platform.dll
0x00007fff8e5d0000 - 0x00007fff8e5da000 	C:\Program Files\Java\jdk-17\bin\management.dll
0x00007fff8dc60000 - 0x00007fff8dc6b000 	C:\Program Files\Java\jdk-17\bin\management_ext.dll
0x00007fff9f3c0000 - 0x00007fff9f3db000 	C:\Windows\SYSTEM32\CRYPTSP.dll
0x00007fff9eb70000 - 0x00007fff9eba5000 	C:\Windows\system32\rsaenh.dll
0x00007fff9f110000 - 0x00007fff9f138000 	C:\Windows\SYSTEM32\USERENV.dll
0x00007fff9f3a0000 - 0x00007fff9f3ac000 	C:\Windows\SYSTEM32\CRYPTBASE.dll
0x00007fff9e680000 - 0x00007fff9e6ad000 	C:\Windows\SYSTEM32\IPHLPAPI.DLL
0x00007fffa1d20000 - 0x00007fffa1d29000 	C:\Windows\System32\NSI.dll
0x00007fff9c430000 - 0x00007fff9c449000 	C:\Windows\SYSTEM32\dhcpcsvc6.DLL
0x00007fff9c410000 - 0x00007fff9c42f000 	C:\Windows\SYSTEM32\dhcpcsvc.DLL
0x00007fff9e6f0000 - 0x00007fff9e7e8000 	C:\Windows\SYSTEM32\DNSAPI.dll
0x00007fff8f570000 - 0x00007fff8f57e000 	C:\Program Files\Java\jdk-17\bin\sunmscapi.dll
0x00007fff9fc20000 - 0x00007fff9fd87000 	C:\Windows\System32\CRYPT32.dll
0x00007fff9f4e0000 - 0x00007fff9f50e000 	C:\Windows\SYSTEM32\ncrypt.dll
0x00007fff9f4a0000 - 0x00007fff9f4d7000 	C:\Windows\SYSTEM32\NTASN1.dll
0x00007fff99300000 - 0x00007fff99308000 	C:\Windows\system32\wshunix.dll

dbghelp: loaded successfully - version: 4.0.5 - missing functions: none
symbol engine: initialized successfully - sym options: 0x614 - pdb path: .;C:\Program Files\Java\jdk-17\bin;C:\Windows\SYSTEM32;C:\Windows\WinSxS\amd64_microsoft.windows.common-controls_6595b64144ccf1df_6.0.22621.3672_none_2713b9d173822955;C:\Program Files\Java\jdk-17\bin\server;C:\Users\Hp\.gradle\native\c067742578af261105cb4f569cf0c3c89f3d7b1fecec35dd04571415982c5e48\windows-amd64

VM Arguments:
jvm_args: -Xmx64m -Xms64m -Dorg.gradle.appname=gradlew 
java_command: org.gradle.wrapper.GradleWrapperMain app:installDebug -PreactNativeDevServerPort=8081
java_class_path (initial): D:\reactnativeapp\myapp\android\\gradle\wrapper\gradle-wrapper.jar
Launcher Type: SUN_STANDARD

[Global flags]
     intx CICompilerCount                          = 3                                         {product} {ergonomic}
     uint ConcGCThreads                            = 1                                         {product} {ergonomic}
     uint G1ConcRefinementThreads                  = 4                                         {product} {ergonomic}
   size_t G1HeapRegionSize                         = 1048576                                   {product} {ergonomic}
    uintx GCDrainStackTargetSize                   = 64                                        {product} {ergonomic}
   size_t InitialHeapSize                          = 67108864                                  {product} {command line}
   size_t MarkStackSize                            = 4194304                                   {product} {ergonomic}
   size_t MaxHeapSize                              = 67108864                                  {product} {command line}
   size_t MaxNewSize                               = 39845888                                  {product} {ergonomic}
   size_t MinHeapDeltaBytes                        = 1048576                                   {product} {ergonomic}
   size_t MinHeapSize                              = 67108864                                  {product} {command line}
    uintx NonNMethodCodeHeapSize                   = 5832780                                {pd product} {ergonomic}
    uintx NonProfiledCodeHeapSize                  = 122912730                              {pd product} {ergonomic}
    uintx ProfiledCodeHeapSize                     = 122912730                              {pd product} {ergonomic}
    uintx ReservedCodeCacheSize                    = 251658240                              {pd product} {ergonomic}
     bool SegmentedCodeCache                       = true                                      {product} {ergonomic}
   size_t SoftMaxHeapSize                          = 67108864                               {manageable} {ergonomic}
     bool UseCompressedClassPointers               = true                           {product lp64_product} {ergonomic}
     bool UseCompressedOops                        = true                           {product lp64_product} {ergonomic}
     bool UseG1GC                                  = true                                      {product} {ergonomic}
     bool UseLargePagesIndividualAllocation        = false                                  {pd product} {ergonomic}

Logging:
Log output configuration:
 #0: stdout all=warning uptime,level,tags
 #1: stderr all=off uptime,level,tags

Environment Variables:
JAVA_HOME=C:\Program Files\Java\jdk-17
CLASSPATH=D:\reactnativeapp\myapp\android\\gradle\wrapper\gradle-wrapper.jar
PATH=D:\reactnativeapp\myapp\node_modules\.bin;D:\reactnativeapp\myapp\node_modules\.bin;D:\reactnativeapp\node_modules\.bin;D:\node_modules\.bin;C:\Users\Hp\AppData\Roaming\nvm\v22.3.0\node_modules\npm\node_modules\@npmcli\run-script\lib\node-gyp-bin;D:\reactnativeapp\myapp\node_modules\.bin;D:\reactnativeapp\myapp\node_modules\.bin;D:\reactnativeapp\node_modules\.bin;D:\node_modules\.bin;C:\Users\Hp\AppData\Roaming\nvm\v22.3.0\node_modules\npm\node_modules\@npmcli\run-script\lib\node-gyp-bin;C:\Program Files\Common Files\Oracle\Java\javapath;C:\Windows\system32;C:\Windows;C:\Windows\System32\Wbem;C:\Windows\System32\WindowsPowerShell\v1.0\;C:\Windows\System32\OpenSSH\;C:\Users\Hp\AppData\Roaming\nvm;C:\Program Files\nodejs;C:\Program Files\nodejs;C:\Users\Hp\AppData\Local\Android\Sdk;C:\Program Files\MongoDB\Server\7.0\data;C:\Program Files\Java\jdk-17\bin;C:\Users\Hp\.gradle\daemon\8.6;D:\xamp\php;D:\ComposerSetup;C:\Users\Hp\AppData\Local\Android\Sdk\tools;C:\Users\Hp\AppData\Local\Android\Sdk\tools;C:\Users\Hp\AppData\Local\Microsoft\WindowsApps;C:\Users\Hp\AppData\Roaming\nvm;C:\Program Files\nodejs;D:\miral\Microsoft VS Code\bin;C:\Program Files\Java\jdk-17\bin;C:\Users\Hp\.gradle\daemon\8.6;C:\Users\Hp\AppData\Roaming\Composer\vendor\bin;C:\Users\Hp\AppData\Local\Android\Sdk\platform-tools;
USERNAME=Hp
LANG=en_US.UTF-8
OS=Windows_NT
PROCESSOR_IDENTIFIER=Intel64 Family 6 Model 78 Stepping 3, GenuineIntel



---------------  S Y S T E M  ---------------

OS:
 Windows 11 , 64 bit Build 22621 (10.0.22621.3672)
OS uptime: 13 days 14:22 hours
Hyper-V role detected

CPU: total 4 (initial active 4) (2 cores per cpu, 2 threads per core) family 6 model 78 stepping 3 microcode 0xf0, cx8, cmov, fxsr, ht, mmx, 3dnowpref, sse, sse2, sse3, ssse3, sse4.1, sse4.2, popcnt, lzcnt, tsc, tscinvbit, avx, avx2, aes, erms, clmul, bmi1, bmi2, rtm, adx, fma, vzeroupper, clflush, clflushopt, hv

Memory: 4k page, system-wide physical 8070M (840M free)
TotalPageFile size 14187M (AvailPageFile size 926M)
current process WorkingSet (physical memory assigned to process): 62M, peak: 86M
current process commit charge ("private bytes"): 157M, peak: 158M

vm_info: Java HotSpot(TM) 64-Bit Server VM (17.0.11+7-LTS-207) for windows-amd64 JRE (17.0.11+7-LTS-207), built on Mar 11 2024 19:01:50 by "mach5one" with MS VC++ 17.6 (VS2022)

END.
