#
# There is insufficient memory for the Java Runtime Environment to continue.
# Native memory allocation (malloc) failed to allocate 803136 bytes for Chunk::new
# Possible reasons:
#   The system is out of physical RAM or swap space
#   The process is running with CompressedOops enabled, and the Java Heap may be blocking the growth of the native heap
# Possible solutions:
#   Reduce memory load on the system
#   Increase physical memory or swap space
#   Check if swap backing store is full
#   Decrease Java heap size (-Xmx/-Xms)
#   Decrease number of Java threads
#   Decrease Java thread stack sizes (-Xss)
#   Set larger code cache with -XX:ReservedCodeCacheSize=
#   JVM is running with Unscaled Compressed Oops mode in which the Java heap is
#     placed in the first 4GB address space. The Java Heap base address is the
#     maximum limit for the native heap growth. Please use -XX:HeapBaseMinAddress
#     to set the Java Heap base and to place the Java Heap above 4GB virtual address.
# This output file may be truncated or incomplete.
#
#  Out of Memory Error (arena.cpp:191), pid=16244, tid=11924
#
# JRE version: OpenJDK Runtime Environment OpenLogic-OpenJDK (17.0.10+7) (build 17.0.10+7-adhoc..jdk17u)
# Java VM: OpenJDK 64-Bit Server VM OpenLogic-OpenJDK (17.0.10+7-adhoc..jdk17u, mixed mode, sharing, tiered, compressed oops, compressed class ptrs, g1 gc, windows-amd64)
# No core dump will be written. Minidumps are not enabled by default on client versions of Windows
#

---------------  S U M M A R Y ------------

Command Line: org.jetbrains.kotlin.cli.jvm.K2JVMCompiler @D:\reactnativeapp\myapp\android\app\build\20240609_5604603531649506818.compiler.options

Host: Intel(R) Core(TM) i5-6300U CPU @ 2.40GHz, 4 cores, 7G,  Windows 11 , 64 bit Build 22621 (10.0.22621.3672)
Time: Sun Jun  9 12:42:12 2024 Pakistan Standard Time elapsed time: 42.906037 seconds (0d 0h 0m 42s)

---------------  T H R E A D  ---------------

Current thread (0x000001d2fd40a600):  JavaThread "C2 CompilerThread0" daemon [_thread_in_native, id=11924, stack(0x0000009fae000000,0x0000009fae100000)]


Current CompileTask:
C2:  42906 5944       4       org.jetbrains.kotlin.types.TypeUtils::contains (301 bytes)

Stack: [0x0000009fae000000,0x0000009fae100000]
Native frames: (J=compiled Java code, j=interpreted, Vv=VM code, C=native code)
V  [jvm.dll+0x67d6e9]
V  [jvm.dll+0x834dca]
V  [jvm.dll+0x83688e]
V  [jvm.dll+0x836ef3]
V  [jvm.dll+0x247bdf]
V  [jvm.dll+0xac514]
V  [jvm.dll+0xacb5c]
V  [jvm.dll+0x2af11f]
V  [jvm.dll+0x584f47]
V  [jvm.dll+0x222c52]
V  [jvm.dll+0x21b97d]
V  [jvm.dll+0x2195b1]
V  [jvm.dll+0x1a512d]
V  [jvm.dll+0x22949e]
V  [jvm.dll+0x22766c]
V  [jvm.dll+0x7e9ea7]
V  [jvm.dll+0x7e42aa]
V  [jvm.dll+0x67c5d5]
C  [ucrtbase.dll+0x29333]
C  [KERNEL32.DLL+0x1257d]
C  [ntdll.dll+0x5aa48]


---------------  P R O C E S S  ---------------

Threads class SMR info:
_java_thread_list=0x000001d2fd99df60, length=12, elements={
0x000001d2de58e2f0, 0x000001d2fd3ed830, 0x000001d2fd3ef4c0, 0x000001d2fd406ed0,
0x000001d2fd4087b0, 0x000001d2fd409080, 0x000001d2fd409950, 0x000001d2fd40a600,
0x000001d2fd40d770, 0x000001d2fd46cc00, 0x000001d2fd65efd0, 0x000001d2fd668120
}

Java Threads: ( => current thread )
  0x000001d2de58e2f0 JavaThread "main" [_thread_in_Java, id=8232, stack(0x0000009fad300000,0x0000009fad400000)]
  0x000001d2fd3ed830 JavaThread "Reference Handler" daemon [_thread_blocked, id=11716, stack(0x0000009fada00000,0x0000009fadb00000)]
  0x000001d2fd3ef4c0 JavaThread "Finalizer" daemon [_thread_blocked, id=14636, stack(0x0000009fadb00000,0x0000009fadc00000)]
  0x000001d2fd406ed0 JavaThread "Signal Dispatcher" daemon [_thread_blocked, id=7596, stack(0x0000009fadc00000,0x0000009fadd00000)]
  0x000001d2fd4087b0 JavaThread "Attach Listener" daemon [_thread_blocked, id=1388, stack(0x0000009fadd00000,0x0000009fade00000)]
  0x000001d2fd409080 JavaThread "Service Thread" daemon [_thread_blocked, id=10756, stack(0x0000009fade00000,0x0000009fadf00000)]
  0x000001d2fd409950 JavaThread "Monitor Deflation Thread" daemon [_thread_blocked, id=15836, stack(0x0000009fadf00000,0x0000009fae000000)]
=>0x000001d2fd40a600 JavaThread "C2 CompilerThread0" daemon [_thread_in_native, id=11924, stack(0x0000009fae000000,0x0000009fae100000)]
  0x000001d2fd40d770 JavaThread "C1 CompilerThread0" daemon [_thread_blocked, id=5900, stack(0x0000009fae100000,0x0000009fae200000)]
  0x000001d2fd46cc00 JavaThread "Sweeper thread" daemon [_thread_blocked, id=1040, stack(0x0000009fae200000,0x0000009fae300000)]
  0x000001d2fd65efd0 JavaThread "Notification Thread" daemon [_thread_blocked, id=2988, stack(0x0000009fae300000,0x0000009fae400000)]
  0x000001d2fd668120 JavaThread "Common-Cleaner" daemon [_thread_blocked, id=13036, stack(0x0000009fae500000,0x0000009fae600000)]

Other Threads:
  0x000001d2fd3e8090 VMThread "VM Thread" [stack: 0x0000009fad900000,0x0000009fada00000] [id=13800]
  0x000001d2fd65f4b0 WatcherThread [stack: 0x0000009fae400000,0x0000009fae500000] [id=15672]
  0x000001d2de5e7bd0 GCTaskThread "GC Thread#0" [stack: 0x0000009fad400000,0x0000009fad500000] [id=7272]
  0x000001d2fd90f1f0 GCTaskThread "GC Thread#1" [stack: 0x0000009fae600000,0x0000009fae700000] [id=1108]
  0x000001d2fda38460 GCTaskThread "GC Thread#2" [stack: 0x0000009fae700000,0x0000009fae800000] [id=16164]
  0x000001d2fda5e2b0 GCTaskThread "GC Thread#3" [stack: 0x0000009fae800000,0x0000009fae900000] [id=3500]
  0x000001d2de5f9770 ConcurrentGCThread "G1 Main Marker" [stack: 0x0000009fad500000,0x0000009fad600000] [id=12596]
  0x000001d2de5fa190 ConcurrentGCThread "G1 Conc#0" [stack: 0x0000009fad600000,0x0000009fad700000] [id=1644]
  0x000001d2de63e510 ConcurrentGCThread "G1 Refine#0" [stack: 0x0000009fad700000,0x0000009fad800000] [id=2848]
  0x000001d2fd2a5410 ConcurrentGCThread "G1 Service" [stack: 0x0000009fad800000,0x0000009fad900000] [id=12352]

Threads with active compile tasks:
C2 CompilerThread0    42988 5944       4       org.jetbrains.kotlin.types.TypeUtils::contains (301 bytes)

VM state: not at safepoint (normal execution)

VM Mutex/Monitor currently owned by a thread: None

Heap address: 0x0000000081e00000, size: 2018 MB, Compressed Oops mode: 32-bit

CDS archive(s) mapped at: [0x000001d280000000-0x000001d280bc0000-0x000001d280bc0000), size 12320768, SharedBaseAddress: 0x000001d280000000, ArchiveRelocationMode: 1.
Compressed class space mapped at: 0x000001d281000000-0x000001d2c1000000, reserved size: 1073741824
Narrow klass base: 0x000001d280000000, Narrow klass shift: 0, Narrow klass range: 0x100000000

GC Precious Log:
 CPUs: 4 total, 4 available
 Memory: 8070M
 Large Page Support: Disabled
 NUMA Support: Disabled
 Compressed Oops: Enabled (32-bit)
 Heap Region Size: 1M
 Heap Min Capacity: 8M
 Heap Initial Capacity: 128M
 Heap Max Capacity: 2018M
 Pre-touch: Disabled
 Parallel Workers: 4
 Concurrent Workers: 1
 Concurrent Refinement Workers: 4
 Periodic GC: Disabled

Heap:
 garbage-first heap   total 75776K, used 51271K [0x0000000081e00000, 0x0000000100000000)
  region size 1024K, 12 young (12288K), 1 survivors (1024K)
 Metaspace       used 51389K, committed 51648K, reserved 1114112K
  class space    used 6189K, committed 6336K, reserved 1048576K

Heap Regions: E=young(eden), S=young(survivor), O=old, HS=humongous(starts), HC=humongous(continues), CS=collection set, F=free, OA=open archive, CA=closed archive, TAMS=top-at-mark-start (previous, next)
|   0|0x0000000081e00000, 0x0000000081f00000, 0x0000000081f00000|100%|HS|  |TAMS 0x0000000081f00000, 0x0000000081e00000| Complete 
|   1|0x0000000081f00000, 0x0000000082000000, 0x0000000082000000|100%|HC|  |TAMS 0x0000000082000000, 0x0000000081f00000| Complete 
|   2|0x0000000082000000, 0x0000000082100000, 0x0000000082100000|100%|HC|  |TAMS 0x0000000082100000, 0x0000000082000000| Complete 
|   3|0x0000000082100000, 0x0000000082200000, 0x0000000082200000|100%|HC|  |TAMS 0x0000000082200000, 0x0000000082100000| Complete 
|   4|0x0000000082200000, 0x0000000082300000, 0x0000000082300000|100%| O|  |TAMS 0x0000000082300000, 0x0000000082200000| Untracked 
|   5|0x0000000082300000, 0x0000000082400000, 0x0000000082400000|100%| O|  |TAMS 0x0000000082400000, 0x0000000082300000| Untracked 
|   6|0x0000000082400000, 0x0000000082400000, 0x0000000082500000|  0%| F|  |TAMS 0x0000000082400000, 0x0000000082400000| Untracked 
|   7|0x0000000082500000, 0x0000000082600000, 0x0000000082600000|100%| O|  |TAMS 0x0000000082600000, 0x0000000082500000| Untracked 
|   8|0x0000000082600000, 0x0000000082700000, 0x0000000082700000|100%| O|  |TAMS 0x0000000082700000, 0x0000000082600000| Untracked 
|   9|0x0000000082700000, 0x0000000082800000, 0x0000000082800000|100%| O|  |TAMS 0x0000000082800000, 0x0000000082700000| Untracked 
|  10|0x0000000082800000, 0x0000000082900000, 0x0000000082900000|100%| O|  |TAMS 0x0000000082900000, 0x0000000082800000| Untracked 
|  11|0x0000000082900000, 0x0000000082a00000, 0x0000000082a00000|100%| O|  |TAMS 0x0000000082a00000, 0x0000000082900000| Untracked 
|  12|0x0000000082a00000, 0x0000000082b00000, 0x0000000082b00000|100%| O|  |TAMS 0x0000000082b00000, 0x0000000082a00000| Untracked 
|  13|0x0000000082b00000, 0x0000000082c00000, 0x0000000082c00000|100%| O|  |TAMS 0x0000000082c00000, 0x0000000082b00000| Untracked 
|  14|0x0000000082c00000, 0x0000000082d00000, 0x0000000082d00000|100%| O|  |TAMS 0x0000000082d00000, 0x0000000082c00000| Untracked 
|  15|0x0000000082d00000, 0x0000000082e00000, 0x0000000082e00000|100%| O|  |TAMS 0x0000000082e00000, 0x0000000082d00000| Untracked 
|  16|0x0000000082e00000, 0x0000000082f00000, 0x0000000082f00000|100%| O|  |TAMS 0x0000000082f00000, 0x0000000082e00000| Untracked 
|  17|0x0000000082f00000, 0x0000000083000000, 0x0000000083000000|100%| O|  |TAMS 0x0000000083000000, 0x0000000082f00000| Untracked 
|  18|0x0000000083000000, 0x0000000083100000, 0x0000000083100000|100%|HS|  |TAMS 0x0000000083100000, 0x0000000083000000| Complete 
|  19|0x0000000083100000, 0x0000000083200000, 0x0000000083200000|100%|HC|  |TAMS 0x0000000083200000, 0x0000000083100000| Complete 
|  20|0x0000000083200000, 0x0000000083300000, 0x0000000083300000|100%| O|  |TAMS 0x0000000083300000, 0x0000000083200000| Untracked 
|  21|0x0000000083300000, 0x0000000083400000, 0x0000000083400000|100%| O|  |TAMS 0x0000000083400000, 0x0000000083300000| Untracked 
|  22|0x0000000083400000, 0x0000000083500000, 0x0000000083500000|100%| O|  |TAMS 0x0000000083500000, 0x0000000083400000| Untracked 
|  23|0x0000000083500000, 0x0000000083600000, 0x0000000083600000|100%| O|  |TAMS 0x0000000083600000, 0x0000000083500000| Untracked 
|  24|0x0000000083600000, 0x0000000083700000, 0x0000000083700000|100%| O|  |TAMS 0x0000000083700000, 0x0000000083600000| Untracked 
|  25|0x0000000083700000, 0x0000000083800000, 0x0000000083800000|100%| O|  |TAMS 0x0000000083800000, 0x0000000083700000| Untracked 
|  26|0x0000000083800000, 0x0000000083900000, 0x0000000083900000|100%| O|  |TAMS 0x0000000083900000, 0x0000000083800000| Untracked 
|  27|0x0000000083900000, 0x0000000083a00000, 0x0000000083a00000|100%| O|  |TAMS 0x0000000083a00000, 0x0000000083900000| Untracked 
|  28|0x0000000083a00000, 0x0000000083b00000, 0x0000000083b00000|100%| O|  |TAMS 0x0000000083b00000, 0x0000000083a00000| Untracked 
|  29|0x0000000083b00000, 0x0000000083c00000, 0x0000000083c00000|100%| O|  |TAMS 0x0000000083c00000, 0x0000000083b00000| Untracked 
|  30|0x0000000083c00000, 0x0000000083d00000, 0x0000000083d00000|100%| O|  |TAMS 0x0000000083d00000, 0x0000000083c00000| Untracked 
|  31|0x0000000083d00000, 0x0000000083e00000, 0x0000000083e00000|100%| O|  |TAMS 0x0000000083e00000, 0x0000000083d00000| Untracked 
|  32|0x0000000083e00000, 0x0000000083f00000, 0x0000000083f00000|100%| O|  |TAMS 0x0000000083f00000, 0x0000000083e00000| Untracked 
|  33|0x0000000083f00000, 0x0000000084000000, 0x0000000084000000|100%| O|  |TAMS 0x0000000084000000, 0x0000000083f00000| Untracked 
|  34|0x0000000084000000, 0x0000000084100000, 0x0000000084100000|100%| O|  |TAMS 0x0000000084100000, 0x0000000084000000| Untracked 
|  35|0x0000000084100000, 0x0000000084200000, 0x0000000084200000|100%| O|  |TAMS 0x000000008415be00, 0x0000000084100000| Untracked 
|  36|0x0000000084200000, 0x0000000084300000, 0x0000000084300000|100%| O|  |TAMS 0x0000000084200000, 0x0000000084200000| Untracked 
|  37|0x0000000084300000, 0x0000000084400000, 0x0000000084400000|100%| O|  |TAMS 0x0000000084300000, 0x0000000084300000| Untracked 
|  38|0x0000000084400000, 0x0000000084500000, 0x0000000084500000|100%| O|  |TAMS 0x0000000084400000, 0x0000000084400000| Untracked 
|  39|0x0000000084500000, 0x0000000084600000, 0x0000000084600000|100%| O|  |TAMS 0x0000000084500000, 0x0000000084500000| Untracked 
|  40|0x0000000084600000, 0x0000000084700000, 0x0000000084700000|100%| O|  |TAMS 0x0000000084600000, 0x0000000084600000| Untracked 
|  41|0x0000000084700000, 0x0000000084788600, 0x0000000084800000| 53%| O|  |TAMS 0x0000000084700000, 0x0000000084700000| Untracked 
|  42|0x0000000084800000, 0x0000000084800000, 0x0000000084900000|  0%| F|  |TAMS 0x0000000084800000, 0x0000000084800000| Untracked 
|  43|0x0000000084900000, 0x0000000084900000, 0x0000000084a00000|  0%| F|  |TAMS 0x0000000084900000, 0x0000000084900000| Untracked 
|  44|0x0000000084a00000, 0x0000000084a00000, 0x0000000084b00000|  0%| F|  |TAMS 0x0000000084a00000, 0x0000000084a00000| Untracked 
|  45|0x0000000084b00000, 0x0000000084b00000, 0x0000000084c00000|  0%| F|  |TAMS 0x0000000084b00000, 0x0000000084b00000| Untracked 
|  46|0x0000000084c00000, 0x0000000084c00000, 0x0000000084d00000|  0%| F|  |TAMS 0x0000000084c00000, 0x0000000084c00000| Untracked 
|  47|0x0000000084d00000, 0x0000000084d00000, 0x0000000084e00000|  0%| F|  |TAMS 0x0000000084d00000, 0x0000000084d00000| Untracked 
|  48|0x0000000084e00000, 0x0000000084e00000, 0x0000000084f00000|  0%| F|  |TAMS 0x0000000084e00000, 0x0000000084e00000| Untracked 
|  49|0x0000000084f00000, 0x0000000084f00000, 0x0000000085000000|  0%| F|  |TAMS 0x0000000084f00000, 0x0000000084f00000| Untracked 
|  50|0x0000000085000000, 0x0000000085000000, 0x0000000085100000|  0%| F|  |TAMS 0x0000000085000000, 0x0000000085000000| Untracked 
|  51|0x0000000085100000, 0x0000000085100000, 0x0000000085200000|  0%| F|  |TAMS 0x0000000085100000, 0x0000000085100000| Untracked 
|  52|0x0000000085200000, 0x0000000085200000, 0x0000000085300000|  0%| F|  |TAMS 0x0000000085200000, 0x0000000085200000| Untracked 
|  53|0x0000000085300000, 0x0000000085300000, 0x0000000085400000|  0%| F|  |TAMS 0x0000000085300000, 0x0000000085300000| Untracked 
|  54|0x0000000085400000, 0x0000000085400000, 0x0000000085500000|  0%| F|  |TAMS 0x0000000085400000, 0x0000000085400000| Untracked 
|  55|0x0000000085500000, 0x0000000085500000, 0x0000000085600000|  0%| F|  |TAMS 0x0000000085500000, 0x0000000085500000| Untracked 
|  56|0x0000000085600000, 0x0000000085600000, 0x0000000085700000|  0%| F|  |TAMS 0x0000000085600000, 0x0000000085600000| Untracked 
|  57|0x0000000085700000, 0x0000000085700000, 0x0000000085800000|  0%| F|  |TAMS 0x0000000085700000, 0x0000000085700000| Untracked 
|  58|0x0000000085800000, 0x0000000085800000, 0x0000000085900000|  0%| F|  |TAMS 0x0000000085800000, 0x0000000085800000| Untracked 
|  59|0x0000000085900000, 0x0000000085900000, 0x0000000085a00000|  0%| F|  |TAMS 0x0000000085900000, 0x0000000085900000| Untracked 
|  60|0x0000000085a00000, 0x0000000085a00000, 0x0000000085b00000|  0%| F|  |TAMS 0x0000000085a00000, 0x0000000085a00000| Untracked 
|  61|0x0000000085b00000, 0x0000000085b00000, 0x0000000085c00000|  0%| F|  |TAMS 0x0000000085b00000, 0x0000000085b00000| Untracked 
|  62|0x0000000085c00000, 0x0000000085d00000, 0x0000000085d00000|100%| E|  |TAMS 0x0000000085c00000, 0x0000000085c00000| Complete 
|  63|0x0000000085d00000, 0x0000000085e00000, 0x0000000085e00000|100%| E|CS|TAMS 0x0000000085d00000, 0x0000000085d00000| Complete 
|  64|0x0000000085e00000, 0x0000000085f00000, 0x0000000085f00000|100%| E|CS|TAMS 0x0000000085e00000, 0x0000000085e00000| Complete 
|  65|0x0000000085f00000, 0x0000000086000000, 0x0000000086000000|100%| E|CS|TAMS 0x0000000085f00000, 0x0000000085f00000| Complete 
|  66|0x0000000086000000, 0x0000000086100000, 0x0000000086100000|100%| E|CS|TAMS 0x0000000086000000, 0x0000000086000000| Complete 
|  67|0x0000000086100000, 0x0000000086200000, 0x0000000086200000|100%| E|CS|TAMS 0x0000000086100000, 0x0000000086100000| Complete 
|  68|0x0000000086200000, 0x0000000086300000, 0x0000000086300000|100%| E|CS|TAMS 0x0000000086200000, 0x0000000086200000| Complete 
|  69|0x0000000086300000, 0x0000000086400000, 0x0000000086400000|100%| E|  |TAMS 0x0000000086300000, 0x0000000086300000| Complete 
|  70|0x0000000086400000, 0x0000000086500000, 0x0000000086500000|100%| E|CS|TAMS 0x0000000086400000, 0x0000000086400000| Complete 
|  71|0x0000000086500000, 0x0000000086600000, 0x0000000086600000|100%| E|CS|TAMS 0x0000000086500000, 0x0000000086500000| Complete 
|  72|0x0000000086600000, 0x0000000086689730, 0x0000000086700000| 53%| S|CS|TAMS 0x0000000086600000, 0x0000000086600000| Complete 
| 127|0x0000000089d00000, 0x0000000089e00000, 0x0000000089e00000|100%| E|CS|TAMS 0x0000000089d00000, 0x0000000089d00000| Complete 

Card table byte_map: [0x000001d2f6820000,0x000001d2f6c20000] _byte_map_base: 0x000001d2f6411000

Marking Bits (Prev, Next): (CMBitMap*) 0x000001d2de5e9200, (CMBitMap*) 0x000001d2de5e9240
 Prev Bits: [0x000001d2f7020000, 0x000001d2f8fa8000)
 Next Bits: [0x000001d2f8fb0000, 0x000001d2faf38000)

Polling page: 0x000001d2ddd40000

Metaspace:

Usage:
  Non-class:     44.14 MB used.
      Class:      6.04 MB used.
       Both:     50.19 MB used.

Virtual space:
  Non-class space:       64.00 MB reserved,      44.25 MB ( 69%) committed,  1 nodes.
      Class space:        1.00 GB reserved,       6.19 MB ( <1%) committed,  1 nodes.
             Both:        1.06 GB reserved,      50.44 MB (  5%) committed. 

Chunk freelists:
   Non-Class:  2.44 MB
       Class:  9.86 MB
        Both:  12.30 MB

MaxMetaspaceSize: unlimited
CompressedClassSpaceSize: 1.00 GB
Initial GC threshold: 21.00 MB
Current GC threshold: 76.88 MB
CDS: on
MetaspaceReclaimPolicy: balanced
 - commit_granule_bytes: 65536.
 - commit_granule_words: 8192.
 - virtual_space_node_default_size: 8388608.
 - enlarge_chunks_in_place: 1.
 - new_chunks_are_fully_committed: 0.
 - uncommit_free_chunks: 1.
 - use_allocation_guard: 0.
 - handle_deallocations: 1.


Internal statistics:

num_allocs_failed_limit: 3.
num_arena_births: 194.
num_arena_deaths: 0.
num_vsnodes_births: 2.
num_vsnodes_deaths: 0.
num_space_committed: 805.
num_space_uncommitted: 0.
num_chunks_returned_to_freelist: 3.
num_chunks_taken_from_freelist: 1932.
num_chunk_merges: 3.
num_chunk_splits: 1640.
num_chunks_enlarged: 1511.
num_inconsistent_stats: 0.

CodeHeap 'non-profiled nmethods': size=120000Kb used=2561Kb max_used=2561Kb free=117438Kb
 bounds [0x000001d2eeef0000, 0x000001d2ef180000, 0x000001d2f6420000]
CodeHeap 'profiled nmethods': size=120000Kb used=13017Kb max_used=13017Kb free=106982Kb
 bounds [0x000001d2e7420000, 0x000001d2e80e0000, 0x000001d2ee950000]
CodeHeap 'non-nmethods': size=5760Kb used=1356Kb max_used=1386Kb free=4403Kb
 bounds [0x000001d2ee950000, 0x000001d2eebc0000, 0x000001d2eeef0000]
 total_blobs=5913 nmethods=5226 adapters=598
 compilation: enabled
              stopped_count=0, restarted_count=0
 full_count=0

Compilation events (20 events):
Event: 42.880 Thread 0x000001d2fd40d770 nmethod 5948 0x000001d2e7657e90 code [0x000001d2e7658080, 0x000001d2e76585c8]
Event: 42.880 Thread 0x000001d2fd40d770 5952       3       org.jetbrains.kotlin.load.java.descriptors.JavaPropertyDescriptor::<init> (104 bytes)
Event: 42.881 Thread 0x000001d2fd40d770 nmethod 5952 0x000001d2e7657510 code [0x000001d2e7657720, 0x000001d2e7657cd8]
Event: 42.881 Thread 0x000001d2fd40d770 5951       3       org.jetbrains.kotlin.load.java.lazy.descriptors.LazyJavaStaticClassScope::flatMapJavaStaticSupertypesScopes$lambda$6 (37 bytes)
Event: 42.883 Thread 0x000001d2fd40d770 nmethod 5951 0x000001d2e7654e90 code [0x000001d2e7655280, 0x000001d2e7656ca8]
Event: 42.883 Thread 0x000001d2fd40d770 5949       3       org.jetbrains.kotlin.descriptors.impl.VariableDescriptorImpl::setOutType (37 bytes)
Event: 42.883 Thread 0x000001d2fd40d770 nmethod 5949 0x000001d2e7654b10 code [0x000001d2e7654ca0, 0x000001d2e7654e18]
Event: 42.883 Thread 0x000001d2fd40d770 5950       3       org.jetbrains.kotlin.descriptors.impl.PropertyDescriptorImpl::initialize (22 bytes)
Event: 42.884 Thread 0x000001d2fd40d770 nmethod 5950 0x000001d2e7654610 code [0x000001d2e76547c0, 0x000001d2e7654a38]
Event: 42.884 Thread 0x000001d2fd40d770 5953       3       org.jetbrains.kotlin.descriptors.impl.PropertyDescriptorImpl::getOriginal (5 bytes)
Event: 42.884 Thread 0x000001d2fd40d770 nmethod 5953 0x000001d2e7653f90 code [0x000001d2e7654140, 0x000001d2e76544b8]
Event: 42.884 Thread 0x000001d2fd40d770 5955       3       org.jetbrains.kotlin.load.java.typeEnhancement.AbstractSignatureParts::computeIndexedQualifiers (528 bytes)
Event: 42.892 Thread 0x000001d2fd40d770 nmethod 5955 0x000001d2e80ad990 code [0x000001d2e80ae0e0, 0x000001d2e80b2d08]
Event: 42.892 Thread 0x000001d2fd40d770 5962       3       org.jetbrains.kotlin.load.java.lazy.types.JavaTypeResolver::computeArguments (513 bytes)
Event: 42.900 Thread 0x000001d2fd40d770 nmethod 5962 0x000001d2e80b4610 code [0x000001d2e80b4d20, 0x000001d2e80b9188]
Event: 42.900 Thread 0x000001d2fd40d770 5954       3       org.jetbrains.kotlin.builtins.KotlinBuiltIns::isPrimitiveType (29 bytes)
Event: 42.901 Thread 0x000001d2fd40d770 nmethod 5954 0x000001d2e7653990 code [0x000001d2e7653b60, 0x000001d2e7653e48]
Event: 42.901 Thread 0x000001d2fd40d770 5959       3       org.jetbrains.kotlin.descriptors.impl.PropertyDescriptorImpl::copy (43 bytes)
Event: 42.902 Thread 0x000001d2fd40d770 nmethod 5959 0x000001d2e7652910 code [0x000001d2e7652b80, 0x000001d2e7653608]
Event: 42.902 Thread 0x000001d2fd40d770 5965       3       org.jetbrains.kotlin.load.java.lazy.types.JavaTypeResolver::transformJavaType (246 bytes)

GC Heap History (20 events):
Event: 27.107 GC heap before
{Heap before GC invocations=6 (full 0):
 garbage-first heap   total 55296K, used 42776K [0x0000000081e00000, 0x0000000100000000)
  region size 1024K, 23 young (23552K), 2 survivors (2048K)
 Metaspace       used 33474K, committed 33664K, reserved 1114112K
  class space    used 4163K, committed 4224K, reserved 1048576K
}
Event: 27.133 GC heap after
{Heap after GC invocations=7 (full 0):
 garbage-first heap   total 55296K, used 24955K [0x0000000081e00000, 0x0000000100000000)
  region size 1024K, 3 young (3072K), 3 survivors (3072K)
 Metaspace       used 33474K, committed 33664K, reserved 1114112K
  class space    used 4163K, committed 4224K, reserved 1048576K
}
Event: 27.425 GC heap before
{Heap before GC invocations=7 (full 0):
 garbage-first heap   total 55296K, used 41339K [0x0000000081e00000, 0x0000000100000000)
  region size 1024K, 19 young (19456K), 3 survivors (3072K)
 Metaspace       used 33556K, committed 33728K, reserved 1114112K
  class space    used 4163K, committed 4224K, reserved 1048576K
}
Event: 27.439 GC heap after
{Heap after GC invocations=8 (full 0):
 garbage-first heap   total 55296K, used 25925K [0x0000000081e00000, 0x0000000100000000)
  region size 1024K, 1 young (1024K), 1 survivors (1024K)
 Metaspace       used 33556K, committed 33728K, reserved 1114112K
  class space    used 4163K, committed 4224K, reserved 1048576K
}
Event: 29.953 GC heap before
{Heap before GC invocations=8 (full 0):
 garbage-first heap   total 55296K, used 41285K [0x0000000081e00000, 0x0000000100000000)
  region size 1024K, 17 young (17408K), 1 survivors (1024K)
 Metaspace       used 35682K, committed 35968K, reserved 1114112K
  class space    used 4394K, committed 4544K, reserved 1048576K
}
Event: 29.966 GC heap after
{Heap after GC invocations=9 (full 0):
 garbage-first heap   total 66560K, used 27765K [0x0000000081e00000, 0x0000000100000000)
  region size 1024K, 3 young (3072K), 3 survivors (3072K)
 Metaspace       used 35682K, committed 35968K, reserved 1114112K
  class space    used 4394K, committed 4544K, reserved 1048576K
}
Event: 33.381 GC heap before
{Heap before GC invocations=10 (full 0):
 garbage-first heap   total 66560K, used 50293K [0x0000000081e00000, 0x0000000100000000)
  region size 1024K, 25 young (25600K), 3 survivors (3072K)
 Metaspace       used 36677K, committed 36928K, reserved 1114112K
  class space    used 4421K, committed 4544K, reserved 1048576K
}
Event: 33.403 GC heap after
{Heap after GC invocations=11 (full 0):
 garbage-first heap   total 66560K, used 31746K [0x0000000081e00000, 0x0000000100000000)
  region size 1024K, 4 young (4096K), 4 survivors (4096K)
 Metaspace       used 36677K, committed 36928K, reserved 1114112K
  class space    used 4421K, committed 4544K, reserved 1048576K
}
Event: 34.720 GC heap before
{Heap before GC invocations=11 (full 0):
 garbage-first heap   total 66560K, used 50178K [0x0000000081e00000, 0x0000000100000000)
  region size 1024K, 22 young (22528K), 4 survivors (4096K)
 Metaspace       used 37068K, committed 37312K, reserved 1114112K
  class space    used 4453K, committed 4608K, reserved 1048576K
}
Event: 34.743 GC heap after
{Heap after GC invocations=12 (full 0):
 garbage-first heap   total 66560K, used 35074K [0x0000000081e00000, 0x0000000100000000)
  region size 1024K, 3 young (3072K), 3 survivors (3072K)
 Metaspace       used 37068K, committed 37312K, reserved 1114112K
  class space    used 4453K, committed 4608K, reserved 1048576K
}
Event: 36.074 GC heap before
{Heap before GC invocations=12 (full 0):
 garbage-first heap   total 66560K, used 50434K [0x0000000081e00000, 0x0000000100000000)
  region size 1024K, 18 young (18432K), 3 survivors (3072K)
 Metaspace       used 39221K, committed 39424K, reserved 1114112K
  class space    used 4699K, committed 4800K, reserved 1048576K
}
Event: 36.093 GC heap after
{Heap after GC invocations=13 (full 0):
 garbage-first heap   total 66560K, used 36590K [0x0000000081e00000, 0x0000000100000000)
  region size 1024K, 1 young (1024K), 1 survivors (1024K)
 Metaspace       used 39221K, committed 39424K, reserved 1114112K
  class space    used 4699K, committed 4800K, reserved 1048576K
}
Event: 36.891 GC heap before
{Heap before GC invocations=14 (full 0):
 garbage-first heap   total 75776K, used 51950K [0x0000000081e00000, 0x0000000100000000)
  region size 1024K, 16 young (16384K), 1 survivors (1024K)
 Metaspace       used 41223K, committed 41472K, reserved 1114112K
  class space    used 4934K, committed 5056K, reserved 1048576K
}
Event: 36.904 GC heap after
{Heap after GC invocations=15 (full 0):
 garbage-first heap   total 75776K, used 37637K [0x0000000081e00000, 0x0000000100000000)
  region size 1024K, 2 young (2048K), 2 survivors (2048K)
 Metaspace       used 41223K, committed 41472K, reserved 1114112K
  class space    used 4934K, committed 5056K, reserved 1048576K
}
Event: 39.785 GC heap before
{Heap before GC invocations=15 (full 0):
 garbage-first heap   total 75776K, used 58117K [0x0000000081e00000, 0x0000000100000000)
  region size 1024K, 22 young (22528K), 2 survivors (2048K)
 Metaspace       used 46755K, committed 46976K, reserved 1114112K
  class space    used 5732K, committed 5824K, reserved 1048576K
}
Event: 39.802 GC heap after
{Heap after GC invocations=16 (full 0):
 garbage-first heap   total 75776K, used 39023K [0x0000000081e00000, 0x0000000100000000)
  region size 1024K, 3 young (3072K), 3 survivors (3072K)
 Metaspace       used 46755K, committed 46976K, reserved 1114112K
  class space    used 5732K, committed 5824K, reserved 1048576K
}
Event: 41.931 GC heap before
{Heap before GC invocations=17 (full 0):
 garbage-first heap   total 75776K, used 57455K [0x0000000081e00000, 0x0000000100000000)
  region size 1024K, 22 young (22528K), 3 survivors (3072K)
 Metaspace       used 50089K, committed 50368K, reserved 1114112K
  class space    used 6061K, committed 6208K, reserved 1048576K
}
Event: 41.952 GC heap after
{Heap after GC invocations=18 (full 0):
 garbage-first heap   total 75776K, used 41408K [0x0000000081e00000, 0x0000000100000000)
  region size 1024K, 3 young (3072K), 3 survivors (3072K)
 Metaspace       used 50089K, committed 50368K, reserved 1114112K
  class space    used 6061K, committed 6208K, reserved 1048576K
}
Event: 42.054 GC heap before
{Heap before GC invocations=18 (full 0):
 garbage-first heap   total 75776K, used 42432K [0x0000000081e00000, 0x0000000100000000)
  region size 1024K, 4 young (4096K), 3 survivors (3072K)
 Metaspace       used 50186K, committed 50432K, reserved 1114112K
  class space    used 6071K, committed 6208K, reserved 1048576K
}
Event: 42.101 GC heap after
{Heap after GC invocations=19 (full 0):
 garbage-first heap   total 75776K, used 42055K [0x0000000081e00000, 0x0000000100000000)
  region size 1024K, 1 young (1024K), 1 survivors (1024K)
 Metaspace       used 50186K, committed 50432K, reserved 1114112K
  class space    used 6071K, committed 6208K, reserved 1048576K
}

Dll operation events (7 events):
Event: 0.035 Loaded shared library C:\Users\Hp\Downloads\openlogic-openjdk-17.0.10+7-windows-x64\openlogic-openjdk-17.0.10+7-windows-x64\bin\java.dll
Event: 0.125 Loaded shared library C:\Users\Hp\Downloads\openlogic-openjdk-17.0.10+7-windows-x64\openlogic-openjdk-17.0.10+7-windows-x64\bin\jsvml.dll
Event: 0.326 Loaded shared library C:\Users\Hp\Downloads\openlogic-openjdk-17.0.10+7-windows-x64\openlogic-openjdk-17.0.10+7-windows-x64\bin\net.dll
Event: 0.336 Loaded shared library C:\Users\Hp\Downloads\openlogic-openjdk-17.0.10+7-windows-x64\openlogic-openjdk-17.0.10+7-windows-x64\bin\nio.dll
Event: 0.433 Loaded shared library C:\Users\Hp\Downloads\openlogic-openjdk-17.0.10+7-windows-x64\openlogic-openjdk-17.0.10+7-windows-x64\bin\zip.dll
Event: 0.562 Loaded shared library C:\Users\Hp\Downloads\openlogic-openjdk-17.0.10+7-windows-x64\openlogic-openjdk-17.0.10+7-windows-x64\bin\jimage.dll
Event: 6.100 Loaded shared library C:\Users\Hp\Downloads\openlogic-openjdk-17.0.10+7-windows-x64\openlogic-openjdk-17.0.10+7-windows-x64\bin\verify.dll

Deoptimization events (20 events):
Event: 41.283 Thread 0x000001d2de58e2f0 Uncommon trap: trap_request=0xffffffc6 fr.pc=0x000001d2ef102cd8 relative=0x00000000000004f8
Event: 41.283 Thread 0x000001d2de58e2f0 Uncommon trap: reason=bimorphic_or_optimized_type_check action=maybe_recompile pc=0x000001d2ef102cd8 method=org.jetbrains.kotlin.types.TypeConstructorSubstitution$Companion$createByConstructorsMap$1.isEmpty()Z @ 4 c2
Event: 41.283 Thread 0x000001d2de58e2f0 DEOPT PACKING pc=0x000001d2ef102cd8 sp=0x0000009fad3fd850
Event: 41.283 Thread 0x000001d2de58e2f0 DEOPT UNPACKING pc=0x000001d2ee9a69a3 sp=0x0000009fad3fd688 mode 2
Event: 41.284 Thread 0x000001d2de58e2f0 Uncommon trap: trap_request=0xffffffde fr.pc=0x000001d2ef0f1b44 relative=0x00000000000005c4
Event: 41.284 Thread 0x000001d2de58e2f0 Uncommon trap: reason=class_check action=maybe_recompile pc=0x000001d2ef0f1b44 method=org.jetbrains.kotlin.storage.LockBasedStorageManager$LockBasedLazyValue.invoke()Ljava/lang/Object; @ 24 c2
Event: 41.284 Thread 0x000001d2de58e2f0 DEOPT PACKING pc=0x000001d2ef0f1b44 sp=0x0000009fad3fd2c0
Event: 41.284 Thread 0x000001d2de58e2f0 DEOPT UNPACKING pc=0x000001d2ee9a69a3 sp=0x0000009fad3fd1a8 mode 2
Event: 41.330 Thread 0x000001d2de58e2f0 Uncommon trap: trap_request=0xffffffc6 fr.pc=0x000001d2ef102cd8 relative=0x00000000000004f8
Event: 41.330 Thread 0x000001d2de58e2f0 Uncommon trap: reason=bimorphic_or_optimized_type_check action=maybe_recompile pc=0x000001d2ef102cd8 method=org.jetbrains.kotlin.types.TypeConstructorSubstitution$Companion$createByConstructorsMap$1.isEmpty()Z @ 4 c2
Event: 41.331 Thread 0x000001d2de58e2f0 DEOPT PACKING pc=0x000001d2ef102cd8 sp=0x0000009fad3fd730
Event: 41.331 Thread 0x000001d2de58e2f0 DEOPT UNPACKING pc=0x000001d2ee9a69a3 sp=0x0000009fad3fd568 mode 2
Event: 41.386 Thread 0x000001d2de58e2f0 Uncommon trap: trap_request=0xffffffc6 fr.pc=0x000001d2ef102cd8 relative=0x00000000000004f8
Event: 41.386 Thread 0x000001d2de58e2f0 Uncommon trap: reason=bimorphic_or_optimized_type_check action=maybe_recompile pc=0x000001d2ef102cd8 method=org.jetbrains.kotlin.types.TypeConstructorSubstitution$Companion$createByConstructorsMap$1.isEmpty()Z @ 4 c2
Event: 41.386 Thread 0x000001d2de58e2f0 DEOPT PACKING pc=0x000001d2ef102cd8 sp=0x0000009fad3fd660
Event: 41.386 Thread 0x000001d2de58e2f0 DEOPT UNPACKING pc=0x000001d2ee9a69a3 sp=0x0000009fad3fd498 mode 2
Event: 42.169 Thread 0x000001d2de58e2f0 Uncommon trap: trap_request=0xffffff45 fr.pc=0x000001d2eefb5904 relative=0x00000000000000e4
Event: 42.169 Thread 0x000001d2de58e2f0 Uncommon trap: reason=unstable_if action=reinterpret pc=0x000001d2eefb5904 method=java.util.HashMap.hash(Ljava/lang/Object;)I @ 1 c2
Event: 42.170 Thread 0x000001d2de58e2f0 DEOPT PACKING pc=0x000001d2eefb5904 sp=0x0000009fad3fe5f0
Event: 42.170 Thread 0x000001d2de58e2f0 DEOPT UNPACKING pc=0x000001d2ee9a69a3 sp=0x0000009fad3fe530 mode 2

Classes unloaded (0 events):
No events

Classes redefined (0 events):
No events

Internal exceptions (20 events):
Event: 13.800 Thread 0x000001d2de58e2f0 Implicit null exception at 0x000001d2eef16972 to 0x000001d2eef16f8c
Event: 15.446 Thread 0x000001d2de58e2f0 Implicit null exception at 0x000001d2eef1c372 to 0x000001d2eef1c9ac
Event: 16.225 Thread 0x000001d2de58e2f0 Exception <a 'java/lang/NoSuchMethodError'{0x0000000086d7ae78}: 'java.lang.Object java.lang.invoke.DirectMethodHandle$Holder.invokeVirtual(java.lang.Object, java.lang.Object, java.lang.Object)'> (0x0000000086d7ae78) 
thrown [s\src\hotspot\share\interpreter\linkResolver.cpp, line 759]
Event: 23.751 Thread 0x000001d2de58e2f0 Exception <a 'java/lang/NoSuchMethodError'{0x0000000084930b78}: 'java.lang.Object java.lang.invoke.DirectMethodHandle$Holder.newInvokeSpecial(java.lang.Object, java.lang.Object, int)'> (0x0000000084930b78) 
thrown [s\src\hotspot\share\interpreter\linkResolver.cpp, line 759]
Event: 24.177 Thread 0x000001d2de58e2f0 Exception <a 'java/lang/NoSuchMethodError'{0x00000000846501f8}: 'java.lang.Object java.lang.invoke.DirectMethodHandle$Holder.newInvokeSpecial(java.lang.Object, java.lang.Object, java.lang.Object, int)'> (0x00000000846501f8) 
thrown [s\src\hotspot\share\interpreter\linkResolver.cpp, line 759]
Event: 24.177 Thread 0x000001d2de58e2f0 Exception <a 'java/lang/NoSuchMethodError'{0x0000000084654880}: 'java.lang.Object java.lang.invoke.DirectMethodHandle$Holder.invokeSpecial(java.lang.Object, java.lang.Object, java.lang.Object, java.lang.Object, int)'> (0x0000000084654880) 
thrown [s\src\hotspot\share\interpreter\linkResolver.cpp, line 759]
Event: 24.178 Thread 0x000001d2de58e2f0 Exception <a 'java/lang/NoSuchMethodError'{0x00000000846586f0}: 'java.lang.Object java.lang.invoke.Invokers$Holder.linkToTargetMethod(java.lang.Object, java.lang.Object, int, java.lang.Object)'> (0x00000000846586f0) 
thrown [s\src\hotspot\share\interpreter\linkResolver.cpp, line 759]
Event: 28.536 Thread 0x000001d2de58e2f0 Exception <a 'java/lang/NoSuchMethodError'{0x0000000084af4338}: 'java.lang.Object java.lang.invoke.DirectMethodHandle$Holder.invokeSpecial(java.lang.Object, java.lang.Object, java.lang.Object, java.lang.Object, java.lang.Object, java.lang.Object, int)'> (0x0000000084af4338) 
thrown [s\src\hotspot\share\interpreter\linkResolver.cpp, line 759]
Event: 28.539 Thread 0x000001d2de58e2f0 Exception <a 'java/lang/NoSuchMethodError'{0x0000000084afdc28}: 'java.lang.Object java.lang.invoke.DirectMethodHandle$Holder.newInvokeSpecial(java.lang.Object, java.lang.Object, java.lang.Object, java.lang.Object, java.lang.Object, java.lang.Object)'> (0x0000000084afdc28) 
thrown [s\src\hotspot\share\interpreter\linkResolver.cpp, line 759]
Event: 33.406 Thread 0x000001d2de58e2f0 Implicit null exception at 0x000001d2ef015d71 to 0x000001d2ef015f78
Event: 33.407 Thread 0x000001d2de58e2f0 Implicit null exception at 0x000001d2eef3d58f to 0x000001d2eef3d609
Event: 34.927 Thread 0x000001d2de58e2f0 Exception <a 'java/lang/NoSuchMethodError'{0x0000000086034788}: 'java.lang.Object java.lang.invoke.DirectMethodHandle$Holder.newInvokeSpecial(java.lang.Object, java.lang.Object, java.lang.Object, java.lang.Object, java.lang.Object)'> (0x0000000086034788) 
thrown [s\src\hotspot\share\interpreter\linkResolver.cpp, line 759]
Event: 37.452 Thread 0x000001d2de58e2f0 Implicit null exception at 0x000001d2eefe18cc to 0x000001d2eefe19c0
Event: 37.845 Thread 0x000001d2de58e2f0 Exception <a 'java/lang/NoSuchMethodError'{0x00000000860e2388}: 'java.lang.Object java.lang.invoke.DirectMethodHandle$Holder.invokeStatic(java.lang.Object, java.lang.Object, java.lang.Object, java.lang.Object, int)'> (0x00000000860e2388) 
thrown [s\src\hotspot\share\interpreter\linkResolver.cpp, line 759]
Event: 37.847 Thread 0x000001d2de58e2f0 Exception <a 'java/lang/NoSuchMethodError'{0x00000000860ec070}: 'java.lang.Object java.lang.invoke.DirectMethodHandle$Holder.newInvokeSpecial(java.lang.Object, java.lang.Object, java.lang.Object, java.lang.Object, int)'> (0x00000000860ec070) 
thrown [s\src\hotspot\share\interpreter\linkResolver.cpp, line 759]
Event: 37.848 Thread 0x000001d2de58e2f0 Exception <a 'java/lang/NoSuchMethodError'{0x00000000860f0aa8}: 'java.lang.Object java.lang.invoke.DirectMethodHandle$Holder.invokeSpecial(java.lang.Object, java.lang.Object, java.lang.Object, java.lang.Object, java.lang.Object, int)'> (0x00000000860f0aa8) 
thrown [s\src\hotspot\share\interpreter\linkResolver.cpp, line 759]
Event: 37.848 Thread 0x000001d2de58e2f0 Exception <a 'java/lang/NoSuchMethodError'{0x00000000860f4f88}: 'java.lang.Object java.lang.invoke.Invokers$Holder.linkToTargetMethod(java.lang.Object, java.lang.Object, java.lang.Object, int, java.lang.Object)'> (0x00000000860f4f88) 
thrown [s\src\hotspot\share\interpreter\linkResolver.cpp, line 759]
Event: 37.959 Thread 0x000001d2de58e2f0 Exception <a 'java/lang/NoSuchMethodError'{0x0000000085e1c598}: 'void java.lang.invoke.DirectMethodHandle$Holder.invokeInterface(java.lang.Object, java.lang.Object)'> (0x0000000085e1c598) 
thrown [s\src\hotspot\share\interpreter\linkResolver.cpp, line 759]
Event: 40.472 Thread 0x000001d2de58e2f0 Implicit null exception at 0x000001d2ef0c74f1 to 0x000001d2ef0c76f8
Event: 42.169 Thread 0x000001d2de58e2f0 Implicit null exception at 0x000001d2eefb5860 to 0x000001d2eefb58fa

VM Operations (20 events):
Event: 40.034 Executing VM operation: G1PauseCleanup
Event: 40.060 Executing VM operation: G1PauseCleanup done
Event: 40.198 Executing VM operation: HandshakeAllThreads
Event: 40.198 Executing VM operation: HandshakeAllThreads done
Event: 41.048 Executing VM operation: HandshakeAllThreads
Event: 41.048 Executing VM operation: HandshakeAllThreads done
Event: 41.139 Executing VM operation: HandshakeAllThreads
Event: 41.139 Executing VM operation: HandshakeAllThreads done
Event: 41.139 Executing VM operation: Cleanup
Event: 41.140 Executing VM operation: Cleanup done
Event: 41.147 Executing VM operation: HandshakeAllThreads
Event: 41.147 Executing VM operation: HandshakeAllThreads done
Event: 41.276 Executing VM operation: HandshakeAllThreads
Event: 41.276 Executing VM operation: HandshakeAllThreads done
Event: 41.931 Executing VM operation: G1CollectForAllocation
Event: 41.952 Executing VM operation: G1CollectForAllocation done
Event: 42.054 Executing VM operation: G1CollectForAllocation
Event: 42.101 Executing VM operation: G1CollectForAllocation done
Event: 42.473 Executing VM operation: HandshakeAllThreads
Event: 42.473 Executing VM operation: HandshakeAllThreads done

Events (20 events):
Event: 38.323 Thread 0x000001d2fd46cc00 flushing nmethod 0x000001d2e7c71c10
Event: 38.323 Thread 0x000001d2fd46cc00 flushing nmethod 0x000001d2e7cfd490
Event: 38.323 Thread 0x000001d2fd46cc00 flushing nmethod 0x000001d2e7d05490
Event: 38.323 Thread 0x000001d2fd46cc00 flushing nmethod 0x000001d2e7d23910
Event: 38.324 Thread 0x000001d2fd46cc00 flushing nmethod 0x000001d2e7d31690
Event: 38.325 Thread 0x000001d2fd46cc00 flushing nmethod 0x000001d2e7dc7f90
Event: 38.326 Thread 0x000001d2fd46cc00 flushing nmethod 0x000001d2e7e34790
Event: 38.326 Thread 0x000001d2fd46cc00 flushing nmethod 0x000001d2e7e70590
Event: 38.326 Thread 0x000001d2fd46cc00 flushing nmethod 0x000001d2e7e85490
Event: 38.326 Thread 0x000001d2fd46cc00 flushing nmethod 0x000001d2e7e93790
Event: 38.326 Thread 0x000001d2fd46cc00 flushing nmethod 0x000001d2e7e9d090
Event: 38.326 Thread 0x000001d2fd46cc00 flushing nmethod 0x000001d2e7ecf790
Event: 38.327 Thread 0x000001d2fd46cc00 flushing nmethod 0x000001d2e7ef7110
Event: 38.327 Thread 0x000001d2fd46cc00 flushing nmethod 0x000001d2e7efe790
Event: 38.327 Thread 0x000001d2fd46cc00 flushing nmethod 0x000001d2e7f04010
Event: 38.327 Thread 0x000001d2fd46cc00 flushing nmethod 0x000001d2e7f0c690
Event: 38.327 Thread 0x000001d2fd46cc00 flushing nmethod 0x000001d2e7f16590
Event: 38.327 Thread 0x000001d2fd46cc00 flushing nmethod 0x000001d2e7f20490
Event: 38.327 Thread 0x000001d2fd46cc00 flushing nmethod 0x000001d2e7f26610
Event: 38.328 Thread 0x000001d2fd46cc00 flushing nmethod 0x000001d2e7fb9610


Dynamic libraries:
0x00007ff626cf0000 - 0x00007ff626cfe000 	C:\Users\Hp\Downloads\openlogic-openjdk-17.0.10+7-windows-x64\openlogic-openjdk-17.0.10+7-windows-x64\bin\java.exe
0x00007fff64890000 - 0x00007fff64aa7000 	C:\Windows\SYSTEM32\ntdll.dll
0x00007fff634c0000 - 0x00007fff63584000 	C:\Windows\System32\KERNEL32.DLL
0x00007fff61ed0000 - 0x00007fff6227c000 	C:\Windows\System32\KERNELBASE.dll
0x00007fff61bc0000 - 0x00007fff61cd1000 	C:\Windows\System32\ucrtbase.dll
0x00007fff53080000 - 0x00007fff53097000 	C:\Users\Hp\Downloads\openlogic-openjdk-17.0.10+7-windows-x64\openlogic-openjdk-17.0.10+7-windows-x64\bin\jli.dll
0x00007fff53d00000 - 0x00007fff53d1b000 	C:\Users\Hp\Downloads\openlogic-openjdk-17.0.10+7-windows-x64\openlogic-openjdk-17.0.10+7-windows-x64\bin\VCRUNTIME140.dll
0x00007fff646a0000 - 0x00007fff6484e000 	C:\Windows\System32\USER32.dll
0x00007fff62280000 - 0x00007fff622a6000 	C:\Windows\System32\win32u.dll
0x00007fff63380000 - 0x00007fff633a9000 	C:\Windows\System32\GDI32.dll
0x00007fff4cff0000 - 0x00007fff4d283000 	C:\Windows\WinSxS\amd64_microsoft.windows.common-controls_6595b64144ccf1df_6.0.22621.3672_none_2713b9d173822955\COMCTL32.dll
0x00007fff61d80000 - 0x00007fff61e99000 	C:\Windows\System32\gdi32full.dll
0x00007fff61ce0000 - 0x00007fff61d7a000 	C:\Windows\System32\msvcp_win.dll
0x00007fff632d0000 - 0x00007fff63377000 	C:\Windows\System32\msvcrt.dll
0x00007fff62780000 - 0x00007fff627b1000 	C:\Windows\System32\IMM32.DLL
0x00007fff552a0000 - 0x00007fff552ac000 	C:\Users\Hp\Downloads\openlogic-openjdk-17.0.10+7-windows-x64\openlogic-openjdk-17.0.10+7-windows-x64\bin\vcruntime140_1.dll
0x00007fff4b600000 - 0x00007fff4b68d000 	C:\Users\Hp\Downloads\openlogic-openjdk-17.0.10+7-windows-x64\openlogic-openjdk-17.0.10+7-windows-x64\bin\msvcp140.dll
0x00007fff17d00000 - 0x00007fff18962000 	C:\Users\Hp\Downloads\openlogic-openjdk-17.0.10+7-windows-x64\openlogic-openjdk-17.0.10+7-windows-x64\bin\server\jvm.dll
0x00007fff63400000 - 0x00007fff634b2000 	C:\Windows\System32\ADVAPI32.dll
0x00007fff63220000 - 0x00007fff632c8000 	C:\Windows\System32\sechost.dll
0x00007fff61ea0000 - 0x00007fff61ec8000 	C:\Windows\System32\bcrypt.dll
0x00007fff63590000 - 0x00007fff636a5000 	C:\Windows\System32\RPCRT4.dll
0x00007fff61a80000 - 0x00007fff61acd000 	C:\Windows\SYSTEM32\POWRPROF.dll
0x00007fff544f0000 - 0x00007fff544f9000 	C:\Windows\SYSTEM32\WSOCK32.dll
0x00007fff64430000 - 0x00007fff644a1000 	C:\Windows\System32\WS2_32.dll
0x00007fff4ee50000 - 0x00007fff4ee84000 	C:\Windows\SYSTEM32\WINMM.dll
0x00007fff538c0000 - 0x00007fff538ca000 	C:\Windows\SYSTEM32\VERSION.dll
0x00007fff61a60000 - 0x00007fff61a73000 	C:\Windows\SYSTEM32\UMPDC.dll
0x00007fff60bb0000 - 0x00007fff60bc8000 	C:\Windows\SYSTEM32\kernel.appcore.dll
0x00007fff54690000 - 0x00007fff5469a000 	C:\Users\Hp\Downloads\openlogic-openjdk-17.0.10+7-windows-x64\openlogic-openjdk-17.0.10+7-windows-x64\bin\jimage.dll
0x00007fff4f1e0000 - 0x00007fff4f412000 	C:\Windows\SYSTEM32\DBGHELP.DLL
0x00007fff627c0000 - 0x00007fff62b48000 	C:\Windows\System32\combase.dll
0x00007fff636b0000 - 0x00007fff63787000 	C:\Windows\System32\OLEAUT32.dll
0x00007fff3f980000 - 0x00007fff3f9b2000 	C:\Windows\SYSTEM32\dbgcore.DLL
0x00007fff624e0000 - 0x00007fff6255b000 	C:\Windows\System32\bcryptPrimitives.dll
0x00007fff53050000 - 0x00007fff53075000 	C:\Users\Hp\Downloads\openlogic-openjdk-17.0.10+7-windows-x64\openlogic-openjdk-17.0.10+7-windows-x64\bin\java.dll
0x00007fff4aeb0000 - 0x00007fff4af86000 	C:\Users\Hp\Downloads\openlogic-openjdk-17.0.10+7-windows-x64\openlogic-openjdk-17.0.10+7-windows-x64\bin\jsvml.dll
0x00007fff63b30000 - 0x00007fff6438c000 	C:\Windows\System32\SHELL32.dll
0x00007fff5fac0000 - 0x00007fff603b7000 	C:\Windows\SYSTEM32\windows.storage.dll
0x00007fff5f980000 - 0x00007fff5fabf000 	C:\Windows\SYSTEM32\wintypes.dll
0x00007fff625d0000 - 0x00007fff626c4000 	C:\Windows\System32\SHCORE.dll
0x00007fff63030000 - 0x00007fff6308e000 	C:\Windows\System32\shlwapi.dll
0x00007fff61af0000 - 0x00007fff61b11000 	C:\Windows\SYSTEM32\profapi.dll
0x00007fff52dd0000 - 0x00007fff52de9000 	C:\Users\Hp\Downloads\openlogic-openjdk-17.0.10+7-windows-x64\openlogic-openjdk-17.0.10+7-windows-x64\bin\net.dll
0x00007fff5a5b0000 - 0x00007fff5a6e6000 	C:\Windows\SYSTEM32\WINHTTP.dll
0x00007fff61010000 - 0x00007fff61079000 	C:\Windows\system32\mswsock.dll
0x00007fff52db0000 - 0x00007fff52dc6000 	C:\Users\Hp\Downloads\openlogic-openjdk-17.0.10+7-windows-x64\openlogic-openjdk-17.0.10+7-windows-x64\bin\nio.dll
0x00007fff4f090000 - 0x00007fff4f0a8000 	C:\Users\Hp\Downloads\openlogic-openjdk-17.0.10+7-windows-x64\openlogic-openjdk-17.0.10+7-windows-x64\bin\zip.dll
0x00007fff53cf0000 - 0x00007fff53d00000 	C:\Users\Hp\Downloads\openlogic-openjdk-17.0.10+7-windows-x64\openlogic-openjdk-17.0.10+7-windows-x64\bin\verify.dll

dbghelp: loaded successfully - version: 4.0.5 - missing functions: none
symbol engine: initialized successfully - sym options: 0x614 - pdb path: .;C:\Users\Hp\Downloads\openlogic-openjdk-17.0.10+7-windows-x64\openlogic-openjdk-17.0.10+7-windows-x64\bin;C:\Windows\SYSTEM32;C:\Windows\WinSxS\amd64_microsoft.windows.common-controls_6595b64144ccf1df_6.0.22621.3672_none_2713b9d173822955;C:\Users\Hp\Downloads\openlogic-openjdk-17.0.10+7-windows-x64\openlogic-openjdk-17.0.10+7-windows-x64\bin\server

VM Arguments:
java_command: org.jetbrains.kotlin.cli.jvm.K2JVMCompiler @D:\reactnativeapp\myapp\android\app\build\20240609_5604603531649506818.compiler.options
java_class_path (initial): C:\Users\Hp\.gradle\caches\modules-2\files-2.1\org.jetbrains.kotlin\kotlin-compiler-embeddable\1.9.22\9cd4dc7773cf2a99ecd961a88fbbc9a2da3fb5e1\kotlin-compiler-embeddable-1.9.22.jar;C:\Users\Hp\.gradle\caches\modules-2\files-2.1\org.jetbrains.kotlin\kotlin-stdlib\1.9.22\d6c44cd08d8f3f9bece8101216dbe6553365c6e3\kotlin-stdlib-1.9.22.jar;C:\Users\Hp\.gradle\caches\modules-2\files-2.1\org.jetbrains.kotlin\kotlin-script-runtime\1.9.22\f8139a46fc677ec9badc49ae954392f4f5e7e7c7\kotlin-script-runtime-1.9.22.jar;C:\Users\Hp\.gradle\caches\modules-2\files-2.1\org.jetbrains.kotlin\kotlin-reflect\1.6.10\1cbe9c92c12a94eea200d23c2bbaedaf3daf5132\kotlin-reflect-1.6.10.jar;C:\Users\Hp\.gradle\caches\modules-2\files-2.1\org.jetbrains.kotlin\kotlin-daemon-embeddable\1.9.22\20e2c5df715f3240c765cfc222530e2796542021\kotlin-daemon-embeddable-1.9.22.jar;C:\Users\Hp\.gradle\caches\modules-2\files-2.1\org.jetbrains.intellij.deps\trove4j\1.0.20200330\3afb14d5f9ceb459d724e907a21145e8ff394f02\trove4j-1.0.20200330.jar;C:\Users\Hp\.gradle\caches\modules-2\files-2.1\org.jetbrains\annotations\13.0\919f0dfe192fb4e063e7dacadee7f8bb9a2672a9\annotations-13.0.jar
Launcher Type: SUN_STANDARD

[Global flags]
     intx CICompilerCount                          = 3                                         {product} {ergonomic}
     uint ConcGCThreads                            = 1                                         {product} {ergonomic}
     uint G1ConcRefinementThreads                  = 4                                         {product} {ergonomic}
   size_t G1HeapRegionSize                         = 1048576                                   {product} {ergonomic}
    uintx GCDrainStackTargetSize                   = 64                                        {product} {ergonomic}
   size_t InitialHeapSize                          = 134217728                                 {product} {ergonomic}
   size_t MarkStackSize                            = 4194304                                   {product} {ergonomic}
   size_t MaxHeapSize                              = 2116026368                                {product} {ergonomic}
   size_t MaxNewSize                               = 1268776960                                {product} {ergonomic}
   size_t MinHeapDeltaBytes                        = 1048576                                   {product} {ergonomic}
   size_t MinHeapSize                              = 8388608                                   {product} {ergonomic}
    uintx NonNMethodCodeHeapSize                   = 5832780                                {pd product} {ergonomic}
    uintx NonProfiledCodeHeapSize                  = 122912730                              {pd product} {ergonomic}
    uintx ProfiledCodeHeapSize                     = 122912730                              {pd product} {ergonomic}
    uintx ReservedCodeCacheSize                    = 251658240                              {pd product} {ergonomic}
     bool SegmentedCodeCache                       = true                                      {product} {ergonomic}
   size_t SoftMaxHeapSize                          = 2116026368                             {manageable} {ergonomic}
     bool UseCompressedClassPointers               = true                           {product lp64_product} {ergonomic}
     bool UseCompressedOops                        = true                           {product lp64_product} {ergonomic}
     bool UseG1GC                                  = true                                      {product} {ergonomic}
     bool UseLargePagesIndividualAllocation        = false                                  {pd product} {ergonomic}

Logging:
Log output configuration:
 #0: stdout all=warning uptime,level,tags
 #1: stderr all=off uptime,level,tags

Environment Variables:
CLASSPATH=D:\reactnativeapp\myapp\android\\gradle\wrapper\gradle-wrapper.jar
PATH=D:\reactnativeapp\myapp\node_modules\.bin;D:\reactnativeapp\myapp\node_modules\.bin;D:\reactnativeapp\node_modules\.bin;D:\node_modules\.bin;C:\Users\Hp\AppData\Roaming\nvm\v20.12.2\node_modules\npm\node_modules\@npmcli\run-script\lib\node-gyp-bin;C:\Windows\system32;C:\Windows;C:\Windows\System32\Wbem;C:\Windows\System32\WindowsPowerShell\v1.0\;C:\Windows\System32\OpenSSH\;C:\Users\Hp\AppData\Roaming\nvm;C:\Program Files\nodejs;C:\Program Files\Java\jdk-17\bin;C:\Program Files\nodejs;C:\Users\Hp\Downloads\openlogic-openjdk-17.0.10+7-windows-x64\openlogic-openjdk-17.0.10+7-windows-x64\bin;C:\Users\Hp\AppData\Local\Android\Sdk;C:\Users\Hp\Downloads\mongodb-windows-x86_64-7.0.11 (1).zip\mongodb-win32-x86_64-windows-7.0.11\bin;C:\Program Files\MongoDB\Server\7.0\data;C:\Users\Hp\AppData\Local\Android\Sdk\tools;C:\Users\Hp\AppData\Local\Android\Sdk\tools;C:\Users\Hp\AppData\Local\Microsoft\WindowsApps;C:\Users\Hp\AppData\Roaming\nvm;C:\Program Files\nodejs;C:\Users\Hp\AppData\Local\Android\Sdk\platform-tools;D:\miral\Microsoft VS Code\bin
USERNAME=Hp
LANG=en_US.UTF-8
OS=Windows_NT
PROCESSOR_IDENTIFIER=Intel64 Family 6 Model 78 Stepping 3, GenuineIntel
TMP=C:\Users\Hp\AppData\Local\Temp
TEMP=C:\Users\Hp\AppData\Local\Temp



Periodic native trim disabled


---------------  S Y S T E M  ---------------

OS:
 Windows 11 , 64 bit Build 22621 (10.0.22621.3672)
OS uptime: 0 days 15:26 hours
Hyper-V role detected

CPU: total 4 (initial active 4) (2 cores per cpu, 2 threads per core) family 6 model 78 stepping 3 microcode 0xf0, cx8, cmov, fxsr, ht, mmx, 3dnowpref, sse, sse2, sse3, ssse3, sse4.1, sse4.2, popcnt, lzcnt, tsc, tscinvbit, avx, avx2, aes, erms, clmul, bmi1, bmi2, rtm, adx, fma, vzeroupper, clflush, clflushopt, hv
Processor Information for all 4 processors :
  Max Mhz: 2496, Current Mhz: 1497, Mhz Limit: 2396

Memory: 4k page, system-wide physical 8070M (281M free)
TotalPageFile size 10138M (AvailPageFile size 2M)
current process WorkingSet (physical memory assigned to process): 212M, peak: 218M
current process commit charge ("private bytes"): 243M, peak: 251M

vm_info: OpenJDK 64-Bit Server VM (17.0.10+7-adhoc..jdk17u) for windows-amd64 JRE (17.0.10+7-adhoc..jdk17u), built on Jan 24 2024 08:51:31 by "" with MS VC++ 16.10 / 16.11 (VS2019)

END.
