#
# There is insufficient memory for the Java Runtime Environment to continue.
# Native memory allocation (malloc) failed to allocate 368336 bytes for Chunk::new
# Possible reasons:
#   The system is out of physical RAM or swap space
#   The process is running with CompressedOops enabled, and the Java Heap may be blocking the growth of the native heap
# Possible solutions:
#   Reduce memory load on the system
#   Increase physical memory or swap space
#   Check if swap backing store is full
#   Decrease Java heap size (-Xmx/-Xms)
#   Decrease number of Java threads
#   Decrease Java thread stack sizes (-Xss)
#   Set larger code cache with -XX:ReservedCodeCacheSize=
#   JVM is running with Unscaled Compressed Oops mode in which the Java heap is
#     placed in the first 4GB address space. The Java Heap base address is the
#     maximum limit for the native heap growth. Please use -XX:HeapBaseMinAddress
#     to set the Java Heap base and to place the Java Heap above 4GB virtual address.
# This output file may be truncated or incomplete.
#
#  Out of Memory Error (arena.cpp:189), pid=18008, tid=11668
#
# JRE version: Java(TM) SE Runtime Environment (17.0.11+7) (build 17.0.11+7-LTS-207)
# Java VM: Java HotSpot(TM) 64-Bit Server VM (17.0.11+7-LTS-207, mixed mode, sharing, tiered, compressed oops, compressed class ptrs, g1 gc, windows-amd64)
# No core dump will be written. Minidumps are not enabled by default on client versions of Windows
#

---------------  S U M M A R Y ------------

Command Line: -Xmx64m -Xms64m -Dorg.gradle.appname=gradlew org.gradle.wrapper.GradleWrapperMain app:installDebug -PreactNativeDevServerPort=8081

Host: Intel(R) Core(TM) i5-6300U CPU @ 2.40GHz, 4 cores, 7G,  Windows 11 , 64 bit Build 22621 (10.0.22621.3672)
Time: Wed Jul 10 22:37:22 2024 Pakistan Standard Time elapsed time: 40.723167 seconds (0d 0h 0m 40s)

---------------  T H R E A D  ---------------

Current thread (0x0000023ee710aca0):  JavaThread "C2 CompilerThread0" daemon [_thread_in_native, id=11668, stack(0x00000061df900000,0x00000061dfa00000)]


Current CompileTask:
C2:  40723 1576   !   4       java.io.BufferedReader::readLine (327 bytes)

Stack: [0x00000061df900000,0x00000061dfa00000]
Native frames: (J=compiled Java code, j=interpreted, Vv=VM code, C=native code)
V  [jvm.dll+0x679cca]
V  [jvm.dll+0x7da13d]
V  [jvm.dll+0x7dba83]
V  [jvm.dll+0x7dc0f3]
V  [jvm.dll+0x2449af]
V  [jvm.dll+0xab83b]
V  [jvm.dll+0xabe1c]
V  [jvm.dll+0x36155f]
V  [jvm.dll+0x32bd61]
V  [jvm.dll+0x32b1fa]
V  [jvm.dll+0x2161df]
V  [jvm.dll+0x21560f]
V  [jvm.dll+0x1a2040]
V  [jvm.dll+0x225a2b]
V  [jvm.dll+0x223bcb]
V  [jvm.dll+0x7903ec]
V  [jvm.dll+0x78a85a]
V  [jvm.dll+0x678bb5]
C  [ucrtbase.dll+0x29333]
C  [KERNEL32.DLL+0x1257d]
C  [ntdll.dll+0x5af28]


---------------  P R O C E S S  ---------------

Threads class SMR info:
_java_thread_list=0x0000023eec0e2a50, length=15, elements={
0x0000023e8d1153e0, 0x0000023ee70eb040, 0x0000023ee70ebec0, 0x0000023ee7101ca0,
0x0000023ee7102660, 0x0000023ee7104030, 0x0000023ee71049f0, 0x0000023ee710aca0,
0x0000023ee712d770, 0x0000023ee7148d50, 0x0000023ee7360b50, 0x0000023ee73652e0,
0x0000023ee7dde070, 0x0000023ee7e05fc0, 0x0000023ee7df9a50
}

Java Threads: ( => current thread )
  0x0000023e8d1153e0 JavaThread "main" [_thread_in_vm, id=9120, stack(0x00000061dec00000,0x00000061ded00000)]
  0x0000023ee70eb040 JavaThread "Reference Handler" daemon [_thread_blocked, id=17352, stack(0x00000061df300000,0x00000061df400000)]
  0x0000023ee70ebec0 JavaThread "Finalizer" daemon [_thread_blocked, id=8568, stack(0x00000061df400000,0x00000061df500000)]
  0x0000023ee7101ca0 JavaThread "Signal Dispatcher" daemon [_thread_blocked, id=16492, stack(0x00000061df500000,0x00000061df600000)]
  0x0000023ee7102660 JavaThread "Attach Listener" daemon [_thread_blocked, id=12692, stack(0x00000061df600000,0x00000061df700000)]
  0x0000023ee7104030 JavaThread "Service Thread" daemon [_thread_blocked, id=13844, stack(0x00000061df700000,0x00000061df800000)]
  0x0000023ee71049f0 JavaThread "Monitor Deflation Thread" daemon [_thread_blocked, id=5224, stack(0x00000061df800000,0x00000061df900000)]
=>0x0000023ee710aca0 JavaThread "C2 CompilerThread0" daemon [_thread_in_native, id=11668, stack(0x00000061df900000,0x00000061dfa00000)]
  0x0000023ee712d770 JavaThread "C1 CompilerThread0" daemon [_thread_blocked, id=15268, stack(0x00000061dfa00000,0x00000061dfb00000)]
  0x0000023ee7148d50 JavaThread "Sweeper thread" daemon [_thread_blocked, id=2460, stack(0x00000061dfb00000,0x00000061dfc00000)]
  0x0000023ee7360b50 JavaThread "Notification Thread" daemon [_thread_blocked, id=15220, stack(0x00000061dfc00000,0x00000061dfd00000)]
  0x0000023ee73652e0 JavaThread "Common-Cleaner" daemon [_thread_blocked, id=1700, stack(0x00000061dfe00000,0x00000061dff00000)]
  0x0000023ee7dde070 JavaThread "pool-1-thread-1" [_thread_blocked, id=7084, stack(0x00000061e0200000,0x00000061e0300000)]
  0x0000023ee7e05fc0 JavaThread "DisconnectableInputStream source reader" daemon [_thread_in_native, id=17252, stack(0x00000061e0400000,0x00000061e0500000)]
  0x0000023ee7df9a50 JavaThread "C2 CompilerThread1" daemon [_thread_in_native, id=15248, stack(0x00000061e0800000,0x00000061e0900000)]

Other Threads:
  0x0000023e8d1de310 VMThread "VM Thread" [stack: 0x00000061df200000,0x00000061df300000] [id=468]
  0x0000023ee7365050 WatcherThread [stack: 0x00000061dfd00000,0x00000061dfe00000] [id=10120]
  0x0000023e8d136080 GCTaskThread "GC Thread#0" [stack: 0x00000061ded00000,0x00000061dee00000] [id=5404]
  0x0000023ee75a1690 GCTaskThread "GC Thread#1" [stack: 0x00000061dff00000,0x00000061e0000000] [id=8324]
  0x0000023ee7818280 GCTaskThread "GC Thread#2" [stack: 0x00000061e0000000,0x00000061e0100000] [id=10560]
  0x0000023ee746feb0 GCTaskThread "GC Thread#3" [stack: 0x00000061e0100000,0x00000061e0200000] [id=7356]
  0x0000023e8d1377d0 ConcurrentGCThread "G1 Main Marker" [stack: 0x00000061dee00000,0x00000061def00000] [id=15108]
  0x0000023e8d138980 ConcurrentGCThread "G1 Conc#0" [stack: 0x00000061def00000,0x00000061df000000] [id=12364]
  0x0000023e8d185720 ConcurrentGCThread "G1 Refine#0" [stack: 0x00000061df000000,0x00000061df100000] [id=11388]
  0x0000023e8d186150 ConcurrentGCThread "G1 Service" [stack: 0x00000061df100000,0x00000061df200000] [id=7044]

Threads with active compile tasks:
C2 CompilerThread0    40811 1576   !   4       java.io.BufferedReader::readLine (327 bytes)
C2 CompilerThread1    40811 1586   !   4       java.util.concurrent.ConcurrentHashMap::transfer (849 bytes)

VM state: not at safepoint (normal execution)

VM Mutex/Monitor currently owned by a thread: None

Heap address: 0x00000000fc000000, size: 64 MB, Compressed Oops mode: 32-bit

CDS archive(s) mapped at: [0x0000023ea6000000-0x0000023ea6bd0000-0x0000023ea6bd0000), size 12386304, SharedBaseAddress: 0x0000023ea6000000, ArchiveRelocationMode: 1.
Compressed class space mapped at: 0x0000023ea7000000-0x0000023ee7000000, reserved size: 1073741824
Narrow klass base: 0x0000023ea6000000, Narrow klass shift: 0, Narrow klass range: 0x100000000

GC Precious Log:
 CPUs: 4 total, 4 available
 Memory: 8070M
 Large Page Support: Disabled
 NUMA Support: Disabled
 Compressed Oops: Enabled (32-bit)
 Heap Region Size: 1M
 Heap Min Capacity: 64M
 Heap Initial Capacity: 64M
 Heap Max Capacity: 64M
 Pre-touch: Disabled
 Parallel Workers: 4
 Concurrent Workers: 1
 Concurrent Refinement Workers: 4
 Periodic GC: Disabled

Heap:
 garbage-first heap   total 65536K, used 26303K [0x00000000fc000000, 0x0000000100000000)
  region size 1024K, 19 young (19456K), 3 survivors (3072K)
 Metaspace       used 9002K, committed 9216K, reserved 1114112K
  class space    used 1186K, committed 1280K, reserved 1048576K

Heap Regions: E=young(eden), S=young(survivor), O=old, HS=humongous(starts), HC=humongous(continues), CS=collection set, F=free, OA=open archive, CA=closed archive, TAMS=top-at-mark-start (previous, next)
|   0|0x00000000fc000000, 0x00000000fc100000, 0x00000000fc100000|100%| O|  |TAMS 0x00000000fc000000, 0x00000000fc000000| Untracked 
|   1|0x00000000fc100000, 0x00000000fc200000, 0x00000000fc200000|100%|HS|  |TAMS 0x00000000fc100000, 0x00000000fc100000| Complete 
|   2|0x00000000fc200000, 0x00000000fc300000, 0x00000000fc300000|100%|HC|  |TAMS 0x00000000fc200000, 0x00000000fc200000| Complete 
|   3|0x00000000fc300000, 0x00000000fc400000, 0x00000000fc400000|100%|HC|  |TAMS 0x00000000fc300000, 0x00000000fc300000| Complete 
|   4|0x00000000fc400000, 0x00000000fc500000, 0x00000000fc500000|100%|HC|  |TAMS 0x00000000fc400000, 0x00000000fc400000| Complete 
|   5|0x00000000fc500000, 0x00000000fc600000, 0x00000000fc600000|100%| O|  |TAMS 0x00000000fc500000, 0x00000000fc500000| Untracked 
|   6|0x00000000fc600000, 0x00000000fc700000, 0x00000000fc700000|100%| O|  |TAMS 0x00000000fc600000, 0x00000000fc600000| Untracked 
|   7|0x00000000fc700000, 0x00000000fc7afe00, 0x00000000fc800000| 68%| O|  |TAMS 0x00000000fc700000, 0x00000000fc700000| Untracked 
|   8|0x00000000fc800000, 0x00000000fc800000, 0x00000000fc900000|  0%| F|  |TAMS 0x00000000fc800000, 0x00000000fc800000| Untracked 
|   9|0x00000000fc900000, 0x00000000fc900000, 0x00000000fca00000|  0%| F|  |TAMS 0x00000000fc900000, 0x00000000fc900000| Untracked 
|  10|0x00000000fca00000, 0x00000000fca00000, 0x00000000fcb00000|  0%| F|  |TAMS 0x00000000fca00000, 0x00000000fca00000| Untracked 
|  11|0x00000000fcb00000, 0x00000000fcb00000, 0x00000000fcc00000|  0%| F|  |TAMS 0x00000000fcb00000, 0x00000000fcb00000| Untracked 
|  12|0x00000000fcc00000, 0x00000000fcc00000, 0x00000000fcd00000|  0%| F|  |TAMS 0x00000000fcc00000, 0x00000000fcc00000| Untracked 
|  13|0x00000000fcd00000, 0x00000000fcd00000, 0x00000000fce00000|  0%| F|  |TAMS 0x00000000fcd00000, 0x00000000fcd00000| Untracked 
|  14|0x00000000fce00000, 0x00000000fce00000, 0x00000000fcf00000|  0%| F|  |TAMS 0x00000000fce00000, 0x00000000fce00000| Untracked 
|  15|0x00000000fcf00000, 0x00000000fcf00000, 0x00000000fd000000|  0%| F|  |TAMS 0x00000000fcf00000, 0x00000000fcf00000| Untracked 
|  16|0x00000000fd000000, 0x00000000fd000000, 0x00000000fd100000|  0%| F|  |TAMS 0x00000000fd000000, 0x00000000fd000000| Untracked 
|  17|0x00000000fd100000, 0x00000000fd100000, 0x00000000fd200000|  0%| F|  |TAMS 0x00000000fd100000, 0x00000000fd100000| Untracked 
|  18|0x00000000fd200000, 0x00000000fd200000, 0x00000000fd300000|  0%| F|  |TAMS 0x00000000fd200000, 0x00000000fd200000| Untracked 
|  19|0x00000000fd300000, 0x00000000fd300000, 0x00000000fd400000|  0%| F|  |TAMS 0x00000000fd300000, 0x00000000fd300000| Untracked 
|  20|0x00000000fd400000, 0x00000000fd400000, 0x00000000fd500000|  0%| F|  |TAMS 0x00000000fd400000, 0x00000000fd400000| Untracked 
|  21|0x00000000fd500000, 0x00000000fd500000, 0x00000000fd600000|  0%| F|  |TAMS 0x00000000fd500000, 0x00000000fd500000| Untracked 
|  22|0x00000000fd600000, 0x00000000fd600000, 0x00000000fd700000|  0%| F|  |TAMS 0x00000000fd600000, 0x00000000fd600000| Untracked 
|  23|0x00000000fd700000, 0x00000000fd700000, 0x00000000fd800000|  0%| F|  |TAMS 0x00000000fd700000, 0x00000000fd700000| Untracked 
|  24|0x00000000fd800000, 0x00000000fd800000, 0x00000000fd900000|  0%| F|  |TAMS 0x00000000fd800000, 0x00000000fd800000| Untracked 
|  25|0x00000000fd900000, 0x00000000fd900000, 0x00000000fda00000|  0%| F|  |TAMS 0x00000000fd900000, 0x00000000fd900000| Untracked 
|  26|0x00000000fda00000, 0x00000000fda00000, 0x00000000fdb00000|  0%| F|  |TAMS 0x00000000fda00000, 0x00000000fda00000| Untracked 
|  27|0x00000000fdb00000, 0x00000000fdb00000, 0x00000000fdc00000|  0%| F|  |TAMS 0x00000000fdb00000, 0x00000000fdb00000| Untracked 
|  28|0x00000000fdc00000, 0x00000000fdc00000, 0x00000000fdd00000|  0%| F|  |TAMS 0x00000000fdc00000, 0x00000000fdc00000| Untracked 
|  29|0x00000000fdd00000, 0x00000000fdd00000, 0x00000000fde00000|  0%| F|  |TAMS 0x00000000fdd00000, 0x00000000fdd00000| Untracked 
|  30|0x00000000fde00000, 0x00000000fde00000, 0x00000000fdf00000|  0%| F|  |TAMS 0x00000000fde00000, 0x00000000fde00000| Untracked 
|  31|0x00000000fdf00000, 0x00000000fdf00000, 0x00000000fe000000|  0%| F|  |TAMS 0x00000000fdf00000, 0x00000000fdf00000| Untracked 
|  32|0x00000000fe000000, 0x00000000fe000000, 0x00000000fe100000|  0%| F|  |TAMS 0x00000000fe000000, 0x00000000fe000000| Untracked 
|  33|0x00000000fe100000, 0x00000000fe100000, 0x00000000fe200000|  0%| F|  |TAMS 0x00000000fe100000, 0x00000000fe100000| Untracked 
|  34|0x00000000fe200000, 0x00000000fe200000, 0x00000000fe300000|  0%| F|  |TAMS 0x00000000fe200000, 0x00000000fe200000| Untracked 
|  35|0x00000000fe300000, 0x00000000fe300000, 0x00000000fe400000|  0%| F|  |TAMS 0x00000000fe300000, 0x00000000fe300000| Untracked 
|  36|0x00000000fe400000, 0x00000000fe400000, 0x00000000fe500000|  0%| F|  |TAMS 0x00000000fe400000, 0x00000000fe400000| Untracked 
|  37|0x00000000fe500000, 0x00000000fe500000, 0x00000000fe600000|  0%| F|  |TAMS 0x00000000fe500000, 0x00000000fe500000| Untracked 
|  38|0x00000000fe600000, 0x00000000fe600000, 0x00000000fe700000|  0%| F|  |TAMS 0x00000000fe600000, 0x00000000fe600000| Untracked 
|  39|0x00000000fe700000, 0x00000000fe700000, 0x00000000fe800000|  0%| F|  |TAMS 0x00000000fe700000, 0x00000000fe700000| Untracked 
|  40|0x00000000fe800000, 0x00000000fe800000, 0x00000000fe900000|  0%| F|  |TAMS 0x00000000fe800000, 0x00000000fe800000| Untracked 
|  41|0x00000000fe900000, 0x00000000fe900000, 0x00000000fea00000|  0%| F|  |TAMS 0x00000000fe900000, 0x00000000fe900000| Untracked 
|  42|0x00000000fea00000, 0x00000000fea00000, 0x00000000feb00000|  0%| F|  |TAMS 0x00000000fea00000, 0x00000000fea00000| Untracked 
|  43|0x00000000feb00000, 0x00000000fec00000, 0x00000000fec00000|100%| S|CS|TAMS 0x00000000feb00000, 0x00000000feb00000| Complete 
|  44|0x00000000fec00000, 0x00000000fed00000, 0x00000000fed00000|100%| S|CS|TAMS 0x00000000fec00000, 0x00000000fec00000| Complete 
|  45|0x00000000fed00000, 0x00000000fee00000, 0x00000000fee00000|100%| S|CS|TAMS 0x00000000fed00000, 0x00000000fed00000| Complete 
|  46|0x00000000fee00000, 0x00000000fee00000, 0x00000000fef00000|  0%| F|  |TAMS 0x00000000fee00000, 0x00000000fee00000| Untracked 
|  47|0x00000000fef00000, 0x00000000fef00000, 0x00000000ff000000|  0%| F|  |TAMS 0x00000000fef00000, 0x00000000fef00000| Untracked 
|  48|0x00000000ff000000, 0x00000000ff067020, 0x00000000ff100000| 40%| E|  |TAMS 0x00000000ff000000, 0x00000000ff000000| Complete 
|  49|0x00000000ff100000, 0x00000000ff200000, 0x00000000ff200000|100%| E|CS|TAMS 0x00000000ff100000, 0x00000000ff100000| Complete 
|  50|0x00000000ff200000, 0x00000000ff300000, 0x00000000ff300000|100%| E|CS|TAMS 0x00000000ff200000, 0x00000000ff200000| Complete 
|  51|0x00000000ff300000, 0x00000000ff400000, 0x00000000ff400000|100%| E|CS|TAMS 0x00000000ff300000, 0x00000000ff300000| Complete 
|  52|0x00000000ff400000, 0x00000000ff500000, 0x00000000ff500000|100%| E|CS|TAMS 0x00000000ff400000, 0x00000000ff400000| Complete 
|  53|0x00000000ff500000, 0x00000000ff600000, 0x00000000ff600000|100%| E|CS|TAMS 0x00000000ff500000, 0x00000000ff500000| Complete 
|  54|0x00000000ff600000, 0x00000000ff700000, 0x00000000ff700000|100%| E|CS|TAMS 0x00000000ff600000, 0x00000000ff600000| Complete 
|  55|0x00000000ff700000, 0x00000000ff800000, 0x00000000ff800000|100%| E|CS|TAMS 0x00000000ff700000, 0x00000000ff700000| Complete 
|  56|0x00000000ff800000, 0x00000000ff900000, 0x00000000ff900000|100%| E|CS|TAMS 0x00000000ff800000, 0x00000000ff800000| Complete 
|  57|0x00000000ff900000, 0x00000000ffa00000, 0x00000000ffa00000|100%| E|CS|TAMS 0x00000000ff900000, 0x00000000ff900000| Complete 
|  58|0x00000000ffa00000, 0x00000000ffb00000, 0x00000000ffb00000|100%| E|CS|TAMS 0x00000000ffa00000, 0x00000000ffa00000| Complete 
|  59|0x00000000ffb00000, 0x00000000ffc00000, 0x00000000ffc00000|100%| E|CS|TAMS 0x00000000ffb00000, 0x00000000ffb00000| Complete 
|  60|0x00000000ffc00000, 0x00000000ffd00000, 0x00000000ffd00000|100%| E|CS|TAMS 0x00000000ffc00000, 0x00000000ffc00000| Complete 
|  61|0x00000000ffd00000, 0x00000000ffe00000, 0x00000000ffe00000|100%| E|CS|TAMS 0x00000000ffd00000, 0x00000000ffd00000| Complete 
|  62|0x00000000ffe00000, 0x00000000fff00000, 0x00000000fff00000|100%| E|CS|TAMS 0x00000000ffe00000, 0x00000000ffe00000| Complete 
|  63|0x00000000fff00000, 0x0000000100000000, 0x0000000100000000|100%| E|CS|TAMS 0x00000000fff00000, 0x00000000fff00000| Complete 

Card table byte_map: [0x0000023e8cf10000,0x0000023e8cf30000] _byte_map_base: 0x0000023e8c730000

Marking Bits (Prev, Next): (CMBitMap*) 0x0000023e8d1366a0, (CMBitMap*) 0x0000023e8d1366e0
 Prev Bits: [0x0000023e8cf50000, 0x0000023e8d050000)
 Next Bits: [0x0000023ea39d0000, 0x0000023ea3ad0000)

Polling page: 0x0000023e8b0d0000

Metaspace:

Usage:
  Non-class:      7.63 MB used.
      Class:      1.16 MB used.
       Both:      8.79 MB used.

Virtual space:
  Non-class space:       64.00 MB reserved,       7.75 MB ( 12%) committed,  1 nodes.
      Class space:        1.00 GB reserved,       1.25 MB ( <1%) committed,  1 nodes.
             Both:        1.06 GB reserved,       9.00 MB ( <1%) committed. 

Chunk freelists:
   Non-Class:  7.90 MB
       Class:  14.64 MB
        Both:  22.54 MB

MaxMetaspaceSize: unlimited
CompressedClassSpaceSize: 1.00 GB
Initial GC threshold: 21.00 MB
Current GC threshold: 21.00 MB
CDS: on
MetaspaceReclaimPolicy: balanced
 - commit_granule_bytes: 65536.
 - commit_granule_words: 8192.
 - virtual_space_node_default_size: 8388608.
 - enlarge_chunks_in_place: 1.
 - new_chunks_are_fully_committed: 0.
 - uncommit_free_chunks: 1.
 - use_allocation_guard: 0.
 - handle_deallocations: 1.


Internal statistics:

num_allocs_failed_limit: 0.
num_arena_births: 82.
num_arena_deaths: 0.
num_vsnodes_births: 2.
num_vsnodes_deaths: 0.
num_space_committed: 144.
num_space_uncommitted: 0.
num_chunks_returned_to_freelist: 0.
num_chunks_taken_from_freelist: 329.
num_chunk_merges: 0.
num_chunk_splits: 219.
num_chunks_enlarged: 179.
num_inconsistent_stats: 0.

CodeHeap 'non-profiled nmethods': size=120000Kb used=590Kb max_used=590Kb free=119409Kb
 bounds [0x0000023e9c4a0000, 0x0000023e9c710000, 0x0000023ea39d0000]
CodeHeap 'profiled nmethods': size=120000Kb used=3020Kb max_used=3020Kb free=116979Kb
 bounds [0x0000023e949d0000, 0x0000023e94cd0000, 0x0000023e9bf00000]
CodeHeap 'non-nmethods': size=5760Kb used=1169Kb max_used=1191Kb free=4590Kb
 bounds [0x0000023e9bf00000, 0x0000023e9c170000, 0x0000023e9c4a0000]
 total_blobs=2049 nmethods=1586 adapters=376
 compilation: enabled
              stopped_count=0, restarted_count=0
 full_count=0

Compilation events (20 events):
Event: 40.658 Thread 0x0000023ee712d770 1570       3       sun.nio.cs.StreamDecoder::implRead (243 bytes)
Event: 40.660 Thread 0x0000023ee712d770 nmethod 1570 0x0000023e94cb6f90 code [0x0000023e94cb7240, 0x0000023e94cb8098]
Event: 40.660 Thread 0x0000023ee712d770 1571   !   3       sun.nio.cs.StreamDecoder::readBytes (271 bytes)
Event: 40.662 Thread 0x0000023ee712d770 nmethod 1571 0x0000023e94cb8590 code [0x0000023e94cb88a0, 0x0000023e94cb98e8]
Event: 40.662 Thread 0x0000023ee712d770 1572       3       java.nio.HeapByteBuffer::compact (85 bytes)
Event: 40.663 Thread 0x0000023ee712d770 nmethod 1572 0x0000023e94cba110 code [0x0000023e94cba300, 0x0000023e94cba928]
Event: 40.663 Thread 0x0000023ee712d770 1573       3       java.io.BufferedReader::fill (170 bytes)
Event: 40.664 Thread 0x0000023ee712d770 nmethod 1573 0x0000023e94cbab10 code [0x0000023e94cbad00, 0x0000023e94cbb3a8]
Event: 40.667 Thread 0x0000023ee712d770 1575       3       java.io.FileInputStream::read (8 bytes)
Event: 40.667 Thread 0x0000023ee712d770 nmethod 1575 0x0000023e94cbb590 code [0x0000023e94cbb720, 0x0000023e94cbb868]
Event: 40.669 Thread 0x0000023ee710aca0 nmethod 1543% 0x0000023e9c52eb10 code [0x0000023e9c52ed20, 0x0000023e9c5300e0]
Event: 40.670 Thread 0x0000023ee710aca0 1576   !   4       java.io.BufferedReader::readLine (327 bytes)
Event: 40.692 Thread 0x0000023ee7df9a50 1549       4       java.lang.String::<init> (14 bytes)
Event: 40.701 Thread 0x0000023ee7df9a50 nmethod 1549 0x0000023e9c530890 code [0x0000023e9c530a20, 0x0000023e9c530f98]
Event: 40.701 Thread 0x0000023ee7df9a50 1559       4       java.io.BufferedReader::readLine (7 bytes)
Event: 40.702 Thread 0x0000023ee7df9a50 nmethod 1559 0x0000023e9c531210 code [0x0000023e9c5313a0, 0x0000023e9c531448]
Event: 40.702 Thread 0x0000023ee7df9a50 1563       4       java.util.LinkedList::node (65 bytes)
Event: 40.704 Thread 0x0000023ee7df9a50 nmethod 1563 0x0000023e9c531510 code [0x0000023e9c531680, 0x0000023e9c531738]
Event: 40.704 Thread 0x0000023ee7df9a50 1564       4       org.gradle.util.internal.LimitedDescription::append (33 bytes)
Event: 40.720 Thread 0x0000023ee712d770 1578   !   3       sun.nio.cs.StreamDecoder::read (196 bytes)

GC Heap History (4 events):
Event: 0.750 GC heap before
{Heap before GC invocations=0 (full 0):
 garbage-first heap   total 65536K, used 12288K [0x00000000fc000000, 0x0000000100000000)
  region size 1024K, 13 young (13312K), 0 survivors (0K)
 Metaspace       used 1810K, committed 1920K, reserved 1114112K
  class space    used 166K, committed 192K, reserved 1048576K
}
Event: 0.759 GC heap after
{Heap after GC invocations=1 (full 0):
 garbage-first heap   total 65536K, used 3002K [0x00000000fc000000, 0x0000000100000000)
  region size 1024K, 2 young (2048K), 2 survivors (2048K)
 Metaspace       used 1810K, committed 1920K, reserved 1114112K
  class space    used 166K, committed 192K, reserved 1048576K
}
Event: 2.027 GC heap before
{Heap before GC invocations=1 (full 0):
 garbage-first heap   total 65536K, used 22458K [0x00000000fc000000, 0x0000000100000000)
  region size 1024K, 18 young (18432K), 2 survivors (2048K)
 Metaspace       used 5302K, committed 5440K, reserved 1114112K
  class space    used 704K, committed 768K, reserved 1048576K
}
Event: 2.034 GC heap after
{Heap after GC invocations=2 (full 0):
 garbage-first heap   total 65536K, used 10943K [0x00000000fc000000, 0x0000000100000000)
  region size 1024K, 3 young (3072K), 3 survivors (3072K)
 Metaspace       used 5302K, committed 5440K, reserved 1114112K
  class space    used 704K, committed 768K, reserved 1048576K
}

Deoptimization events (20 events):
Event: 40.714 Thread 0x0000023e8d1153e0 DEOPT PACKING pc=0x0000023e94aa0577 sp=0x00000061decfc8b0
Event: 40.714 Thread 0x0000023e8d1153e0 DEOPT UNPACKING pc=0x0000023e9bf52b43 sp=0x00000061decfbd98 mode 0
Event: 40.714 Thread 0x0000023e8d1153e0 DEOPT PACKING pc=0x0000023e94aa0577 sp=0x00000061decfc8b0
Event: 40.714 Thread 0x0000023e8d1153e0 DEOPT UNPACKING pc=0x0000023e9bf52b43 sp=0x00000061decfbd98 mode 0
Event: 40.715 Thread 0x0000023e8d1153e0 DEOPT PACKING pc=0x0000023e94aa0577 sp=0x00000061decfc8b0
Event: 40.715 Thread 0x0000023e8d1153e0 DEOPT UNPACKING pc=0x0000023e9bf52b43 sp=0x00000061decfbd98 mode 0
Event: 40.715 Thread 0x0000023e8d1153e0 DEOPT PACKING pc=0x0000023e94aa0577 sp=0x00000061decfc8b0
Event: 40.715 Thread 0x0000023e8d1153e0 DEOPT UNPACKING pc=0x0000023e9bf52b43 sp=0x00000061decfbd98 mode 0
Event: 40.716 Thread 0x0000023e8d1153e0 DEOPT PACKING pc=0x0000023e94aa0577 sp=0x00000061decfc8b0
Event: 40.716 Thread 0x0000023e8d1153e0 DEOPT UNPACKING pc=0x0000023e9bf52b43 sp=0x00000061decfbd98 mode 0
Event: 40.716 Thread 0x0000023e8d1153e0 DEOPT PACKING pc=0x0000023e94aa0577 sp=0x00000061decfc8b0
Event: 40.716 Thread 0x0000023e8d1153e0 DEOPT UNPACKING pc=0x0000023e9bf52b43 sp=0x00000061decfbd98 mode 0
Event: 40.717 Thread 0x0000023e8d1153e0 DEOPT PACKING pc=0x0000023e94aa0577 sp=0x00000061decfc8b0
Event: 40.717 Thread 0x0000023e8d1153e0 DEOPT UNPACKING pc=0x0000023e9bf52b43 sp=0x00000061decfbd98 mode 0
Event: 40.718 Thread 0x0000023e8d1153e0 DEOPT PACKING pc=0x0000023e94aa0577 sp=0x00000061decfc8b0
Event: 40.718 Thread 0x0000023e8d1153e0 DEOPT UNPACKING pc=0x0000023e9bf52b43 sp=0x00000061decfbd98 mode 0
Event: 40.718 Thread 0x0000023e8d1153e0 DEOPT PACKING pc=0x0000023e94aa0577 sp=0x00000061decfc8b0
Event: 40.718 Thread 0x0000023e8d1153e0 DEOPT UNPACKING pc=0x0000023e9bf52b43 sp=0x00000061decfbd98 mode 0
Event: 40.718 Thread 0x0000023e8d1153e0 DEOPT PACKING pc=0x0000023e94aa0577 sp=0x00000061decfc8b0
Event: 40.718 Thread 0x0000023e8d1153e0 DEOPT UNPACKING pc=0x0000023e9bf52b43 sp=0x00000061decfbd98 mode 0

Classes unloaded (0 events):
No events

Classes redefined (0 events):
No events

Internal exceptions (20 events):
Event: 1.597 Thread 0x0000023e8d1153e0 Exception <a 'java/lang/NoSuchMethodError'{0x00000000ff670688}: 'void java.lang.invoke.DirectMethodHandle$Holder.invokeStatic(java.lang.Object, java.lang.Object)'> (0x00000000ff670688) 
thrown [s\open\src\hotspot\share\interpreter\linkResolver.cpp, line 759]
Event: 1.649 Thread 0x0000023e8d1153e0 Exception <a 'java/lang/NoClassDefFoundError'{0x00000000ff6f4688}: org/slf4j/impl/StaticMarkerBinder> (0x00000000ff6f4688) 
thrown [s\open\src\hotspot\share\classfile\systemDictionary.cpp, line 245]
Event: 1.691 Thread 0x0000023e8d1153e0 Exception <a 'java/lang/NoSuchMethodError'{0x00000000ff595140}: 'java.lang.Object java.lang.invoke.DirectMethodHandle$Holder.invokeVirtual(java.lang.Object, java.lang.Object, java.lang.Object, java.lang.Object, java.lang.Object, java.lang.Object, java.lang.Object)'> (0x00000000ff595140) 
thrown [s\open\src\hotspot\share\interpreter\linkResolver.cpp, line 759]
Event: 1.694 Thread 0x0000023e8d1153e0 Exception <a 'java/lang/NoSuchMethodError'{0x00000000ff5a7268}: 'java.lang.Object java.lang.invoke.Invokers$Holder.invoker(java.lang.Object, java.lang.Object, java.lang.Object)'> (0x00000000ff5a7268) 
thrown [s\open\src\hotspot\share\interpreter\linkResolver.cpp, line 759]
Event: 1.698 Thread 0x0000023e8d1153e0 Exception <a 'java/lang/NoSuchMethodError'{0x00000000ff5b03c0}: 'java.lang.Object java.lang.invoke.DirectMethodHandle$Holder.invokeStatic(java.lang.Object, java.lang.Object, int)'> (0x00000000ff5b03c0) 
thrown [s\open\src\hotspot\share\interpreter\linkResolver.cpp, line 759]
Event: 1.702 Thread 0x0000023e8d1153e0 Exception <a 'java/lang/NoSuchMethodError'{0x00000000ff5bc0b0}: 'void java.lang.invoke.DelegatingMethodHandle$Holder.delegate(java.lang.Object, java.lang.Object, int, java.lang.Object)'> (0x00000000ff5bc0b0) 
thrown [s\open\src\hotspot\share\interpreter\linkResolver.cpp, line 759]
Event: 1.704 Thread 0x0000023e8d1153e0 Exception <a 'java/lang/NoSuchMethodError'{0x00000000ff5c01f8}: 'int java.lang.invoke.DirectMethodHandle$Holder.invokeSpecial(java.lang.Object, java.lang.Object, java.lang.Object)'> (0x00000000ff5c01f8) 
thrown [s\open\src\hotspot\share\interpreter\linkResolver.cpp, line 759]
Event: 1.710 Thread 0x0000023e8d1153e0 Exception <a 'java/lang/NoSuchMethodError'{0x00000000ff5d3340}: 'java.lang.Object java.lang.invoke.Invokers$Holder.invokeExact_MT(java.lang.Object, java.lang.Object, java.lang.Object, java.lang.Object)'> (0x00000000ff5d3340) 
thrown [s\open\src\hotspot\share\interpreter\linkResolver.cpp, line 759]
Event: 2.044 Thread 0x0000023e8d1153e0 Exception <a 'java/lang/NoSuchMethodError'{0x00000000fff24ef8}: 'void java.lang.invoke.DirectMethodHandle$Holder.invokeSpecial(java.lang.Object, java.lang.Object, java.lang.Object)'> (0x00000000fff24ef8) 
thrown [s\open\src\hotspot\share\interpreter\linkResolver.cpp, line 759]
Event: 2.064 Thread 0x0000023e8d1153e0 Implicit null exception at 0x0000023e9c4fcc8f to 0x0000023e9c4fd1f8
Event: 2.064 Thread 0x0000023e8d1153e0 Implicit null exception at 0x0000023e9c4e278f to 0x0000023e9c4e2d04
Event: 2.120 Thread 0x0000023e8d1153e0 Exception <a 'java/lang/NoSuchMethodError'{0x00000000ffe9b690}: 'java.lang.Object java.lang.invoke.DirectMethodHandle$Holder.invokeStaticInit(java.lang.Object)'> (0x00000000ffe9b690) 
thrown [s\open\src\hotspot\share\interpreter\linkResolver.cpp, line 759]
Event: 2.180 Thread 0x0000023e8d1153e0 Exception <a 'java/lang/NoSuchMethodError'{0x00000000ffd35da0}: 'int java.lang.invoke.DirectMethodHandle$Holder.invokeVirtual(java.lang.Object, java.lang.Object, java.lang.Object)'> (0x00000000ffd35da0) 
thrown [s\open\src\hotspot\share\interpreter\linkResolver.cpp, line 759]
Event: 2.196 Thread 0x0000023e8d1153e0 Exception <a 'java/lang/NoSuchMethodError'{0x00000000ffd99a40}: 'java.lang.Object java.lang.invoke.DirectMethodHandle$Holder.invokeVirtual(java.lang.Object, java.lang.Object, java.lang.Object)'> (0x00000000ffd99a40) 
thrown [s\open\src\hotspot\share\interpreter\linkResolver.cpp, line 759]
Event: 2.368 Thread 0x0000023e8d1153e0 Exception <a 'java/lang/NoSuchMethodError'{0x00000000ff912920}: 'java.lang.Object java.lang.invoke.DirectMethodHandle$Holder.invokeStaticInit(java.lang.Object, int, int, int, int)'> (0x00000000ff912920) 
thrown [s\open\src\hotspot\share\interpreter\linkResolver.cpp, line 759]
Event: 2.632 Thread 0x0000023e8d1153e0 Exception <a 'java/lang/NoSuchMethodError'{0x00000000ff940500}: 'java.lang.Object java.lang.invoke.DirectMethodHandle$Holder.invokeStaticInit(java.lang.Object, java.lang.Object, int, int, int, int)'> (0x00000000ff940500) 
thrown [s\open\src\hotspot\share\interpreter\linkResolver.cpp, line 759]
Event: 3.053 Thread 0x0000023e8d1153e0 Exception <a 'java/lang/NoSuchMethodError'{0x00000000ff96e988}: 'void java.lang.invoke.DirectMethodHandle$Holder.invokeStatic(java.lang.Object, java.lang.Object, java.lang.Object)'> (0x00000000ff96e988) 
thrown [s\open\src\hotspot\share\interpreter\linkResolver.cpp, line 759]
Event: 3.109 Thread 0x0000023e8d1153e0 Implicit null exception at 0x0000023e9c4d86f2 to 0x0000023e9c4d8d0c
Event: 3.109 Thread 0x0000023e8d1153e0 Implicit null exception at 0x0000023e9c4e8ef2 to 0x0000023e9c4e950c
Event: 40.591 Thread 0x0000023e8d1153e0 Exception <a 'sun/net/ConnectionResetException'{0x00000000ff57ad50}: Connection reset> (0x00000000ff57ad50) 
thrown [s\open\src\hotspot\share\prims\jni.cpp, line 535]

VM Operations (20 events):
Event: 21.806 Executing VM operation: Cleanup
Event: 21.806 Executing VM operation: Cleanup done
Event: 24.830 Executing VM operation: Cleanup
Event: 24.830 Executing VM operation: Cleanup done
Event: 25.838 Executing VM operation: Cleanup
Event: 25.838 Executing VM operation: Cleanup done
Event: 27.857 Executing VM operation: Cleanup
Event: 27.857 Executing VM operation: Cleanup done
Event: 28.860 Executing VM operation: Cleanup
Event: 28.860 Executing VM operation: Cleanup done
Event: 30.862 Executing VM operation: Cleanup
Event: 30.862 Executing VM operation: Cleanup done
Event: 37.949 Executing VM operation: Cleanup
Event: 37.949 Executing VM operation: Cleanup done
Event: 38.968 Executing VM operation: Cleanup
Event: 38.968 Executing VM operation: Cleanup done
Event: 40.598 Executing VM operation: HandshakeAllThreads
Event: 40.598 Executing VM operation: HandshakeAllThreads done
Event: 40.598 Executing VM operation: Cleanup
Event: 40.598 Executing VM operation: Cleanup done

Events (20 events):
Event: 11.116 loading class jdk/internal/reflect/ByteVector
Event: 11.116 loading class jdk/internal/reflect/ByteVector done
Event: 11.116 loading class jdk/internal/reflect/ByteVectorImpl done
Event: 11.116 loading class jdk/internal/reflect/ClassFileAssembler
Event: 11.117 loading class jdk/internal/reflect/ClassFileAssembler done
Event: 11.117 loading class jdk/internal/reflect/UTF8
Event: 11.118 loading class jdk/internal/reflect/UTF8 done
Event: 11.119 loading class jdk/internal/reflect/Label
Event: 11.119 loading class jdk/internal/reflect/Label done
Event: 11.119 loading class jdk/internal/reflect/Label$PatchInfo
Event: 11.119 loading class jdk/internal/reflect/Label$PatchInfo done
Event: 11.119 loading class jdk/internal/reflect/MethodAccessorGenerator$1
Event: 11.119 loading class jdk/internal/reflect/MethodAccessorGenerator$1 done
Event: 11.119 loading class jdk/internal/reflect/ClassDefiner
Event: 11.120 loading class jdk/internal/reflect/ClassDefiner done
Event: 11.120 loading class jdk/internal/reflect/ClassDefiner$1
Event: 11.120 loading class jdk/internal/reflect/ClassDefiner$1 done
Event: 40.590 loading class sun/net/ConnectionResetException
Event: 40.590 loading class sun/net/ConnectionResetException done
Event: 40.657 Thread 0x0000023ee7df9a50 Thread added: 0x0000023ee7df9a50


Dynamic libraries:
0x00007ff756b20000 - 0x00007ff756b30000 	C:\Program Files\Java\jdk-17\bin\java.exe
0x00007ffc99710000 - 0x00007ffc99927000 	C:\Windows\SYSTEM32\ntdll.dll
0x00007ffc98790000 - 0x00007ffc98854000 	C:\Windows\System32\KERNEL32.DLL
0x00007ffc96ed0000 - 0x00007ffc9727d000 	C:\Windows\System32\KERNELBASE.dll
0x00007ffc97330000 - 0x00007ffc97441000 	C:\Windows\System32\ucrtbase.dll
0x00007ffc92ec0000 - 0x00007ffc92ed9000 	C:\Program Files\Java\jdk-17\bin\jli.dll
0x00007ffc93730000 - 0x00007ffc9374b000 	C:\Program Files\Java\jdk-17\bin\VCRUNTIME140.dll
0x00007ffc991e0000 - 0x00007ffc99292000 	C:\Windows\System32\ADVAPI32.dll
0x00007ffc97470000 - 0x00007ffc97517000 	C:\Windows\System32\msvcrt.dll
0x00007ffc994c0000 - 0x00007ffc99569000 	C:\Windows\System32\sechost.dll
0x00007ffc97300000 - 0x00007ffc97328000 	C:\Windows\System32\bcrypt.dll
0x00007ffc992a0000 - 0x00007ffc993b4000 	C:\Windows\System32\RPCRT4.dll
0x00007ffc98a10000 - 0x00007ffc98bbe000 	C:\Windows\System32\USER32.dll
0x00007ffc96ea0000 - 0x00007ffc96ec6000 	C:\Windows\System32\win32u.dll
0x00007ffc98dd0000 - 0x00007ffc98df9000 	C:\Windows\System32\GDI32.dll
0x00007ffc85120000 - 0x00007ffc853b3000 	C:\Windows\WinSxS\amd64_microsoft.windows.common-controls_6595b64144ccf1df_6.0.22621.3672_none_2713b9d173822955\COMCTL32.dll
0x00007ffc96b00000 - 0x00007ffc96c19000 	C:\Windows\System32\gdi32full.dll
0x00007ffc96c20000 - 0x00007ffc96cba000 	C:\Windows\System32\msvcp_win.dll
0x00007ffc8d1d0000 - 0x00007ffc8d1da000 	C:\Windows\SYSTEM32\VERSION.dll
0x00007ffc991a0000 - 0x00007ffc991d1000 	C:\Windows\System32\IMM32.DLL
0x00007ffc930e0000 - 0x00007ffc930ec000 	C:\Program Files\Java\jdk-17\bin\vcruntime140_1.dll
0x00007ffc92e30000 - 0x00007ffc92ebe000 	C:\Program Files\Java\jdk-17\bin\msvcp140.dll
0x00007ffc20fd0000 - 0x00007ffc21bb0000 	C:\Program Files\Java\jdk-17\bin\server\jvm.dll
0x00007ffc99190000 - 0x00007ffc99198000 	C:\Windows\System32\PSAPI.DLL
0x00007ffc8d1f0000 - 0x00007ffc8d1f9000 	C:\Windows\SYSTEM32\WSOCK32.dll
0x00007ffc8d480000 - 0x00007ffc8d4b4000 	C:\Windows\SYSTEM32\WINMM.dll
0x00007ffc97700000 - 0x00007ffc97771000 	C:\Windows\System32\WS2_32.dll
0x00007ffc95a30000 - 0x00007ffc95a48000 	C:\Windows\SYSTEM32\kernel.appcore.dll
0x00007ffc92e20000 - 0x00007ffc92e2a000 	C:\Program Files\Java\jdk-17\bin\jimage.dll
0x00007ffc912f0000 - 0x00007ffc91522000 	C:\Windows\SYSTEM32\DBGHELP.DLL
0x00007ffc98e00000 - 0x00007ffc99188000 	C:\Windows\System32\combase.dll
0x00007ffc993d0000 - 0x00007ffc994a7000 	C:\Windows\System32\OLEAUT32.dll
0x00007ffc8a8f0000 - 0x00007ffc8a922000 	C:\Windows\SYSTEM32\dbgcore.DLL
0x00007ffc97280000 - 0x00007ffc972fb000 	C:\Windows\System32\bcryptPrimitives.dll
0x00007ffc920f0000 - 0x00007ffc92115000 	C:\Program Files\Java\jdk-17\bin\java.dll
0x00007ffc91f30000 - 0x00007ffc92007000 	C:\Program Files\Java\jdk-17\bin\jsvml.dll
0x00007ffc97780000 - 0x00007ffc97fdf000 	C:\Windows\System32\SHELL32.dll
0x00007ffc94940000 - 0x00007ffc9523c000 	C:\Windows\SYSTEM32\windows.storage.dll
0x00007ffc94800000 - 0x00007ffc9493f000 	C:\Windows\SYSTEM32\wintypes.dll
0x00007ffc98910000 - 0x00007ffc98a04000 	C:\Windows\System32\SHCORE.dll
0x00007ffc99570000 - 0x00007ffc995ce000 	C:\Windows\System32\shlwapi.dll
0x00007ffc96970000 - 0x00007ffc96991000 	C:\Windows\SYSTEM32\profapi.dll
0x00007ffc91f10000 - 0x00007ffc91f29000 	C:\Program Files\Java\jdk-17\bin\net.dll
0x00007ffc90bb0000 - 0x00007ffc90ce6000 	C:\Windows\SYSTEM32\WINHTTP.dll
0x00007ffc95e90000 - 0x00007ffc95ef9000 	C:\Windows\system32\mswsock.dll
0x00007ffc91ef0000 - 0x00007ffc91f06000 	C:\Program Files\Java\jdk-17\bin\nio.dll
0x00007ffc91ed0000 - 0x00007ffc91ee8000 	C:\Program Files\Java\jdk-17\bin\zip.dll
0x00007ffc92e10000 - 0x00007ffc92e20000 	C:\Program Files\Java\jdk-17\bin\verify.dll
0x00007ffc91ea0000 - 0x00007ffc91ec7000 	C:\Users\Hp\.gradle\native\c067742578af261105cb4f569cf0c3c89f3d7b1fecec35dd04571415982c5e48\windows-amd64\native-platform.dll
0x00007ffc92200000 - 0x00007ffc9220a000 	C:\Program Files\Java\jdk-17\bin\management.dll
0x00007ffc91e90000 - 0x00007ffc91e9b000 	C:\Program Files\Java\jdk-17\bin\management_ext.dll
0x00007ffc961e0000 - 0x00007ffc961fb000 	C:\Windows\SYSTEM32\CRYPTSP.dll
0x00007ffc95990000 - 0x00007ffc959c5000 	C:\Windows\system32\rsaenh.dll
0x00007ffc95f30000 - 0x00007ffc95f58000 	C:\Windows\SYSTEM32\USERENV.dll
0x00007ffc961c0000 - 0x00007ffc961cc000 	C:\Windows\SYSTEM32\CRYPTBASE.dll
0x00007ffc954a0000 - 0x00007ffc954cd000 	C:\Windows\SYSTEM32\IPHLPAPI.DLL
0x00007ffc98620000 - 0x00007ffc98629000 	C:\Windows\System32\NSI.dll
0x00007ffc8d160000 - 0x00007ffc8d179000 	C:\Windows\SYSTEM32\dhcpcsvc6.DLL
0x00007ffc8d140000 - 0x00007ffc8d15f000 	C:\Windows\SYSTEM32\dhcpcsvc.DLL
0x00007ffc95510000 - 0x00007ffc95608000 	C:\Windows\SYSTEM32\DNSAPI.dll
0x00007ffc91e30000 - 0x00007ffc91e3e000 	C:\Program Files\Java\jdk-17\bin\sunmscapi.dll
0x00007ffc96d30000 - 0x00007ffc96e97000 	C:\Windows\System32\CRYPT32.dll
0x00007ffc96300000 - 0x00007ffc9632e000 	C:\Windows\SYSTEM32\ncrypt.dll
0x00007ffc962c0000 - 0x00007ffc962f7000 	C:\Windows\SYSTEM32\NTASN1.dll
0x00007ffc944d0000 - 0x00007ffc944d8000 	C:\Windows\system32\wshunix.dll

dbghelp: loaded successfully - version: 4.0.5 - missing functions: none
symbol engine: initialized successfully - sym options: 0x614 - pdb path: .;C:\Program Files\Java\jdk-17\bin;C:\Windows\SYSTEM32;C:\Windows\WinSxS\amd64_microsoft.windows.common-controls_6595b64144ccf1df_6.0.22621.3672_none_2713b9d173822955;C:\Program Files\Java\jdk-17\bin\server;C:\Users\Hp\.gradle\native\c067742578af261105cb4f569cf0c3c89f3d7b1fecec35dd04571415982c5e48\windows-amd64

VM Arguments:
jvm_args: -Xmx64m -Xms64m -Dorg.gradle.appname=gradlew 
java_command: org.gradle.wrapper.GradleWrapperMain app:installDebug -PreactNativeDevServerPort=8081
java_class_path (initial): D:\reactnativeapp\myapp\android\\gradle\wrapper\gradle-wrapper.jar
Launcher Type: SUN_STANDARD

[Global flags]
     intx CICompilerCount                          = 3                                         {product} {ergonomic}
     uint ConcGCThreads                            = 1                                         {product} {ergonomic}
     uint G1ConcRefinementThreads                  = 4                                         {product} {ergonomic}
   size_t G1HeapRegionSize                         = 1048576                                   {product} {ergonomic}
    uintx GCDrainStackTargetSize                   = 64                                        {product} {ergonomic}
   size_t InitialHeapSize                          = 67108864                                  {product} {command line}
   size_t MarkStackSize                            = 4194304                                   {product} {ergonomic}
   size_t MaxHeapSize                              = 67108864                                  {product} {command line}
   size_t MaxNewSize                               = 39845888                                  {product} {ergonomic}
   size_t MinHeapDeltaBytes                        = 1048576                                   {product} {ergonomic}
   size_t MinHeapSize                              = 67108864                                  {product} {command line}
    uintx NonNMethodCodeHeapSize                   = 5832780                                {pd product} {ergonomic}
    uintx NonProfiledCodeHeapSize                  = 122912730                              {pd product} {ergonomic}
    uintx ProfiledCodeHeapSize                     = 122912730                              {pd product} {ergonomic}
    uintx ReservedCodeCacheSize                    = 251658240                              {pd product} {ergonomic}
     bool SegmentedCodeCache                       = true                                      {product} {ergonomic}
   size_t SoftMaxHeapSize                          = 67108864                               {manageable} {ergonomic}
     bool UseCompressedClassPointers               = true                           {product lp64_product} {ergonomic}
     bool UseCompressedOops                        = true                           {product lp64_product} {ergonomic}
     bool UseG1GC                                  = true                                      {product} {ergonomic}
     bool UseLargePagesIndividualAllocation        = false                                  {pd product} {ergonomic}

Logging:
Log output configuration:
 #0: stdout all=warning uptime,level,tags
 #1: stderr all=off uptime,level,tags

Environment Variables:
JAVA_HOME=C:\Program Files\Java\jdk-17
CLASSPATH=D:\reactnativeapp\myapp\android\\gradle\wrapper\gradle-wrapper.jar
PATH=D:\reactnativeapp\myapp\node_modules\.bin;D:\reactnativeapp\myapp\node_modules\.bin;D:\reactnativeapp\node_modules\.bin;D:\node_modules\.bin;C:\Users\Hp\AppData\Roaming\nvm\v22.3.0\node_modules\npm\node_modules\@npmcli\run-script\lib\node-gyp-bin;D:\reactnativeapp\myapp\node_modules\.bin;D:\reactnativeapp\myapp\node_modules\.bin;D:\reactnativeapp\node_modules\.bin;D:\node_modules\.bin;C:\Users\Hp\AppData\Roaming\nvm\v22.3.0\node_modules\npm\node_modules\@npmcli\run-script\lib\node-gyp-bin;C:\Program Files\Common Files\Oracle\Java\javapath;C:\Windows\system32;C:\Windows;C:\Windows\System32\Wbem;C:\Windows\System32\WindowsPowerShell\v1.0\;C:\Windows\System32\OpenSSH\;C:\Users\Hp\AppData\Roaming\nvm;C:\Program Files\nodejs;C:\Program Files\nodejs;C:\Users\Hp\AppData\Local\Android\Sdk;C:\Program Files\MongoDB\Server\7.0\data;C:\Program Files\Java\jdk-17\bin;C:\Users\Hp\.gradle\daemon\8.6;D:\xamp\php;D:\ComposerSetup;C:\Users\Hp\AppData\Local\Android\Sdk\tools;C:\Users\Hp\AppData\Local\Android\Sdk\tools;C:\Users\Hp\AppData\Local\Microsoft\WindowsApps;C:\Users\Hp\AppData\Roaming\nvm;C:\Program Files\nodejs;C:\Users\Hp\AppData\Local\Android\Sdk\platform-tools;D:\miral\Microsoft VS Code\bin;C:\Program Files\Java\jdk-17\bin;C:\Users\Hp\.gradle\daemon\8.6;C:\Users\Hp\AppData\Roaming\Composer\vendor\bin
USERNAME=Hp
LANG=en_US.UTF-8
OS=Windows_NT
PROCESSOR_IDENTIFIER=Intel64 Family 6 Model 78 Stepping 3, GenuineIntel



---------------  S Y S T E M  ---------------

OS:
 Windows 11 , 64 bit Build 22621 (10.0.22621.3672)
OS uptime: 9 days 10:02 hours
Hyper-V role detected

CPU: total 4 (initial active 4) (2 cores per cpu, 2 threads per core) family 6 model 78 stepping 3 microcode 0xf0, cx8, cmov, fxsr, ht, mmx, 3dnowpref, sse, sse2, sse3, ssse3, sse4.1, sse4.2, popcnt, lzcnt, tsc, tscinvbit, avx, avx2, aes, erms, clmul, bmi1, bmi2, rtm, adx, fma, vzeroupper, clflush, clflushopt, hv

Memory: 4k page, system-wide physical 8070M (429M free)
TotalPageFile size 14187M (AvailPageFile size 3M)
current process WorkingSet (physical memory assigned to process): 89M, peak: 89M
current process commit charge ("private bytes"): 158M, peak: 158M

vm_info: Java HotSpot(TM) 64-Bit Server VM (17.0.11+7-LTS-207) for windows-amd64 JRE (17.0.11+7-LTS-207), built on Mar 11 2024 19:01:50 by "mach5one" with MS VC++ 17.6 (VS2022)

END.
