#
# There is insufficient memory for the Java Runtime Environment to continue.
# Native memory allocation (malloc) failed to allocate 1163856 bytes for Chunk::new
# Possible reasons:
#   The system is out of physical RAM or swap space
#   The process is running with CompressedOops enabled, and the Java Heap may be blocking the growth of the native heap
# Possible solutions:
#   Reduce memory load on the system
#   Increase physical memory or swap space
#   Check if swap backing store is full
#   Decrease Java heap size (-Xmx/-Xms)
#   Decrease number of Java threads
#   Decrease Java thread stack sizes (-Xss)
#   Set larger code cache with -XX:ReservedCodeCacheSize=
#   JVM is running with Unscaled Compressed Oops mode in which the Java heap is
#     placed in the first 4GB address space. The Java Heap base address is the
#     maximum limit for the native heap growth. Please use -XX:HeapBaseMinAddress
#     to set the Java Heap base and to place the Java Heap above 4GB virtual address.
# This output file may be truncated or incomplete.
#
#  Out of Memory Error (arena.cpp:189), pid=9456, tid=2480
#
# JRE version: Java(TM) SE Runtime Environment (17.0.11+7) (build 17.0.11+7-LTS-207)
# Java VM: Java HotSpot(TM) 64-Bit Server VM (17.0.11+7-LTS-207, mixed mode, sharing, tiered, compressed oops, compressed class ptrs, g1 gc, windows-amd64)
# No core dump will be written. Minidumps are not enabled by default on client versions of Windows
#

---------------  S U M M A R Y ------------

Command Line: -Xmx64m -Xms64m -Dorg.gradle.appname=gradlew org.gradle.wrapper.GradleWrapperMain build

Host: Intel(R) Core(TM) i5-6300U CPU @ 2.40GHz, 4 cores, 7G,  Windows 11 , 64 bit Build 22621 (10.0.22621.3958)
Time: Thu Aug  8 21:43:57 2024 Pakistan Standard Time elapsed time: 246.444194 seconds (0d 0h 4m 6s)

---------------  T H R E A D  ---------------

Current thread (0x000001bcfab77680):  JavaThread "C2 CompilerThread0" daemon [_thread_in_native, id=2480, stack(0x0000000554900000,0x0000000554a00000)]


Current CompileTask:
C2: 246444 1796       4       org.gradle.internal.logging.console.BuildStatusRenderer::onOutput (350 bytes)

Stack: [0x0000000554900000,0x0000000554a00000]
Native frames: (J=compiled Java code, j=interpreted, Vv=VM code, C=native code)
V  [jvm.dll+0x679cca]
V  [jvm.dll+0x7da13d]
V  [jvm.dll+0x7dba83]
V  [jvm.dll+0x7dc0f3]
V  [jvm.dll+0x2449af]
V  [jvm.dll+0xab83b]
V  [jvm.dll+0xabe1c]
V  [jvm.dll+0x2a9e6f]
V  [jvm.dll+0x5818d9]
V  [jvm.dll+0x21ed62]
V  [jvm.dll+0x21f13f]
V  [jvm.dll+0x218331]
V  [jvm.dll+0x215505]
V  [jvm.dll+0x1a2040]
V  [jvm.dll+0x225a2b]
V  [jvm.dll+0x223bcb]
V  [jvm.dll+0x7903ec]
V  [jvm.dll+0x78a85a]
V  [jvm.dll+0x678bb5]
C  [ucrtbase.dll+0x29333]
C  [KERNEL32.DLL+0x1257d]
C  [ntdll.dll+0x5af28]


---------------  P R O C E S S  ---------------

Threads class SMR info:
_java_thread_list=0x000001bcd0381100, length=15, elements={
0x000001bcf0c63c70, 0x000001bcfab4bd70, 0x000001bcfab4c900, 0x000001bcfab5f730,
0x000001bcfab61010, 0x000001bcfab618e0, 0x000001bcfab621b0, 0x000001bcfab77680,
0x000001bcfab98050, 0x000001bcfab9dd90, 0x000001bcff0a2830, 0x000001bcff0a5f00,
0x000001bcff9a7d60, 0x000001bcd0663030, 0x000001bcd05fb4b0
}

Java Threads: ( => current thread )
  0x000001bcf0c63c70 JavaThread "main" [_thread_in_native, id=2872, stack(0x0000000553c00000,0x0000000553d00000)]
  0x000001bcfab4bd70 JavaThread "Reference Handler" daemon [_thread_blocked, id=4764, stack(0x0000000554300000,0x0000000554400000)]
  0x000001bcfab4c900 JavaThread "Finalizer" daemon [_thread_blocked, id=14268, stack(0x0000000554400000,0x0000000554500000)]
  0x000001bcfab5f730 JavaThread "Signal Dispatcher" daemon [_thread_blocked, id=12344, stack(0x0000000554500000,0x0000000554600000)]
  0x000001bcfab61010 JavaThread "Attach Listener" daemon [_thread_blocked, id=13852, stack(0x0000000554600000,0x0000000554700000)]
  0x000001bcfab618e0 JavaThread "Service Thread" daemon [_thread_blocked, id=10784, stack(0x0000000554700000,0x0000000554800000)]
  0x000001bcfab621b0 JavaThread "Monitor Deflation Thread" daemon [_thread_blocked, id=3212, stack(0x0000000554800000,0x0000000554900000)]
=>0x000001bcfab77680 JavaThread "C2 CompilerThread0" daemon [_thread_in_native, id=2480, stack(0x0000000554900000,0x0000000554a00000)]
  0x000001bcfab98050 JavaThread "C1 CompilerThread0" daemon [_thread_blocked, id=232, stack(0x0000000554a00000,0x0000000554b00000)]
  0x000001bcfab9dd90 JavaThread "Sweeper thread" daemon [_thread_blocked, id=3520, stack(0x0000000554b00000,0x0000000554c00000)]
  0x000001bcff0a2830 JavaThread "Notification Thread" daemon [_thread_blocked, id=14400, stack(0x0000000554c00000,0x0000000554d00000)]
  0x000001bcff0a5f00 JavaThread "Common-Cleaner" daemon [_thread_blocked, id=14844, stack(0x0000000554e00000,0x0000000554f00000)]
  0x000001bcff9a7d60 JavaThread "pool-1-thread-1" [_thread_blocked, id=4468, stack(0x0000000555300000,0x0000000555400000)]
  0x000001bcd0663030 JavaThread "DisconnectableInputStream source reader" daemon [_thread_in_native, id=9084, stack(0x0000000555500000,0x0000000555600000)]
  0x000001bcd05fb4b0 JavaThread "Forward input" [_thread_blocked, id=4540, stack(0x0000000555600000,0x0000000555700000)]

Other Threads:
  0x000001bcfab43330 VMThread "VM Thread" [stack: 0x0000000554200000,0x0000000554300000] [id=6984]
  0x000001bcf0c99fa0 WatcherThread [stack: 0x0000000554d00000,0x0000000554e00000] [id=3416]
  0x000001bcf0c84620 GCTaskThread "GC Thread#0" [stack: 0x0000000553d00000,0x0000000553e00000] [id=6488]
  0x000001bcff3b17b0 GCTaskThread "GC Thread#1" [stack: 0x0000000555000000,0x0000000555100000] [id=2488]
  0x000001bcff465600 GCTaskThread "GC Thread#2" [stack: 0x0000000555100000,0x0000000555200000] [id=9660]
  0x000001bcff3f1c50 GCTaskThread "GC Thread#3" [stack: 0x0000000555200000,0x0000000555300000] [id=5088]
  0x000001bcf0c85b80 ConcurrentGCThread "G1 Main Marker" [stack: 0x0000000553e00000,0x0000000553f00000] [id=9592]
  0x000001bcf0c86b40 ConcurrentGCThread "G1 Conc#0" [stack: 0x0000000553f00000,0x0000000554000000] [id=13300]
  0x000001bcf0cd9cf0 ConcurrentGCThread "G1 Refine#0" [stack: 0x0000000554000000,0x0000000554100000] [id=7488]
  0x000001bcf0cda530 ConcurrentGCThread "G1 Service" [stack: 0x0000000554100000,0x0000000554200000] [id=13616]

Threads with active compile tasks:
C2 CompilerThread0   246588 1796       4       org.gradle.internal.logging.console.BuildStatusRenderer::onOutput (350 bytes)

VM state: not at safepoint (normal execution)

VM Mutex/Monitor currently owned by a thread: None

Heap address: 0x00000000fc000000, size: 64 MB, Compressed Oops mode: 32-bit

CDS archive(s) mapped at: [0x000001bc8f000000-0x000001bc8fbd0000-0x000001bc8fbd0000), size 12386304, SharedBaseAddress: 0x000001bc8f000000, ArchiveRelocationMode: 1.
Compressed class space mapped at: 0x000001bc90000000-0x000001bcd0000000, reserved size: 1073741824
Narrow klass base: 0x000001bc8f000000, Narrow klass shift: 0, Narrow klass range: 0x100000000

GC Precious Log:
 CPUs: 4 total, 4 available
 Memory: 8070M
 Large Page Support: Disabled
 NUMA Support: Disabled
 Compressed Oops: Enabled (32-bit)
 Heap Region Size: 1M
 Heap Min Capacity: 64M
 Heap Initial Capacity: 64M
 Heap Max Capacity: 64M
 Pre-touch: Disabled
 Parallel Workers: 4
 Concurrent Workers: 1
 Concurrent Refinement Workers: 4
 Periodic GC: Disabled

Heap:
 garbage-first heap   total 65536K, used 29947K [0x00000000fc000000, 0x0000000100000000)
  region size 1024K, 22 young (22528K), 3 survivors (3072K)
 Metaspace       used 9636K, committed 9856K, reserved 1114112K
  class space    used 1254K, committed 1344K, reserved 1048576K

Heap Regions: E=young(eden), S=young(survivor), O=old, HS=humongous(starts), HC=humongous(continues), CS=collection set, F=free, OA=open archive, CA=closed archive, TAMS=top-at-mark-start (previous, next)
|   0|0x00000000fc000000, 0x00000000fc100000, 0x00000000fc100000|100%| O|  |TAMS 0x00000000fc000000, 0x00000000fc000000| Untracked 
|   1|0x00000000fc100000, 0x00000000fc200000, 0x00000000fc200000|100%|HS|  |TAMS 0x00000000fc100000, 0x00000000fc100000| Complete 
|   2|0x00000000fc200000, 0x00000000fc300000, 0x00000000fc300000|100%|HC|  |TAMS 0x00000000fc200000, 0x00000000fc200000| Complete 
|   3|0x00000000fc300000, 0x00000000fc400000, 0x00000000fc400000|100%|HC|  |TAMS 0x00000000fc300000, 0x00000000fc300000| Complete 
|   4|0x00000000fc400000, 0x00000000fc500000, 0x00000000fc500000|100%|HC|  |TAMS 0x00000000fc400000, 0x00000000fc400000| Complete 
|   5|0x00000000fc500000, 0x00000000fc600000, 0x00000000fc600000|100%| O|  |TAMS 0x00000000fc500000, 0x00000000fc500000| Untracked 
|   6|0x00000000fc600000, 0x00000000fc700000, 0x00000000fc700000|100%| O|  |TAMS 0x00000000fc600000, 0x00000000fc600000| Untracked 
|   7|0x00000000fc700000, 0x00000000fc800000, 0x00000000fc800000|100%| O|  |TAMS 0x00000000fc700000, 0x00000000fc700000| Untracked 
|   8|0x00000000fc800000, 0x00000000fc83ec00, 0x00000000fc900000| 24%| O|  |TAMS 0x00000000fc800000, 0x00000000fc800000| Untracked 
|   9|0x00000000fc900000, 0x00000000fc900000, 0x00000000fca00000|  0%| F|  |TAMS 0x00000000fc900000, 0x00000000fc900000| Untracked 
|  10|0x00000000fca00000, 0x00000000fca00000, 0x00000000fcb00000|  0%| F|  |TAMS 0x00000000fca00000, 0x00000000fca00000| Untracked 
|  11|0x00000000fcb00000, 0x00000000fcb00000, 0x00000000fcc00000|  0%| F|  |TAMS 0x00000000fcb00000, 0x00000000fcb00000| Untracked 
|  12|0x00000000fcc00000, 0x00000000fcc00000, 0x00000000fcd00000|  0%| F|  |TAMS 0x00000000fcc00000, 0x00000000fcc00000| Untracked 
|  13|0x00000000fcd00000, 0x00000000fcd00000, 0x00000000fce00000|  0%| F|  |TAMS 0x00000000fcd00000, 0x00000000fcd00000| Untracked 
|  14|0x00000000fce00000, 0x00000000fce00000, 0x00000000fcf00000|  0%| F|  |TAMS 0x00000000fce00000, 0x00000000fce00000| Untracked 
|  15|0x00000000fcf00000, 0x00000000fcf00000, 0x00000000fd000000|  0%| F|  |TAMS 0x00000000fcf00000, 0x00000000fcf00000| Untracked 
|  16|0x00000000fd000000, 0x00000000fd000000, 0x00000000fd100000|  0%| F|  |TAMS 0x00000000fd000000, 0x00000000fd000000| Untracked 
|  17|0x00000000fd100000, 0x00000000fd100000, 0x00000000fd200000|  0%| F|  |TAMS 0x00000000fd100000, 0x00000000fd100000| Untracked 
|  18|0x00000000fd200000, 0x00000000fd200000, 0x00000000fd300000|  0%| F|  |TAMS 0x00000000fd200000, 0x00000000fd200000| Untracked 
|  19|0x00000000fd300000, 0x00000000fd300000, 0x00000000fd400000|  0%| F|  |TAMS 0x00000000fd300000, 0x00000000fd300000| Untracked 
|  20|0x00000000fd400000, 0x00000000fd400000, 0x00000000fd500000|  0%| F|  |TAMS 0x00000000fd400000, 0x00000000fd400000| Untracked 
|  21|0x00000000fd500000, 0x00000000fd500000, 0x00000000fd600000|  0%| F|  |TAMS 0x00000000fd500000, 0x00000000fd500000| Untracked 
|  22|0x00000000fd600000, 0x00000000fd600000, 0x00000000fd700000|  0%| F|  |TAMS 0x00000000fd600000, 0x00000000fd600000| Untracked 
|  23|0x00000000fd700000, 0x00000000fd700000, 0x00000000fd800000|  0%| F|  |TAMS 0x00000000fd700000, 0x00000000fd700000| Untracked 
|  24|0x00000000fd800000, 0x00000000fd800000, 0x00000000fd900000|  0%| F|  |TAMS 0x00000000fd800000, 0x00000000fd800000| Untracked 
|  25|0x00000000fd900000, 0x00000000fd900000, 0x00000000fda00000|  0%| F|  |TAMS 0x00000000fd900000, 0x00000000fd900000| Untracked 
|  26|0x00000000fda00000, 0x00000000fda00000, 0x00000000fdb00000|  0%| F|  |TAMS 0x00000000fda00000, 0x00000000fda00000| Untracked 
|  27|0x00000000fdb00000, 0x00000000fdb00000, 0x00000000fdc00000|  0%| F|  |TAMS 0x00000000fdb00000, 0x00000000fdb00000| Untracked 
|  28|0x00000000fdc00000, 0x00000000fdc00000, 0x00000000fdd00000|  0%| F|  |TAMS 0x00000000fdc00000, 0x00000000fdc00000| Untracked 
|  29|0x00000000fdd00000, 0x00000000fdd00000, 0x00000000fde00000|  0%| F|  |TAMS 0x00000000fdd00000, 0x00000000fdd00000| Untracked 
|  30|0x00000000fde00000, 0x00000000fde00000, 0x00000000fdf00000|  0%| F|  |TAMS 0x00000000fde00000, 0x00000000fde00000| Untracked 
|  31|0x00000000fdf00000, 0x00000000fdf00000, 0x00000000fe000000|  0%| F|  |TAMS 0x00000000fdf00000, 0x00000000fdf00000| Untracked 
|  32|0x00000000fe000000, 0x00000000fe000000, 0x00000000fe100000|  0%| F|  |TAMS 0x00000000fe000000, 0x00000000fe000000| Untracked 
|  33|0x00000000fe100000, 0x00000000fe100000, 0x00000000fe200000|  0%| F|  |TAMS 0x00000000fe100000, 0x00000000fe100000| Untracked 
|  34|0x00000000fe200000, 0x00000000fe200000, 0x00000000fe300000|  0%| F|  |TAMS 0x00000000fe200000, 0x00000000fe200000| Untracked 
|  35|0x00000000fe300000, 0x00000000fe300000, 0x00000000fe400000|  0%| F|  |TAMS 0x00000000fe300000, 0x00000000fe300000| Untracked 
|  36|0x00000000fe400000, 0x00000000fe400000, 0x00000000fe500000|  0%| F|  |TAMS 0x00000000fe400000, 0x00000000fe400000| Untracked 
|  37|0x00000000fe500000, 0x00000000fe500000, 0x00000000fe600000|  0%| F|  |TAMS 0x00000000fe500000, 0x00000000fe500000| Untracked 
|  38|0x00000000fe600000, 0x00000000fe600000, 0x00000000fe700000|  0%| F|  |TAMS 0x00000000fe600000, 0x00000000fe600000| Untracked 
|  39|0x00000000fe700000, 0x00000000fe700000, 0x00000000fe800000|  0%| F|  |TAMS 0x00000000fe700000, 0x00000000fe700000| Untracked 
|  40|0x00000000fe800000, 0x00000000fe800000, 0x00000000fe900000|  0%| F|  |TAMS 0x00000000fe800000, 0x00000000fe800000| Untracked 
|  41|0x00000000fe900000, 0x00000000fe900000, 0x00000000fea00000|  0%| F|  |TAMS 0x00000000fe900000, 0x00000000fe900000| Untracked 
|  42|0x00000000fea00000, 0x00000000feaa0cb0, 0x00000000feb00000| 62%| E|  |TAMS 0x00000000fea00000, 0x00000000fea00000| Complete 
|  43|0x00000000feb00000, 0x00000000fec00000, 0x00000000fec00000|100%| S|CS|TAMS 0x00000000feb00000, 0x00000000feb00000| Complete 
|  44|0x00000000fec00000, 0x00000000fed00000, 0x00000000fed00000|100%| S|CS|TAMS 0x00000000fec00000, 0x00000000fec00000| Complete 
|  45|0x00000000fed00000, 0x00000000fee00000, 0x00000000fee00000|100%| S|CS|TAMS 0x00000000fed00000, 0x00000000fed00000| Complete 
|  46|0x00000000fee00000, 0x00000000fef00000, 0x00000000fef00000|100%| E|CS|TAMS 0x00000000fee00000, 0x00000000fee00000| Complete 
|  47|0x00000000fef00000, 0x00000000ff000000, 0x00000000ff000000|100%| E|CS|TAMS 0x00000000fef00000, 0x00000000fef00000| Complete 
|  48|0x00000000ff000000, 0x00000000ff100000, 0x00000000ff100000|100%| E|CS|TAMS 0x00000000ff000000, 0x00000000ff000000| Complete 
|  49|0x00000000ff100000, 0x00000000ff200000, 0x00000000ff200000|100%| E|CS|TAMS 0x00000000ff100000, 0x00000000ff100000| Complete 
|  50|0x00000000ff200000, 0x00000000ff300000, 0x00000000ff300000|100%| E|CS|TAMS 0x00000000ff200000, 0x00000000ff200000| Complete 
|  51|0x00000000ff300000, 0x00000000ff400000, 0x00000000ff400000|100%| E|CS|TAMS 0x00000000ff300000, 0x00000000ff300000| Complete 
|  52|0x00000000ff400000, 0x00000000ff500000, 0x00000000ff500000|100%| E|CS|TAMS 0x00000000ff400000, 0x00000000ff400000| Complete 
|  53|0x00000000ff500000, 0x00000000ff600000, 0x00000000ff600000|100%| E|CS|TAMS 0x00000000ff500000, 0x00000000ff500000| Complete 
|  54|0x00000000ff600000, 0x00000000ff700000, 0x00000000ff700000|100%| E|CS|TAMS 0x00000000ff600000, 0x00000000ff600000| Complete 
|  55|0x00000000ff700000, 0x00000000ff800000, 0x00000000ff800000|100%| E|CS|TAMS 0x00000000ff700000, 0x00000000ff700000| Complete 
|  56|0x00000000ff800000, 0x00000000ff900000, 0x00000000ff900000|100%| E|CS|TAMS 0x00000000ff800000, 0x00000000ff800000| Complete 
|  57|0x00000000ff900000, 0x00000000ffa00000, 0x00000000ffa00000|100%| E|CS|TAMS 0x00000000ff900000, 0x00000000ff900000| Complete 
|  58|0x00000000ffa00000, 0x00000000ffb00000, 0x00000000ffb00000|100%| E|CS|TAMS 0x00000000ffa00000, 0x00000000ffa00000| Complete 
|  59|0x00000000ffb00000, 0x00000000ffc00000, 0x00000000ffc00000|100%| E|CS|TAMS 0x00000000ffb00000, 0x00000000ffb00000| Complete 
|  60|0x00000000ffc00000, 0x00000000ffd00000, 0x00000000ffd00000|100%| E|CS|TAMS 0x00000000ffc00000, 0x00000000ffc00000| Complete 
|  61|0x00000000ffd00000, 0x00000000ffe00000, 0x00000000ffe00000|100%| E|CS|TAMS 0x00000000ffd00000, 0x00000000ffd00000| Complete 
|  62|0x00000000ffe00000, 0x00000000fff00000, 0x00000000fff00000|100%| E|CS|TAMS 0x00000000ffe00000, 0x00000000ffe00000| Complete 
|  63|0x00000000fff00000, 0x0000000100000000, 0x0000000100000000|100%| E|CS|TAMS 0x00000000fff00000, 0x00000000fff00000| Complete 

Card table byte_map: [0x000001bcf0aa0000,0x000001bcf0ac0000] _byte_map_base: 0x000001bcf02c0000

Marking Bits (Prev, Next): (CMBitMap*) 0x000001bcf0c84a50, (CMBitMap*) 0x000001bcf0c84a90
 Prev Bits: [0x000001bcf0ae0000, 0x000001bcf0be0000)
 Next Bits: [0x000001bcf8520000, 0x000001bcf8620000)

Polling page: 0x000001bcf0430000

Metaspace:

Usage:
  Non-class:      8.19 MB used.
      Class:      1.23 MB used.
       Both:      9.41 MB used.

Virtual space:
  Non-class space:       64.00 MB reserved,       8.31 MB ( 13%) committed,  1 nodes.
      Class space:        1.00 GB reserved,       1.31 MB ( <1%) committed,  1 nodes.
             Both:        1.06 GB reserved,       9.62 MB ( <1%) committed. 

Chunk freelists:
   Non-Class:  7.53 MB
       Class:  14.58 MB
        Both:  22.11 MB

MaxMetaspaceSize: unlimited
CompressedClassSpaceSize: 1.00 GB
Initial GC threshold: 21.00 MB
Current GC threshold: 21.00 MB
CDS: on
MetaspaceReclaimPolicy: balanced
 - commit_granule_bytes: 65536.
 - commit_granule_words: 8192.
 - virtual_space_node_default_size: 8388608.
 - enlarge_chunks_in_place: 1.
 - new_chunks_are_fully_committed: 0.
 - uncommit_free_chunks: 1.
 - use_allocation_guard: 0.
 - handle_deallocations: 1.


Internal statistics:

num_allocs_failed_limit: 0.
num_arena_births: 82.
num_arena_deaths: 0.
num_vsnodes_births: 2.
num_vsnodes_deaths: 0.
num_space_committed: 154.
num_space_uncommitted: 0.
num_chunks_returned_to_freelist: 0.
num_chunks_taken_from_freelist: 346.
num_chunk_merges: 0.
num_chunk_splits: 236.
num_chunks_enlarged: 192.
num_inconsistent_stats: 0.

CodeHeap 'non-profiled nmethods': size=120000Kb used=737Kb max_used=737Kb free=119262Kb
 bounds [0x000001bc87ad0000, 0x000001bc87d40000, 0x000001bc8f000000]
CodeHeap 'profiled nmethods': size=120000Kb used=3291Kb max_used=3291Kb free=116708Kb
 bounds [0x000001bc80000000, 0x000001bc80340000, 0x000001bc87530000]
CodeHeap 'non-nmethods': size=5760Kb used=1174Kb max_used=1202Kb free=4585Kb
 bounds [0x000001bc87530000, 0x000001bc877a0000, 0x000001bc87ad0000]
 total_blobs=2264 nmethods=1794 adapters=383
 compilation: enabled
              stopped_count=0, restarted_count=0
 full_count=0

Compilation events (20 events):
Event: 207.466 Thread 0x000001bcfab98050 nmethod 1786 0x000001bc80334b10 code [0x000001bc80334ca0, 0x000001bc80334db8]
Event: 212.364 Thread 0x000001bcfab77680 1787       4       java.util.HashMap$ValueIterator::next (8 bytes)
Event: 212.382 Thread 0x000001bcfab77680 nmethod 1787 0x000001bc87b84d10 code [0x000001bc87b84ea0, 0x000001bc87b852d8]
Event: 221.069 Thread 0x000001bcfab98050 1788       3       java.util.ArrayDeque::removeFirstOccurrence (86 bytes)
Event: 221.071 Thread 0x000001bcfab98050 nmethod 1788 0x000001bc80334e90 code [0x000001bc80335080, 0x000001bc80335578]
Event: 221.270 Thread 0x000001bcfab77680 1789       4       org.gradle.internal.logging.sink.GroupingProgressLogEventGenerator$OperationGroup::maybeFlushOutput (34 bytes)
Event: 221.325 Thread 0x000001bcfab77680 nmethod 1789 0x000001bc87b85490 code [0x000001bc87b85700, 0x000001bc87b86000]
Event: 244.927 Thread 0x000001bcfab98050 1790       3       com.esotericsoftware.kryo.io.Input::readUtf8 (90 bytes)
Event: 244.928 Thread 0x000001bcfab98050 nmethod 1790 0x000001bc80335790 code [0x000001bc80335960, 0x000001bc80335d58]
Event: 244.965 Thread 0x000001bcfab77680 1791   !   4       org.gradle.internal.logging.console.ThrottlingOutputEventListener::onOutput (92 bytes)
Event: 244.970 Thread 0x000001bcfab98050 1794       3       org.gradle.internal.logging.console.MultiLineBuildProgressArea::newLineAdjustment (50 bytes)
Event: 244.971 Thread 0x000001bcfab98050 nmethod 1794 0x000001bc80335f90 code [0x000001bc80336180, 0x000001bc80336708]
Event: 245.000 Thread 0x000001bcfab98050 1795       3       org.gradle.internal.logging.text.AbstractLineChoppingStyledTextOutput$SeenFromEol::copy (28 bytes)
Event: 245.001 Thread 0x000001bcfab98050 nmethod 1795 0x000001bc80336910 code [0x000001bc80336ac0, 0x000001bc80336e08]
Event: 245.011 Thread 0x000001bcfab77680 nmethod 1791 0x000001bc87b86910 code [0x000001bc87b86b20, 0x000001bc87b876f8]
Event: 245.012 Thread 0x000001bcfab77680 1793       4       org.gradle.internal.logging.console.DefaultRedrawableLabel::newLineAdjustment (14 bytes)
Event: 245.014 Thread 0x000001bcfab77680 nmethod 1793 0x000001bc87b87e10 code [0x000001bc87b87f80, 0x000001bc87b88018]
Event: 245.014 Thread 0x000001bcfab77680 1792       4       java.util.ArrayList::fastRemove (44 bytes)
Event: 245.020 Thread 0x000001bcfab77680 nmethod 1792 0x000001bc87b88110 code [0x000001bc87b88280, 0x000001bc87b88458]
Event: 245.262 Thread 0x000001bcfab77680 1796       4       org.gradle.internal.logging.console.BuildStatusRenderer::onOutput (350 bytes)

GC Heap History (4 events):
Event: 0.811 GC heap before
{Heap before GC invocations=0 (full 0):
 garbage-first heap   total 65536K, used 12288K [0x00000000fc000000, 0x0000000100000000)
  region size 1024K, 13 young (13312K), 0 survivors (0K)
 Metaspace       used 1803K, committed 1920K, reserved 1114112K
  class space    used 168K, committed 192K, reserved 1048576K
}
Event: 0.819 GC heap after
{Heap after GC invocations=1 (full 0):
 garbage-first heap   total 65536K, used 2888K [0x00000000fc000000, 0x0000000100000000)
  region size 1024K, 2 young (2048K), 2 survivors (2048K)
 Metaspace       used 1803K, committed 1920K, reserved 1114112K
  class space    used 168K, committed 192K, reserved 1048576K
}
Event: 1.920 GC heap before
{Heap before GC invocations=1 (full 0):
 garbage-first heap   total 65536K, used 22344K [0x00000000fc000000, 0x0000000100000000)
  region size 1024K, 18 young (18432K), 2 survivors (2048K)
 Metaspace       used 5205K, committed 5376K, reserved 1114112K
  class space    used 688K, committed 768K, reserved 1048576K
}
Event: 1.927 GC heap after
{Heap after GC invocations=2 (full 0):
 garbage-first heap   total 65536K, used 11515K [0x00000000fc000000, 0x0000000100000000)
  region size 1024K, 3 young (3072K), 3 survivors (3072K)
 Metaspace       used 5205K, committed 5376K, reserved 1114112K
  class space    used 688K, committed 768K, reserved 1048576K
}

Deoptimization events (20 events):
Event: 3.178 Thread 0x000001bcf0c63c70 Uncommon trap: trap_request=0xffffff45 fr.pc=0x000001bc87b04ba4 relative=0x0000000000000664
Event: 3.178 Thread 0x000001bcf0c63c70 Uncommon trap: reason=unstable_if action=reinterpret pc=0x000001bc87b04ba4 method=java.lang.AbstractStringBuilder.append(Ljava/lang/String;)Ljava/lang/AbstractStringBuilder; @ 1 c2
Event: 3.178 Thread 0x000001bcf0c63c70 DEOPT PACKING pc=0x000001bc87b04ba4 sp=0x0000000553cfc320
Event: 3.178 Thread 0x000001bcf0c63c70 DEOPT UNPACKING pc=0x000001bc875823a3 sp=0x0000000553cfc2a0 mode 2
Event: 3.179 Thread 0x000001bcf0c63c70 Uncommon trap: trap_request=0xffffff45 fr.pc=0x000001bc87b1a824 relative=0x0000000000000664
Event: 3.179 Thread 0x000001bcf0c63c70 Uncommon trap: reason=unstable_if action=reinterpret pc=0x000001bc87b1a824 method=java.lang.AbstractStringBuilder.append(Ljava/lang/String;)Ljava/lang/AbstractStringBuilder; @ 1 c2
Event: 3.179 Thread 0x000001bcf0c63c70 DEOPT PACKING pc=0x000001bc87b1a824 sp=0x0000000553cfc2c0
Event: 3.179 Thread 0x000001bcf0c63c70 DEOPT UNPACKING pc=0x000001bc875823a3 sp=0x0000000553cfc2a8 mode 2
Event: 66.953 Thread 0x000001bcf0c63c70 DEOPT PACKING pc=0x000001bc802638cd sp=0x0000000553cfc070
Event: 66.953 Thread 0x000001bcf0c63c70 DEOPT UNPACKING pc=0x000001bc87582b43 sp=0x0000000553cfb508 mode 0
Event: 244.926 Thread 0x000001bcf0c63c70 Uncommon trap: trap_request=0xffffff45 fr.pc=0x000001bc87b6b7c0 relative=0x0000000000000520
Event: 244.926 Thread 0x000001bcf0c63c70 Uncommon trap: reason=unstable_if action=reinterpret pc=0x000001bc87b6b7c0 method=com.esotericsoftware.kryo.io.Input.readUtf8(I)V @ 79 c2
Event: 244.926 Thread 0x000001bcf0c63c70 DEOPT PACKING pc=0x000001bc87b6b7c0 sp=0x0000000553cfc190
Event: 244.926 Thread 0x000001bcf0c63c70 DEOPT UNPACKING pc=0x000001bc875823a3 sp=0x0000000553cfc128 mode 2
Event: 244.927 Thread 0x000001bcf0c63c70 Uncommon trap: trap_request=0xffffff45 fr.pc=0x000001bc87b63d48 relative=0x0000000000000428
Event: 244.927 Thread 0x000001bcf0c63c70 Uncommon trap: reason=unstable_if action=reinterpret pc=0x000001bc87b63d48 method=com.esotericsoftware.kryo.io.Input.readUtf8(I)V @ 79 c2
Event: 244.927 Thread 0x000001bcf0c63c70 DEOPT PACKING pc=0x000001bc87b63d48 sp=0x0000000553cfc190
Event: 244.927 Thread 0x000001bcf0c63c70 DEOPT UNPACKING pc=0x000001bc875823a3 sp=0x0000000553cfc128 mode 2
Event: 244.967 Thread 0x000001bcff9a7d60 DEOPT PACKING pc=0x000001bc802c8e83 sp=0x00000005553fe460
Event: 244.967 Thread 0x000001bcff9a7d60 DEOPT UNPACKING pc=0x000001bc87582b43 sp=0x00000005553fd8d0 mode 0

Classes unloaded (0 events):
No events

Classes redefined (0 events):
No events

Internal exceptions (20 events):
Event: 0.322 Thread 0x000001bcf0c63c70 Exception <a 'java/lang/NoSuchMethodError'{0x00000000ffc5e9b8}: 'int java.lang.invoke.DirectMethodHandle$Holder.invokeStaticInit(java.lang.Object, java.lang.Object)'> (0x00000000ffc5e9b8) 
thrown [s\open\src\hotspot\share\interpreter\linkResolver.cpp, line 759]
Event: 1.509 Thread 0x000001bcf0c63c70 Exception <a 'java/lang/NoSuchMethodError'{0x00000000ff68d200}: 'void java.lang.invoke.DirectMethodHandle$Holder.invokeStatic(java.lang.Object, java.lang.Object)'> (0x00000000ff68d200) 
thrown [s\open\src\hotspot\share\interpreter\linkResolver.cpp, line 759]
Event: 1.564 Thread 0x000001bcf0c63c70 Exception <a 'java/lang/NoClassDefFoundError'{0x00000000ff5117d0}: org/slf4j/impl/StaticMarkerBinder> (0x00000000ff5117d0) 
thrown [s\open\src\hotspot\share\classfile\systemDictionary.cpp, line 245]
Event: 1.613 Thread 0x000001bcf0c63c70 Exception <a 'java/lang/NoSuchMethodError'{0x00000000ff5b2328}: 'java.lang.Object java.lang.invoke.DirectMethodHandle$Holder.invokeVirtual(java.lang.Object, java.lang.Object, java.lang.Object, java.lang.Object, java.lang.Object, java.lang.Object, java.lang.Object)'> (0x00000000ff5b2328) 
thrown [s\open\src\hotspot\share\interpreter\linkResolver.cpp, line 759]
Event: 1.620 Thread 0x000001bcf0c63c70 Exception <a 'java/lang/NoSuchMethodError'{0x00000000ff5c38a0}: 'java.lang.Object java.lang.invoke.Invokers$Holder.invoker(java.lang.Object, java.lang.Object, java.lang.Object)'> (0x00000000ff5c38a0) 
thrown [s\open\src\hotspot\share\interpreter\linkResolver.cpp, line 759]
Event: 1.623 Thread 0x000001bcf0c63c70 Exception <a 'java/lang/NoSuchMethodError'{0x00000000ff5cca60}: 'java.lang.Object java.lang.invoke.DirectMethodHandle$Holder.invokeStatic(java.lang.Object, java.lang.Object, int)'> (0x00000000ff5cca60) 
thrown [s\open\src\hotspot\share\interpreter\linkResolver.cpp, line 759]
Event: 1.628 Thread 0x000001bcf0c63c70 Exception <a 'java/lang/NoSuchMethodError'{0x00000000ff5d8750}: 'void java.lang.invoke.DelegatingMethodHandle$Holder.delegate(java.lang.Object, java.lang.Object, int, java.lang.Object)'> (0x00000000ff5d8750) 
thrown [s\open\src\hotspot\share\interpreter\linkResolver.cpp, line 759]
Event: 1.630 Thread 0x000001bcf0c63c70 Exception <a 'java/lang/NoSuchMethodError'{0x00000000ff5dc898}: 'int java.lang.invoke.DirectMethodHandle$Holder.invokeSpecial(java.lang.Object, java.lang.Object, java.lang.Object)'> (0x00000000ff5dc898) 
thrown [s\open\src\hotspot\share\interpreter\linkResolver.cpp, line 759]
Event: 1.636 Thread 0x000001bcf0c63c70 Exception <a 'java/lang/NoSuchMethodError'{0x00000000ff5ef9e0}: 'java.lang.Object java.lang.invoke.Invokers$Holder.invokeExact_MT(java.lang.Object, java.lang.Object, java.lang.Object, java.lang.Object)'> (0x00000000ff5ef9e0) 
thrown [s\open\src\hotspot\share\interpreter\linkResolver.cpp, line 759]
Event: 1.994 Thread 0x000001bcf0c63c70 Exception <a 'java/lang/NoSuchMethodError'{0x00000000ffea4758}: 'void java.lang.invoke.DirectMethodHandle$Holder.invokeSpecial(java.lang.Object, java.lang.Object, java.lang.Object)'> (0x00000000ffea4758) 
thrown [s\open\src\hotspot\share\interpreter\linkResolver.cpp, line 759]
Event: 2.009 Thread 0x000001bcf0c63c70 Implicit null exception at 0x000001bc87b2b28f to 0x000001bc87b2b7f8
Event: 2.010 Thread 0x000001bcf0c63c70 Implicit null exception at 0x000001bc87b11c0f to 0x000001bc87b12178
Event: 2.067 Thread 0x000001bcf0c63c70 Exception <a 'java/lang/NoSuchMethodError'{0x00000000ffdf9f98}: 'java.lang.Object java.lang.invoke.DirectMethodHandle$Holder.invokeStaticInit(java.lang.Object)'> (0x00000000ffdf9f98) 
thrown [s\open\src\hotspot\share\interpreter\linkResolver.cpp, line 759]
Event: 2.134 Thread 0x000001bcf0c63c70 Exception <a 'java/lang/NoSuchMethodError'{0x00000000ffc94df0}: 'int java.lang.invoke.DirectMethodHandle$Holder.invokeVirtual(java.lang.Object, java.lang.Object, java.lang.Object)'> (0x00000000ffc94df0) 
thrown [s\open\src\hotspot\share\interpreter\linkResolver.cpp, line 759]
Event: 2.147 Thread 0x000001bcf0c63c70 Exception <a 'java/lang/NoSuchMethodError'{0x00000000ffcd7928}: 'java.lang.Object java.lang.invoke.DirectMethodHandle$Holder.invokeVirtual(java.lang.Object, java.lang.Object, java.lang.Object)'> (0x00000000ffcd7928) 
thrown [s\open\src\hotspot\share\interpreter\linkResolver.cpp, line 759]
Event: 2.300 Thread 0x000001bcf0c63c70 Exception <a 'java/lang/NoSuchMethodError'{0x00000000ff84de68}: 'java.lang.Object java.lang.invoke.DirectMethodHandle$Holder.invokeStaticInit(java.lang.Object, int, int, int, int)'> (0x00000000ff84de68) 
thrown [s\open\src\hotspot\share\interpreter\linkResolver.cpp, line 759]
Event: 2.627 Thread 0x000001bcf0c63c70 Exception <a 'java/lang/NoSuchMethodError'{0x00000000ff89c9b8}: 'java.lang.Object java.lang.invoke.DirectMethodHandle$Holder.invokeStaticInit(java.lang.Object, java.lang.Object, int, int, int, int)'> (0x00000000ff89c9b8) 
thrown [s\open\src\hotspot\share\interpreter\linkResolver.cpp, line 759]
Event: 3.129 Thread 0x000001bcf0c63c70 Exception <a 'java/lang/NoSuchMethodError'{0x00000000ff8cb8c0}: 'void java.lang.invoke.DirectMethodHandle$Holder.invokeStatic(java.lang.Object, java.lang.Object, java.lang.Object)'> (0x00000000ff8cb8c0) 
thrown [s\open\src\hotspot\share\interpreter\linkResolver.cpp, line 759]
Event: 3.178 Thread 0x000001bcf0c63c70 Implicit null exception at 0x000001bc87b04572 to 0x000001bc87b04b8c
Event: 3.179 Thread 0x000001bcf0c63c70 Implicit null exception at 0x000001bc87b1a1f2 to 0x000001bc87b1a80c

VM Operations (20 events):
Event: 162.543 Executing VM operation: Cleanup
Event: 162.543 Executing VM operation: Cleanup done
Event: 174.671 Executing VM operation: Cleanup
Event: 174.671 Executing VM operation: Cleanup done
Event: 175.683 Executing VM operation: Cleanup
Event: 175.684 Executing VM operation: Cleanup done
Event: 178.692 Executing VM operation: Cleanup
Event: 178.692 Executing VM operation: Cleanup done
Event: 179.704 Executing VM operation: Cleanup
Event: 179.704 Executing VM operation: Cleanup done
Event: 180.190 Executing VM operation: HandshakeAllThreads
Event: 180.190 Executing VM operation: HandshakeAllThreads done
Event: 193.331 Executing VM operation: Cleanup
Event: 193.331 Executing VM operation: Cleanup done
Event: 195.355 Executing VM operation: Cleanup
Event: 195.356 Executing VM operation: Cleanup done
Event: 212.490 Executing VM operation: Cleanup
Event: 212.490 Executing VM operation: Cleanup done
Event: 240.356 Executing VM operation: HandshakeAllThreads
Event: 240.356 Executing VM operation: HandshakeAllThreads done

Events (20 events):
Event: 62.306 loading class jdk/internal/logger/LazyLoggers$LazyLoggerFactories
Event: 62.307 loading class jdk/internal/logger/LazyLoggers$LazyLoggerFactories done
Event: 62.308 loading class jdk/internal/logger/LoggerFinderLoader
Event: 62.308 loading class jdk/internal/logger/LoggerFinderLoader done
Event: 62.309 loading class jdk/internal/logger/LoggerFinderLoader$TemporaryLoggerFinder
Event: 62.309 loading class jdk/internal/logger/LoggerFinderLoader$TemporaryLoggerFinder done
Event: 62.309 loading class sun/util/logging/internal/LoggingProviderImpl$JULWrapper
Event: 62.310 loading class sun/util/logging/PlatformLogger$ConfigurableBridge$LoggerConfiguration
Event: 62.310 loading class sun/util/logging/PlatformLogger$ConfigurableBridge$LoggerConfiguration done
Event: 62.310 loading class sun/util/logging/internal/LoggingProviderImpl$JULWrapper done
Event: 62.310 loading class java/io/ObjectInputFilter
Event: 62.311 loading class java/io/ObjectInputFilter done
Event: 62.312 loading class java/io/ObjectInputFilter$Config$BuiltinFilterFactory
Event: 62.312 loading class java/io/ObjectInputFilter$Config$BuiltinFilterFactory done
Event: 62.312 loading class jdk/internal/access/JavaObjectInputFilterAccess
Event: 62.312 loading class jdk/internal/access/JavaObjectInputFilterAccess done
Event: 62.313 loading class java/lang/System$Logger$Level
Event: 62.314 loading class java/lang/System$Logger$Level done
Event: 62.314 loading class java/io/Bits
Event: 62.314 loading class java/io/Bits done


Dynamic libraries:
0x00007ff61df70000 - 0x00007ff61df80000 	C:\Program Files\Java\jdk-17\bin\java.exe
0x00007ffd31b30000 - 0x00007ffd31d47000 	C:\Windows\SYSTEM32\ntdll.dll
0x00007ffd313c0000 - 0x00007ffd31484000 	C:\Windows\System32\KERNEL32.DLL
0x00007ffd2f400000 - 0x00007ffd2f7ad000 	C:\Windows\System32\KERNELBASE.dll
0x00007ffd2f2e0000 - 0x00007ffd2f3f1000 	C:\Windows\System32\ucrtbase.dll
0x00007ffd22f10000 - 0x00007ffd22f2b000 	C:\Program Files\Java\jdk-17\bin\VCRUNTIME140.dll
0x00007ffd26530000 - 0x00007ffd26549000 	C:\Program Files\Java\jdk-17\bin\jli.dll
0x00007ffd30590000 - 0x00007ffd30642000 	C:\Windows\System32\ADVAPI32.dll
0x00007ffd31710000 - 0x00007ffd317b7000 	C:\Windows\System32\msvcrt.dll
0x00007ffd312d0000 - 0x00007ffd31379000 	C:\Windows\System32\sechost.dll
0x00007ffd2f830000 - 0x00007ffd2f858000 	C:\Windows\System32\bcrypt.dll
0x00007ffd30d20000 - 0x00007ffd30e34000 	C:\Windows\System32\RPCRT4.dll
0x00007ffd303c0000 - 0x00007ffd3056e000 	C:\Windows\System32\USER32.dll
0x00007ffd2ef70000 - 0x00007ffd2ef96000 	C:\Windows\System32\win32u.dll
0x00007ffd18940000 - 0x00007ffd18bd3000 	C:\Windows\WinSxS\amd64_microsoft.windows.common-controls_6595b64144ccf1df_6.0.22621.3672_none_2713b9d173822955\COMCTL32.dll
0x00007ffd30390000 - 0x00007ffd303b9000 	C:\Windows\System32\GDI32.dll
0x00007ffd2ee50000 - 0x00007ffd2ef69000 	C:\Windows\System32\gdi32full.dll
0x00007ffd2f180000 - 0x00007ffd2f21a000 	C:\Windows\System32\msvcp_win.dll
0x00007ffd29770000 - 0x00007ffd2977a000 	C:\Windows\SYSTEM32\VERSION.dll
0x00007ffd316d0000 - 0x00007ffd31701000 	C:\Windows\System32\IMM32.DLL
0x00007ffd2b3d0000 - 0x00007ffd2b3dc000 	C:\Program Files\Java\jdk-17\bin\vcruntime140_1.dll
0x00007ffcebeb0000 - 0x00007ffcebf3e000 	C:\Program Files\Java\jdk-17\bin\msvcp140.dll
0x00007ffcb6850000 - 0x00007ffcb7430000 	C:\Program Files\Java\jdk-17\bin\server\jvm.dll
0x00007ffd312c0000 - 0x00007ffd312c8000 	C:\Windows\System32\PSAPI.DLL
0x00007ffd19360000 - 0x00007ffd19369000 	C:\Windows\SYSTEM32\WSOCK32.dll
0x00007ffd21f40000 - 0x00007ffd21f74000 	C:\Windows\SYSTEM32\WINMM.dll
0x00007ffd30ca0000 - 0x00007ffd30d11000 	C:\Windows\System32\WS2_32.dll
0x00007ffd2de40000 - 0x00007ffd2de58000 	C:\Windows\SYSTEM32\kernel.appcore.dll
0x00007ffd29780000 - 0x00007ffd2978a000 	C:\Program Files\Java\jdk-17\bin\jimage.dll
0x00007ffd20300000 - 0x00007ffd20532000 	C:\Windows\SYSTEM32\DBGHELP.DLL
0x00007ffd30650000 - 0x00007ffd309dd000 	C:\Windows\System32\combase.dll
0x00007ffd302b0000 - 0x00007ffd30387000 	C:\Windows\System32\OLEAUT32.dll
0x00007ffd13500000 - 0x00007ffd13532000 	C:\Windows\SYSTEM32\dbgcore.DLL
0x00007ffd2f7b0000 - 0x00007ffd2f82b000 	C:\Windows\System32\bcryptPrimitives.dll
0x00007ffd22ee0000 - 0x00007ffd22f05000 	C:\Program Files\Java\jdk-17\bin\java.dll
0x00007ffceb9d0000 - 0x00007ffcebaa7000 	C:\Program Files\Java\jdk-17\bin\jsvml.dll
0x00007ffd2fa40000 - 0x00007ffd302a7000 	C:\Windows\System32\SHELL32.dll
0x00007ffd2cd50000 - 0x00007ffd2d64e000 	C:\Windows\SYSTEM32\windows.storage.dll
0x00007ffd2cc10000 - 0x00007ffd2cd4f000 	C:\Windows\SYSTEM32\wintypes.dll
0x00007ffd319f0000 - 0x00007ffd31ae9000 	C:\Windows\System32\SHCORE.dll
0x00007ffd309e0000 - 0x00007ffd30a3e000 	C:\Windows\System32\shlwapi.dll
0x00007ffd2ed80000 - 0x00007ffd2eda1000 	C:\Windows\SYSTEM32\profapi.dll
0x00007ffd19c30000 - 0x00007ffd19c49000 	C:\Program Files\Java\jdk-17\bin\net.dll
0x00007ffd2b840000 - 0x00007ffd2b976000 	C:\Windows\SYSTEM32\WINHTTP.dll
0x00007ffd2e2a0000 - 0x00007ffd2e309000 	C:\Windows\system32\mswsock.dll
0x00007ffd19c10000 - 0x00007ffd19c26000 	C:\Program Files\Java\jdk-17\bin\nio.dll
0x00007ffd19bf0000 - 0x00007ffd19c08000 	C:\Program Files\Java\jdk-17\bin\zip.dll
0x00007ffd26520000 - 0x00007ffd26530000 	C:\Program Files\Java\jdk-17\bin\verify.dll
0x00007ffd26180000 - 0x00007ffd261a7000 	C:\Users\Hp\.gradle\native\c067742578af261105cb4f569cf0c3c89f3d7b1fecec35dd04571415982c5e48\windows-amd64\native-platform.dll
0x00007ffd26510000 - 0x00007ffd2651a000 	C:\Users\Hp\.gradle\native\jansi\1.18\windows64\jansi.dll
0x00007ffd22ed0000 - 0x00007ffd22eda000 	C:\Program Files\Java\jdk-17\bin\management.dll
0x00007ffd19be0000 - 0x00007ffd19beb000 	C:\Program Files\Java\jdk-17\bin\management_ext.dll
0x00007ffd2e5f0000 - 0x00007ffd2e60b000 	C:\Windows\SYSTEM32\CRYPTSP.dll
0x00007ffd2dda0000 - 0x00007ffd2ddd5000 	C:\Windows\system32\rsaenh.dll
0x00007ffd2e340000 - 0x00007ffd2e368000 	C:\Windows\SYSTEM32\USERENV.dll
0x00007ffd2e5d0000 - 0x00007ffd2e5dc000 	C:\Windows\SYSTEM32\CRYPTBASE.dll
0x00007ffd2d8b0000 - 0x00007ffd2d8dd000 	C:\Windows\SYSTEM32\IPHLPAPI.DLL
0x00007ffd313b0000 - 0x00007ffd313b9000 	C:\Windows\System32\NSI.dll
0x00007ffd2b820000 - 0x00007ffd2b839000 	C:\Windows\SYSTEM32\dhcpcsvc6.DLL
0x00007ffd2b800000 - 0x00007ffd2b81f000 	C:\Windows\SYSTEM32\dhcpcsvc.DLL
0x00007ffd2d8e0000 - 0x00007ffd2d9d8000 	C:\Windows\SYSTEM32\DNSAPI.dll
0x00007ffd22dc0000 - 0x00007ffd22dce000 	C:\Program Files\Java\jdk-17\bin\sunmscapi.dll
0x00007ffd2f010000 - 0x00007ffd2f177000 	C:\Windows\System32\CRYPT32.dll
0x00007ffd2e710000 - 0x00007ffd2e73e000 	C:\Windows\SYSTEM32\ncrypt.dll
0x00007ffd2e6d0000 - 0x00007ffd2e707000 	C:\Windows\SYSTEM32\NTASN1.dll
0x00007ffcd7280000 - 0x00007ffcd7288000 	C:\Windows\system32\wshunix.dll

dbghelp: loaded successfully - version: 4.0.5 - missing functions: none
symbol engine: initialized successfully - sym options: 0x614 - pdb path: .;C:\Program Files\Java\jdk-17\bin;C:\Windows\SYSTEM32;C:\Windows\WinSxS\amd64_microsoft.windows.common-controls_6595b64144ccf1df_6.0.22621.3672_none_2713b9d173822955;C:\Program Files\Java\jdk-17\bin\server;C:\Users\Hp\.gradle\native\c067742578af261105cb4f569cf0c3c89f3d7b1fecec35dd04571415982c5e48\windows-amd64;C:\Users\Hp\.gradle\native\jansi\1.18\windows64

VM Arguments:
jvm_args: -Xmx64m -Xms64m -Dorg.gradle.appname=gradlew 
java_command: org.gradle.wrapper.GradleWrapperMain build
java_class_path (initial): D:\reactnativeapp\myapp\android\\gradle\wrapper\gradle-wrapper.jar
Launcher Type: SUN_STANDARD

[Global flags]
     intx CICompilerCount                          = 3                                         {product} {ergonomic}
     uint ConcGCThreads                            = 1                                         {product} {ergonomic}
     uint G1ConcRefinementThreads                  = 4                                         {product} {ergonomic}
   size_t G1HeapRegionSize                         = 1048576                                   {product} {ergonomic}
    uintx GCDrainStackTargetSize                   = 64                                        {product} {ergonomic}
   size_t InitialHeapSize                          = 67108864                                  {product} {command line}
   size_t MarkStackSize                            = 4194304                                   {product} {ergonomic}
   size_t MaxHeapSize                              = 67108864                                  {product} {command line}
   size_t MaxNewSize                               = 39845888                                  {product} {ergonomic}
   size_t MinHeapDeltaBytes                        = 1048576                                   {product} {ergonomic}
   size_t MinHeapSize                              = 67108864                                  {product} {command line}
    uintx NonNMethodCodeHeapSize                   = 5832780                                {pd product} {ergonomic}
    uintx NonProfiledCodeHeapSize                  = 122912730                              {pd product} {ergonomic}
    uintx ProfiledCodeHeapSize                     = 122912730                              {pd product} {ergonomic}
    uintx ReservedCodeCacheSize                    = 251658240                              {pd product} {ergonomic}
     bool SegmentedCodeCache                       = true                                      {product} {ergonomic}
   size_t SoftMaxHeapSize                          = 67108864                               {manageable} {ergonomic}
     bool UseCompressedClassPointers               = true                           {product lp64_product} {ergonomic}
     bool UseCompressedOops                        = true                           {product lp64_product} {ergonomic}
     bool UseG1GC                                  = true                                      {product} {ergonomic}
     bool UseLargePagesIndividualAllocation        = false                                  {pd product} {ergonomic}

Logging:
Log output configuration:
 #0: stdout all=warning uptime,level,tags
 #1: stderr all=off uptime,level,tags

Environment Variables:
JAVA_HOME=C:\Program Files\Java\jdk-17
CLASSPATH=D:\reactnativeapp\myapp\android\\gradle\wrapper\gradle-wrapper.jar
PATH=C:\Program Files\Common Files\Oracle\Java\javapath;C:\Windows\system32;C:\Windows;C:\Windows\System32\Wbem;C:\Windows\System32\WindowsPowerShell\v1.0\;C:\Windows\System32\OpenSSH\;C:\Users\Hp\AppData\Roaming\nvm;C:\Program Files\nodejs;C:\Program Files\nodejs;C:\Users\Hp\AppData\Local\Android\Sdk;C:\Program Files\MongoDB\Server\7.0\data;C:\Program Files\Java\jdk-17\bin;C:\Users\Hp\.gradle\daemon\8.6;D:\xamp\php;D:\ComposerSetup;C:\Users\Hp\AppData\Local\Android\Sdk\emulator;C:\Users\Hp\AppData\Local\Android\Sdk\tools;C:\Users\Hp\AppData\Local\Android\Sdk\tools;C:\Users\Hp\AppData\Local\Microsoft\WindowsApps;C:\Users\Hp\AppData\Roaming\nvm;C:\Program Files\nodejs;D:\miral\Microsoft VS Code\bin;C:\Program Files\Java\jdk-17\bin;C:\Users\Hp\.gradle\daemon\8.6;C:\Users\Hp\AppData\Roaming\Composer\vendor\bin;C:\Users\Hp\AppData\Local\Android\Sdk\platform-tools;C:\Users\Hp\AppData\Local\Android\Sdk\emulator;
USERNAME=Hp
LANG=en_US.UTF-8
OS=Windows_NT
PROCESSOR_IDENTIFIER=Intel64 Family 6 Model 78 Stepping 3, GenuineIntel



---------------  S Y S T E M  ---------------

OS:
 Windows 11 , 64 bit Build 22621 (10.0.22621.3958)
OS uptime: 0 days 4:19 hours
Hyper-V role detected

CPU: total 4 (initial active 4) (2 cores per cpu, 2 threads per core) family 6 model 78 stepping 3 microcode 0xf0, cx8, cmov, fxsr, ht, mmx, 3dnowpref, sse, sse2, sse3, ssse3, sse4.1, sse4.2, popcnt, lzcnt, tsc, tscinvbit, avx, avx2, aes, erms, clmul, bmi1, bmi2, rtm, adx, fma, vzeroupper, clflush, clflushopt, hv

Memory: 4k page, system-wide physical 8070M (269M free)
TotalPageFile size 14187M (AvailPageFile size 5M)
current process WorkingSet (physical memory assigned to process): 52M, peak: 93M
current process commit charge ("private bytes"): 172M, peak: 175M

vm_info: Java HotSpot(TM) 64-Bit Server VM (17.0.11+7-LTS-207) for windows-amd64 JRE (17.0.11+7-LTS-207), built on Mar 11 2024 19:01:50 by "mach5one" with MS VC++ 17.6 (VS2022)

END.
