#
# There is insufficient memory for the Java Runtime Environment to continue.
# Native memory allocation (malloc) failed to allocate 1380656 bytes for Chunk::new
# Possible reasons:
#   The system is out of physical RAM or swap space
#   The process is running with CompressedOops enabled, and the Java Heap may be blocking the growth of the native heap
# Possible solutions:
#   Reduce memory load on the system
#   Increase physical memory or swap space
#   Check if swap backing store is full
#   Decrease Java heap size (-Xmx/-Xms)
#   Decrease number of Java threads
#   Decrease Java thread stack sizes (-Xss)
#   Set larger code cache with -XX:ReservedCodeCacheSize=
#   JVM is running with Unscaled Compressed Oops mode in which the Java heap is
#     placed in the first 4GB address space. The Java Heap base address is the
#     maximum limit for the native heap growth. Please use -XX:HeapBaseMinAddress
#     to set the Java Heap base and to place the Java Heap above 4GB virtual address.
# This output file may be truncated or incomplete.
#
#  Out of Memory Error (arena.cpp:189), pid=4220, tid=7656
#
# JRE version: Java(TM) SE Runtime Environment (17.0.11+7) (build 17.0.11+7-LTS-207)
# Java VM: Java HotSpot(TM) 64-Bit Server VM (17.0.11+7-LTS-207, mixed mode, sharing, tiered, compressed oops, compressed class ptrs, g1 gc, windows-amd64)
# No core dump will be written. Minidumps are not enabled by default on client versions of Windows
#

---------------  S U M M A R Y ------------

Command Line: org.jetbrains.kotlin.cli.jvm.K2JVMCompiler @D:\reactnativeapp\myapp\node_modules\react-native-screens\android\build\20240617_14043826046103371946.compiler.options

Host: Intel(R) Core(TM) i5-6300U CPU @ 2.40GHz, 4 cores, 7G,  Windows 11 , 64 bit Build 22621 (10.0.22621.3672)
Time: Mon Jun 17 23:13:46 2024 Pakistan Standard Time elapsed time: 169.157927 seconds (0d 0h 2m 49s)

---------------  T H R E A D  ---------------

Current thread (0x000001ff711d02d0):  JavaThread "C2 CompilerThread0" daemon [_thread_in_native, id=7656, stack(0x0000002e12a00000,0x0000002e12b00000)]


Current CompileTask:
C2: 169158 18696       4       org.jetbrains.kotlin.backend.common.lower.DefaultArgumentStubGenerator::transformFlat (24 bytes)

Stack: [0x0000002e12a00000,0x0000002e12b00000]
Native frames: (J=compiled Java code, j=interpreted, Vv=VM code, C=native code)
V  [jvm.dll+0x679cca]
V  [jvm.dll+0x7da13d]
V  [jvm.dll+0x7dba83]
V  [jvm.dll+0x7dc0f3]
V  [jvm.dll+0x2449af]
V  [jvm.dll+0xab83b]
V  [jvm.dll+0xabe1c]
V  [jvm.dll+0x36155f]
V  [jvm.dll+0x32bd61]
V  [jvm.dll+0x32b1fa]
V  [jvm.dll+0x2161df]
V  [jvm.dll+0x21560f]
V  [jvm.dll+0x1a2040]
V  [jvm.dll+0x225a2b]
V  [jvm.dll+0x223bcb]
V  [jvm.dll+0x7903ec]
V  [jvm.dll+0x78a85a]
V  [jvm.dll+0x678bb5]
C  [ucrtbase.dll+0x29333]
C  [KERNEL32.DLL+0x1257d]
C  [ntdll.dll+0x5af28]


---------------  P R O C E S S  ---------------

Threads class SMR info:
_java_thread_list=0x000001ff7877ef20, length=12, elements={
0x000001ff53930f80, 0x000001ff711b3a60, 0x000001ff711b48e0, 0x000001ff711ca2d0,
0x000001ff711cbea0, 0x000001ff711cca60, 0x000001ff711cf530, 0x000001ff711d02d0,
0x000001ff7122ff00, 0x000001ff7124a410, 0x000001ff71402500, 0x000001ff71408e40
}

Java Threads: ( => current thread )
  0x000001ff53930f80 JavaThread "main" [_thread_in_Java, id=4632, stack(0x0000002e11d00000,0x0000002e11e00000)]
  0x000001ff711b3a60 JavaThread "Reference Handler" daemon [_thread_blocked, id=5856, stack(0x0000002e12400000,0x0000002e12500000)]
  0x000001ff711b48e0 JavaThread "Finalizer" daemon [_thread_blocked, id=2032, stack(0x0000002e12500000,0x0000002e12600000)]
  0x000001ff711ca2d0 JavaThread "Signal Dispatcher" daemon [_thread_blocked, id=548, stack(0x0000002e12600000,0x0000002e12700000)]
  0x000001ff711cbea0 JavaThread "Attach Listener" daemon [_thread_blocked, id=4888, stack(0x0000002e12700000,0x0000002e12800000)]
  0x000001ff711cca60 JavaThread "Service Thread" daemon [_thread_blocked, id=2480, stack(0x0000002e12800000,0x0000002e12900000)]
  0x000001ff711cf530 JavaThread "Monitor Deflation Thread" daemon [_thread_blocked, id=12392, stack(0x0000002e12900000,0x0000002e12a00000)]
=>0x000001ff711d02d0 JavaThread "C2 CompilerThread0" daemon [_thread_in_native, id=7656, stack(0x0000002e12a00000,0x0000002e12b00000)]
  0x000001ff7122ff00 JavaThread "C1 CompilerThread0" daemon [_thread_blocked, id=4044, stack(0x0000002e12b00000,0x0000002e12c00000)]
  0x000001ff7124a410 JavaThread "Sweeper thread" daemon [_thread_blocked, id=9284, stack(0x0000002e12c00000,0x0000002e12d00000)]
  0x000001ff71402500 JavaThread "Notification Thread" daemon [_thread_blocked, id=9968, stack(0x0000002e12d00000,0x0000002e12e00000)]
  0x000001ff71408e40 JavaThread "Common-Cleaner" daemon [_thread_blocked, id=12560, stack(0x0000002e12f00000,0x0000002e13000000)]

Other Threads:
  0x000001ff711ae2b0 VMThread "VM Thread" [stack: 0x0000002e12300000,0x0000002e12400000] [id=1188]
  0x000001ff71408a00 WatcherThread [stack: 0x0000002e12e00000,0x0000002e12f00000] [id=11536]
  0x000001ff53989eb0 GCTaskThread "GC Thread#0" [stack: 0x0000002e11e00000,0x0000002e11f00000] [id=7980]
  0x000001ff71806840 GCTaskThread "GC Thread#1" [stack: 0x0000002e13000000,0x0000002e13100000] [id=3572]
  0x000001ff71806f30 GCTaskThread "GC Thread#2" [stack: 0x0000002e13100000,0x0000002e13200000] [id=1568]
  0x000001ff7181ff70 GCTaskThread "GC Thread#3" [stack: 0x0000002e13200000,0x0000002e13300000] [id=3144]
  0x000001ff5399aac0 ConcurrentGCThread "G1 Main Marker" [stack: 0x0000002e11f00000,0x0000002e12000000] [id=9372]
  0x000001ff5399b4d0 ConcurrentGCThread "G1 Conc#0" [stack: 0x0000002e12000000,0x0000002e12100000] [id=6068]
  0x000001ff539f3c90 ConcurrentGCThread "G1 Refine#0" [stack: 0x0000002e12100000,0x0000002e12200000] [id=13004]
  0x000001ff77a57f60 ConcurrentGCThread "G1 Refine#1" [stack: 0x0000002e13400000,0x0000002e13500000] [id=3200]
  0x000001ff77a58540 ConcurrentGCThread "G1 Refine#2" [stack: 0x0000002e13300000,0x0000002e13400000] [id=10496]
  0x000001ff539f46c0 ConcurrentGCThread "G1 Service" [stack: 0x0000002e12200000,0x0000002e12300000] [id=1868]

Threads with active compile tasks:
C2 CompilerThread0   169247 18696       4       org.jetbrains.kotlin.backend.common.lower.DefaultArgumentStubGenerator::transformFlat (24 bytes)

VM state: not at safepoint (normal execution)

VM Mutex/Monitor currently owned by a thread: None

Heap address: 0x0000000081e00000, size: 2018 MB, Compressed Oops mode: 32-bit

CDS archive(s) mapped at: [0x000001ff00000000-0x000001ff00bd0000-0x000001ff00bd0000), size 12386304, SharedBaseAddress: 0x000001ff00000000, ArchiveRelocationMode: 1.
Compressed class space mapped at: 0x000001ff01000000-0x000001ff41000000, reserved size: 1073741824
Narrow klass base: 0x000001ff00000000, Narrow klass shift: 0, Narrow klass range: 0x100000000

GC Precious Log:
 CPUs: 4 total, 4 available
 Memory: 8070M
 Large Page Support: Disabled
 NUMA Support: Disabled
 Compressed Oops: Enabled (32-bit)
 Heap Region Size: 1M
 Heap Min Capacity: 8M
 Heap Initial Capacity: 128M
 Heap Max Capacity: 2018M
 Pre-touch: Disabled
 Parallel Workers: 4
 Concurrent Workers: 1
 Concurrent Refinement Workers: 4
 Periodic GC: Disabled

Heap:
 garbage-first heap   total 187392K, used 140897K [0x0000000081e00000, 0x0000000100000000)
  region size 1024K, 23 young (23552K), 4 survivors (4096K)
 Metaspace       used 74862K, committed 75136K, reserved 1179648K
  class space    used 7907K, committed 8064K, reserved 1048576K

Heap Regions: E=young(eden), S=young(survivor), O=old, HS=humongous(starts), HC=humongous(continues), CS=collection set, F=free, OA=open archive, CA=closed archive, TAMS=top-at-mark-start (previous, next)
|   0|0x0000000081e00000, 0x0000000081f00000, 0x0000000081f00000|100%|HS|  |TAMS 0x0000000081f00000, 0x0000000081e00000| Complete 
|   1|0x0000000081f00000, 0x0000000082000000, 0x0000000082000000|100%|HC|  |TAMS 0x0000000082000000, 0x0000000081f00000| Complete 
|   2|0x0000000082000000, 0x0000000082100000, 0x0000000082100000|100%|HC|  |TAMS 0x0000000082100000, 0x0000000082000000| Complete 
|   3|0x0000000082100000, 0x0000000082200000, 0x0000000082200000|100%|HC|  |TAMS 0x0000000082200000, 0x0000000082100000| Complete 
|   4|0x0000000082200000, 0x0000000082300000, 0x0000000082300000|100%| O|  |TAMS 0x0000000082300000, 0x0000000082200000| Untracked 
|   5|0x0000000082300000, 0x0000000082400000, 0x0000000082400000|100%| O|  |TAMS 0x0000000082400000, 0x0000000082300000| Untracked 
|   6|0x0000000082400000, 0x0000000082500000, 0x0000000082500000|100%| O|  |TAMS 0x0000000082500000, 0x0000000082400000| Untracked 
|   7|0x0000000082500000, 0x0000000082600000, 0x0000000082600000|100%| O|  |TAMS 0x0000000082600000, 0x0000000082500000| Untracked 
|   8|0x0000000082600000, 0x0000000082700000, 0x0000000082700000|100%| O|  |TAMS 0x0000000082700000, 0x0000000082600000| Untracked 
|   9|0x0000000082700000, 0x0000000082800000, 0x0000000082800000|100%| O|  |TAMS 0x0000000082800000, 0x0000000082700000| Untracked 
|  10|0x0000000082800000, 0x0000000082900000, 0x0000000082900000|100%| O|  |TAMS 0x0000000082900000, 0x0000000082800000| Untracked 
|  11|0x0000000082900000, 0x0000000082a00000, 0x0000000082a00000|100%| O|  |TAMS 0x0000000082a00000, 0x0000000082900000| Untracked 
|  12|0x0000000082a00000, 0x0000000082b00000, 0x0000000082b00000|100%| O|  |TAMS 0x0000000082b00000, 0x0000000082a00000| Untracked 
|  13|0x0000000082b00000, 0x0000000082c00000, 0x0000000082c00000|100%| O|  |TAMS 0x0000000082c00000, 0x0000000082b00000| Untracked 
|  14|0x0000000082c00000, 0x0000000082d00000, 0x0000000082d00000|100%| O|  |TAMS 0x0000000082d00000, 0x0000000082c00000| Untracked 
|  15|0x0000000082d00000, 0x0000000082e00000, 0x0000000082e00000|100%| O|  |TAMS 0x0000000082e00000, 0x0000000082d00000| Untracked 
|  16|0x0000000082e00000, 0x0000000082f00000, 0x0000000082f00000|100%| O|  |TAMS 0x0000000082f00000, 0x0000000082e00000| Untracked 
|  17|0x0000000082f00000, 0x0000000083000000, 0x0000000083000000|100%| O|  |TAMS 0x0000000083000000, 0x0000000082f00000| Untracked 
|  18|0x0000000083000000, 0x0000000083100000, 0x0000000083100000|100%| O|  |TAMS 0x0000000083100000, 0x0000000083000000| Untracked 
|  19|0x0000000083100000, 0x0000000083200000, 0x0000000083200000|100%|HS|  |TAMS 0x0000000083200000, 0x0000000083100000| Complete 
|  20|0x0000000083200000, 0x0000000083300000, 0x0000000083300000|100%|HC|  |TAMS 0x0000000083300000, 0x0000000083200000| Complete 
|  21|0x0000000083300000, 0x0000000083400000, 0x0000000083400000|100%| O|  |TAMS 0x0000000083400000, 0x0000000083300000| Untracked 
|  22|0x0000000083400000, 0x0000000083500000, 0x0000000083500000|100%| O|  |TAMS 0x0000000083500000, 0x0000000083400000| Untracked 
|  23|0x0000000083500000, 0x0000000083600000, 0x0000000083600000|100%| O|  |TAMS 0x0000000083600000, 0x0000000083500000| Untracked 
|  24|0x0000000083600000, 0x0000000083700000, 0x0000000083700000|100%| O|  |TAMS 0x0000000083700000, 0x0000000083600000| Untracked 
|  25|0x0000000083700000, 0x0000000083800000, 0x0000000083800000|100%| O|  |TAMS 0x0000000083800000, 0x0000000083700000| Untracked 
|  26|0x0000000083800000, 0x0000000083900000, 0x0000000083900000|100%| O|  |TAMS 0x0000000083900000, 0x0000000083800000| Untracked 
|  27|0x0000000083900000, 0x0000000083a00000, 0x0000000083a00000|100%| O|  |TAMS 0x0000000083a00000, 0x0000000083900000| Untracked 
|  28|0x0000000083a00000, 0x0000000083b00000, 0x0000000083b00000|100%| O|  |TAMS 0x0000000083b00000, 0x0000000083a00000| Untracked 
|  29|0x0000000083b00000, 0x0000000083c00000, 0x0000000083c00000|100%| O|  |TAMS 0x0000000083c00000, 0x0000000083b00000| Untracked 
|  30|0x0000000083c00000, 0x0000000083d00000, 0x0000000083d00000|100%| O|  |TAMS 0x0000000083d00000, 0x0000000083c00000| Untracked 
|  31|0x0000000083d00000, 0x0000000083e00000, 0x0000000083e00000|100%| O|  |TAMS 0x0000000083e00000, 0x0000000083d00000| Untracked 
|  32|0x0000000083e00000, 0x0000000083f00000, 0x0000000083f00000|100%| O|  |TAMS 0x0000000083f00000, 0x0000000083e00000| Untracked 
|  33|0x0000000083f00000, 0x0000000084000000, 0x0000000084000000|100%| O|  |TAMS 0x0000000084000000, 0x0000000083f00000| Untracked 
|  34|0x0000000084000000, 0x0000000084100000, 0x0000000084100000|100%| O|  |TAMS 0x0000000084100000, 0x0000000084000000| Untracked 
|  35|0x0000000084100000, 0x0000000084200000, 0x0000000084200000|100%| O|  |TAMS 0x0000000084200000, 0x0000000084100000| Untracked 
|  36|0x0000000084200000, 0x0000000084300000, 0x0000000084300000|100%| O|  |TAMS 0x0000000084300000, 0x0000000084200000| Untracked 
|  37|0x0000000084300000, 0x0000000084400000, 0x0000000084400000|100%| O|  |TAMS 0x0000000084400000, 0x0000000084300000| Untracked 
|  38|0x0000000084400000, 0x0000000084500000, 0x0000000084500000|100%| O|  |TAMS 0x0000000084500000, 0x0000000084400000| Untracked 
|  39|0x0000000084500000, 0x0000000084600000, 0x0000000084600000|100%| O|  |TAMS 0x0000000084600000, 0x0000000084500000| Untracked 
|  40|0x0000000084600000, 0x0000000084700000, 0x0000000084700000|100%| O|  |TAMS 0x0000000084700000, 0x0000000084600000| Untracked 
|  41|0x0000000084700000, 0x0000000084800000, 0x0000000084800000|100%| O|  |TAMS 0x0000000084700000, 0x0000000084700000| Untracked 
|  42|0x0000000084800000, 0x0000000084900000, 0x0000000084900000|100%| O|  |TAMS 0x0000000084900000, 0x0000000084800000| Untracked 
|  43|0x0000000084900000, 0x0000000084a00000, 0x0000000084a00000|100%| O|  |TAMS 0x0000000084a00000, 0x0000000084900000| Untracked 
|  44|0x0000000084a00000, 0x0000000084b00000, 0x0000000084b00000|100%| O|  |TAMS 0x0000000084b00000, 0x0000000084a00000| Untracked 
|  45|0x0000000084b00000, 0x0000000084c00000, 0x0000000084c00000|100%| O|  |TAMS 0x0000000084c00000, 0x0000000084b00000| Untracked 
|  46|0x0000000084c00000, 0x0000000084d00000, 0x0000000084d00000|100%| O|  |TAMS 0x0000000084d00000, 0x0000000084c00000| Untracked 
|  47|0x0000000084d00000, 0x0000000084e00000, 0x0000000084e00000|100%| O|  |TAMS 0x0000000084e00000, 0x0000000084d00000| Untracked 
|  48|0x0000000084e00000, 0x0000000084f00000, 0x0000000084f00000|100%| O|  |TAMS 0x0000000084f00000, 0x0000000084e00000| Untracked 
|  49|0x0000000084f00000, 0x0000000085000000, 0x0000000085000000|100%| O|  |TAMS 0x0000000085000000, 0x0000000084f00000| Untracked 
|  50|0x0000000085000000, 0x0000000085100000, 0x0000000085100000|100%| O|  |TAMS 0x0000000085100000, 0x0000000085000000| Untracked 
|  51|0x0000000085100000, 0x0000000085200000, 0x0000000085200000|100%| O|  |TAMS 0x0000000085200000, 0x0000000085100000| Untracked 
|  52|0x0000000085200000, 0x0000000085300000, 0x0000000085300000|100%| O|  |TAMS 0x0000000085300000, 0x0000000085200000| Untracked 
|  53|0x0000000085300000, 0x0000000085400000, 0x0000000085400000|100%| O|  |TAMS 0x0000000085400000, 0x0000000085300000| Untracked 
|  54|0x0000000085400000, 0x0000000085500000, 0x0000000085500000|100%| O|  |TAMS 0x0000000085500000, 0x0000000085400000| Untracked 
|  55|0x0000000085500000, 0x0000000085600000, 0x0000000085600000|100%| O|  |TAMS 0x0000000085600000, 0x0000000085500000| Untracked 
|  56|0x0000000085600000, 0x0000000085700000, 0x0000000085700000|100%| O|  |TAMS 0x0000000085700000, 0x0000000085600000| Untracked 
|  57|0x0000000085700000, 0x0000000085800000, 0x0000000085800000|100%| O|  |TAMS 0x0000000085741200, 0x0000000085700000| Untracked 
|  58|0x0000000085800000, 0x0000000085900000, 0x0000000085900000|100%| O|  |TAMS 0x0000000085800000, 0x0000000085800000| Untracked 
|  59|0x0000000085900000, 0x0000000085a00000, 0x0000000085a00000|100%| O|  |TAMS 0x0000000085900000, 0x0000000085900000| Untracked 
|  60|0x0000000085a00000, 0x0000000085b00000, 0x0000000085b00000|100%| O|  |TAMS 0x0000000085a00000, 0x0000000085a00000| Untracked 
|  61|0x0000000085b00000, 0x0000000085c00000, 0x0000000085c00000|100%| O|  |TAMS 0x0000000085b00000, 0x0000000085b00000| Untracked 
|  62|0x0000000085c00000, 0x0000000085d00000, 0x0000000085d00000|100%| O|  |TAMS 0x0000000085c00000, 0x0000000085c00000| Untracked 
|  63|0x0000000085d00000, 0x0000000085e00000, 0x0000000085e00000|100%| O|  |TAMS 0x0000000085d00000, 0x0000000085d00000| Untracked 
|  64|0x0000000085e00000, 0x0000000085f00000, 0x0000000085f00000|100%| O|  |TAMS 0x0000000085e00000, 0x0000000085e00000| Untracked 
|  65|0x0000000085f00000, 0x0000000086000000, 0x0000000086000000|100%| O|  |TAMS 0x0000000085f00000, 0x0000000085f00000| Untracked 
|  66|0x0000000086000000, 0x0000000086100000, 0x0000000086100000|100%| O|  |TAMS 0x0000000086000000, 0x0000000086000000| Untracked 
|  67|0x0000000086100000, 0x0000000086200000, 0x0000000086200000|100%| O|  |TAMS 0x0000000086100000, 0x0000000086100000| Untracked 
|  68|0x0000000086200000, 0x0000000086300000, 0x0000000086300000|100%| O|  |TAMS 0x0000000086200000, 0x0000000086200000| Untracked 
|  69|0x0000000086300000, 0x0000000086400000, 0x0000000086400000|100%|HS|  |TAMS 0x0000000086300000, 0x0000000086300000| Complete 
|  70|0x0000000086400000, 0x0000000086500000, 0x0000000086500000|100%|HC|  |TAMS 0x0000000086400000, 0x0000000086400000| Complete 
|  71|0x0000000086500000, 0x0000000086600000, 0x0000000086600000|100%| O|  |TAMS 0x0000000086500000, 0x0000000086500000| Untracked 
|  72|0x0000000086600000, 0x0000000086700000, 0x0000000086700000|100%| O|  |TAMS 0x0000000086600000, 0x0000000086600000| Untracked 
|  73|0x0000000086700000, 0x0000000086800000, 0x0000000086800000|100%| O|  |TAMS 0x0000000086700000, 0x0000000086700000| Untracked 
|  74|0x0000000086800000, 0x0000000086900000, 0x0000000086900000|100%| O|  |TAMS 0x0000000086800000, 0x0000000086800000| Untracked 
|  75|0x0000000086900000, 0x0000000086a00000, 0x0000000086a00000|100%| O|  |TAMS 0x0000000086900000, 0x0000000086900000| Untracked 
|  76|0x0000000086a00000, 0x0000000086b00000, 0x0000000086b00000|100%| O|  |TAMS 0x0000000086a00000, 0x0000000086a00000| Untracked 
|  77|0x0000000086b00000, 0x0000000086c00000, 0x0000000086c00000|100%| O|  |TAMS 0x0000000086b00000, 0x0000000086b00000| Untracked 
|  78|0x0000000086c00000, 0x0000000086d00000, 0x0000000086d00000|100%| O|  |TAMS 0x0000000086c00000, 0x0000000086c00000| Untracked 
|  79|0x0000000086d00000, 0x0000000086e00000, 0x0000000086e00000|100%| O|  |TAMS 0x0000000086d00000, 0x0000000086d00000| Untracked 
|  80|0x0000000086e00000, 0x0000000086f00000, 0x0000000086f00000|100%| O|  |TAMS 0x0000000086e00000, 0x0000000086e00000| Untracked 
|  81|0x0000000086f00000, 0x0000000087000000, 0x0000000087000000|100%| O|  |TAMS 0x0000000086f00000, 0x0000000086f00000| Untracked 
|  82|0x0000000087000000, 0x0000000087100000, 0x0000000087100000|100%| O|  |TAMS 0x0000000087000000, 0x0000000087000000| Untracked 
|  83|0x0000000087100000, 0x0000000087200000, 0x0000000087200000|100%| O|  |TAMS 0x0000000087100000, 0x0000000087100000| Untracked 
|  84|0x0000000087200000, 0x0000000087300000, 0x0000000087300000|100%| O|  |TAMS 0x0000000087200000, 0x0000000087200000| Untracked 
|  85|0x0000000087300000, 0x0000000087400000, 0x0000000087400000|100%| O|  |TAMS 0x0000000087300000, 0x0000000087300000| Untracked 
|  86|0x0000000087400000, 0x0000000087500000, 0x0000000087500000|100%| O|  |TAMS 0x0000000087400000, 0x0000000087400000| Untracked 
|  87|0x0000000087500000, 0x0000000087600000, 0x0000000087600000|100%| O|  |TAMS 0x0000000087500000, 0x0000000087500000| Untracked 
|  88|0x0000000087600000, 0x0000000087700000, 0x0000000087700000|100%| O|  |TAMS 0x0000000087600000, 0x0000000087600000| Untracked 
|  89|0x0000000087700000, 0x0000000087800000, 0x0000000087800000|100%| O|  |TAMS 0x0000000087700000, 0x0000000087700000| Untracked 
|  90|0x0000000087800000, 0x0000000087900000, 0x0000000087900000|100%| O|  |TAMS 0x0000000087800000, 0x0000000087800000| Untracked 
|  91|0x0000000087900000, 0x0000000087a00000, 0x0000000087a00000|100%| O|  |TAMS 0x0000000087900000, 0x0000000087900000| Untracked 
|  92|0x0000000087a00000, 0x0000000087b00000, 0x0000000087b00000|100%| O|  |TAMS 0x0000000087a00000, 0x0000000087a00000| Untracked 
|  93|0x0000000087b00000, 0x0000000087c00000, 0x0000000087c00000|100%| O|  |TAMS 0x0000000087b00000, 0x0000000087b00000| Untracked 
|  94|0x0000000087c00000, 0x0000000087d00000, 0x0000000087d00000|100%| O|  |TAMS 0x0000000087c00000, 0x0000000087c00000| Untracked 
|  95|0x0000000087d00000, 0x0000000087e00000, 0x0000000087e00000|100%| O|  |TAMS 0x0000000087d00000, 0x0000000087d00000| Untracked 
|  96|0x0000000087e00000, 0x0000000087f00000, 0x0000000087f00000|100%| O|  |TAMS 0x0000000087e00000, 0x0000000087e00000| Untracked 
|  97|0x0000000087f00000, 0x0000000088000000, 0x0000000088000000|100%| O|  |TAMS 0x0000000087f00000, 0x0000000087f00000| Untracked 
|  98|0x0000000088000000, 0x0000000088100000, 0x0000000088100000|100%| O|  |TAMS 0x0000000088000000, 0x0000000088000000| Untracked 
|  99|0x0000000088100000, 0x0000000088200000, 0x0000000088200000|100%| O|  |TAMS 0x0000000088100000, 0x0000000088100000| Untracked 
| 100|0x0000000088200000, 0x0000000088300000, 0x0000000088300000|100%| O|  |TAMS 0x0000000088200000, 0x0000000088200000| Untracked 
| 101|0x0000000088300000, 0x0000000088400000, 0x0000000088400000|100%| O|  |TAMS 0x0000000088300000, 0x0000000088300000| Untracked 
| 102|0x0000000088400000, 0x0000000088500000, 0x0000000088500000|100%| O|  |TAMS 0x0000000088400000, 0x0000000088400000| Untracked 
| 103|0x0000000088500000, 0x0000000088600000, 0x0000000088600000|100%| O|  |TAMS 0x0000000088500000, 0x0000000088500000| Untracked 
| 104|0x0000000088600000, 0x0000000088700000, 0x0000000088700000|100%| O|  |TAMS 0x0000000088600000, 0x0000000088600000| Untracked 
| 105|0x0000000088700000, 0x0000000088800000, 0x0000000088800000|100%| O|  |TAMS 0x0000000088700000, 0x0000000088700000| Untracked 
| 106|0x0000000088800000, 0x0000000088900000, 0x0000000088900000|100%| O|  |TAMS 0x0000000088800000, 0x0000000088800000| Untracked 
| 107|0x0000000088900000, 0x0000000088a00000, 0x0000000088a00000|100%| O|  |TAMS 0x0000000088900000, 0x0000000088900000| Untracked 
| 108|0x0000000088a00000, 0x0000000088b00000, 0x0000000088b00000|100%| O|  |TAMS 0x0000000088a00000, 0x0000000088a00000| Untracked 
| 109|0x0000000088b00000, 0x0000000088c00000, 0x0000000088c00000|100%| O|  |TAMS 0x0000000088b00000, 0x0000000088b00000| Untracked 
| 110|0x0000000088c00000, 0x0000000088d00000, 0x0000000088d00000|100%| O|  |TAMS 0x0000000088c00000, 0x0000000088c00000| Untracked 
| 111|0x0000000088d00000, 0x0000000088e00000, 0x0000000088e00000|100%| O|  |TAMS 0x0000000088d00000, 0x0000000088d00000| Untracked 
| 112|0x0000000088e00000, 0x0000000088f00000, 0x0000000088f00000|100%| O|  |TAMS 0x0000000088e00000, 0x0000000088e00000| Untracked 
| 113|0x0000000088f00000, 0x0000000089000000, 0x0000000089000000|100%| O|  |TAMS 0x0000000088f00000, 0x0000000088f00000| Untracked 
| 114|0x0000000089000000, 0x0000000089100000, 0x0000000089100000|100%| O|  |TAMS 0x0000000089000000, 0x0000000089000000| Untracked 
| 115|0x0000000089100000, 0x0000000089200000, 0x0000000089200000|100%| O|  |TAMS 0x0000000089100000, 0x0000000089100000| Untracked 
| 116|0x0000000089200000, 0x000000008927b200, 0x0000000089300000| 48%| O|  |TAMS 0x0000000089200000, 0x0000000089200000| Untracked 
| 117|0x0000000089300000, 0x0000000089300000, 0x0000000089400000|  0%| F|  |TAMS 0x0000000089300000, 0x0000000089300000| Untracked 
| 118|0x0000000089400000, 0x0000000089400000, 0x0000000089500000|  0%| F|  |TAMS 0x0000000089400000, 0x0000000089400000| Untracked 
| 119|0x0000000089500000, 0x0000000089500000, 0x0000000089600000|  0%| F|  |TAMS 0x0000000089500000, 0x0000000089500000| Untracked 
| 120|0x0000000089600000, 0x0000000089600000, 0x0000000089700000|  0%| F|  |TAMS 0x0000000089600000, 0x0000000089600000| Untracked 
| 121|0x0000000089700000, 0x0000000089700000, 0x0000000089800000|  0%| F|  |TAMS 0x0000000089700000, 0x0000000089700000| Untracked 
| 122|0x0000000089800000, 0x0000000089800000, 0x0000000089900000|  0%| F|  |TAMS 0x0000000089800000, 0x0000000089800000| Untracked 
| 123|0x0000000089900000, 0x0000000089900000, 0x0000000089a00000|  0%| F|  |TAMS 0x0000000089900000, 0x0000000089900000| Untracked 
| 124|0x0000000089a00000, 0x0000000089a00000, 0x0000000089b00000|  0%| F|  |TAMS 0x0000000089a00000, 0x0000000089a00000| Untracked 
| 125|0x0000000089b00000, 0x0000000089b00000, 0x0000000089c00000|  0%| F|  |TAMS 0x0000000089b00000, 0x0000000089b00000| Untracked 
| 126|0x0000000089c00000, 0x0000000089c00000, 0x0000000089d00000|  0%| F|  |TAMS 0x0000000089c00000, 0x0000000089c00000| Untracked 
| 127|0x0000000089d00000, 0x0000000089d00000, 0x0000000089e00000|  0%| F|  |TAMS 0x0000000089d00000, 0x0000000089d00000| Untracked 
| 128|0x0000000089e00000, 0x0000000089e00000, 0x0000000089f00000|  0%| F|  |TAMS 0x0000000089e00000, 0x0000000089e00000| Untracked 
| 129|0x0000000089f00000, 0x0000000089f00000, 0x000000008a000000|  0%| F|  |TAMS 0x0000000089f00000, 0x0000000089f00000| Untracked 
| 130|0x000000008a000000, 0x000000008a000000, 0x000000008a100000|  0%| F|  |TAMS 0x000000008a000000, 0x000000008a000000| Untracked 
| 131|0x000000008a100000, 0x000000008a100000, 0x000000008a200000|  0%| F|  |TAMS 0x000000008a100000, 0x000000008a100000| Untracked 
| 132|0x000000008a200000, 0x000000008a200000, 0x000000008a300000|  0%| F|  |TAMS 0x000000008a200000, 0x000000008a200000| Untracked 
| 133|0x000000008a300000, 0x000000008a300000, 0x000000008a400000|  0%| F|  |TAMS 0x000000008a300000, 0x000000008a300000| Untracked 
| 134|0x000000008a400000, 0x000000008a400000, 0x000000008a500000|  0%| F|  |TAMS 0x000000008a400000, 0x000000008a400000| Untracked 
| 135|0x000000008a500000, 0x000000008a500000, 0x000000008a600000|  0%| F|  |TAMS 0x000000008a500000, 0x000000008a500000| Untracked 
| 136|0x000000008a600000, 0x000000008a600000, 0x000000008a700000|  0%| F|  |TAMS 0x000000008a600000, 0x000000008a600000| Untracked 
| 137|0x000000008a700000, 0x000000008a700000, 0x000000008a800000|  0%| F|  |TAMS 0x000000008a700000, 0x000000008a700000| Untracked 
| 138|0x000000008a800000, 0x000000008a800000, 0x000000008a900000|  0%| F|  |TAMS 0x000000008a800000, 0x000000008a800000| Untracked 
| 139|0x000000008a900000, 0x000000008a900000, 0x000000008aa00000|  0%| F|  |TAMS 0x000000008a900000, 0x000000008a900000| Untracked 
| 140|0x000000008aa00000, 0x000000008aa1d4f0, 0x000000008ab00000| 11%| S|CS|TAMS 0x000000008aa00000, 0x000000008aa00000| Complete 
| 141|0x000000008ab00000, 0x000000008ac00000, 0x000000008ac00000|100%| S|CS|TAMS 0x000000008ab00000, 0x000000008ab00000| Complete 
| 142|0x000000008ac00000, 0x000000008ad00000, 0x000000008ad00000|100%| S|CS|TAMS 0x000000008ac00000, 0x000000008ac00000| Complete 
| 143|0x000000008ad00000, 0x000000008ae00000, 0x000000008ae00000|100%| S|CS|TAMS 0x000000008ad00000, 0x000000008ad00000| Complete 
| 144|0x000000008ae00000, 0x000000008ae00000, 0x000000008af00000|  0%| F|  |TAMS 0x000000008ae00000, 0x000000008ae00000| Untracked 
| 145|0x000000008af00000, 0x000000008af00000, 0x000000008b000000|  0%| F|  |TAMS 0x000000008af00000, 0x000000008af00000| Untracked 
| 146|0x000000008b000000, 0x000000008b000000, 0x000000008b100000|  0%| F|  |TAMS 0x000000008b000000, 0x000000008b000000| Untracked 
| 147|0x000000008b100000, 0x000000008b100000, 0x000000008b200000|  0%| F|  |TAMS 0x000000008b100000, 0x000000008b100000| Untracked 
| 148|0x000000008b200000, 0x000000008b200000, 0x000000008b300000|  0%| F|  |TAMS 0x000000008b200000, 0x000000008b200000| Untracked 
| 149|0x000000008b300000, 0x000000008b300000, 0x000000008b400000|  0%| F|  |TAMS 0x000000008b300000, 0x000000008b300000| Untracked 
| 150|0x000000008b400000, 0x000000008b400000, 0x000000008b500000|  0%| F|  |TAMS 0x000000008b400000, 0x000000008b400000| Untracked 
| 151|0x000000008b500000, 0x000000008b500000, 0x000000008b600000|  0%| F|  |TAMS 0x000000008b500000, 0x000000008b500000| Untracked 
| 152|0x000000008b600000, 0x000000008b600000, 0x000000008b700000|  0%| F|  |TAMS 0x000000008b600000, 0x000000008b600000| Untracked 
| 153|0x000000008b700000, 0x000000008b700000, 0x000000008b800000|  0%| F|  |TAMS 0x000000008b700000, 0x000000008b700000| Untracked 
| 154|0x000000008b800000, 0x000000008b800000, 0x000000008b900000|  0%| F|  |TAMS 0x000000008b800000, 0x000000008b800000| Untracked 
| 155|0x000000008b900000, 0x000000008b900000, 0x000000008ba00000|  0%| F|  |TAMS 0x000000008b900000, 0x000000008b900000| Untracked 
| 156|0x000000008ba00000, 0x000000008ba00000, 0x000000008bb00000|  0%| F|  |TAMS 0x000000008ba00000, 0x000000008ba00000| Untracked 
| 157|0x000000008bb00000, 0x000000008bb00000, 0x000000008bc00000|  0%| F|  |TAMS 0x000000008bb00000, 0x000000008bb00000| Untracked 
| 158|0x000000008bc00000, 0x000000008bc00000, 0x000000008bd00000|  0%| F|  |TAMS 0x000000008bc00000, 0x000000008bc00000| Untracked 
| 159|0x000000008bd00000, 0x000000008bd00000, 0x000000008be00000|  0%| F|  |TAMS 0x000000008bd00000, 0x000000008bd00000| Untracked 
| 160|0x000000008be00000, 0x000000008be00000, 0x000000008bf00000|  0%| F|  |TAMS 0x000000008be00000, 0x000000008be00000| Untracked 
| 161|0x000000008bf00000, 0x000000008bf00000, 0x000000008c000000|  0%| F|  |TAMS 0x000000008bf00000, 0x000000008bf00000| Untracked 
| 162|0x000000008c000000, 0x000000008c000000, 0x000000008c100000|  0%| F|  |TAMS 0x000000008c000000, 0x000000008c000000| Untracked 
| 163|0x000000008c100000, 0x000000008c100000, 0x000000008c200000|  0%| F|  |TAMS 0x000000008c100000, 0x000000008c100000| Untracked 
| 164|0x000000008c200000, 0x000000008c300000, 0x000000008c300000|100%| E|  |TAMS 0x000000008c200000, 0x000000008c200000| Complete 
| 165|0x000000008c300000, 0x000000008c400000, 0x000000008c400000|100%| E|CS|TAMS 0x000000008c300000, 0x000000008c300000| Complete 
| 166|0x000000008c400000, 0x000000008c500000, 0x000000008c500000|100%| E|CS|TAMS 0x000000008c400000, 0x000000008c400000| Complete 
| 167|0x000000008c500000, 0x000000008c600000, 0x000000008c600000|100%| E|CS|TAMS 0x000000008c500000, 0x000000008c500000| Complete 
| 168|0x000000008c600000, 0x000000008c700000, 0x000000008c700000|100%| E|CS|TAMS 0x000000008c600000, 0x000000008c600000| Complete 
| 169|0x000000008c700000, 0x000000008c800000, 0x000000008c800000|100%| E|CS|TAMS 0x000000008c700000, 0x000000008c700000| Complete 
| 170|0x000000008c800000, 0x000000008c900000, 0x000000008c900000|100%| E|CS|TAMS 0x000000008c800000, 0x000000008c800000| Complete 
| 171|0x000000008c900000, 0x000000008ca00000, 0x000000008ca00000|100%| E|CS|TAMS 0x000000008c900000, 0x000000008c900000| Complete 
| 172|0x000000008ca00000, 0x000000008cb00000, 0x000000008cb00000|100%| E|CS|TAMS 0x000000008ca00000, 0x000000008ca00000| Complete 
| 173|0x000000008cb00000, 0x000000008cc00000, 0x000000008cc00000|100%| E|CS|TAMS 0x000000008cb00000, 0x000000008cb00000| Complete 
| 174|0x000000008cc00000, 0x000000008cd00000, 0x000000008cd00000|100%| E|CS|TAMS 0x000000008cc00000, 0x000000008cc00000| Complete 
| 175|0x000000008cd00000, 0x000000008ce00000, 0x000000008ce00000|100%| E|CS|TAMS 0x000000008cd00000, 0x000000008cd00000| Complete 
| 176|0x000000008ce00000, 0x000000008cf00000, 0x000000008cf00000|100%| E|CS|TAMS 0x000000008ce00000, 0x000000008ce00000| Complete 
| 177|0x000000008cf00000, 0x000000008d000000, 0x000000008d000000|100%| E|CS|TAMS 0x000000008cf00000, 0x000000008cf00000| Complete 
| 178|0x000000008d000000, 0x000000008d100000, 0x000000008d100000|100%| E|CS|TAMS 0x000000008d000000, 0x000000008d000000| Complete 
| 179|0x000000008d100000, 0x000000008d200000, 0x000000008d200000|100%| E|CS|TAMS 0x000000008d100000, 0x000000008d100000| Complete 
| 180|0x000000008d200000, 0x000000008d300000, 0x000000008d300000|100%| E|CS|TAMS 0x000000008d200000, 0x000000008d200000| Complete 
| 181|0x000000008d300000, 0x000000008d400000, 0x000000008d400000|100%| E|CS|TAMS 0x000000008d300000, 0x000000008d300000| Complete 
| 182|0x000000008d400000, 0x000000008d500000, 0x000000008d500000|100%| E|CS|TAMS 0x000000008d400000, 0x000000008d400000| Complete 

Card table byte_map: [0x000001ff6a5f0000,0x000001ff6a9f0000] _byte_map_base: 0x000001ff6a1e1000

Marking Bits (Prev, Next): (CMBitMap*) 0x000001ff5398a4d0, (CMBitMap*) 0x000001ff5398a510
 Prev Bits: [0x000001ff6adf0000, 0x000001ff6cd78000)
 Next Bits: [0x000001ff6cd80000, 0x000001ff6ed08000)

Polling page: 0x000001ff51a90000

Metaspace:

Usage:
  Non-class:     65.41 MB used.
      Class:      7.73 MB used.
       Both:     73.14 MB used.

Virtual space:
  Non-class space:      128.00 MB reserved,      65.56 MB ( 51%) committed,  2 nodes.
      Class space:        1.00 GB reserved,       7.88 MB ( <1%) committed,  1 nodes.
             Both:        1.12 GB reserved,      73.44 MB (  6%) committed. 

Chunk freelists:
   Non-Class:  13.48 MB
       Class:  8.14 MB
        Both:  21.62 MB

MaxMetaspaceSize: unlimited
CompressedClassSpaceSize: 1.00 GB
Initial GC threshold: 21.00 MB
Current GC threshold: 77.75 MB
CDS: on
MetaspaceReclaimPolicy: balanced
 - commit_granule_bytes: 65536.
 - commit_granule_words: 8192.
 - virtual_space_node_default_size: 8388608.
 - enlarge_chunks_in_place: 1.
 - new_chunks_are_fully_committed: 0.
 - uncommit_free_chunks: 1.
 - use_allocation_guard: 0.
 - handle_deallocations: 1.


Internal statistics:

num_allocs_failed_limit: 6.
num_arena_births: 358.
num_arena_deaths: 0.
num_vsnodes_births: 3.
num_vsnodes_deaths: 0.
num_space_committed: 1173.
num_space_uncommitted: 0.
num_chunks_returned_to_freelist: 6.
num_chunks_taken_from_freelist: 3091.
num_chunk_merges: 6.
num_chunk_splits: 2492.
num_chunks_enlarged: 2183.
num_inconsistent_stats: 0.

CodeHeap 'non-profiled nmethods': size=120000Kb used=11077Kb max_used=11077Kb free=108922Kb
 bounds [0x000001ff62cc0000, 0x000001ff637a0000, 0x000001ff6a1f0000]
CodeHeap 'profiled nmethods': size=120000Kb used=45558Kb max_used=45558Kb free=74441Kb
 bounds [0x000001ff5b1f0000, 0x000001ff5de80000, 0x000001ff62720000]
CodeHeap 'non-nmethods': size=5760Kb used=1405Kb max_used=1484Kb free=4354Kb
 bounds [0x000001ff62720000, 0x000001ff62990000, 0x000001ff62cc0000]
 total_blobs=15960 nmethods=15228 adapters=640
 compilation: enabled
              stopped_count=0, restarted_count=0
 full_count=0

Compilation events (20 events):
Event: 169.120 Thread 0x000001ff7122ff00 18988       2       org.jetbrains.kotlin.backend.jvm.ir.IrInlineReferenceLocator::visitConstructor (13 bytes)
Event: 169.121 Thread 0x000001ff7122ff00 nmethod 18988 0x000001ff5de65090 code [0x000001ff5de65280, 0x000001ff5de655c8]
Event: 169.121 Thread 0x000001ff7122ff00 18989       2       org.jetbrains.kotlin.backend.jvm.ir.IrInlineReferenceLocator::visitConstructor (8 bytes)
Event: 169.122 Thread 0x000001ff7122ff00 nmethod 18989 0x000001ff5de65810 code [0x000001ff5de65a00, 0x000001ff5de65ce8]
Event: 169.122 Thread 0x000001ff7122ff00 18990       3       org.jetbrains.kotlin.backend.jvm.JvmIrCodegenFactory$invokeLowerings$1::invoke (9 bytes)
Event: 169.123 Thread 0x000001ff7122ff00 nmethod 18990 0x000001ff5de65f10 code [0x000001ff5de660c0, 0x000001ff5de66308]
Event: 169.126 Thread 0x000001ff7122ff00 18991       2       org.jetbrains.kotlin.backend.jvm.lower.JvmArgumentNullabilityAssertionsLowering::visitVariable (10 bytes)
Event: 169.128 Thread 0x000001ff7122ff00 nmethod 18991 0x000001ff5de66410 code [0x000001ff5de66680, 0x000001ff5de66cb8]
Event: 169.128 Thread 0x000001ff7122ff00 18992       2       org.jetbrains.kotlin.backend.jvm.lower.JvmArgumentNullabilityAssertionsLowering::visitVariable (7 bytes)
Event: 169.130 Thread 0x000001ff7122ff00 nmethod 18992 0x000001ff5de67110 code [0x000001ff5de673c0, 0x000001ff5de67ae8]
Event: 169.132 Thread 0x000001ff7122ff00 18993       2       org.jetbrains.kotlin.backend.jvm.lower.ReplaceKFunctionInvokeWithFunctionInvoke::visitVariable (13 bytes)
Event: 169.133 Thread 0x000001ff7122ff00 nmethod 18993 0x000001ff5de68010 code [0x000001ff5de68240, 0x000001ff5de686f8]
Event: 169.134 Thread 0x000001ff7122ff00 18994       2       org.jetbrains.kotlin.backend.jvm.lower.ReplaceKFunctionInvokeWithFunctionInvoke::visitVariable (7 bytes)
Event: 169.135 Thread 0x000001ff7122ff00 nmethod 18994 0x000001ff5de68a90 code [0x000001ff5de68ce0, 0x000001ff5de69188]
Event: 169.135 Thread 0x000001ff7122ff00 18997       3       org.jetbrains.kotlin.backend.jvm.lower.MakePropertyDelegateMethodsStaticLowering::visitCall (78 bytes)
Event: 169.139 Thread 0x000001ff7122ff00 nmethod 18997 0x000001ff5de69510 code [0x000001ff5de69a60, 0x000001ff5de6c348]
Event: 169.140 Thread 0x000001ff7122ff00 18996       3       org.jetbrains.kotlin.backend.jvm.lower.ReplaceKFunctionInvokeWithFunctionInvoke::visitCall (13 bytes)
Event: 169.141 Thread 0x000001ff7122ff00 nmethod 18996 0x000001ff5de6d010 code [0x000001ff5de6d240, 0x000001ff5de6da08]
Event: 169.141 Thread 0x000001ff7122ff00 18995       2       org.jetbrains.kotlin.backend.jvm.lower.ReplaceKFunctionInvokeWithFunctionInvoke::visitVariable (6 bytes)
Event: 169.142 Thread 0x000001ff7122ff00 nmethod 18995 0x000001ff5de6dd10 code [0x000001ff5de6df80, 0x000001ff5de6e528]

GC Heap History (20 events):
Event: 157.533 GC heap before
{Heap before GC invocations=82 (full 0):
 garbage-first heap   total 155648K, used 128059K [0x0000000081e00000, 0x0000000100000000)
  region size 1024K, 18 young (18432K), 2 survivors (2048K)
 Metaspace       used 71405K, committed 71680K, reserved 1114112K
  class space    used 7662K, committed 7808K, reserved 1048576K
}
Event: 157.542 GC heap after
{Heap after GC invocations=83 (full 0):
 garbage-first heap   total 155648K, used 114340K [0x0000000081e00000, 0x0000000100000000)
  region size 1024K, 3 young (3072K), 3 survivors (3072K)
 Metaspace       used 71405K, committed 71680K, reserved 1114112K
  class space    used 7662K, committed 7808K, reserved 1048576K
}
Event: 158.449 GC heap before
{Heap before GC invocations=83 (full 0):
 garbage-first heap   total 155648K, used 129700K [0x0000000081e00000, 0x0000000100000000)
  region size 1024K, 19 young (19456K), 3 survivors (3072K)
 Metaspace       used 72752K, committed 73088K, reserved 1179648K
  class space    used 7777K, committed 7936K, reserved 1048576K
}
Event: 158.459 GC heap after
{Heap after GC invocations=84 (full 0):
 garbage-first heap   total 155648K, used 115319K [0x0000000081e00000, 0x0000000100000000)
  region size 1024K, 2 young (2048K), 2 survivors (2048K)
 Metaspace       used 72752K, committed 73088K, reserved 1179648K
  class space    used 7777K, committed 7936K, reserved 1048576K
}
Event: 158.940 GC heap before
{Heap before GC invocations=84 (full 0):
 garbage-first heap   total 155648K, used 130679K [0x0000000081e00000, 0x0000000100000000)
  region size 1024K, 17 young (17408K), 2 survivors (2048K)
 Metaspace       used 72995K, committed 73280K, reserved 1179648K
  class space    used 7800K, committed 7936K, reserved 1048576K
}
Event: 158.947 GC heap after
{Heap after GC invocations=85 (full 0):
 garbage-first heap   total 155648K, used 116187K [0x0000000081e00000, 0x0000000100000000)
  region size 1024K, 2 young (2048K), 2 survivors (2048K)
 Metaspace       used 72995K, committed 73280K, reserved 1179648K
  class space    used 7800K, committed 7936K, reserved 1048576K
}
Event: 159.448 GC heap before
{Heap before GC invocations=85 (full 0):
 garbage-first heap   total 155648K, used 131547K [0x0000000081e00000, 0x0000000100000000)
  region size 1024K, 17 young (17408K), 2 survivors (2048K)
 Metaspace       used 73050K, committed 73344K, reserved 1179648K
  class space    used 7806K, committed 7936K, reserved 1048576K
}
Event: 159.460 GC heap after
{Heap after GC invocations=86 (full 0):
 garbage-first heap   total 155648K, used 117184K [0x0000000081e00000, 0x0000000100000000)
  region size 1024K, 2 young (2048K), 2 survivors (2048K)
 Metaspace       used 73050K, committed 73344K, reserved 1179648K
  class space    used 7806K, committed 7936K, reserved 1048576K
}
Event: 161.382 GC heap before
{Heap before GC invocations=86 (full 0):
 garbage-first heap   total 155648K, used 132544K [0x0000000081e00000, 0x0000000100000000)
  region size 1024K, 17 young (17408K), 2 survivors (2048K)
 Metaspace       used 73453K, committed 73792K, reserved 1179648K
  class space    used 7831K, committed 8000K, reserved 1048576K
}
Event: 161.394 GC heap after
{Heap after GC invocations=87 (full 0):
 garbage-first heap   total 155648K, used 118258K [0x0000000081e00000, 0x0000000100000000)
  region size 1024K, 2 young (2048K), 2 survivors (2048K)
 Metaspace       used 73453K, committed 73792K, reserved 1179648K
  class space    used 7831K, committed 8000K, reserved 1048576K
}
Event: 162.610 GC heap before
{Heap before GC invocations=87 (full 0):
 garbage-first heap   total 155648K, used 133618K [0x0000000081e00000, 0x0000000100000000)
  region size 1024K, 17 young (17408K), 2 survivors (2048K)
 Metaspace       used 73951K, committed 74240K, reserved 1179648K
  class space    used 7871K, committed 8000K, reserved 1048576K
}
Event: 162.619 GC heap after
{Heap after GC invocations=88 (full 0):
 garbage-first heap   total 155648K, used 118611K [0x0000000081e00000, 0x0000000100000000)
  region size 1024K, 2 young (2048K), 2 survivors (2048K)
 Metaspace       used 73951K, committed 74240K, reserved 1179648K
  class space    used 7871K, committed 8000K, reserved 1048576K
}
Event: 163.181 GC heap before
{Heap before GC invocations=88 (full 0):
 garbage-first heap   total 155648K, used 133971K [0x0000000081e00000, 0x0000000100000000)
  region size 1024K, 17 young (17408K), 2 survivors (2048K)
 Metaspace       used 74139K, committed 74432K, reserved 1179648K
  class space    used 7875K, committed 8000K, reserved 1048576K
}
Event: 163.190 GC heap after
{Heap after GC invocations=89 (full 0):
 garbage-first heap   total 155648K, used 119450K [0x0000000081e00000, 0x0000000100000000)
  region size 1024K, 3 young (3072K), 3 survivors (3072K)
 Metaspace       used 74139K, committed 74432K, reserved 1179648K
  class space    used 7875K, committed 8000K, reserved 1048576K
}
Event: 163.905 GC heap before
{Heap before GC invocations=89 (full 0):
 garbage-first heap   total 155648K, used 133786K [0x0000000081e00000, 0x0000000100000000)
  region size 1024K, 17 young (17408K), 3 survivors (3072K)
 Metaspace       used 74222K, committed 74560K, reserved 1179648K
  class space    used 7883K, committed 8064K, reserved 1048576K
}
Event: 163.914 GC heap after
{Heap after GC invocations=90 (full 0):
 garbage-first heap   total 187392K, used 119617K [0x0000000081e00000, 0x0000000100000000)
  region size 1024K, 2 young (2048K), 2 survivors (2048K)
 Metaspace       used 74222K, committed 74560K, reserved 1179648K
  class space    used 7883K, committed 8064K, reserved 1048576K
}
Event: 167.143 GC heap before
{Heap before GC invocations=90 (full 0):
 garbage-first heap   total 187392K, used 156481K [0x0000000081e00000, 0x0000000100000000)
  region size 1024K, 38 young (38912K), 2 survivors (2048K)
 Metaspace       used 74561K, committed 74880K, reserved 1179648K
  class space    used 7904K, committed 8064K, reserved 1048576K
}
Event: 167.161 GC heap after
{Heap after GC invocations=91 (full 0):
 garbage-first heap   total 187392K, used 121251K [0x0000000081e00000, 0x0000000100000000)
  region size 1024K, 3 young (3072K), 3 survivors (3072K)
 Metaspace       used 74561K, committed 74880K, reserved 1179648K
  class space    used 7904K, committed 8064K, reserved 1048576K
}
Event: 168.278 GC heap before
{Heap before GC invocations=91 (full 0):
 garbage-first heap   total 187392K, used 158115K [0x0000000081e00000, 0x0000000100000000)
  region size 1024K, 39 young (39936K), 3 survivors (3072K)
 Metaspace       used 74728K, committed 75008K, reserved 1179648K
  class space    used 7906K, committed 8064K, reserved 1048576K
}
Event: 168.297 GC heap after
{Heap after GC invocations=92 (full 0):
 garbage-first heap   total 187392K, used 122465K [0x0000000081e00000, 0x0000000100000000)
  region size 1024K, 4 young (4096K), 4 survivors (4096K)
 Metaspace       used 74728K, committed 75008K, reserved 1179648K
  class space    used 7906K, committed 8064K, reserved 1048576K
}

Deoptimization events (20 events):
Event: 168.006 Thread 0x000001ff53930f80 Uncommon trap: trap_request=0xffffffde fr.pc=0x000001ff62e6da54 relative=0x0000000000000274
Event: 168.006 Thread 0x000001ff53930f80 Uncommon trap: reason=class_check action=maybe_recompile pc=0x000001ff62e6da54 method=org.jetbrains.kotlin.com.intellij.extapi.psi.ASTDelegatePsiElement.getTextRange()Lorg/jetbrains/kotlin/com/intellij/openapi/util/TextRange; @ 4 c2
Event: 168.006 Thread 0x000001ff53930f80 DEOPT PACKING pc=0x000001ff62e6da54 sp=0x0000002e11dfcf20
Event: 168.006 Thread 0x000001ff53930f80 DEOPT UNPACKING pc=0x000001ff627723a3 sp=0x0000002e11dfcec8 mode 2
Event: 168.007 Thread 0x000001ff53930f80 Uncommon trap: trap_request=0xffffffde fr.pc=0x000001ff62e6da54 relative=0x0000000000000274
Event: 168.007 Thread 0x000001ff53930f80 Uncommon trap: reason=class_check action=maybe_recompile pc=0x000001ff62e6da54 method=org.jetbrains.kotlin.com.intellij.extapi.psi.ASTDelegatePsiElement.getTextRange()Lorg/jetbrains/kotlin/com/intellij/openapi/util/TextRange; @ 4 c2
Event: 168.007 Thread 0x000001ff53930f80 DEOPT PACKING pc=0x000001ff62e6da54 sp=0x0000002e11dfcf20
Event: 168.007 Thread 0x000001ff53930f80 DEOPT UNPACKING pc=0x000001ff627723a3 sp=0x0000002e11dfcec8 mode 2
Event: 168.007 Thread 0x000001ff53930f80 Uncommon trap: trap_request=0xffffffde fr.pc=0x000001ff62e6da54 relative=0x0000000000000274
Event: 168.007 Thread 0x000001ff53930f80 Uncommon trap: reason=class_check action=maybe_recompile pc=0x000001ff62e6da54 method=org.jetbrains.kotlin.com.intellij.extapi.psi.ASTDelegatePsiElement.getTextRange()Lorg/jetbrains/kotlin/com/intellij/openapi/util/TextRange; @ 4 c2
Event: 168.007 Thread 0x000001ff53930f80 DEOPT PACKING pc=0x000001ff62e6da54 sp=0x0000002e11dfcf20
Event: 168.007 Thread 0x000001ff53930f80 DEOPT UNPACKING pc=0x000001ff627723a3 sp=0x0000002e11dfcec8 mode 2
Event: 168.890 Thread 0x000001ff53930f80 Uncommon trap: trap_request=0xffffffde fr.pc=0x000001ff63717f9c relative=0x000000000000007c
Event: 168.890 Thread 0x000001ff53930f80 Uncommon trap: reason=class_check action=maybe_recompile pc=0x000001ff63717f9c method=org.jetbrains.kotlin.ir.declarations.IrValueParameter.acceptChildren(Lorg/jetbrains/kotlin/ir/visitors/IrElementVisitor;Ljava/lang/Object;)V @ 7 c2
Event: 168.890 Thread 0x000001ff53930f80 DEOPT PACKING pc=0x000001ff63717f9c sp=0x0000002e11dfb200
Event: 168.890 Thread 0x000001ff53930f80 DEOPT UNPACKING pc=0x000001ff627723a3 sp=0x0000002e11dfb198 mode 2
Event: 168.891 Thread 0x000001ff53930f80 Uncommon trap: trap_request=0xffffffde fr.pc=0x000001ff63717f9c relative=0x000000000000007c
Event: 168.891 Thread 0x000001ff53930f80 Uncommon trap: reason=class_check action=maybe_recompile pc=0x000001ff63717f9c method=org.jetbrains.kotlin.ir.declarations.IrValueParameter.acceptChildren(Lorg/jetbrains/kotlin/ir/visitors/IrElementVisitor;Ljava/lang/Object;)V @ 7 c2
Event: 168.892 Thread 0x000001ff53930f80 DEOPT PACKING pc=0x000001ff63717f9c sp=0x0000002e11dfaae0
Event: 168.892 Thread 0x000001ff53930f80 DEOPT UNPACKING pc=0x000001ff627723a3 sp=0x0000002e11dfaa78 mode 2

Classes unloaded (0 events):
No events

Classes redefined (0 events):
No events

Internal exceptions (20 events):
Event: 77.137 Thread 0x000001ff53930f80 Exception <a 'java/lang/NoSuchMethodError'{0x00000000885b5160}: 'int java.lang.invoke.DirectMethodHandle$Holder.invokeStaticInit(java.lang.Object, int)'> (0x00000000885b5160) 
thrown [s\open\src\hotspot\share\interpreter\linkResolver.cpp, line 759]
Event: 80.430 Thread 0x000001ff53930f80 Exception <a 'java/lang/NoSuchMethodError'{0x000000008705fd48}: 'java.lang.Object java.lang.invoke.DirectMethodHandle$Holder.invokeInterface(java.lang.Object, java.lang.Object, java.lang.Object)'> (0x000000008705fd48) 
thrown [s\open\src\hotspot\share\interpreter\linkResolver.cpp, line 759]
Event: 80.431 Thread 0x000001ff53930f80 Exception <a 'java/lang/IncompatibleClassChangeError'{0x0000000087063c08}: Found class java.lang.Object, but interface was expected> (0x0000000087063c08) 
thrown [s\open\src\hotspot\share\interpreter\linkResolver.cpp, line 826]
Event: 91.698 Thread 0x000001ff53930f80 Implicit null exception at 0x000001ff631107c0 to 0x000001ff63115d0c
Event: 98.509 Thread 0x000001ff53930f80 Implicit null exception at 0x000001ff62e35360 to 0x000001ff62e353fa
Event: 107.433 Thread 0x000001ff53930f80 Implicit null exception at 0x000001ff63284c40 to 0x000001ff63284ce2
Event: 107.433 Thread 0x000001ff53930f80 Implicit null exception at 0x000001ff63285147 to 0x000001ff632851f2
Event: 131.079 Thread 0x000001ff53930f80 Implicit null exception at 0x000001ff62f24c6f to 0x000001ff62f24e30
Event: 131.421 Thread 0x000001ff53930f80 Implicit null exception at 0x000001ff633af440 to 0x000001ff633afde0
Event: 135.463 Thread 0x000001ff53930f80 Implicit null exception at 0x000001ff635d97a3 to 0x000001ff635da8c4
Event: 138.269 Thread 0x000001ff53930f80 Implicit null exception at 0x000001ff632bebb3 to 0x000001ff632bed28
Event: 138.694 Thread 0x000001ff53930f80 Exception <a 'java/lang/NoSuchMethodError'{0x0000000088933e28}: 'java.lang.Object java.lang.invoke.DirectMethodHandle$Holder.invokeStaticInit(java.lang.Object, java.lang.Object, java.lang.Object, java.lang.Object)'> (0x0000000088933e28) 
thrown [s\open\src\hotspot\share\interpreter\linkResolver.cpp, line 759]
Event: 141.990 Thread 0x000001ff53930f80 Exception <a 'java/lang/NoSuchMethodError'{0x0000000088d210c8}: 'java.lang.Object java.lang.invoke.DirectMethodHandle$Holder.newInvokeSpecial(java.lang.Object, java.lang.Object, java.lang.Object, int, int)'> (0x0000000088d210c8) 
thrown [s\open\src\hotspot\share\interpreter\linkResolver.cpp, line 759]
Event: 141.991 Thread 0x000001ff53930f80 Exception <a 'java/lang/NoSuchMethodError'{0x0000000088d24f08}: 'java.lang.Object java.lang.invoke.DirectMethodHandle$Holder.invokeSpecial(java.lang.Object, java.lang.Object, java.lang.Object, java.lang.Object, int, int)'> (0x0000000088d24f08) 
thrown [s\open\src\hotspot\share\interpreter\linkResolver.cpp, line 759]
Event: 144.262 Thread 0x000001ff53930f80 Exception <a 'java/lang/NoSuchMethodError'{0x0000000089612300}: 'java.lang.Object java.lang.invoke.DirectMethodHandle$Holder.invokeSpecial(java.lang.Object, java.lang.Object, int, int, java.lang.Object, java.lang.Object, java.lang.Object, java.lang.Object, java.lang.Object)'> (0x0000000089612300) 
thrown [s\open\src\hotspot\share\interpreter\linkResolver.cpp, line 759]
Event: 145.973 Thread 0x000001ff53930f80 Implicit null exception at 0x000001ff62d926f6 to 0x000001ff62d92944
Event: 146.605 Thread 0x000001ff53930f80 Exception <a 'java/lang/NoSuchMethodError'{0x0000000089a7c700}: 'java.lang.Object java.lang.invoke.DirectMethodHandle$Holder.invokeStatic(java.lang.Object, java.lang.Object, java.lang.Object, int, int, java.lang.Object, java.lang.Object, java.lang.Object, java.lang.Object)'> (0x0000000089a7c700) 
thrown [s\open\src\hotspot\share\interpreter\linkResolver.cpp, line 759]
Event: 146.606 Thread 0x000001ff53930f80 Exception <a 'java/lang/NoSuchMethodError'{0x0000000089a869c8}: 'java.lang.Object java.lang.invoke.DirectMethodHandle$Holder.newInvokeSpecial(java.lang.Object, java.lang.Object, java.lang.Object, int, int, java.lang.Object)'> (0x0000000089a869c8) 
thrown [s\open\src\hotspot\share\interpreter\linkResolver.cpp, line 759]
Event: 146.608 Thread 0x000001ff53930f80 Exception <a 'java/lang/NoSuchMethodError'{0x0000000089a8e368}: 'java.lang.Object java.lang.invoke.Invokers$Holder.linkToTargetMethod(java.lang.Object, java.lang.Object, int, int, java.lang.Object, java.lang.Object)'> (0x0000000089a8e368) 
thrown [s\open\src\hotspot\share\interpreter\linkResolver.cpp, line 759]
Event: 153.464 Thread 0x000001ff53930f80 Implicit null exception at 0x000001ff636ad964 to 0x000001ff636ae318

VM Operations (20 events):
Event: 163.181 Executing VM operation: G1CollectForAllocation
Event: 163.191 Executing VM operation: G1CollectForAllocation done
Event: 163.213 Executing VM operation: HandshakeAllThreads
Event: 163.213 Executing VM operation: HandshakeAllThreads done
Event: 163.540 Executing VM operation: HandshakeAllThreads
Event: 163.540 Executing VM operation: HandshakeAllThreads done
Event: 163.904 Executing VM operation: G1CollectForAllocation
Event: 163.914 Executing VM operation: G1CollectForAllocation done
Event: 164.922 Executing VM operation: Cleanup
Event: 164.969 Executing VM operation: Cleanup done
Event: 165.980 Executing VM operation: Cleanup
Event: 166.044 Executing VM operation: Cleanup done
Event: 167.048 Executing VM operation: Cleanup
Event: 167.084 Executing VM operation: Cleanup done
Event: 167.143 Executing VM operation: G1CollectForAllocation
Event: 167.161 Executing VM operation: G1CollectForAllocation done
Event: 168.168 Executing VM operation: Cleanup
Event: 168.168 Executing VM operation: Cleanup done
Event: 168.278 Executing VM operation: G1CollectForAllocation
Event: 168.297 Executing VM operation: G1CollectForAllocation done

Events (20 events):
Event: 157.714 Thread 0x000001ff7124a410 flushing nmethod 0x000001ff5d858910
Event: 157.714 Thread 0x000001ff7124a410 flushing nmethod 0x000001ff5d85fd10
Event: 157.714 Thread 0x000001ff7124a410 flushing nmethod 0x000001ff5d864490
Event: 157.714 Thread 0x000001ff7124a410 flushing nmethod 0x000001ff5d869490
Event: 157.714 Thread 0x000001ff7124a410 flushing nmethod 0x000001ff5d86a890
Event: 157.714 Thread 0x000001ff7124a410 flushing nmethod 0x000001ff5d86c910
Event: 157.714 Thread 0x000001ff7124a410 flushing nmethod 0x000001ff5d86f890
Event: 157.714 Thread 0x000001ff7124a410 flushing nmethod 0x000001ff5d873290
Event: 163.245 Thread 0x000001ff7124a410 flushing nmethod 0x000001ff5c182790
Event: 163.281 Thread 0x000001ff7124a410 flushing nmethod 0x000001ff5d6d8c10
Event: 163.281 Thread 0x000001ff7124a410 flushing nmethod 0x000001ff5d6d9d90
Event: 163.281 Thread 0x000001ff7124a410 flushing nmethod 0x000001ff5d6fde10
Event: 163.281 Thread 0x000001ff7124a410 flushing nmethod 0x000001ff5d703190
Event: 163.281 Thread 0x000001ff7124a410 flushing nmethod 0x000001ff5d72fc10
Event: 163.281 Thread 0x000001ff7124a410 flushing nmethod 0x000001ff5d775190
Event: 163.283 Thread 0x000001ff7124a410 flushing nmethod 0x000001ff5d872490
Event: 163.283 Thread 0x000001ff7124a410 flushing nmethod 0x000001ff5d873a90
Event: 163.283 Thread 0x000001ff7124a410 flushing nmethod 0x000001ff5d873e90
Event: 163.283 Thread 0x000001ff7124a410 flushing nmethod 0x000001ff5d874690
Event: 163.283 Thread 0x000001ff7124a410 flushing nmethod 0x000001ff5d877190


Dynamic libraries:
0x00007ff75e960000 - 0x00007ff75e970000 	C:\Program Files\Java\jdk-17\bin\java.exe
0x00007ffa3dd30000 - 0x00007ffa3df47000 	C:\Windows\SYSTEM32\ntdll.dll
0x00007ffa3cb60000 - 0x00007ffa3cc24000 	C:\Windows\System32\KERNEL32.DLL
0x00007ffa3b490000 - 0x00007ffa3b83c000 	C:\Windows\System32\KERNELBASE.dll
0x00007ffa3b060000 - 0x00007ffa3b171000 	C:\Windows\System32\ucrtbase.dll
0x00007ffa24750000 - 0x00007ffa24769000 	C:\Program Files\Java\jdk-17\bin\jli.dll
0x00007ffa3dc30000 - 0x00007ffa3dce2000 	C:\Windows\System32\ADVAPI32.dll
0x00007ffa3cab0000 - 0x00007ffa3cb57000 	C:\Windows\System32\msvcrt.dll
0x00007ffa3c5c0000 - 0x00007ffa3c66a000 	C:\Windows\System32\sechost.dll
0x00007ffa3b3c0000 - 0x00007ffa3b3e8000 	C:\Windows\System32\bcrypt.dll
0x00007ffa3db10000 - 0x00007ffa3dc25000 	C:\Windows\System32\RPCRT4.dll
0x00007ffa3c7e0000 - 0x00007ffa3c98e000 	C:\Windows\System32\USER32.dll
0x00007ffa3b270000 - 0x00007ffa3b296000 	C:\Windows\System32\win32u.dll
0x00007ffa3d9c0000 - 0x00007ffa3d9e9000 	C:\Windows\System32\GDI32.dll
0x00007ffa3b2a0000 - 0x00007ffa3b3b9000 	C:\Windows\System32\gdi32full.dll
0x00007ffa3b3f0000 - 0x00007ffa3b48a000 	C:\Windows\System32\msvcp_win.dll
0x00007ffa23910000 - 0x00007ffa2392b000 	C:\Program Files\Java\jdk-17\bin\VCRUNTIME140.dll
0x00007ffa25470000 - 0x00007ffa25703000 	C:\Windows\WinSxS\amd64_microsoft.windows.common-controls_6595b64144ccf1df_6.0.22621.3672_none_2713b9d173822955\COMCTL32.dll
0x00007ffa35960000 - 0x00007ffa3596a000 	C:\Windows\SYSTEM32\VERSION.dll
0x00007ffa3d7b0000 - 0x00007ffa3d7e1000 	C:\Windows\System32\IMM32.DLL
0x00007ffa29fd0000 - 0x00007ffa29fdc000 	C:\Program Files\Java\jdk-17\bin\vcruntime140_1.dll
0x00007ff9f7f00000 - 0x00007ff9f7f8e000 	C:\Program Files\Java\jdk-17\bin\msvcp140.dll
0x00007ff9f7320000 - 0x00007ff9f7f00000 	C:\Program Files\Java\jdk-17\bin\server\jvm.dll
0x00007ffa3db00000 - 0x00007ffa3db08000 	C:\Windows\System32\PSAPI.DLL
0x00007ffa2d970000 - 0x00007ffa2d979000 	C:\Windows\SYSTEM32\WSOCK32.dll
0x00007ffa3d730000 - 0x00007ffa3d7a1000 	C:\Windows\System32\WS2_32.dll
0x00007ffa27cb0000 - 0x00007ffa27ce4000 	C:\Windows\SYSTEM32\WINMM.dll
0x00007ffa3a050000 - 0x00007ffa3a068000 	C:\Windows\SYSTEM32\kernel.appcore.dll
0x00007ffa27cf0000 - 0x00007ffa27cfa000 	C:\Program Files\Java\jdk-17\bin\jimage.dll
0x00007ffa287b0000 - 0x00007ffa289e2000 	C:\Windows\SYSTEM32\DBGHELP.DLL
0x00007ffa3c110000 - 0x00007ffa3c498000 	C:\Windows\System32\combase.dll
0x00007ffa3c670000 - 0x00007ffa3c747000 	C:\Windows\System32\OLEAUT32.dll
0x00007ffa17d50000 - 0x00007ffa17d82000 	C:\Windows\SYSTEM32\dbgcore.DLL
0x00007ffa3b1f0000 - 0x00007ffa3b26b000 	C:\Windows\System32\bcryptPrimitives.dll
0x00007ffa07d00000 - 0x00007ffa07d25000 	C:\Program Files\Java\jdk-17\bin\java.dll
0x00007ff9f7240000 - 0x00007ff9f7317000 	C:\Program Files\Java\jdk-17\bin\jsvml.dll
0x00007ffa3ce00000 - 0x00007ffa3d65c000 	C:\Windows\System32\SHELL32.dll
0x00007ffa38f60000 - 0x00007ffa39857000 	C:\Windows\SYSTEM32\windows.storage.dll
0x00007ffa38e20000 - 0x00007ffa38f5f000 	C:\Windows\SYSTEM32\wintypes.dll
0x00007ffa3d9f0000 - 0x00007ffa3dae4000 	C:\Windows\System32\SHCORE.dll
0x00007ffa3c4a0000 - 0x00007ffa3c4fe000 	C:\Windows\System32\shlwapi.dll
0x00007ffa3af90000 - 0x00007ffa3afb1000 	C:\Windows\SYSTEM32\profapi.dll
0x00007ffa221a0000 - 0x00007ffa221b9000 	C:\Program Files\Java\jdk-17\bin\net.dll
0x00007ffa37a70000 - 0x00007ffa37ba6000 	C:\Windows\SYSTEM32\WINHTTP.dll
0x00007ffa3a4b0000 - 0x00007ffa3a519000 	C:\Windows\system32\mswsock.dll
0x00007ffa1e280000 - 0x00007ffa1e296000 	C:\Program Files\Java\jdk-17\bin\nio.dll
0x00007ffa1a030000 - 0x00007ffa1a048000 	C:\Program Files\Java\jdk-17\bin\zip.dll
0x00007ffa24800000 - 0x00007ffa24810000 	C:\Program Files\Java\jdk-17\bin\verify.dll

dbghelp: loaded successfully - version: 4.0.5 - missing functions: none
symbol engine: initialized successfully - sym options: 0x614 - pdb path: .;C:\Program Files\Java\jdk-17\bin;C:\Windows\SYSTEM32;C:\Windows\WinSxS\amd64_microsoft.windows.common-controls_6595b64144ccf1df_6.0.22621.3672_none_2713b9d173822955;C:\Program Files\Java\jdk-17\bin\server

VM Arguments:
java_command: org.jetbrains.kotlin.cli.jvm.K2JVMCompiler @D:\reactnativeapp\myapp\node_modules\react-native-screens\android\build\20240617_14043826046103371946.compiler.options
java_class_path (initial): C:\Users\Hp\.gradle\caches\modules-2\files-2.1\org.jetbrains.kotlin\kotlin-compiler-embeddable\1.9.22\9cd4dc7773cf2a99ecd961a88fbbc9a2da3fb5e1\kotlin-compiler-embeddable-1.9.22.jar;C:\Users\Hp\.gradle\caches\modules-2\files-2.1\org.jetbrains.kotlin\kotlin-stdlib\1.9.22\d6c44cd08d8f3f9bece8101216dbe6553365c6e3\kotlin-stdlib-1.9.22.jar;C:\Users\Hp\.gradle\caches\modules-2\files-2.1\org.jetbrains.kotlin\kotlin-script-runtime\1.9.22\f8139a46fc677ec9badc49ae954392f4f5e7e7c7\kotlin-script-runtime-1.9.22.jar;C:\Users\Hp\.gradle\caches\modules-2\files-2.1\org.jetbrains.kotlin\kotlin-reflect\1.6.10\1cbe9c92c12a94eea200d23c2bbaedaf3daf5132\kotlin-reflect-1.6.10.jar;C:\Users\Hp\.gradle\caches\modules-2\files-2.1\org.jetbrains.kotlin\kotlin-daemon-embeddable\1.9.22\20e2c5df715f3240c765cfc222530e2796542021\kotlin-daemon-embeddable-1.9.22.jar;C:\Users\Hp\.gradle\caches\modules-2\files-2.1\org.jetbrains.intellij.deps\trove4j\1.0.20200330\3afb14d5f9ceb459d724e907a21145e8ff394f02\trove4j-1.0.20200330.jar;C:\Users\Hp\.gradle\caches\modules-2\files-2.1\org.jetbrains\annotations\13.0\919f0dfe192fb4e063e7dacadee7f8bb9a2672a9\annotations-13.0.jar
Launcher Type: SUN_STANDARD

[Global flags]
     intx CICompilerCount                          = 3                                         {product} {ergonomic}
     uint ConcGCThreads                            = 1                                         {product} {ergonomic}
     uint G1ConcRefinementThreads                  = 4                                         {product} {ergonomic}
   size_t G1HeapRegionSize                         = 1048576                                   {product} {ergonomic}
    uintx GCDrainStackTargetSize                   = 64                                        {product} {ergonomic}
   size_t InitialHeapSize                          = 134217728                                 {product} {ergonomic}
   size_t MarkStackSize                            = 4194304                                   {product} {ergonomic}
   size_t MaxHeapSize                              = 2116026368                                {product} {ergonomic}
   size_t MaxNewSize                               = 1268776960                                {product} {ergonomic}
   size_t MinHeapDeltaBytes                        = 1048576                                   {product} {ergonomic}
   size_t MinHeapSize                              = 8388608                                   {product} {ergonomic}
    uintx NonNMethodCodeHeapSize                   = 5832780                                {pd product} {ergonomic}
    uintx NonProfiledCodeHeapSize                  = 122912730                              {pd product} {ergonomic}
    uintx ProfiledCodeHeapSize                     = 122912730                              {pd product} {ergonomic}
    uintx ReservedCodeCacheSize                    = 251658240                              {pd product} {ergonomic}
     bool SegmentedCodeCache                       = true                                      {product} {ergonomic}
   size_t SoftMaxHeapSize                          = 2116026368                             {manageable} {ergonomic}
     bool UseCompressedClassPointers               = true                           {product lp64_product} {ergonomic}
     bool UseCompressedOops                        = true                           {product lp64_product} {ergonomic}
     bool UseG1GC                                  = true                                      {product} {ergonomic}
     bool UseLargePagesIndividualAllocation        = false                                  {pd product} {ergonomic}

Logging:
Log output configuration:
 #0: stdout all=warning uptime,level,tags
 #1: stderr all=off uptime,level,tags

Environment Variables:
JAVA_HOME=C:\Program Files\Java\jdk-17
CLASSPATH=D:\reactnativeapp\myapp\android\\gradle\wrapper\gradle-wrapper.jar
PATH=C:\Program Files\Common Files\Oracle\Java\javapath;C:\Windows\system32;C:\Windows;C:\Windows\System32\Wbem;C:\Windows\System32\WindowsPowerShell\v1.0\;C:\Windows\System32\OpenSSH\;C:\Users\Hp\AppData\Roaming\nvm;C:\Program Files\nodejs;C:\Program Files\nodejs;C:\Users\Hp\AppData\Local\Android\Sdk;C:\Program Files\MongoDB\Server\7.0\data;C:\Program Files\Java\jdk-17\bin;C:\Users\Hp\.gradle\daemon\8.6;C:\Users\Hp\AppData\Local\Android\Sdk\tools;C:\Users\Hp\AppData\Local\Android\Sdk\tools;C:\Users\Hp\AppData\Local\Microsoft\WindowsApps;C:\Users\Hp\AppData\Roaming\nvm;C:\Program Files\nodejs;C:\Users\Hp\AppData\Local\Android\Sdk\platform-tools;D:\miral\Microsoft VS Code\bin;C:\Program Files\Java\jdk-17\bin;C:\Users\Hp\.gradle\daemon\8.6;
USERNAME=Hp
LANG=en_US.UTF-8
OS=Windows_NT
PROCESSOR_IDENTIFIER=Intel64 Family 6 Model 78 Stepping 3, GenuineIntel



---------------  S Y S T E M  ---------------

OS:
 Windows 11 , 64 bit Build 22621 (10.0.22621.3672)
OS uptime: 0 days 0:42 hours
Hyper-V role detected

CPU: total 4 (initial active 4) (2 cores per cpu, 2 threads per core) family 6 model 78 stepping 3 microcode 0xf0, cx8, cmov, fxsr, ht, mmx, 3dnowpref, sse, sse2, sse3, ssse3, sse4.1, sse4.2, popcnt, lzcnt, tsc, tscinvbit, avx, avx2, aes, erms, clmul, bmi1, bmi2, rtm, adx, fma, vzeroupper, clflush, clflushopt, hv

Memory: 4k page, system-wide physical 8070M (240M free)
TotalPageFile size 10138M (AvailPageFile size 4M)
current process WorkingSet (physical memory assigned to process): 416M, peak: 418M
current process commit charge ("private bytes"): 452M, peak: 455M

vm_info: Java HotSpot(TM) 64-Bit Server VM (17.0.11+7-LTS-207) for windows-amd64 JRE (17.0.11+7-LTS-207), built on Mar 11 2024 19:01:50 by "mach5one" with MS VC++ 17.6 (VS2022)

END.
