#
# There is insufficient memory for the Java Runtime Environment to continue.
# Native memory allocation (malloc) failed to allocate 1799216 bytes for Chunk::new
# Possible reasons:
#   The system is out of physical RAM or swap space
#   The process is running with CompressedOops enabled, and the Java Heap may be blocking the growth of the native heap
# Possible solutions:
#   Reduce memory load on the system
#   Increase physical memory or swap space
#   Check if swap backing store is full
#   Decrease Java heap size (-Xmx/-Xms)
#   Decrease number of Java threads
#   Decrease Java thread stack sizes (-Xss)
#   Set larger code cache with -XX:ReservedCodeCacheSize=
#   JVM is running with Zero Based Compressed Oops mode in which the Java heap is
#     placed in the first 32GB address space. The Java Heap base address is the
#     maximum limit for the native heap growth. Please use -XX:HeapBaseMinAddress
#     to set the Java Heap base and to place the Java Heap above 32GB virtual address.
# This output file may be truncated or incomplete.
#
#  Out of Memory Error (arena.cpp:189), pid=8284, tid=9904
#
# JRE version: Java(TM) SE Runtime Environment (17.0.11+7) (build 17.0.11+7-LTS-207)
# Java VM: Java HotSpot(TM) 64-Bit Server VM (17.0.11+7-LTS-207, mixed mode, sharing, tiered, compressed oops, compressed class ptrs, g1 gc, windows-amd64)
# No core dump will be written. Minidumps are not enabled by default on client versions of Windows
#

---------------  S U M M A R Y ------------

Command Line: -XX:MaxMetaspaceSize=1024m --add-opens=java.base/java.util=ALL-UNNAMED --add-opens=java.base/java.lang=ALL-UNNAMED --add-opens=java.base/java.lang.invoke=ALL-UNNAMED --add-opens=java.prefs/java.util.prefs=ALL-UNNAMED --add-opens=java.base/java.nio.charset=ALL-UNNAMED --add-opens=java.base/java.net=ALL-UNNAMED --add-opens=java.base/java.util.concurrent.atomic=ALL-UNNAMED -Xmx4096m -Dfile.encoding=windows-1252 -Duser.country=GB -Duser.language=en -Duser.variant -javaagent:C:\Users\Hp\.gradle\wrapper\dists\gradle-8.6-all\3mbtmo166bl6vumsh5k2lkq5h\gradle-8.6\lib\agents\gradle-instrumentation-agent-8.6.jar org.gradle.launcher.daemon.bootstrap.GradleDaemon 8.6

Host: Intel(R) Core(TM) i5-6300U CPU @ 2.40GHz, 4 cores, 7G,  Windows 11 , 64 bit Build 22621 (10.0.22621.3958)
Time: Sat Aug 10 21:14:19 2024 Pakistan Standard Time elapsed time: 131.959706 seconds (0d 0h 2m 11s)

---------------  T H R E A D  ---------------

Current thread (0x00000243b0c58c50):  JavaThread "C2 CompilerThread0" daemon [_thread_in_native, id=9904, stack(0x000000b650500000,0x000000b650600000)]


Current CompileTask:
C2: 131959 15911       4       org.gradle.api.internal.artifacts.ivyservice.modulecache.InMemoryModuleMetadataCache::get (52 bytes)

Stack: [0x000000b650500000,0x000000b650600000]
Native frames: (J=compiled Java code, j=interpreted, Vv=VM code, C=native code)
V  [jvm.dll+0x679cca]
V  [jvm.dll+0x7da13d]
V  [jvm.dll+0x7dba83]
V  [jvm.dll+0x7dc0f3]
V  [jvm.dll+0x2449af]
V  [jvm.dll+0xab83b]
V  [jvm.dll+0xabe1c]
V  [jvm.dll+0x36155f]
V  [jvm.dll+0x32bd61]
V  [jvm.dll+0x32b1fa]
V  [jvm.dll+0x2161df]
V  [jvm.dll+0x21560f]
V  [jvm.dll+0x1a2040]
V  [jvm.dll+0x225a2b]
V  [jvm.dll+0x223bcb]
V  [jvm.dll+0x7903ec]
V  [jvm.dll+0x78a85a]
V  [jvm.dll+0x678bb5]
C  [ucrtbase.dll+0x29333]
C  [KERNEL32.DLL+0x1257d]
C  [ntdll.dll+0x5af28]


---------------  P R O C E S S  ---------------

Threads class SMR info:
_java_thread_list=0x00000243f57d1c00, length=89, elements={
0x000002438c76a860, 0x00000243b0c3d400, 0x00000243b0c3e280, 0x00000243b0c50e80,
0x00000243b0c52ac0, 0x00000243b0c55590, 0x00000243b0c55f50, 0x00000243b0c58c50,
0x00000243b0c5bb20, 0x00000243b0cbe780, 0x00000243b0c28d70, 0x00000243ea16e650,
0x00000243eacb59f0, 0x00000243ec0fd920, 0x00000243ebbb8450, 0x00000243eba86030,
0x00000243eb61cc90, 0x00000243eafb2f90, 0x00000243eafb5810, 0x00000243eafb5300,
0x00000243eafb34a0, 0x00000243eafb48e0, 0x00000243eafb2060, 0x00000243eafb2570,
0x00000243eafb39b0, 0x00000243eafb3ec0, 0x00000243eafb4df0, 0x00000243eafb43d0,
0x00000243eb1783e0, 0x00000243eb171ea0, 0x00000243eb173d00, 0x00000243eb1728c0,
0x00000243eb174720, 0x00000243eb1788f0, 0x00000243eb171480, 0x00000243eb176070,
0x00000243eb176a90, 0x00000243eb1774b0, 0x00000243eb175650, 0x00000243eb177ed0,
0x00000243eb1732e0, 0x00000243eb1737f0, 0x00000243eb174210, 0x00000243eb174c30,
0x00000243eb175b60, 0x00000243eb176fa0, 0x00000243eb1779c0, 0x00000243ec214110,
0x00000243ec217dd0, 0x00000243ec215a60, 0x00000243ec214620, 0x00000243ec215f70,
0x00000243ec216480, 0x00000243ec216990, 0x00000243ec2182e0, 0x00000243ec212cd0,
0x00000243ec2187f0, 0x00000243ec216ea0, 0x00000243ec218d00, 0x00000243ec215040,
0x00000243ec21a140, 0x00000243ec219210, 0x00000243ec2131e0, 0x00000243ec219720,
0x00000243ec2173b0, 0x00000243ec2178c0, 0x00000243ec219c30, 0x00000243eec00740,
0x00000243eec00c50, 0x00000243eebff810, 0x00000243eec02fc0, 0x00000243eec039e0,
0x00000243eebfcf90, 0x00000243eebfca80, 0x00000243eb171990, 0x00000243eb1723b0,
0x00000243f51fccb0, 0x00000243f51fdbe0, 0x00000243f52018a0, 0x00000243f51fe600,
0x00000243f51fe0f0, 0x00000243f52027d0, 0x00000243f5202ce0, 0x00000243f52031f0,
0x00000243f51feb10, 0x00000243f5200460, 0x00000243f5203700, 0x00000243f51ff020,
0x00000243f51fc290
}

Java Threads: ( => current thread )
  0x000002438c76a860 JavaThread "main" [_thread_blocked, id=7112, stack(0x000000b64f800000,0x000000b64f900000)]
  0x00000243b0c3d400 JavaThread "Reference Handler" daemon [_thread_blocked, id=1596, stack(0x000000b64ff00000,0x000000b650000000)]
  0x00000243b0c3e280 JavaThread "Finalizer" daemon [_thread_blocked, id=6004, stack(0x000000b650000000,0x000000b650100000)]
  0x00000243b0c50e80 JavaThread "Signal Dispatcher" daemon [_thread_blocked, id=12048, stack(0x000000b650100000,0x000000b650200000)]
  0x00000243b0c52ac0 JavaThread "Attach Listener" daemon [_thread_blocked, id=2564, stack(0x000000b650200000,0x000000b650300000)]
  0x00000243b0c55590 JavaThread "Service Thread" daemon [_thread_blocked, id=13748, stack(0x000000b650300000,0x000000b650400000)]
  0x00000243b0c55f50 JavaThread "Monitor Deflation Thread" daemon [_thread_blocked, id=13016, stack(0x000000b650400000,0x000000b650500000)]
=>0x00000243b0c58c50 JavaThread "C2 CompilerThread0" daemon [_thread_in_native, id=9904, stack(0x000000b650500000,0x000000b650600000)]
  0x00000243b0c5bb20 JavaThread "C1 CompilerThread0" daemon [_thread_blocked, id=12864, stack(0x000000b650600000,0x000000b650700000)]
  0x00000243b0cbe780 JavaThread "Sweeper thread" daemon [_thread_blocked, id=8724, stack(0x000000b650700000,0x000000b650800000)]
  0x00000243b0c28d70 JavaThread "Common-Cleaner" daemon [_thread_blocked, id=10696, stack(0x000000b650800000,0x000000b650900000)]
  0x00000243ea16e650 JavaThread "Notification Thread" daemon [_thread_blocked, id=4216, stack(0x000000b650900000,0x000000b650a00000)]
  0x00000243eacb59f0 JavaThread "Daemon health stats" [_thread_blocked, id=1268, stack(0x000000b650f00000,0x000000b651000000)]
  0x00000243ec0fd920 JavaThread "Incoming local TCP Connector on port 51790" [_thread_in_native, id=9296, stack(0x000000b650b00000,0x000000b650c00000)]
  0x00000243ebbb8450 JavaThread "Daemon periodic checks" [_thread_blocked, id=14052, stack(0x000000b651000000,0x000000b651100000)]
  0x00000243eba86030 JavaThread "Daemon" [_thread_blocked, id=11088, stack(0x000000b651100000,0x000000b651200000)]
  0x00000243eb61cc90 JavaThread "Handler for socket connection from /127.0.0.1:51790 to /127.0.0.1:51791" [_thread_in_native, id=10576, stack(0x000000b651200000,0x000000b651300000)]
  0x00000243eafb2f90 JavaThread "Cancel handler" [_thread_blocked, id=7540, stack(0x000000b651300000,0x000000b651400000)]
  0x00000243eafb5810 JavaThread "Daemon worker" [_thread_in_Java, id=13800, stack(0x000000b651400000,0x000000b651500000)]
  0x00000243eafb5300 JavaThread "Asynchronous log dispatcher for DefaultDaemonConnection: socket connection from /127.0.0.1:51790 to /127.0.0.1:51791" [_thread_blocked, id=4252, stack(0x000000b651500000,0x000000b651600000)]
  0x00000243eafb34a0 JavaThread "Stdin handler" [_thread_blocked, id=6428, stack(0x000000b651600000,0x000000b651700000)]
  0x00000243eafb48e0 JavaThread "Daemon client event forwarder" [_thread_blocked, id=4148, stack(0x000000b651700000,0x000000b651800000)]
  0x00000243eafb2060 JavaThread "Cache worker for journal cache (C:\Users\Hp\.gradle\caches\journal-1)" [_thread_blocked, id=2284, stack(0x000000b651800000,0x000000b651900000)]
  0x00000243eafb2570 JavaThread "File lock request listener" [_thread_in_native, id=4132, stack(0x000000b651900000,0x000000b651a00000)]
  0x00000243eafb39b0 JavaThread "Cache worker for file hash cache (C:\Users\Hp\.gradle\caches\8.6\fileHashes)" [_thread_blocked, id=240, stack(0x000000b651a00000,0x000000b651b00000)]
  0x00000243eafb3ec0 JavaThread "File watcher server" daemon [_thread_in_native, id=6636, stack(0x000000b651b00000,0x000000b651c00000)]
  0x00000243eafb4df0 JavaThread "File watcher consumer" daemon [_thread_blocked, id=14324, stack(0x000000b651c00000,0x000000b651d00000)]
  0x00000243eafb43d0 JavaThread "Cache worker for checksums cache (D:\reactnativeapp\myapp\android\.gradle\8.6\checksums)" [_thread_blocked, id=9476, stack(0x000000b651d00000,0x000000b651e00000)]
  0x00000243eb1783e0 JavaThread "Cache worker for file hash cache (D:\reactnativeapp\myapp\android\.gradle\8.6\fileHashes)" [_thread_blocked, id=1464, stack(0x000000b651e00000,0x000000b651f00000)]
  0x00000243eb171ea0 JavaThread "Cache worker for cache directory md-supplier (C:\Users\Hp\.gradle\caches\8.6\md-supplier)" [_thread_blocked, id=4100, stack(0x000000b651f00000,0x000000b652000000)]
  0x00000243eb173d00 JavaThread "Cache worker for cache directory md-rule (C:\Users\Hp\.gradle\caches\8.6\md-rule)" [_thread_blocked, id=4300, stack(0x000000b652000000,0x000000b652100000)]
  0x00000243eb1728c0 JavaThread "Cache worker for file content cache (C:\Users\Hp\.gradle\caches\8.6\fileContent)" [_thread_blocked, id=4608, stack(0x000000b652100000,0x000000b652200000)]
  0x00000243eb174720 JavaThread "jar transforms" [_thread_blocked, id=9552, stack(0x000000b652300000,0x000000b652400000)]
  0x00000243eb1788f0 JavaThread "jar transforms Thread 2" [_thread_blocked, id=13752, stack(0x000000b652400000,0x000000b652500000)]
  0x00000243eb171480 JavaThread "jar transforms Thread 3" [_thread_blocked, id=10808, stack(0x000000b652500000,0x000000b652600000)]
  0x00000243eb176070 JavaThread "jar transforms Thread 4" [_thread_blocked, id=10284, stack(0x000000b652600000,0x000000b652700000)]
  0x00000243eb176a90 JavaThread "Exec process" [_thread_blocked, id=7344, stack(0x000000b652700000,0x000000b652800000)]
  0x00000243eb1774b0 JavaThread "Exec process Thread 2" [_thread_blocked, id=2012, stack(0x000000b652800000,0x000000b652900000)]
  0x00000243eb175650 JavaThread "Exec process Thread 3" [_thread_blocked, id=5432, stack(0x000000b652900000,0x000000b652a00000)]
  0x00000243eb177ed0 JavaThread "Unconstrained build operations" [_thread_blocked, id=11944, stack(0x000000b64f500000,0x000000b64f600000)]
  0x00000243eb1732e0 JavaThread "Unconstrained build operations Thread 2" [_thread_blocked, id=8804, stack(0x000000b64f600000,0x000000b64f700000)]
  0x00000243eb1737f0 JavaThread "Cache worker for Build Output Cleanup Cache (D:\reactnativeapp\myapp\node_modules\@react-native\gradle-plugin\.gradle\buildOutputCleanup)" [_thread_blocked, id=11348, stack(0x000000b652b00000,0x000000b652c00000)]
  0x00000243eb174210 JavaThread "Unconstrained build operations Thread 3" [_thread_blocked, id=2076, stack(0x000000b652d00000,0x000000b652e00000)]
  0x00000243eb174c30 JavaThread "Unconstrained build operations Thread 4" [_thread_blocked, id=7468, stack(0x000000b652e00000,0x000000b652f00000)]
  0x00000243eb175b60 JavaThread "Unconstrained build operations Thread 5" [_thread_blocked, id=4128, stack(0x000000b652f00000,0x000000b653000000)]
  0x00000243eb176fa0 JavaThread "Memory manager" [_thread_blocked, id=3200, stack(0x000000b653000000,0x000000b653100000)]
  0x00000243eb1779c0 JavaThread "build event listener" [_thread_blocked, id=13536, stack(0x000000b653100000,0x000000b653200000)]
  0x00000243ec214110 JavaThread "Cache worker for Build Output Cleanup Cache (D:\reactnativeapp\myapp\android\.gradle\buildOutputCleanup)" [_thread_blocked, id=14220, stack(0x000000b653200000,0x000000b653300000)]
  0x00000243ec217dd0 JavaThread "ForkJoinPool.commonPool-worker-1" daemon [_thread_blocked, id=10052, stack(0x000000b653300000,0x000000b653400000)]
  0x00000243ec215a60 JavaThread "ForkJoinPool.commonPool-worker-2" daemon [_thread_blocked, id=7444, stack(0x000000b653400000,0x000000b653500000)]
  0x00000243ec214620 JavaThread "ForkJoinPool.commonPool-worker-3" daemon [_thread_blocked, id=12620, stack(0x000000b653500000,0x000000b653600000)]
  0x00000243ec215f70 JavaThread "included builds" [_thread_blocked, id=9040, stack(0x000000b653600000,0x000000b653700000)]
  0x00000243ec216480 JavaThread "Execution worker" [_thread_blocked, id=5004, stack(0x000000b653700000,0x000000b653800000)]
  0x00000243ec216990 JavaThread "Execution worker Thread 2" [_thread_blocked, id=13684, stack(0x000000b653800000,0x000000b653900000)]
  0x00000243ec2182e0 JavaThread "Execution worker Thread 3" [_thread_blocked, id=11100, stack(0x000000b653900000,0x000000b653a00000)]
  0x00000243ec212cd0 JavaThread "Cache worker for execution history cache (D:\reactnativeapp\myapp\node_modules\@react-native\gradle-plugin\.gradle\8.6\executionHistory)" [_thread_blocked, id=12748, stack(0x000000b653a00000,0x000000b653b00000)]
  0x00000243ec2187f0 JavaThread "Unconstrained build operations Thread 6" [_thread_blocked, id=11104, stack(0x000000b653b00000,0x000000b653c00000)]
  0x00000243ec216ea0 JavaThread "Unconstrained build operations Thread 7" [_thread_blocked, id=1204, stack(0x000000b653c00000,0x000000b653d00000)]
  0x00000243ec218d00 JavaThread "Unconstrained build operations Thread 8" [_thread_blocked, id=14016, stack(0x000000b653d00000,0x000000b653e00000)]
  0x00000243ec215040 JavaThread "Unconstrained build operations Thread 9" [_thread_blocked, id=2592, stack(0x000000b653e00000,0x000000b653f00000)]
  0x00000243ec21a140 JavaThread "Unconstrained build operations Thread 10" [_thread_blocked, id=11792, stack(0x000000b653f00000,0x000000b654000000)]
  0x00000243ec219210 JavaThread "Unconstrained build operations Thread 11" [_thread_blocked, id=12224, stack(0x000000b654000000,0x000000b654100000)]
  0x00000243ec2131e0 JavaThread "Unconstrained build operations Thread 12" [_thread_blocked, id=11364, stack(0x000000b654100000,0x000000b654200000)]
  0x00000243ec219720 JavaThread "Unconstrained build operations Thread 13" [_thread_blocked, id=13780, stack(0x000000b654200000,0x000000b654300000)]
  0x00000243ec2173b0 JavaThread "Unconstrained build operations Thread 14" [_thread_blocked, id=3696, stack(0x000000b654300000,0x000000b654400000)]
  0x00000243ec2178c0 JavaThread "Unconstrained build operations Thread 15" [_thread_blocked, id=13372, stack(0x000000b654400000,0x000000b654500000)]
  0x00000243ec219c30 JavaThread "Unconstrained build operations Thread 16" [_thread_blocked, id=14004, stack(0x000000b654500000,0x000000b654600000)]
  0x00000243eec00740 JavaThread "build event listener" [_thread_blocked, id=12948, stack(0x000000b654600000,0x000000b654700000)]
  0x00000243eec00c50 JavaThread "Unconstrained build operations Thread 17" [_thread_blocked, id=11180, stack(0x000000b654700000,0x000000b654800000)]
  0x00000243eebff810 JavaThread "Unconstrained build operations Thread 18" [_thread_blocked, id=9360, stack(0x000000b654800000,0x000000b654900000)]
  0x00000243eec02fc0 JavaThread "Unconstrained build operations Thread 19" [_thread_blocked, id=14028, stack(0x000000b654900000,0x000000b654a00000)]
  0x00000243eec039e0 JavaThread "Unconstrained build operations Thread 20" [_thread_blocked, id=1868, stack(0x000000b654a00000,0x000000b654b00000)]
  0x00000243eebfcf90 JavaThread "Unconstrained build operations Thread 21" [_thread_blocked, id=9832, stack(0x000000b654b00000,0x000000b654c00000)]
  0x00000243eebfca80 JavaThread "Unconstrained build operations Thread 22" [_thread_blocked, id=12384, stack(0x000000b654c00000,0x000000b654d00000)]
  0x00000243eb171990 JavaThread "Unconstrained build operations Thread 23" [_thread_blocked, id=9368, stack(0x000000b654d00000,0x000000b654e00000)]
  0x00000243eb1723b0 JavaThread "Unconstrained build operations Thread 24" [_thread_blocked, id=6940, stack(0x000000b654e00000,0x000000b654f00000)]
  0x00000243f51fccb0 JavaThread "Unconstrained build operations Thread 25" [_thread_blocked, id=244, stack(0x000000b654f00000,0x000000b655000000)]
  0x00000243f51fdbe0 JavaThread "Unconstrained build operations Thread 26" [_thread_blocked, id=5896, stack(0x000000b655100000,0x000000b655200000)]
  0x00000243f52018a0 JavaThread "Unconstrained build operations Thread 27" [_thread_blocked, id=2184, stack(0x000000b655200000,0x000000b655300000)]
  0x00000243f51fe600 JavaThread "Unconstrained build operations Thread 28" [_thread_blocked, id=2008, stack(0x000000b655300000,0x000000b655400000)]
  0x00000243f51fe0f0 JavaThread "Unconstrained build operations Thread 29" [_thread_blocked, id=6032, stack(0x000000b655400000,0x000000b655500000)]
  0x00000243f52027d0 JavaThread "Unconstrained build operations Thread 30" [_thread_blocked, id=11044, stack(0x000000b655500000,0x000000b655600000)]
  0x00000243f5202ce0 JavaThread "Unconstrained build operations Thread 31" [_thread_blocked, id=5172, stack(0x000000b655600000,0x000000b655700000)]
  0x00000243f52031f0 JavaThread "Unconstrained build operations Thread 32" [_thread_blocked, id=13448, stack(0x000000b655700000,0x000000b655800000)]
  0x00000243f51feb10 JavaThread "Unconstrained build operations Thread 33" [_thread_blocked, id=14180, stack(0x000000b655800000,0x000000b655900000)]
  0x00000243f5200460 JavaThread "Unconstrained build operations Thread 34" [_thread_blocked, id=12392, stack(0x000000b655900000,0x000000b655a00000)]
  0x00000243f5203700 JavaThread "Unconstrained build operations Thread 35" [_thread_blocked, id=9356, stack(0x000000b64f700000,0x000000b64f800000)]
  0x00000243f51ff020 JavaThread "Unconstrained build operations Thread 36" [_thread_blocked, id=11720, stack(0x000000b655a00000,0x000000b655b00000)]
  0x00000243f51fc290 JavaThread "Unconstrained build operations Thread 37" [_thread_blocked, id=12476, stack(0x000000b655b00000,0x000000b655c00000)]

Other Threads:
  0x00000243b0c37b50 VMThread "VM Thread" [stack: 0x000000b64fe00000,0x000000b64ff00000] [id=12168]
  0x000002438c7f6560 WatcherThread [stack: 0x000000b650a00000,0x000000b650b00000] [id=4636]
  0x000002438c7d6610 GCTaskThread "GC Thread#0" [stack: 0x000000b64f900000,0x000000b64fa00000] [id=12796]
  0x00000243ea220fd0 GCTaskThread "GC Thread#1" [stack: 0x000000b650c00000,0x000000b650d00000] [id=11596]
  0x00000243ea25e950 GCTaskThread "GC Thread#2" [stack: 0x000000b650d00000,0x000000b650e00000] [id=2360]
  0x00000243ea3e4d20 GCTaskThread "GC Thread#3" [stack: 0x000000b650e00000,0x000000b650f00000] [id=3220]
  0x000002438c6fe730 ConcurrentGCThread "G1 Main Marker" [stack: 0x000000b64fa00000,0x000000b64fb00000] [id=11872]
  0x000002438c7e37b0 ConcurrentGCThread "G1 Conc#0" [stack: 0x000000b64fb00000,0x000000b64fc00000] [id=10088]
  0x000002438c824810 ConcurrentGCThread "G1 Refine#0" [stack: 0x000000b64fc00000,0x000000b64fd00000] [id=8224]
  0x00000243ee7f0510 ConcurrentGCThread "G1 Refine#1" [stack: 0x000000b652c00000,0x000000b652d00000] [id=2132]
  0x00000243ef6ab4f0 ConcurrentGCThread "G1 Refine#2" [stack: 0x000000b655000000,0x000000b655100000] [id=11124]
  0x00000243b0b007f0 ConcurrentGCThread "G1 Service" [stack: 0x000000b64fd00000,0x000000b64fe00000] [id=6276]

Threads with active compile tasks:
C2 CompilerThread0   132083 15911       4       org.gradle.api.internal.artifacts.ivyservice.modulecache.InMemoryModuleMetadataCache::get (52 bytes)

VM state: not at safepoint (normal execution)

VM Mutex/Monitor currently owned by a thread: None

Heap address: 0x0000000700000000, size: 4096 MB, Compressed Oops mode: Zero based, Oop shift amount: 3

CDS archive(s) mapped at: [0x00000243b1000000-0x00000243b1bd0000-0x00000243b1bd0000), size 12386304, SharedBaseAddress: 0x00000243b1000000, ArchiveRelocationMode: 1.
Compressed class space mapped at: 0x00000243b2000000-0x00000243e6000000, reserved size: 872415232
Narrow klass base: 0x00000243b1000000, Narrow klass shift: 0, Narrow klass range: 0x100000000

GC Precious Log:
 CPUs: 4 total, 4 available
 Memory: 8070M
 Large Page Support: Disabled
 NUMA Support: Disabled
 Compressed Oops: Enabled (Zero based)
 Heap Region Size: 2M
 Heap Min Capacity: 8M
 Heap Initial Capacity: 128M
 Heap Max Capacity: 4G
 Pre-touch: Disabled
 Parallel Workers: 4
 Concurrent Workers: 1
 Concurrent Refinement Workers: 4
 Periodic GC: Disabled

Heap:
 garbage-first heap   total 366592K, used 252178K [0x0000000700000000, 0x0000000800000000)
  region size 2048K, 33 young (67584K), 5 survivors (10240K)
 Metaspace       used 106128K, committed 107328K, reserved 983040K
  class space    used 14783K, committed 15360K, reserved 851968K

Heap Regions: E=young(eden), S=young(survivor), O=old, HS=humongous(starts), HC=humongous(continues), CS=collection set, F=free, OA=open archive, CA=closed archive, TAMS=top-at-mark-start (previous, next)
|   0|0x0000000700000000, 0x0000000700200000, 0x0000000700200000|100%| O|  |TAMS 0x0000000700200000, 0x0000000700000000| Untracked 
|   1|0x0000000700200000, 0x0000000700400000, 0x0000000700400000|100%|HS|  |TAMS 0x0000000700400000, 0x0000000700200000| Complete 
|   2|0x0000000700400000, 0x0000000700600000, 0x0000000700600000|100%|HC|  |TAMS 0x0000000700600000, 0x0000000700400000| Complete 
|   3|0x0000000700600000, 0x0000000700800000, 0x0000000700800000|100%| O|  |TAMS 0x0000000700800000, 0x0000000700600000| Untracked 
|   4|0x0000000700800000, 0x0000000700a00000, 0x0000000700a00000|100%| O|  |TAMS 0x0000000700a00000, 0x0000000700800000| Untracked 
|   5|0x0000000700a00000, 0x0000000700c00000, 0x0000000700c00000|100%| O|  |TAMS 0x0000000700c00000, 0x0000000700a00000| Untracked 
|   6|0x0000000700c00000, 0x0000000700e00000, 0x0000000700e00000|100%| O|  |TAMS 0x0000000700e00000, 0x0000000700c00000| Untracked 
|   7|0x0000000700e00000, 0x0000000701000000, 0x0000000701000000|100%| O|  |TAMS 0x0000000701000000, 0x0000000700e00000| Untracked 
|   8|0x0000000701000000, 0x0000000701200000, 0x0000000701200000|100%| O|  |TAMS 0x0000000701200000, 0x0000000701000000| Untracked 
|   9|0x0000000701200000, 0x0000000701376800, 0x0000000701400000| 73%| O|  |TAMS 0x0000000701376800, 0x0000000701200000| Untracked 
|  10|0x0000000701400000, 0x0000000701600000, 0x0000000701600000|100%| O|  |TAMS 0x0000000701600000, 0x0000000701400000| Untracked 
|  11|0x0000000701600000, 0x0000000701800000, 0x0000000701800000|100%| O|  |TAMS 0x0000000701800000, 0x0000000701600000| Untracked 
|  12|0x0000000701800000, 0x0000000701a00000, 0x0000000701a00000|100%| O|  |TAMS 0x0000000701a00000, 0x0000000701800000| Untracked 
|  13|0x0000000701a00000, 0x0000000701c00000, 0x0000000701c00000|100%| O|  |TAMS 0x0000000701c00000, 0x0000000701a00000| Untracked 
|  14|0x0000000701c00000, 0x0000000701e00000, 0x0000000701e00000|100%| O|  |TAMS 0x0000000701e00000, 0x0000000701c00000| Untracked 
|  15|0x0000000701e00000, 0x0000000702000000, 0x0000000702000000|100%| O|  |TAMS 0x0000000702000000, 0x0000000701e00000| Untracked 
|  16|0x0000000702000000, 0x0000000702200000, 0x0000000702200000|100%| O|  |TAMS 0x0000000702200000, 0x0000000702000000| Untracked 
|  17|0x0000000702200000, 0x0000000702400000, 0x0000000702400000|100%| O|  |TAMS 0x0000000702400000, 0x0000000702200000| Untracked 
|  18|0x0000000702400000, 0x0000000702600000, 0x0000000702600000|100%| O|  |TAMS 0x0000000702600000, 0x0000000702400000| Untracked 
|  19|0x0000000702600000, 0x0000000702800000, 0x0000000702800000|100%| O|  |TAMS 0x0000000702800000, 0x0000000702600000| Untracked 
|  20|0x0000000702800000, 0x0000000702a00000, 0x0000000702a00000|100%| O|  |TAMS 0x0000000702a00000, 0x0000000702800000| Untracked 
|  21|0x0000000702a00000, 0x0000000702c00000, 0x0000000702c00000|100%|HS|  |TAMS 0x0000000702c00000, 0x0000000702a00000| Complete 
|  22|0x0000000702c00000, 0x0000000702e00000, 0x0000000702e00000|100%|HS|  |TAMS 0x0000000702e00000, 0x0000000702c00000| Complete 
|  23|0x0000000702e00000, 0x0000000703000000, 0x0000000703000000|100%|HS|  |TAMS 0x0000000703000000, 0x0000000702e00000| Complete 
|  24|0x0000000703000000, 0x0000000703200000, 0x0000000703200000|100%|HC|  |TAMS 0x0000000703200000, 0x0000000703000000| Complete 
|  25|0x0000000703200000, 0x0000000703400000, 0x0000000703400000|100%|HS|  |TAMS 0x0000000703400000, 0x0000000703200000| Complete 
|  26|0x0000000703400000, 0x0000000703600000, 0x0000000703600000|100%|HC|  |TAMS 0x0000000703600000, 0x0000000703400000| Complete 
|  27|0x0000000703600000, 0x0000000703800000, 0x0000000703800000|100%| O|  |TAMS 0x0000000703800000, 0x0000000703600000| Untracked 
|  28|0x0000000703800000, 0x0000000703a00000, 0x0000000703a00000|100%| O|  |TAMS 0x0000000703a00000, 0x0000000703800000| Untracked 
|  29|0x0000000703a00000, 0x0000000703c00000, 0x0000000703c00000|100%| O|  |TAMS 0x0000000703c00000, 0x0000000703a00000| Untracked 
|  30|0x0000000703c00000, 0x0000000703e00000, 0x0000000703e00000|100%| O|  |TAMS 0x0000000703e00000, 0x0000000703c00000| Untracked 
|  31|0x0000000703e00000, 0x0000000704000000, 0x0000000704000000|100%| O|  |TAMS 0x0000000704000000, 0x0000000703e00000| Untracked 
|  32|0x0000000704000000, 0x0000000704200000, 0x0000000704200000|100%| O|  |TAMS 0x0000000704000000, 0x0000000704000000| Untracked 
|  33|0x0000000704200000, 0x0000000704400000, 0x0000000704400000|100%| O|  |TAMS 0x0000000704400000, 0x0000000704200000| Untracked 
|  34|0x0000000704400000, 0x0000000704600000, 0x0000000704600000|100%| O|  |TAMS 0x0000000704600000, 0x0000000704400000| Untracked 
|  35|0x0000000704600000, 0x0000000704800000, 0x0000000704800000|100%| O|  |TAMS 0x0000000704600000, 0x0000000704600000| Untracked 
|  36|0x0000000704800000, 0x0000000704a00000, 0x0000000704a00000|100%| O|  |TAMS 0x0000000704800000, 0x0000000704800000| Untracked 
|  37|0x0000000704a00000, 0x0000000704c00000, 0x0000000704c00000|100%| O|  |TAMS 0x0000000704c00000, 0x0000000704a00000| Untracked 
|  38|0x0000000704c00000, 0x0000000704e00000, 0x0000000704e00000|100%| O|  |TAMS 0x0000000704c00000, 0x0000000704c00000| Untracked 
|  39|0x0000000704e00000, 0x0000000705000000, 0x0000000705000000|100%| O|  |TAMS 0x0000000705000000, 0x0000000704e00000| Untracked 
|  40|0x0000000705000000, 0x0000000705200000, 0x0000000705200000|100%| O|  |TAMS 0x0000000705200000, 0x0000000705000000| Untracked 
|  41|0x0000000705200000, 0x0000000705400000, 0x0000000705400000|100%| O|  |TAMS 0x0000000705400000, 0x0000000705200000| Untracked 
|  42|0x0000000705400000, 0x0000000705600000, 0x0000000705600000|100%| O|  |TAMS 0x0000000705600000, 0x0000000705400000| Untracked 
|  43|0x0000000705600000, 0x0000000705800000, 0x0000000705800000|100%| O|  |TAMS 0x0000000705800000, 0x0000000705600000| Untracked 
|  44|0x0000000705800000, 0x0000000705a00000, 0x0000000705a00000|100%| O|  |TAMS 0x00000007059df200, 0x0000000705800000| Untracked 
|  45|0x0000000705a00000, 0x0000000705c00000, 0x0000000705c00000|100%| O|  |TAMS 0x0000000705a00000, 0x0000000705a00000| Untracked 
|  46|0x0000000705c00000, 0x0000000705e00000, 0x0000000705e00000|100%| O|  |TAMS 0x0000000705c00000, 0x0000000705c00000| Untracked 
|  47|0x0000000705e00000, 0x0000000706000000, 0x0000000706000000|100%| O|  |TAMS 0x0000000705e00000, 0x0000000705e00000| Untracked 
|  48|0x0000000706000000, 0x0000000706200000, 0x0000000706200000|100%| O|  |TAMS 0x0000000706000000, 0x0000000706000000| Untracked 
|  49|0x0000000706200000, 0x0000000706400000, 0x0000000706400000|100%| O|  |TAMS 0x0000000706200000, 0x0000000706200000| Untracked 
|  50|0x0000000706400000, 0x0000000706600000, 0x0000000706600000|100%| O|  |TAMS 0x0000000706400000, 0x0000000706400000| Untracked 
|  51|0x0000000706600000, 0x0000000706800000, 0x0000000706800000|100%| O|  |TAMS 0x0000000706600000, 0x0000000706600000| Untracked 
|  52|0x0000000706800000, 0x0000000706a00000, 0x0000000706a00000|100%| O|  |TAMS 0x0000000706800000, 0x0000000706800000| Untracked 
|  53|0x0000000706a00000, 0x0000000706c00000, 0x0000000706c00000|100%|HS|  |TAMS 0x0000000706a00000, 0x0000000706a00000| Complete 
|  54|0x0000000706c00000, 0x0000000706e00000, 0x0000000706e00000|100%| O|  |TAMS 0x0000000706c00000, 0x0000000706c00000| Untracked 
|  55|0x0000000706e00000, 0x0000000707000000, 0x0000000707000000|100%| O|  |TAMS 0x0000000706e00000, 0x0000000706e00000| Untracked 
|  56|0x0000000707000000, 0x0000000707200000, 0x0000000707200000|100%| O|  |TAMS 0x0000000707000000, 0x0000000707000000| Untracked 
|  57|0x0000000707200000, 0x0000000707400000, 0x0000000707400000|100%| O|  |TAMS 0x0000000707200000, 0x0000000707200000| Untracked 
|  58|0x0000000707400000, 0x0000000707600000, 0x0000000707600000|100%| O|  |TAMS 0x0000000707400000, 0x0000000707400000| Untracked 
|  59|0x0000000707600000, 0x0000000707800000, 0x0000000707800000|100%| O|  |TAMS 0x0000000707600000, 0x0000000707600000| Untracked 
|  60|0x0000000707800000, 0x0000000707a00000, 0x0000000707a00000|100%| O|  |TAMS 0x0000000707800000, 0x0000000707800000| Untracked 
|  61|0x0000000707a00000, 0x0000000707c00000, 0x0000000707c00000|100%| O|  |TAMS 0x0000000707a00000, 0x0000000707a00000| Untracked 
|  62|0x0000000707c00000, 0x0000000707e00000, 0x0000000707e00000|100%| O|  |TAMS 0x0000000707c00000, 0x0000000707c00000| Untracked 
|  63|0x0000000707e00000, 0x0000000708000000, 0x0000000708000000|100%| O|  |TAMS 0x0000000707e00000, 0x0000000707e00000| Untracked 
|  64|0x0000000708000000, 0x0000000708200000, 0x0000000708200000|100%| O|  |TAMS 0x0000000708000000, 0x0000000708000000| Untracked 
|  65|0x0000000708200000, 0x0000000708400000, 0x0000000708400000|100%| O|  |TAMS 0x0000000708200000, 0x0000000708200000| Untracked 
|  66|0x0000000708400000, 0x0000000708600000, 0x0000000708600000|100%| O|  |TAMS 0x0000000708400000, 0x0000000708400000| Untracked 
|  67|0x0000000708600000, 0x0000000708800000, 0x0000000708800000|100%| O|  |TAMS 0x0000000708600000, 0x0000000708600000| Untracked 
|  68|0x0000000708800000, 0x0000000708a00000, 0x0000000708a00000|100%| O|  |TAMS 0x0000000708800000, 0x0000000708800000| Untracked 
|  69|0x0000000708a00000, 0x0000000708c00000, 0x0000000708c00000|100%| O|  |TAMS 0x0000000708a00000, 0x0000000708a00000| Untracked 
|  70|0x0000000708c00000, 0x0000000708e00000, 0x0000000708e00000|100%| O|  |TAMS 0x0000000708c00000, 0x0000000708c00000| Untracked 
|  71|0x0000000708e00000, 0x0000000709000000, 0x0000000709000000|100%| O|  |TAMS 0x0000000708e00000, 0x0000000708e00000| Untracked 
|  72|0x0000000709000000, 0x0000000709200000, 0x0000000709200000|100%| O|  |TAMS 0x0000000709000000, 0x0000000709000000| Untracked 
|  73|0x0000000709200000, 0x0000000709400000, 0x0000000709400000|100%| O|  |TAMS 0x0000000709200000, 0x0000000709200000| Untracked 
|  74|0x0000000709400000, 0x0000000709600000, 0x0000000709600000|100%| O|  |TAMS 0x0000000709400000, 0x0000000709400000| Untracked 
|  75|0x0000000709600000, 0x0000000709800000, 0x0000000709800000|100%| O|  |TAMS 0x0000000709600000, 0x0000000709600000| Untracked 
|  76|0x0000000709800000, 0x0000000709a00000, 0x0000000709a00000|100%| O|  |TAMS 0x0000000709800000, 0x0000000709800000| Untracked 
|  77|0x0000000709a00000, 0x0000000709c00000, 0x0000000709c00000|100%| O|  |TAMS 0x0000000709a00000, 0x0000000709a00000| Untracked 
|  78|0x0000000709c00000, 0x0000000709e00000, 0x0000000709e00000|100%| O|  |TAMS 0x0000000709c00000, 0x0000000709c00000| Untracked 
|  79|0x0000000709e00000, 0x000000070a000000, 0x000000070a000000|100%| O|  |TAMS 0x0000000709e00000, 0x0000000709e00000| Untracked 
|  80|0x000000070a000000, 0x000000070a200000, 0x000000070a200000|100%| O|  |TAMS 0x000000070a000000, 0x000000070a000000| Untracked 
|  81|0x000000070a200000, 0x000000070a400000, 0x000000070a400000|100%| O|  |TAMS 0x000000070a200000, 0x000000070a200000| Untracked 
|  82|0x000000070a400000, 0x000000070a600000, 0x000000070a600000|100%| O|  |TAMS 0x000000070a400000, 0x000000070a400000| Untracked 
|  83|0x000000070a600000, 0x000000070a800000, 0x000000070a800000|100%| O|  |TAMS 0x000000070a600000, 0x000000070a600000| Untracked 
|  84|0x000000070a800000, 0x000000070aa00000, 0x000000070aa00000|100%| O|  |TAMS 0x000000070a800000, 0x000000070a800000| Untracked 
|  85|0x000000070aa00000, 0x000000070ac00000, 0x000000070ac00000|100%| O|  |TAMS 0x000000070aa00000, 0x000000070aa00000| Untracked 
|  86|0x000000070ac00000, 0x000000070ae00000, 0x000000070ae00000|100%| O|  |TAMS 0x000000070ac00000, 0x000000070ac00000| Untracked 
|  87|0x000000070ae00000, 0x000000070b000000, 0x000000070b000000|100%| O|  |TAMS 0x000000070ae00000, 0x000000070ae00000| Untracked 
|  88|0x000000070b000000, 0x000000070b200000, 0x000000070b200000|100%| O|  |TAMS 0x000000070b000000, 0x000000070b000000| Untracked 
|  89|0x000000070b200000, 0x000000070b400000, 0x000000070b400000|100%| O|  |TAMS 0x000000070b200000, 0x000000070b200000| Untracked 
|  90|0x000000070b400000, 0x000000070b600000, 0x000000070b600000|100%| O|  |TAMS 0x000000070b400000, 0x000000070b400000| Untracked 
|  91|0x000000070b600000, 0x000000070b800000, 0x000000070b800000|100%| O|  |TAMS 0x000000070b600000, 0x000000070b600000| Untracked 
|  92|0x000000070b800000, 0x000000070b85dc00, 0x000000070ba00000| 18%| O|  |TAMS 0x000000070b800000, 0x000000070b800000| Untracked 
|  93|0x000000070ba00000, 0x000000070ba00000, 0x000000070bc00000|  0%| F|  |TAMS 0x000000070ba00000, 0x000000070ba00000| Untracked 
|  94|0x000000070bc00000, 0x000000070bc00000, 0x000000070be00000|  0%| F|  |TAMS 0x000000070bc00000, 0x000000070bc00000| Untracked 
|  95|0x000000070be00000, 0x000000070be00000, 0x000000070c000000|  0%| F|  |TAMS 0x000000070be00000, 0x000000070be00000| Untracked 
|  96|0x000000070c000000, 0x000000070c000000, 0x000000070c200000|  0%| F|  |TAMS 0x000000070c000000, 0x000000070c000000| Untracked 
|  97|0x000000070c200000, 0x000000070c200000, 0x000000070c400000|  0%| F|  |TAMS 0x000000070c200000, 0x000000070c200000| Untracked 
|  98|0x000000070c400000, 0x000000070c400000, 0x000000070c600000|  0%| F|  |TAMS 0x000000070c400000, 0x000000070c400000| Untracked 
|  99|0x000000070c600000, 0x000000070c600000, 0x000000070c800000|  0%| F|  |TAMS 0x000000070c600000, 0x000000070c600000| Untracked 
| 100|0x000000070c800000, 0x000000070c800000, 0x000000070ca00000|  0%| F|  |TAMS 0x000000070c800000, 0x000000070c800000| Untracked 
| 101|0x000000070ca00000, 0x000000070ca00000, 0x000000070cc00000|  0%| F|  |TAMS 0x000000070ca00000, 0x000000070ca00000| Untracked 
| 102|0x000000070cc00000, 0x000000070cc00000, 0x000000070ce00000|  0%| F|  |TAMS 0x000000070cc00000, 0x000000070cc00000| Untracked 
| 103|0x000000070ce00000, 0x000000070ce00000, 0x000000070d000000|  0%| F|  |TAMS 0x000000070ce00000, 0x000000070ce00000| Untracked 
| 104|0x000000070d000000, 0x000000070d000000, 0x000000070d200000|  0%| F|  |TAMS 0x000000070d000000, 0x000000070d000000| Untracked 
| 105|0x000000070d200000, 0x000000070d200000, 0x000000070d400000|  0%| F|  |TAMS 0x000000070d200000, 0x000000070d200000| Untracked 
| 106|0x000000070d400000, 0x000000070d400000, 0x000000070d600000|  0%| F|  |TAMS 0x000000070d400000, 0x000000070d400000| Untracked 
| 107|0x000000070d600000, 0x000000070d600000, 0x000000070d800000|  0%| F|  |TAMS 0x000000070d600000, 0x000000070d600000| Untracked 
| 108|0x000000070d800000, 0x000000070d800000, 0x000000070da00000|  0%| F|  |TAMS 0x000000070d800000, 0x000000070d800000| Untracked 
| 109|0x000000070da00000, 0x000000070da00000, 0x000000070dc00000|  0%| F|  |TAMS 0x000000070da00000, 0x000000070da00000| Untracked 
| 110|0x000000070dc00000, 0x000000070dc00000, 0x000000070de00000|  0%| F|  |TAMS 0x000000070dc00000, 0x000000070dc00000| Untracked 
| 111|0x000000070de00000, 0x000000070de00000, 0x000000070e000000|  0%| F|  |TAMS 0x000000070de00000, 0x000000070de00000| Untracked 
| 112|0x000000070e000000, 0x000000070e000000, 0x000000070e200000|  0%| F|  |TAMS 0x000000070e000000, 0x000000070e000000| Untracked 
| 113|0x000000070e200000, 0x000000070e200000, 0x000000070e400000|  0%| F|  |TAMS 0x000000070e200000, 0x000000070e200000| Untracked 
| 114|0x000000070e400000, 0x000000070e400000, 0x000000070e600000|  0%| F|  |TAMS 0x000000070e400000, 0x000000070e400000| Untracked 
| 115|0x000000070e600000, 0x000000070e600000, 0x000000070e800000|  0%| F|  |TAMS 0x000000070e600000, 0x000000070e600000| Untracked 
| 116|0x000000070e800000, 0x000000070e800000, 0x000000070ea00000|  0%| F|  |TAMS 0x000000070e800000, 0x000000070e800000| Untracked 
| 117|0x000000070ea00000, 0x000000070ea00000, 0x000000070ec00000|  0%| F|  |TAMS 0x000000070ea00000, 0x000000070ea00000| Untracked 
| 118|0x000000070ec00000, 0x000000070ec00000, 0x000000070ee00000|  0%| F|  |TAMS 0x000000070ec00000, 0x000000070ec00000| Untracked 
| 119|0x000000070ee00000, 0x000000070ee00000, 0x000000070f000000|  0%| F|  |TAMS 0x000000070ee00000, 0x000000070ee00000| Untracked 
| 120|0x000000070f000000, 0x000000070f000000, 0x000000070f200000|  0%| F|  |TAMS 0x000000070f000000, 0x000000070f000000| Untracked 
| 121|0x000000070f200000, 0x000000070f200000, 0x000000070f400000|  0%| F|  |TAMS 0x000000070f200000, 0x000000070f200000| Untracked 
| 122|0x000000070f400000, 0x000000070f400000, 0x000000070f600000|  0%| F|  |TAMS 0x000000070f400000, 0x000000070f400000| Untracked 
| 123|0x000000070f600000, 0x000000070f600000, 0x000000070f800000|  0%| F|  |TAMS 0x000000070f600000, 0x000000070f600000| Untracked 
| 124|0x000000070f800000, 0x000000070f800000, 0x000000070fa00000|  0%| F|  |TAMS 0x000000070f800000, 0x000000070f800000| Untracked 
| 125|0x000000070fa00000, 0x000000070fa705d8, 0x000000070fc00000| 21%| S|CS|TAMS 0x000000070fa00000, 0x000000070fa00000| Complete 
| 126|0x000000070fc00000, 0x000000070fe00000, 0x000000070fe00000|100%| S|CS|TAMS 0x000000070fc00000, 0x000000070fc00000| Complete 
| 127|0x000000070fe00000, 0x0000000710000000, 0x0000000710000000|100%| S|CS|TAMS 0x000000070fe00000, 0x000000070fe00000| Complete 
| 128|0x0000000710000000, 0x0000000710000000, 0x0000000710200000|  0%| F|  |TAMS 0x0000000710000000, 0x0000000710000000| Untracked 
| 129|0x0000000710200000, 0x0000000710200000, 0x0000000710400000|  0%| F|  |TAMS 0x0000000710200000, 0x0000000710200000| Untracked 
| 130|0x0000000710400000, 0x0000000710400000, 0x0000000710600000|  0%| F|  |TAMS 0x0000000710400000, 0x0000000710400000| Untracked 
| 131|0x0000000710600000, 0x0000000710600000, 0x0000000710800000|  0%| F|  |TAMS 0x0000000710600000, 0x0000000710600000| Untracked 
| 132|0x0000000710800000, 0x0000000710800000, 0x0000000710a00000|  0%| F|  |TAMS 0x0000000710800000, 0x0000000710800000| Untracked 
| 133|0x0000000710a00000, 0x0000000710c00000, 0x0000000710c00000|100%| S|CS|TAMS 0x0000000710a00000, 0x0000000710a00000| Complete 
| 134|0x0000000710c00000, 0x0000000710e00000, 0x0000000710e00000|100%| S|CS|TAMS 0x0000000710c00000, 0x0000000710c00000| Complete 
| 135|0x0000000710e00000, 0x0000000710e00000, 0x0000000711000000|  0%| F|  |TAMS 0x0000000710e00000, 0x0000000710e00000| Untracked 
| 136|0x0000000711000000, 0x0000000711000000, 0x0000000711200000|  0%| F|  |TAMS 0x0000000711000000, 0x0000000711000000| Untracked 
| 137|0x0000000711200000, 0x0000000711200000, 0x0000000711400000|  0%| F|  |TAMS 0x0000000711200000, 0x0000000711200000| Untracked 
| 138|0x0000000711400000, 0x0000000711400000, 0x0000000711600000|  0%| F|  |TAMS 0x0000000711400000, 0x0000000711400000| Untracked 
| 139|0x0000000711600000, 0x0000000711600000, 0x0000000711800000|  0%| F|  |TAMS 0x0000000711600000, 0x0000000711600000| Untracked 
| 140|0x0000000711800000, 0x0000000711800000, 0x0000000711a00000|  0%| F|  |TAMS 0x0000000711800000, 0x0000000711800000| Untracked 
| 141|0x0000000711a00000, 0x0000000711a00000, 0x0000000711c00000|  0%| F|  |TAMS 0x0000000711a00000, 0x0000000711a00000| Untracked 
| 142|0x0000000711c00000, 0x0000000711c00000, 0x0000000711e00000|  0%| F|  |TAMS 0x0000000711c00000, 0x0000000711c00000| Untracked 
| 143|0x0000000711e00000, 0x0000000711e00000, 0x0000000712000000|  0%| F|  |TAMS 0x0000000711e00000, 0x0000000711e00000| Untracked 
| 144|0x0000000712000000, 0x0000000712000000, 0x0000000712200000|  0%| F|  |TAMS 0x0000000712000000, 0x0000000712000000| Untracked 
| 145|0x0000000712200000, 0x0000000712200000, 0x0000000712400000|  0%| F|  |TAMS 0x0000000712200000, 0x0000000712200000| Untracked 
| 146|0x0000000712400000, 0x0000000712400000, 0x0000000712600000|  0%| F|  |TAMS 0x0000000712400000, 0x0000000712400000| Untracked 
| 147|0x0000000712600000, 0x0000000712600000, 0x0000000712800000|  0%| F|  |TAMS 0x0000000712600000, 0x0000000712600000| Untracked 
| 148|0x0000000712800000, 0x0000000712800000, 0x0000000712a00000|  0%| F|  |TAMS 0x0000000712800000, 0x0000000712800000| Untracked 
| 149|0x0000000712a00000, 0x0000000712a00000, 0x0000000712c00000|  0%| F|  |TAMS 0x0000000712a00000, 0x0000000712a00000| Untracked 
| 150|0x0000000712c00000, 0x0000000712d00800, 0x0000000712e00000| 50%| E|  |TAMS 0x0000000712c00000, 0x0000000712c00000| Complete 
| 151|0x0000000712e00000, 0x0000000713000000, 0x0000000713000000|100%| E|CS|TAMS 0x0000000712e00000, 0x0000000712e00000| Complete 
| 152|0x0000000713000000, 0x0000000713200000, 0x0000000713200000|100%| E|CS|TAMS 0x0000000713000000, 0x0000000713000000| Complete 
| 153|0x0000000713200000, 0x0000000713400000, 0x0000000713400000|100%| E|CS|TAMS 0x0000000713200000, 0x0000000713200000| Complete 
| 154|0x0000000713400000, 0x0000000713600000, 0x0000000713600000|100%| E|CS|TAMS 0x0000000713400000, 0x0000000713400000| Complete 
| 155|0x0000000713600000, 0x0000000713800000, 0x0000000713800000|100%| E|CS|TAMS 0x0000000713600000, 0x0000000713600000| Complete 
| 156|0x0000000713800000, 0x0000000713a00000, 0x0000000713a00000|100%| E|CS|TAMS 0x0000000713800000, 0x0000000713800000| Complete 
| 157|0x0000000713a00000, 0x0000000713c00000, 0x0000000713c00000|100%| E|CS|TAMS 0x0000000713a00000, 0x0000000713a00000| Complete 
| 158|0x0000000713c00000, 0x0000000713e00000, 0x0000000713e00000|100%| E|CS|TAMS 0x0000000713c00000, 0x0000000713c00000| Complete 
| 159|0x0000000713e00000, 0x0000000714000000, 0x0000000714000000|100%| E|CS|TAMS 0x0000000713e00000, 0x0000000713e00000| Complete 
| 160|0x0000000714000000, 0x0000000714200000, 0x0000000714200000|100%| E|CS|TAMS 0x0000000714000000, 0x0000000714000000| Complete 
| 161|0x0000000714200000, 0x0000000714400000, 0x0000000714400000|100%| E|CS|TAMS 0x0000000714200000, 0x0000000714200000| Complete 
| 162|0x0000000714400000, 0x0000000714600000, 0x0000000714600000|100%| E|CS|TAMS 0x0000000714400000, 0x0000000714400000| Complete 
| 163|0x0000000714600000, 0x0000000714800000, 0x0000000714800000|100%| E|CS|TAMS 0x0000000714600000, 0x0000000714600000| Complete 
| 164|0x0000000714800000, 0x0000000714a00000, 0x0000000714a00000|100%| E|CS|TAMS 0x0000000714800000, 0x0000000714800000| Complete 
| 165|0x0000000714a00000, 0x0000000714c00000, 0x0000000714c00000|100%| E|CS|TAMS 0x0000000714a00000, 0x0000000714a00000| Complete 
| 166|0x0000000714c00000, 0x0000000714e00000, 0x0000000714e00000|100%| E|CS|TAMS 0x0000000714c00000, 0x0000000714c00000| Complete 
| 167|0x0000000714e00000, 0x0000000715000000, 0x0000000715000000|100%| E|CS|TAMS 0x0000000714e00000, 0x0000000714e00000| Complete 
| 168|0x0000000715000000, 0x0000000715200000, 0x0000000715200000|100%| E|CS|TAMS 0x0000000715000000, 0x0000000715000000| Complete 
| 169|0x0000000715200000, 0x0000000715400000, 0x0000000715400000|100%| E|CS|TAMS 0x0000000715200000, 0x0000000715200000| Complete 
| 170|0x0000000715400000, 0x0000000715600000, 0x0000000715600000|100%| E|CS|TAMS 0x0000000715400000, 0x0000000715400000| Complete 
| 171|0x0000000715600000, 0x0000000715800000, 0x0000000715800000|100%| E|CS|TAMS 0x0000000715600000, 0x0000000715600000| Complete 
| 172|0x0000000715800000, 0x0000000715a00000, 0x0000000715a00000|100%| E|CS|TAMS 0x0000000715800000, 0x0000000715800000| Complete 
| 173|0x0000000715a00000, 0x0000000715c00000, 0x0000000715c00000|100%| E|CS|TAMS 0x0000000715a00000, 0x0000000715a00000| Complete 
| 174|0x0000000715c00000, 0x0000000715e00000, 0x0000000715e00000|100%| E|CS|TAMS 0x0000000715c00000, 0x0000000715c00000| Complete 
| 175|0x0000000715e00000, 0x0000000716000000, 0x0000000716000000|100%| E|CS|TAMS 0x0000000715e00000, 0x0000000715e00000| Complete 
| 176|0x0000000716000000, 0x0000000716200000, 0x0000000716200000|100%| E|CS|TAMS 0x0000000716000000, 0x0000000716000000| Complete 
| 177|0x0000000716200000, 0x0000000716400000, 0x0000000716400000|100%| E|CS|TAMS 0x0000000716200000, 0x0000000716200000| Complete 
| 178|0x0000000716400000, 0x0000000716600000, 0x0000000716600000|100%| E|CS|TAMS 0x0000000716400000, 0x0000000716400000| Complete 

Card table byte_map: [0x00000243a5630000,0x00000243a5e30000] _byte_map_base: 0x00000243a1e30000

Marking Bits (Prev, Next): (CMBitMap*) 0x000002438c7d6c70, (CMBitMap*) 0x000002438c7d6c30
 Prev Bits: [0x00000243aa630000, 0x00000243ae630000)
 Next Bits: [0x00000243a6630000, 0x00000243aa630000)

Polling page: 0x000002438c830000

Metaspace:

Usage:
  Non-class:     89.21 MB used.
      Class:     14.44 MB used.
       Both:    103.64 MB used.

Virtual space:
  Non-class space:      128.00 MB reserved,      89.88 MB ( 70%) committed,  2 nodes.
      Class space:      832.00 MB reserved,      15.00 MB (  2%) committed,  1 nodes.
             Both:      960.00 MB reserved,     104.88 MB ( 11%) committed. 

Chunk freelists:
   Non-Class:  5.36 MB
       Class:  960.00 KB
        Both:  6.30 MB

MaxMetaspaceSize: 1.00 GB
CompressedClassSpaceSize: 832.00 MB
Initial GC threshold: 21.00 MB
Current GC threshold: 117.19 MB
CDS: on
MetaspaceReclaimPolicy: balanced
 - commit_granule_bytes: 65536.
 - commit_granule_words: 8192.
 - virtual_space_node_default_size: 8388608.
 - enlarge_chunks_in_place: 1.
 - new_chunks_are_fully_committed: 0.
 - uncommit_free_chunks: 1.
 - use_allocation_guard: 0.
 - handle_deallocations: 1.


Internal statistics:

num_allocs_failed_limit: 6.
num_arena_births: 1482.
num_arena_deaths: 0.
num_vsnodes_births: 3.
num_vsnodes_deaths: 0.
num_space_committed: 1678.
num_space_uncommitted: 0.
num_chunks_returned_to_freelist: 6.
num_chunks_taken_from_freelist: 6330.
num_chunk_merges: 6.
num_chunk_splits: 4007.
num_chunks_enlarged: 2513.
num_inconsistent_stats: 0.

CodeHeap 'non-profiled nmethods': size=120000Kb used=9067Kb max_used=9067Kb free=110932Kb
 bounds [0x000002439d2e0000, 0x000002439dbc0000, 0x00000243a4810000]
CodeHeap 'profiled nmethods': size=120000Kb used=28065Kb max_used=28065Kb free=91934Kb
 bounds [0x0000024395810000, 0x0000024397380000, 0x000002439cd40000]
CodeHeap 'non-nmethods': size=5760Kb used=2425Kb max_used=2505Kb free=3334Kb
 bounds [0x000002439cd40000, 0x000002439cfc0000, 0x000002439d2e0000]
 total_blobs=14793 nmethods=13834 adapters=870
 compilation: enabled
              stopped_count=0, restarted_count=0
 full_count=0

Compilation events (20 events):
Event: 131.889 Thread 0x00000243b0c5bb20 16047       2       org.gradle.api.internal.tasks.DefaultTaskInputs::visitDependencies (21 bytes)
Event: 131.890 Thread 0x00000243b0c5bb20 nmethod 16047 0x0000024397368290 code [0x0000024397368440, 0x0000024397368738]
Event: 131.891 Thread 0x00000243b0c5bb20 16048       2       org.gradle.api.internal.artifacts.repositories.AbstractArtifactRepository::createComponentMetadataSupplierFactory (26 bytes)
Event: 131.891 Thread 0x00000243b0c5bb20 nmethod 16048 0x0000024397368910 code [0x0000024397368ac0, 0x0000024397368c58]
Event: 131.891 Thread 0x00000243b0c5bb20 16049       2       org.gradle.api.internal.artifacts.repositories.AbstractArtifactRepository::createComponentMetadataVersionLister (26 bytes)
Event: 131.892 Thread 0x00000243b0c5bb20 nmethod 16049 0x0000024397368d10 code [0x0000024397368ec0, 0x0000024397369058]
Event: 131.894 Thread 0x00000243b0c5bb20 16050  s    2       org.gradle.api.internal.artifacts.configurations.DefaultConfiguration::initExcludeRules (72 bytes)
Event: 131.895 Thread 0x00000243b0c5bb20 nmethod 16050 0x0000024397369110 code [0x0000024397369320, 0x0000024397369798]
Event: 131.896 Thread 0x00000243b0c5bb20 16051       3       org.gradle.api.internal.artifacts.ivyservice.ivyresolve.FilteredModuleComponentRepository$FilteringAccess::whenModulePresent (63 bytes)
Event: 131.896 Thread 0x00000243b0c5bb20 nmethod 16051 0x0000024397369990 code [0x0000024397369b80, 0x000002439736a098]
Event: 131.915 Thread 0x00000243b0c5bb20 16052       2       org.gradle.internal.component.local.model.DefaultLocalConfigurationMetadata::<init> (95 bytes)
Event: 131.916 Thread 0x00000243b0c5bb20 nmethod 16052 0x000002439736a290 code [0x000002439736a460, 0x000002439736a9c8]
Event: 131.921 Thread 0x00000243b0c5bb20 16053       2       java.io.File::length (33 bytes)
Event: 131.922 Thread 0x00000243b0c5bb20 nmethod 16053 0x000002439736ab10 code [0x000002439736ace0, 0x000002439736aec8]
Event: 131.922 Thread 0x00000243b0c5bb20 16055       2       org.gradle.api.internal.artifacts.repositories.DefaultMavenArtifactRepository::createResolver (118 bytes)
Event: 131.924 Thread 0x00000243b0c5bb20 nmethod 16055 0x000002439736b010 code [0x000002439736b240, 0x000002439736b908]
Event: 131.927 Thread 0x00000243b0c5bb20 16056   !   2       java.nio.ByteBuffer::putArray (122 bytes)
Event: 131.928 Thread 0x00000243b0c5bb20 nmethod 16056 0x000002439736bc90 code [0x000002439736bea0, 0x000002439736c378]
Event: 131.946 Thread 0x00000243b0c5bb20 16057       3       org.gradle.api.internal.artifacts.type.DefaultArtifactTypeRegistry::applyForExtension (45 bytes)
Event: 131.947 Thread 0x00000243b0c5bb20 nmethod 16057 0x000002439736c790 code [0x000002439736c980, 0x000002439736d078]

GC Heap History (20 events):
Event: 90.594 GC heap before
{Heap before GC invocations=38 (full 0):
 garbage-first heap   total 286720K, used 208146K [0x0000000700000000, 0x0000000800000000)
  region size 2048K, 61 young (124928K), 1 survivors (2048K)
 Metaspace       used 79566K, committed 80320K, reserved 983040K
  class space    used 11158K, committed 11520K, reserved 851968K
}
Event: 90.619 GC heap after
{Heap after GC invocations=39 (full 0):
 garbage-first heap   total 286720K, used 94550K [0x0000000700000000, 0x0000000800000000)
  region size 2048K, 5 young (10240K), 5 survivors (10240K)
 Metaspace       used 79566K, committed 80320K, reserved 983040K
  class space    used 11158K, committed 11520K, reserved 851968K
}
Event: 90.724 GC heap before
{Heap before GC invocations=39 (full 0):
 garbage-first heap   total 286720K, used 98646K [0x0000000700000000, 0x0000000800000000)
  region size 2048K, 7 young (14336K), 5 survivors (10240K)
 Metaspace       used 79884K, committed 80640K, reserved 983040K
  class space    used 11202K, committed 11584K, reserved 851968K
}
Event: 90.734 GC heap after
{Heap after GC invocations=40 (full 0):
 garbage-first heap   total 286720K, used 95010K [0x0000000700000000, 0x0000000800000000)
  region size 2048K, 1 young (2048K), 1 survivors (2048K)
 Metaspace       used 79884K, committed 80640K, reserved 983040K
  class space    used 11202K, committed 11584K, reserved 851968K
}
Event: 103.399 GC heap before
{Heap before GC invocations=40 (full 0):
 garbage-first heap   total 286720K, used 213794K [0x0000000700000000, 0x0000000800000000)
  region size 2048K, 59 young (120832K), 1 survivors (2048K)
 Metaspace       used 85104K, committed 85888K, reserved 983040K
  class space    used 11916K, committed 12288K, reserved 851968K
}
Event: 103.418 GC heap after
{Heap after GC invocations=41 (full 0):
 garbage-first heap   total 286720K, used 101864K [0x0000000700000000, 0x0000000800000000)
  region size 2048K, 4 young (8192K), 4 survivors (8192K)
 Metaspace       used 85104K, committed 85888K, reserved 983040K
  class space    used 11916K, committed 12288K, reserved 851968K
}
Event: 107.736 GC heap before
{Heap before GC invocations=41 (full 0):
 garbage-first heap   total 286720K, used 218600K [0x0000000700000000, 0x0000000800000000)
  region size 2048K, 61 young (124928K), 4 survivors (8192K)
 Metaspace       used 92143K, committed 92992K, reserved 983040K
  class space    used 13037K, committed 13440K, reserved 851968K
}
Event: 107.773 GC heap after
{Heap after GC invocations=42 (full 0):
 garbage-first heap   total 286720K, used 106843K [0x0000000700000000, 0x0000000800000000)
  region size 2048K, 7 young (14336K), 7 survivors (14336K)
 Metaspace       used 92143K, committed 92992K, reserved 983040K
  class space    used 13037K, committed 13440K, reserved 851968K
}
Event: 112.828 GC heap before
{Heap before GC invocations=42 (full 0):
 garbage-first heap   total 286720K, used 223579K [0x0000000700000000, 0x0000000800000000)
  region size 2048K, 64 young (131072K), 7 survivors (14336K)
 Metaspace       used 96467K, committed 97472K, reserved 983040K
  class space    used 13587K, committed 14080K, reserved 851968K
}
Event: 112.894 GC heap after
{Heap after GC invocations=43 (full 0):
 garbage-first heap   total 286720K, used 124345K [0x0000000700000000, 0x0000000800000000)
  region size 2048K, 8 young (16384K), 8 survivors (16384K)
 Metaspace       used 96467K, committed 97472K, reserved 983040K
  class space    used 13587K, committed 14080K, reserved 851968K
}
Event: 117.083 GC heap before
{Heap before GC invocations=43 (full 0):
 garbage-first heap   total 286720K, used 222649K [0x0000000700000000, 0x0000000800000000)
  region size 2048K, 56 young (114688K), 8 survivors (16384K)
 Metaspace       used 97791K, committed 98816K, reserved 983040K
  class space    used 13741K, committed 14208K, reserved 851968K
}
Event: 117.143 GC heap after
{Heap after GC invocations=44 (full 0):
 garbage-first heap   total 286720K, used 143846K [0x0000000700000000, 0x0000000800000000)
  region size 2048K, 7 young (14336K), 7 survivors (14336K)
 Metaspace       used 97791K, committed 98816K, reserved 983040K
  class space    used 13741K, committed 14208K, reserved 851968K
}
Event: 120.171 GC heap before
{Heap before GC invocations=44 (full 0):
 garbage-first heap   total 286720K, used 219622K [0x0000000700000000, 0x0000000800000000)
  region size 2048K, 44 young (90112K), 7 survivors (14336K)
 Metaspace       used 98346K, committed 99456K, reserved 983040K
  class space    used 13791K, committed 14272K, reserved 851968K
}
Event: 120.219 GC heap after
{Heap after GC invocations=45 (full 0):
 garbage-first heap   total 286720K, used 160005K [0x0000000700000000, 0x0000000800000000)
  region size 2048K, 6 young (12288K), 6 survivors (12288K)
 Metaspace       used 98346K, committed 99456K, reserved 983040K
  class space    used 13791K, committed 14272K, reserved 851968K
}
Event: 123.391 GC heap before
{Heap before GC invocations=45 (full 0):
 garbage-first heap   total 286720K, used 221445K [0x0000000700000000, 0x0000000800000000)
  region size 2048K, 37 young (75776K), 6 survivors (12288K)
 Metaspace       used 98903K, committed 100032K, reserved 983040K
  class space    used 13856K, committed 14400K, reserved 851968K
}
Event: 123.437 GC heap after
{Heap after GC invocations=46 (full 0):
 garbage-first heap   total 366592K, used 176244K [0x0000000700000000, 0x0000000800000000)
  region size 2048K, 5 young (10240K), 5 survivors (10240K)
 Metaspace       used 98903K, committed 100032K, reserved 983040K
  class space    used 13856K, committed 14400K, reserved 851968K
}
Event: 128.409 GC heap before
{Heap before GC invocations=46 (full 0):
 garbage-first heap   total 366592K, used 270452K [0x0000000700000000, 0x0000000800000000)
  region size 2048K, 51 young (104448K), 5 survivors (10240K)
 Metaspace       used 103834K, committed 105088K, reserved 983040K
  class space    used 14550K, committed 15168K, reserved 851968K
}
Event: 128.438 GC heap after
{Heap after GC invocations=47 (full 0):
 garbage-first heap   total 366592K, used 188349K [0x0000000700000000, 0x0000000800000000)
  region size 2048K, 5 young (10240K), 5 survivors (10240K)
 Metaspace       used 103834K, committed 105088K, reserved 983040K
  class space    used 14550K, committed 15168K, reserved 851968K
}
Event: 131.139 GC heap before
{Heap before GC invocations=47 (full 0):
 garbage-first heap   total 366592K, used 278461K [0x0000000700000000, 0x0000000800000000)
  region size 2048K, 49 young (100352K), 5 survivors (10240K)
 Metaspace       used 105666K, committed 106944K, reserved 983040K
  class space    used 14738K, committed 15360K, reserved 851968K
}
Event: 131.174 GC heap after
{Heap after GC invocations=48 (full 0):
 garbage-first heap   total 366592K, used 196882K [0x0000000700000000, 0x0000000800000000)
  region size 2048K, 5 young (10240K), 5 survivors (10240K)
 Metaspace       used 105666K, committed 106944K, reserved 983040K
  class space    used 14738K, committed 15360K, reserved 851968K
}

Deoptimization events (20 events):
Event: 130.198 Thread 0x00000243eafb5810 DEOPT PACKING pc=0x000002439d3e7448 sp=0x000000b6514f8cf0
Event: 130.198 Thread 0x00000243eafb5810 DEOPT UNPACKING pc=0x000002439cd923a3 sp=0x000000b6514f8c68 mode 2
Event: 130.296 Thread 0x00000243eafb5810 Uncommon trap: trap_request=0xffffff45 fr.pc=0x000002439da8fe10 relative=0x0000000000000150
Event: 130.296 Thread 0x00000243eafb5810 Uncommon trap: reason=unstable_if action=reinterpret pc=0x000002439da8fe10 method=org.gradle.api.internal.artifacts.configurations.DefaultConfiguration.preventIllegalMutation(Lorg/gradle/api/internal/artifacts/configurations/MutationValidator$MutationType
Event: 130.296 Thread 0x00000243eafb5810 DEOPT PACKING pc=0x000002439da8fe10 sp=0x000000b6514f86b0
Event: 130.296 Thread 0x00000243eafb5810 DEOPT UNPACKING pc=0x000002439cd923a3 sp=0x000000b6514f85e0 mode 2
Event: 130.296 Thread 0x00000243eafb5810 Uncommon trap: trap_request=0xffffff45 fr.pc=0x000002439da59748 relative=0x0000000000000128
Event: 130.296 Thread 0x00000243eafb5810 Uncommon trap: reason=unstable_if action=reinterpret pc=0x000002439da59748 method=org.gradle.api.internal.artifacts.configurations.DefaultConfiguration.preventIllegalMutation(Lorg/gradle/api/internal/artifacts/configurations/MutationValidator$MutationType
Event: 130.297 Thread 0x00000243eafb5810 DEOPT PACKING pc=0x000002439da59748 sp=0x000000b6514f8630
Event: 130.297 Thread 0x00000243eafb5810 DEOPT UNPACKING pc=0x000002439cd923a3 sp=0x000000b6514f85c8 mode 2
Event: 130.968 Thread 0x00000243eafb5810 DEOPT PACKING pc=0x00000243970a1c20 sp=0x000000b6514f84a0
Event: 130.968 Thread 0x00000243eafb5810 DEOPT UNPACKING pc=0x000002439cd92b43 sp=0x000000b6514f7938 mode 0
Event: 131.548 Thread 0x00000243eafb5810 Uncommon trap: trap_request=0xffffffd6 fr.pc=0x000002439db93e90 relative=0x0000000000000970
Event: 131.548 Thread 0x00000243eafb5810 Uncommon trap: reason=array_check action=maybe_recompile pc=0x000002439db93e90 method=java.util.TimSort.binarySort([Ljava/lang/Object;IIILjava/util/Comparator;)V @ 183 c2
Event: 131.548 Thread 0x00000243eafb5810 DEOPT PACKING pc=0x000002439db93e90 sp=0x000000b6514f97f0
Event: 131.548 Thread 0x00000243eafb5810 DEOPT UNPACKING pc=0x000002439cd923a3 sp=0x000000b6514f9798 mode 2
Event: 131.696 Thread 0x00000243eafb5810 Uncommon trap: trap_request=0xffffffd6 fr.pc=0x000002439db93e90 relative=0x0000000000000970
Event: 131.696 Thread 0x00000243eafb5810 Uncommon trap: reason=array_check action=maybe_recompile pc=0x000002439db93e90 method=java.util.TimSort.binarySort([Ljava/lang/Object;IIILjava/util/Comparator;)V @ 183 c2
Event: 131.696 Thread 0x00000243eafb5810 DEOPT PACKING pc=0x000002439db93e90 sp=0x000000b6514f9c30
Event: 131.696 Thread 0x00000243eafb5810 DEOPT UNPACKING pc=0x000002439cd923a3 sp=0x000000b6514f9bd8 mode 2

Classes unloaded (0 events):
No events

Classes redefined (0 events):
No events

Internal exceptions (20 events):
Event: 120.953 Thread 0x00000243eafb5810 Exception <a 'java/lang/ClassNotFoundException'{0x0000000710845090}: org/gradle/api/internal/artifacts/dsl/dependencies/DefaultDependencyConstraintHandlerCustomizer> (0x0000000710845090) 
thrown [s\open\src\hotspot\share\classfile\systemDictionary.cpp, line 256]
Event: 120.961 Thread 0x00000243eafb5810 Exception <a 'java/lang/ClassNotFoundException'{0x000000071086a540}: org/gradle/api/internal/artifacts/dsl/dependencies/DefaultDependencyConstraintHandler_DecoratedCustomizer> (0x000000071086a540) 
thrown [s\open\src\hotspot\share\classfile\systemDictionary.cpp, line 256]
Event: 120.987 Thread 0x00000243eafb5810 Exception <a 'java/lang/ClassNotFoundException'{0x00000007108cd3e0}: org/gradle/api/internal/artifacts/dependencies/DefaultDependencyConstraint_DecoratedBeanInfo> (0x00000007108cd3e0) 
thrown [s\open\src\hotspot\share\classfile\systemDictionary.cpp, line 256]
Event: 120.990 Thread 0x00000243eafb5810 Exception <a 'java/lang/ClassNotFoundException'{0x00000007108eb2f0}: org/gradle/api/internal/artifacts/dependencies/DefaultDependencyConstraintBeanInfo> (0x00000007108eb2f0) 
thrown [s\open\src\hotspot\share\classfile\systemDictionary.cpp, line 256]
Event: 120.994 Thread 0x00000243eafb5810 Exception <a 'java/lang/ClassNotFoundException'{0x000000071090c928}: org/gradle/api/internal/artifacts/dependencies/DefaultDependencyConstraintCustomizer> (0x000000071090c928) 
thrown [s\open\src\hotspot\share\classfile\systemDictionary.cpp, line 256]
Event: 121.003 Thread 0x00000243eafb5810 Exception <a 'java/lang/ClassNotFoundException'{0x000000071093c4e0}: org/gradle/api/internal/artifacts/dependencies/DefaultDependencyConstraint_DecoratedCustomizer> (0x000000071093c4e0) 
thrown [s\open\src\hotspot\share\classfile\systemDictionary.cpp, line 256]
Event: 121.961 Thread 0x00000243eafb5810 Exception <a 'java/lang/ClassNotFoundException'{0x000000070fd2c120}: build_b6yg480xsmsj1mi33jitr8uleBeanInfo> (0x000000070fd2c120) 
thrown [s\open\src\hotspot\share\classfile\systemDictionary.cpp, line 256]
Event: 121.962 Thread 0x00000243eafb5810 Exception <a 'java/lang/ClassNotFoundException'{0x000000070fd32a80}: build_b6yg480xsmsj1mi33jitr8uleCustomizer> (0x000000070fd32a80) 
thrown [s\open\src\hotspot\share\classfile\systemDictionary.cpp, line 256]
Event: 122.782 Thread 0x00000243eafb5810 Exception <a 'java/lang/ClassNotFoundException'{0x000000070e659068}: build_b6yg480xsmsj1mi33jitr8uleBeanInfo> (0x000000070e659068) 
thrown [s\open\src\hotspot\share\classfile\systemDictionary.cpp, line 256]
Event: 122.783 Thread 0x00000243eafb5810 Exception <a 'java/lang/ClassNotFoundException'{0x000000070e65f968}: build_b6yg480xsmsj1mi33jitr8uleCustomizer> (0x000000070e65f968) 
thrown [s\open\src\hotspot\share\classfile\systemDictionary.cpp, line 256]
Event: 123.064 Thread 0x00000243eafb5810 Exception <a 'java/lang/ClassNotFoundException'{0x000000070e1a66f8}: build_b6yg480xsmsj1mi33jitr8ule$_run_closure1BeanInfo> (0x000000070e1a66f8) 
thrown [s\open\src\hotspot\share\classfile\systemDictionary.cpp, line 256]
Event: 123.066 Thread 0x00000243eafb5810 Exception <a 'java/lang/ClassNotFoundException'{0x000000070e1b21e0}: build_b6yg480xsmsj1mi33jitr8ule$_run_closure1Customizer> (0x000000070e1b21e0) 
thrown [s\open\src\hotspot\share\classfile\systemDictionary.cpp, line 256]
Event: 125.418 Thread 0x00000243eafb5810 Exception <a 'java/lang/NullPointerException'{0x0000000714923390}> (0x0000000714923390) 
thrown [s\open\src\hotspot\share\interpreter\linkResolver.cpp, line 1433]
Event: 125.975 Thread 0x00000243eafb5810 Implicit null exception at 0x000002439d45b540 to 0x000002439d45cb80
Event: 126.533 Thread 0x00000243eafb5810 Exception <a 'sun/nio/fs/WindowsException'{0x00000007134ef380}> (0x00000007134ef380) 
thrown [s\open\src\hotspot\share\prims\jni.cpp, line 516]
Event: 126.533 Thread 0x00000243eafb5810 Exception <a 'sun/nio/fs/WindowsException'{0x00000007134f0700}> (0x00000007134f0700) 
thrown [s\open\src\hotspot\share\prims\jni.cpp, line 516]
Event: 126.534 Thread 0x00000243eafb5810 Exception <a 'sun/nio/fs/WindowsException'{0x00000007134f1ad0}> (0x00000007134f1ad0) 
thrown [s\open\src\hotspot\share\prims\jni.cpp, line 516]
Event: 126.534 Thread 0x00000243eafb5810 Exception <a 'sun/nio/fs/WindowsException'{0x00000007134f2ea0}> (0x00000007134f2ea0) 
thrown [s\open\src\hotspot\share\prims\jni.cpp, line 516]
Event: 128.439 Thread 0x00000243b0c3e280 Implicit null exception at 0x000002439d51d000 to 0x000002439d51d694
Event: 129.958 Thread 0x00000243eafb5810 Exception <a 'java/lang/IncompatibleClassChangeError'{0x0000000713f89390}: Found class java.lang.Object, but interface was expected> (0x0000000713f89390) 
thrown [s\open\src\hotspot\share\interpreter\linkResolver.cpp, line 826]

VM Operations (20 events):
Event: 125.250 Executing VM operation: HandshakeAllThreads
Event: 125.250 Executing VM operation: HandshakeAllThreads done
Event: 126.256 Executing VM operation: Cleanup
Event: 126.257 Executing VM operation: Cleanup done
Event: 127.269 Executing VM operation: Cleanup
Event: 127.270 Executing VM operation: Cleanup done
Event: 128.261 Executing VM operation: ICBufferFull
Event: 128.262 Executing VM operation: ICBufferFull done
Event: 128.409 Executing VM operation: G1CollectForAllocation
Event: 128.438 Executing VM operation: G1CollectForAllocation done
Event: 129.200 Executing VM operation: ICBufferFull
Event: 129.200 Executing VM operation: ICBufferFull done
Event: 129.215 Executing VM operation: HandshakeAllThreads
Event: 129.215 Executing VM operation: HandshakeAllThreads done
Event: 129.655 Executing VM operation: ICBufferFull
Event: 129.655 Executing VM operation: ICBufferFull done
Event: 130.652 Executing VM operation: ICBufferFull
Event: 130.652 Executing VM operation: ICBufferFull done
Event: 131.139 Executing VM operation: G1CollectForAllocation
Event: 131.174 Executing VM operation: G1CollectForAllocation done

Events (20 events):
Event: 126.536 loading class java/util/EnumMap$EntrySet done
Event: 126.536 loading class java/util/EnumMap$EntryIterator
Event: 126.536 loading class java/util/EnumMap$EnumMapIterator
Event: 126.536 loading class java/util/EnumMap$EnumMapIterator done
Event: 126.536 loading class java/util/EnumMap$EntryIterator done
Event: 126.536 loading class java/util/EnumMap$EntryIterator$Entry
Event: 126.536 loading class java/util/EnumMap$EntryIterator$Entry done
Event: 126.572 loading class jdk/internal/reflect/UnsafeBooleanFieldAccessorImpl
Event: 126.572 loading class jdk/internal/reflect/UnsafeBooleanFieldAccessorImpl done
Event: 127.099 loading class java/io/CharArrayWriter
Event: 127.100 loading class java/io/CharArrayWriter done
Event: 127.112 loading class java/io/SequenceInputStream
Event: 127.112 loading class java/io/SequenceInputStream done
Event: 129.226 Thread 0x00000243b0cbe780 flushing nmethod 0x0000024395986210
Event: 129.228 Thread 0x00000243b0cbe780 flushing nmethod 0x0000024395b4fd90
Event: 129.234 Thread 0x00000243b0cbe780 flushing nmethod 0x0000024395fb8a10
Event: 129.235 Thread 0x00000243b0cbe780 flushing nmethod 0x0000024396016410
Event: 129.241 Thread 0x00000243b0cbe780 flushing nmethod 0x000002439650b690
Event: 129.242 Thread 0x00000243b0cbe780 flushing nmethod 0x0000024396583e90
Event: 129.246 Thread 0x00000243b0cbe780 flushing nmethod 0x0000024396902090


Dynamic libraries:
0x00007ff7640b0000 - 0x00007ff7640c0000 	C:\Program Files\Java\jdk-17\bin\java.exe
0x00007ff9598f0000 - 0x00007ff959b07000 	C:\Windows\SYSTEM32\ntdll.dll
0x00007ff9578c0000 - 0x00007ff957984000 	C:\Windows\System32\KERNEL32.DLL
0x00007ff957000000 - 0x00007ff9573ad000 	C:\Windows\System32\KERNELBASE.dll
0x00007ff956ee0000 - 0x00007ff956ff1000 	C:\Windows\System32\ucrtbase.dll
0x00007ff94c500000 - 0x00007ff94c51b000 	C:\Program Files\Java\jdk-17\bin\VCRUNTIME140.dll
0x00007ff91cfa0000 - 0x00007ff91cfb9000 	C:\Program Files\Java\jdk-17\bin\jli.dll
0x00007ff958dd0000 - 0x00007ff958e82000 	C:\Windows\System32\ADVAPI32.dll
0x00007ff958280000 - 0x00007ff958327000 	C:\Windows\System32\msvcrt.dll
0x00007ff9581c0000 - 0x00007ff958269000 	C:\Windows\System32\sechost.dll
0x00007ff9574d0000 - 0x00007ff9574f8000 	C:\Windows\System32\bcrypt.dll
0x00007ff9593c0000 - 0x00007ff9594d4000 	C:\Windows\System32\RPCRT4.dll
0x00007ff959670000 - 0x00007ff95981e000 	C:\Windows\System32\USER32.dll
0x00007ff957430000 - 0x00007ff957456000 	C:\Windows\System32\win32u.dll
0x00007ff958da0000 - 0x00007ff958dc9000 	C:\Windows\System32\GDI32.dll
0x00007ff940620000 - 0x00007ff9408b3000 	C:\Windows\WinSxS\amd64_microsoft.windows.common-controls_6595b64144ccf1df_6.0.22621.3672_none_2713b9d173822955\COMCTL32.dll
0x00007ff957500000 - 0x00007ff957619000 	C:\Windows\System32\gdi32full.dll
0x00007ff956c10000 - 0x00007ff956caa000 	C:\Windows\System32\msvcp_win.dll
0x00007ff94f070000 - 0x00007ff94f07a000 	C:\Windows\SYSTEM32\VERSION.dll
0x00007ff957620000 - 0x00007ff957651000 	C:\Windows\System32\IMM32.DLL
0x00007ff94cd70000 - 0x00007ff94cd7c000 	C:\Program Files\Java\jdk-17\bin\vcruntime140_1.dll
0x00007ff8e55a0000 - 0x00007ff8e562e000 	C:\Program Files\Java\jdk-17\bin\msvcp140.dll
0x00007ff8c6130000 - 0x00007ff8c6d10000 	C:\Program Files\Java\jdk-17\bin\server\jvm.dll
0x00007ff958330000 - 0x00007ff958338000 	C:\Windows\System32\PSAPI.DLL
0x00007ff94f150000 - 0x00007ff94f184000 	C:\Windows\SYSTEM32\WINMM.dll
0x00007ff94f190000 - 0x00007ff94f199000 	C:\Windows\SYSTEM32\WSOCK32.dll
0x00007ff957680000 - 0x00007ff9576f1000 	C:\Windows\System32\ws2_32.DLL
0x00007ff955c00000 - 0x00007ff955c18000 	C:\Windows\SYSTEM32\kernel.appcore.dll
0x00007ff94ccf0000 - 0x00007ff94ccfa000 	C:\Program Files\Java\jdk-17\bin\jimage.dll
0x00007ff9514c0000 - 0x00007ff9516f2000 	C:\Windows\SYSTEM32\DBGHELP.DLL
0x00007ff957b40000 - 0x00007ff957ecd000 	C:\Windows\System32\combase.dll
0x00007ff957ed0000 - 0x00007ff957fa7000 	C:\Windows\System32\OLEAUT32.dll
0x00007ff93db70000 - 0x00007ff93dba2000 	C:\Windows\SYSTEM32\dbgcore.DLL
0x00007ff9573b0000 - 0x00007ff95742b000 	C:\Windows\System32\bcryptPrimitives.dll
0x00007ff93eae0000 - 0x00007ff93eaee000 	C:\Program Files\Java\jdk-17\bin\instrument.dll
0x00007ff91c820000 - 0x00007ff91c845000 	C:\Program Files\Java\jdk-17\bin\java.dll
0x00007ff8d1360000 - 0x00007ff8d1437000 	C:\Program Files\Java\jdk-17\bin\jsvml.dll
0x00007ff958530000 - 0x00007ff958d97000 	C:\Windows\System32\SHELL32.dll
0x00007ff954b10000 - 0x00007ff95540e000 	C:\Windows\SYSTEM32\windows.storage.dll
0x00007ff9549d0000 - 0x00007ff954b0f000 	C:\Windows\SYSTEM32\wintypes.dll
0x00007ff959560000 - 0x00007ff959659000 	C:\Windows\System32\SHCORE.dll
0x00007ff957fb0000 - 0x00007ff95800e000 	C:\Windows\System32\shlwapi.dll
0x00007ff956b40000 - 0x00007ff956b61000 	C:\Windows\SYSTEM32\profapi.dll
0x00007ff9150e0000 - 0x00007ff9150f8000 	C:\Program Files\Java\jdk-17\bin\zip.dll
0x00007ff915120000 - 0x00007ff915139000 	C:\Program Files\Java\jdk-17\bin\net.dll
0x00007ff950c80000 - 0x00007ff950db6000 	C:\Windows\SYSTEM32\WINHTTP.dll
0x00007ff956060000 - 0x00007ff9560c9000 	C:\Windows\system32\mswsock.dll
0x00007ff915100000 - 0x00007ff915116000 	C:\Program Files\Java\jdk-17\bin\nio.dll
0x00007ff94a290000 - 0x00007ff94a2a0000 	C:\Program Files\Java\jdk-17\bin\verify.dll
0x00007ff913cf0000 - 0x00007ff913d17000 	C:\Users\Hp\.gradle\native\c067742578af261105cb4f569cf0c3c89f3d7b1fecec35dd04571415982c5e48\windows-amd64\native-platform.dll
0x00007ff8d1210000 - 0x00007ff8d1354000 	C:\Users\Hp\.gradle\native\38dada09dfb8b06ba9b0570ebf7e218e3eb74d4ef43ca46872605cf95ebc2f47\windows-amd64\native-platform-file-events.dll
0x00007ff944410000 - 0x00007ff94441a000 	C:\Program Files\Java\jdk-17\bin\management.dll
0x00007ff93eaf0000 - 0x00007ff93eafb000 	C:\Program Files\Java\jdk-17\bin\management_ext.dll
0x00007ff9563b0000 - 0x00007ff9563cb000 	C:\Windows\SYSTEM32\CRYPTSP.dll
0x00007ff955b60000 - 0x00007ff955b95000 	C:\Windows\system32\rsaenh.dll
0x00007ff956100000 - 0x00007ff956128000 	C:\Windows\SYSTEM32\USERENV.dll
0x00007ff956390000 - 0x00007ff95639c000 	C:\Windows\SYSTEM32\CRYPTBASE.dll
0x00007ff955670000 - 0x00007ff95569d000 	C:\Windows\SYSTEM32\IPHLPAPI.DLL
0x00007ff9584a0000 - 0x00007ff9584a9000 	C:\Windows\System32\NSI.dll
0x00007ff94ef60000 - 0x00007ff94ef79000 	C:\Windows\SYSTEM32\dhcpcsvc6.DLL
0x00007ff94ef40000 - 0x00007ff94ef5f000 	C:\Windows\SYSTEM32\dhcpcsvc.DLL
0x00007ff9556e0000 - 0x00007ff9557d8000 	C:\Windows\SYSTEM32\DNSAPI.dll
0x00007ff93e980000 - 0x00007ff93e98e000 	C:\Program Files\Java\jdk-17\bin\sunmscapi.dll
0x00007ff956d70000 - 0x00007ff956ed7000 	C:\Windows\System32\CRYPT32.dll
0x00007ff9564d0000 - 0x00007ff9564fe000 	C:\Windows\SYSTEM32\ncrypt.dll
0x00007ff956490000 - 0x00007ff9564c7000 	C:\Windows\SYSTEM32\NTASN1.dll
0x00007ff942080000 - 0x00007ff942088000 	C:\Windows\system32\wshunix.dll
0x00007ff932e10000 - 0x00007ff932e27000 	C:\Windows\system32\napinsp.dll
0x00007ff932dd0000 - 0x00007ff932deb000 	C:\Windows\system32\pnrpnsp.dll
0x00007ff932db0000 - 0x00007ff932dc1000 	C:\Windows\System32\winrnr.dll
0x00007ff932a00000 - 0x00007ff932a15000 	C:\Windows\system32\wshbth.dll
0x00007ff9329d0000 - 0x00007ff9329f7000 	C:\Windows\system32\nlansp_c.dll
0x00007ff941210000 - 0x00007ff94121a000 	C:\Windows\System32\rasadhlp.dll
0x00007ff94c950000 - 0x00007ff94c9d3000 	C:\Windows\System32\fwpuclnt.dll

dbghelp: loaded successfully - version: 4.0.5 - missing functions: none
symbol engine: initialized successfully - sym options: 0x614 - pdb path: .;C:\Program Files\Java\jdk-17\bin;C:\Windows\SYSTEM32;C:\Windows\WinSxS\amd64_microsoft.windows.common-controls_6595b64144ccf1df_6.0.22621.3672_none_2713b9d173822955;C:\Program Files\Java\jdk-17\bin\server;C:\Users\Hp\.gradle\native\c067742578af261105cb4f569cf0c3c89f3d7b1fecec35dd04571415982c5e48\windows-amd64;C:\Users\Hp\.gradle\native\38dada09dfb8b06ba9b0570ebf7e218e3eb74d4ef43ca46872605cf95ebc2f47\windows-amd64

VM Arguments:
jvm_args: -XX:MaxMetaspaceSize=1024m --add-opens=java.base/java.util=ALL-UNNAMED --add-opens=java.base/java.lang=ALL-UNNAMED --add-opens=java.base/java.lang.invoke=ALL-UNNAMED --add-opens=java.prefs/java.util.prefs=ALL-UNNAMED --add-opens=java.base/java.nio.charset=ALL-UNNAMED --add-opens=java.base/java.net=ALL-UNNAMED --add-opens=java.base/java.util.concurrent.atomic=ALL-UNNAMED -Xmx4096m -Dfile.encoding=windows-1252 -Duser.country=GB -Duser.language=en -Duser.variant -javaagent:C:\Users\Hp\.gradle\wrapper\dists\gradle-8.6-all\3mbtmo166bl6vumsh5k2lkq5h\gradle-8.6\lib\agents\gradle-instrumentation-agent-8.6.jar 
java_command: org.gradle.launcher.daemon.bootstrap.GradleDaemon 8.6
java_class_path (initial): C:\Users\Hp\.gradle\wrapper\dists\gradle-8.6-all\3mbtmo166bl6vumsh5k2lkq5h\gradle-8.6\lib\gradle-launcher-8.6.jar
Launcher Type: SUN_STANDARD

[Global flags]
     intx CICompilerCount                          = 3                                         {product} {ergonomic}
   size_t CompressedClassSpaceSize                 = 872415232                                 {product} {ergonomic}
     uint ConcGCThreads                            = 1                                         {product} {ergonomic}
     uint G1ConcRefinementThreads                  = 4                                         {product} {ergonomic}
   size_t G1HeapRegionSize                         = 2097152                                   {product} {ergonomic}
    uintx GCDrainStackTargetSize                   = 64                                        {product} {ergonomic}
   size_t InitialHeapSize                          = 134217728                                 {product} {ergonomic}
   size_t MarkStackSize                            = 4194304                                   {product} {ergonomic}
   size_t MaxHeapSize                              = 4294967296                                {product} {command line}
   size_t MaxMetaspaceSize                         = 1073741824                                {product} {command line}
   size_t MaxNewSize                               = 2575302656                                {product} {ergonomic}
   size_t MinHeapDeltaBytes                        = 2097152                                   {product} {ergonomic}
   size_t MinHeapSize                              = 8388608                                   {product} {ergonomic}
    uintx NonNMethodCodeHeapSize                   = 5832780                                {pd product} {ergonomic}
    uintx NonProfiledCodeHeapSize                  = 122912730                              {pd product} {ergonomic}
    uintx ProfiledCodeHeapSize                     = 122912730                              {pd product} {ergonomic}
    uintx ReservedCodeCacheSize                    = 251658240                              {pd product} {ergonomic}
     bool SegmentedCodeCache                       = true                                      {product} {ergonomic}
   size_t SoftMaxHeapSize                          = 4294967296                             {manageable} {ergonomic}
     bool UseCompressedClassPointers               = true                           {product lp64_product} {ergonomic}
     bool UseCompressedOops                        = true                           {product lp64_product} {ergonomic}
     bool UseG1GC                                  = true                                      {product} {ergonomic}
     bool UseLargePagesIndividualAllocation        = false                                  {pd product} {ergonomic}

Logging:
Log output configuration:
 #0: stdout all=warning uptime,level,tags
 #1: stderr all=off uptime,level,tags

Environment Variables:
JAVA_HOME=C:\Program Files\Java\jdk-17
CLASSPATH=D:\reactnativeapp\myapp\android\\gradle\wrapper\gradle-wrapper.jar
PATH=C:\Program Files\Common Files\Oracle\Java\javapath;C:\Windows\system32;C:\Windows;C:\Windows\System32\Wbem;C:\Windows\System32\WindowsPowerShell\v1.0\;C:\Windows\System32\OpenSSH\;C:\Users\Hp\AppData\Roaming\nvm;C:\Program Files\nodejs;C:\Program Files\nodejs;C:\Users\Hp\AppData\Local\Android\Sdk;C:\Program Files\MongoDB\Server\7.0\data;C:\Program Files\Java\jdk-17\bin;C:\Users\Hp\.gradle\daemon\8.6;D:\xamp\php;D:\ComposerSetup;C:\Users\Hp\AppData\Local\Android\Sdk\emulator;C:\Users\Hp\AppData\Local\Android\Sdk\tools;C:\Users\Hp\AppData\Local\Microsoft\WindowsApps;C:\Users\Hp\AppData\Roaming\nvm;C:\Program Files\nodejs;D:\miral\Microsoft VS Code\bin;C:\Program Files\Java\jdk-17\bin;C:\Users\Hp\.gradle\daemon\8.6;C:\Users\Hp\AppData\Roaming\Composer\vendor\bin;C:\Users\Hp\AppData\Local\Android\Sdk\emulator;C:\Users\Hp\AppData\Local\Android\Sdk\platform-tools;
USERNAME=Hp
LANG=en_US.UTF-8
OS=Windows_NT
PROCESSOR_IDENTIFIER=Intel64 Family 6 Model 78 Stepping 3, GenuineIntel



---------------  S Y S T E M  ---------------

OS:
 Windows 11 , 64 bit Build 22621 (10.0.22621.3958)
OS uptime: 0 days 1:40 hours
Hyper-V role detected

CPU: total 4 (initial active 4) (2 cores per cpu, 2 threads per core) family 6 model 78 stepping 3 microcode 0xf0, cx8, cmov, fxsr, ht, mmx, 3dnowpref, sse, sse2, sse3, ssse3, sse4.1, sse4.2, popcnt, lzcnt, tsc, tscinvbit, avx, avx2, aes, erms, clmul, bmi1, bmi2, rtm, adx, fma, vzeroupper, clflush, clflushopt, hv

Memory: 4k page, system-wide physical 8070M (280M free)
TotalPageFile size 14187M (AvailPageFile size 18M)
current process WorkingSet (physical memory assigned to process): 601M, peak: 646M
current process commit charge ("private bytes"): 706M, peak: 708M

vm_info: Java HotSpot(TM) 64-Bit Server VM (17.0.11+7-LTS-207) for windows-amd64 JRE (17.0.11+7-LTS-207), built on Mar 11 2024 19:01:50 by "mach5one" with MS VC++ 17.6 (VS2022)

END.
