#
# There is insufficient memory for the Java Runtime Environment to continue.
# Native memory allocation (mmap) failed to map 134217728 bytes for G1 virtual space
# Possible reasons:
#   The system is out of physical RAM or swap space
#   The process is running with CompressedOops enabled, and the Java Heap may be blocking the growth of the native heap
# Possible solutions:
#   Reduce memory load on the system
#   Increase physical memory or swap space
#   Check if swap backing store is full
#   Decrease Java heap size (-Xmx/-Xms)
#   Decrease number of Java threads
#   Decrease Java thread stack sizes (-Xss)
#   Set larger code cache with -XX:ReservedCodeCacheSize=
#   JVM is running with Unscaled Compressed Oops mode in which the Java heap is
#     placed in the first 4GB address space. The Java Heap base address is the
#     maximum limit for the native heap growth. Please use -XX:HeapBaseMinAddress
#     to set the Java Heap base and to place the Java Heap above 4GB virtual address.
# This output file may be truncated or incomplete.
#
#  Out of Memory Error (os_windows.cpp:3613), pid=16420, tid=12104
#
# JRE version:  (17.0.10+7) (build )
# Java VM: OpenJDK 64-Bit Server VM (17.0.10+7-adhoc..jdk17u, mixed mode, sharing, tiered, compressed oops, compressed class ptrs, g1 gc, windows-amd64)
# No core dump will be written. Minidumps are not enabled by default on client versions of Windows
#

---------------  S U M M A R Y ------------

Command Line: 

Host: Intel(R) Core(TM) i5-6300U CPU @ 2.40GHz, 4 cores, 7G,  Windows 11 , 64 bit Build 22621 (10.0.22621.3527)
Time: Sat Jun  8 19:07:15 2024 Pakistan Standard Time elapsed time: 0.031799 seconds (0d 0h 0m 0s)

---------------  T H R E A D  ---------------

Current thread (0x000002034f75b1a0):  JavaThread "Unknown thread" [_thread_in_vm, id=12104, stack(0x00000080f2d00000,0x00000080f2e00000)]

Stack: [0x00000080f2d00000,0x00000080f2e00000]
Native frames: (J=compiled Java code, j=interpreted, Vv=VM code, C=native code)
V  [jvm.dll+0x67d6e9]
V  [jvm.dll+0x834dca]
V  [jvm.dll+0x83688e]
V  [jvm.dll+0x836ef3]
V  [jvm.dll+0x247bdf]
V  [jvm.dll+0x67a529]
V  [jvm.dll+0x66ef9a]
V  [jvm.dll+0x307a6b]
V  [jvm.dll+0x30ef16]
V  [jvm.dll+0x35ec3e]
V  [jvm.dll+0x35ee6f]
V  [jvm.dll+0x2de668]
V  [jvm.dll+0x2df5d4]
V  [jvm.dll+0x806661]
V  [jvm.dll+0x36caf1]
V  [jvm.dll+0x7e50f6]
V  [jvm.dll+0x3f033f]
V  [jvm.dll+0x3f1f71]
C  [jli.dll+0x528f]
C  [ucrtbase.dll+0x29333]
C  [KERNEL32.DLL+0x1257d]
C  [ntdll.dll+0x5aa48]


---------------  P R O C E S S  ---------------

Threads class SMR info:
_java_thread_list=0x00007ffde5b7ee98, length=0, elements={
}

Java Threads: ( => current thread )

Other Threads:
  0x000002034f7b4a90 GCTaskThread "GC Thread#0" [stack: 0x00000080f2e00000,0x00000080f2f00000] [id=232]
  0x000002034f7c5620 ConcurrentGCThread "G1 Main Marker" [stack: 0x00000080f2f00000,0x00000080f3000000] [id=7840]
  0x000002034f7c77f0 ConcurrentGCThread "G1 Conc#0" [stack: 0x00000080f3000000,0x00000080f3100000] [id=2016]

[error occurred during error reporting (printing all threads), id 0xc0000005, EXCEPTION_ACCESS_VIOLATION (0xc0000005) at pc=0x00007ffde533f0a7]

VM state: not at safepoint (not fully initialized)

VM Mutex/Monitor currently owned by a thread:  ([mutex/lock_event])
[0x000002034f7575d0] Heap_lock - owner thread: 0x000002034f75b1a0

Heap address: 0x0000000081e00000, size: 2018 MB, Compressed Oops mode: 32-bit

CDS archive(s) mapped at: [0x0000000000000000-0x0000000000000000-0x0000000000000000), size 0, SharedBaseAddress: 0x0000000800000000, ArchiveRelocationMode: 1.
Narrow klass base: 0x0000000000000000, Narrow klass shift: 0, Narrow klass range: 0x0

GC Precious Log:
<Empty>

Heap:
 garbage-first heap   total 0K, used 0K [0x0000000081e00000, 0x0000000100000000)
  region size 1024K, 0 young (0K), 0 survivors (0K)

[error occurred during error reporting (printing heap information), id 0xc0000005, EXCEPTION_ACCESS_VIOLATION (0xc0000005) at pc=0x00007ffde5727359]

GC Heap History (0 events):
No events

Dll operation events (1 events):
Event: 0.017 Loaded shared library C:\Users\Hp\Downloads\openlogic-openjdk-17.0.10+7-windows-x64\openlogic-openjdk-17.0.10+7-windows-x64\bin\java.dll

Deoptimization events (0 events):
No events

Classes unloaded (0 events):
No events

Classes redefined (0 events):
No events

Internal exceptions (0 events):
No events

VM Operations (0 events):
No events

Events (0 events):
No events


Dynamic libraries:
0x00007ff7cf290000 - 0x00007ff7cf29e000 	C:\Users\Hp\Downloads\openlogic-openjdk-17.0.10+7-windows-x64\openlogic-openjdk-17.0.10+7-windows-x64\bin\java.exe
0x00007ffe8abb0000 - 0x00007ffe8adc7000 	C:\Windows\SYSTEM32\ntdll.dll
0x00007ffe897f0000 - 0x00007ffe898b4000 	C:\Windows\System32\KERNEL32.DLL
0x00007ffe88370000 - 0x00007ffe88717000 	C:\Windows\System32\KERNELBASE.dll
0x00007ffe87f90000 - 0x00007ffe880a1000 	C:\Windows\System32\ucrtbase.dll
0x00007ffe7bad0000 - 0x00007ffe7bae7000 	C:\Users\Hp\Downloads\openlogic-openjdk-17.0.10+7-windows-x64\openlogic-openjdk-17.0.10+7-windows-x64\bin\jli.dll
0x00007ffe831f0000 - 0x00007ffe8320b000 	C:\Users\Hp\Downloads\openlogic-openjdk-17.0.10+7-windows-x64\openlogic-openjdk-17.0.10+7-windows-x64\bin\VCRUNTIME140.dll
0x00007ffe89170000 - 0x00007ffe8931e000 	C:\Windows\System32\USER32.dll
0x00007ffe75450000 - 0x00007ffe756e3000 	C:\Windows\WinSxS\amd64_microsoft.windows.common-controls_6595b64144ccf1df_6.0.22621.3527_none_270e469b73872a76\COMCTL32.dll
0x00007ffe88790000 - 0x00007ffe887b6000 	C:\Windows\System32\win32u.dll
0x00007ffe89e00000 - 0x00007ffe89ea7000 	C:\Windows\System32\msvcrt.dll
0x00007ffe89140000 - 0x00007ffe89169000 	C:\Windows\System32\GDI32.dll
0x00007ffe887c0000 - 0x00007ffe888d9000 	C:\Windows\System32\gdi32full.dll
0x00007ffe88160000 - 0x00007ffe881fa000 	C:\Windows\System32\msvcp_win.dll
0x00007ffe8aab0000 - 0x00007ffe8aae1000 	C:\Windows\System32\IMM32.DLL
0x00007ffe83230000 - 0x00007ffe8323c000 	C:\Users\Hp\Downloads\openlogic-openjdk-17.0.10+7-windows-x64\openlogic-openjdk-17.0.10+7-windows-x64\bin\vcruntime140_1.dll
0x00007ffe71720000 - 0x00007ffe717ad000 	C:\Users\Hp\Downloads\openlogic-openjdk-17.0.10+7-windows-x64\openlogic-openjdk-17.0.10+7-windows-x64\bin\msvcp140.dll
0x00007ffde5050000 - 0x00007ffde5cb2000 	C:\Users\Hp\Downloads\openlogic-openjdk-17.0.10+7-windows-x64\openlogic-openjdk-17.0.10+7-windows-x64\bin\server\jvm.dll
0x00007ffe888e0000 - 0x00007ffe88992000 	C:\Windows\System32\ADVAPI32.dll
0x00007ffe88d40000 - 0x00007ffe88de8000 	C:\Windows\System32\sechost.dll
0x00007ffe880b0000 - 0x00007ffe880d8000 	C:\Windows\System32\bcrypt.dll
0x00007ffe89020000 - 0x00007ffe89135000 	C:\Windows\System32\RPCRT4.dll
0x00007ffe7b840000 - 0x00007ffe7b849000 	C:\Windows\SYSTEM32\WSOCK32.dll
0x00007ffe8aaf0000 - 0x00007ffe8ab61000 	C:\Windows\System32\WS2_32.dll
0x00007ffe87d90000 - 0x00007ffe87ddd000 	C:\Windows\SYSTEM32\POWRPROF.dll
0x00007ffe74ad0000 - 0x00007ffe74b04000 	C:\Windows\SYSTEM32\WINMM.dll
0x00007ffe7c270000 - 0x00007ffe7c27a000 	C:\Windows\SYSTEM32\VERSION.dll
0x00007ffe87d70000 - 0x00007ffe87d83000 	C:\Windows\SYSTEM32\UMPDC.dll
0x00007ffe86eb0000 - 0x00007ffe86ec8000 	C:\Windows\SYSTEM32\kernel.appcore.dll
0x00007ffe7bc10000 - 0x00007ffe7bc1a000 	C:\Users\Hp\Downloads\openlogic-openjdk-17.0.10+7-windows-x64\openlogic-openjdk-17.0.10+7-windows-x64\bin\jimage.dll
0x00007ffe74890000 - 0x00007ffe74ac2000 	C:\Windows\SYSTEM32\DBGHELP.DLL
0x00007ffe889a0000 - 0x00007ffe88d28000 	C:\Windows\System32\combase.dll
0x00007ffe895f0000 - 0x00007ffe896c7000 	C:\Windows\System32\OLEAUT32.dll
0x00007ffe65580000 - 0x00007ffe655b2000 	C:\Windows\SYSTEM32\dbgcore.DLL
0x00007ffe880e0000 - 0x00007ffe88159000 	C:\Windows\System32\bcryptPrimitives.dll
0x00007ffe7b750000 - 0x00007ffe7b775000 	C:\Users\Hp\Downloads\openlogic-openjdk-17.0.10+7-windows-x64\openlogic-openjdk-17.0.10+7-windows-x64\bin\java.dll

dbghelp: loaded successfully - version: 4.0.5 - missing functions: none
symbol engine: initialized successfully - sym options: 0x614 - pdb path: .;C:\Users\Hp\Downloads\openlogic-openjdk-17.0.10+7-windows-x64\openlogic-openjdk-17.0.10+7-windows-x64\bin;C:\Windows\SYSTEM32;C:\Windows\WinSxS\amd64_microsoft.windows.common-controls_6595b64144ccf1df_6.0.22621.3527_none_270e469b73872a76;C:\Users\Hp\Downloads\openlogic-openjdk-17.0.10+7-windows-x64\openlogic-openjdk-17.0.10+7-windows-x64\bin\server

VM Arguments:
java_command: <unknown>
java_class_path (initial): <not set>
Launcher Type: SUN_STANDARD

[Global flags]
     intx CICompilerCount                          = 3                                         {product} {ergonomic}
     uint ConcGCThreads                            = 1                                         {product} {ergonomic}
     uint G1ConcRefinementThreads                  = 4                                         {product} {ergonomic}
   size_t G1HeapRegionSize                         = 1048576                                   {product} {ergonomic}
    uintx GCDrainStackTargetSize                   = 64                                        {product} {ergonomic}
   size_t InitialHeapSize                          = 134217728                                 {product} {ergonomic}
   size_t MarkStackSize                            = 4194304                                   {product} {ergonomic}
   size_t MaxHeapSize                              = 2116026368                                {product} {ergonomic}
   size_t MinHeapDeltaBytes                        = 1048576                                   {product} {ergonomic}
   size_t MinHeapSize                              = 8388608                                   {product} {ergonomic}
    uintx NonNMethodCodeHeapSize                   = 5832780                                {pd product} {ergonomic}
    uintx NonProfiledCodeHeapSize                  = 122912730                              {pd product} {ergonomic}
    uintx ProfiledCodeHeapSize                     = 122912730                              {pd product} {ergonomic}
    uintx ReservedCodeCacheSize                    = 251658240                              {pd product} {ergonomic}
     bool SegmentedCodeCache                       = true                                      {product} {ergonomic}
   size_t SoftMaxHeapSize                          = 2116026368                             {manageable} {ergonomic}
     bool UseCompressedClassPointers               = true                           {product lp64_product} {ergonomic}
     bool UseCompressedOops                        = true                           {product lp64_product} {ergonomic}
     bool UseG1GC                                  = true                                      {product} {ergonomic}
     bool UseLargePagesIndividualAllocation        = false                                  {pd product} {ergonomic}

Logging:
Log output configuration:
 #0: stdout all=warning uptime,level,tags
 #1: stderr all=off uptime,level,tags

Environment Variables:
PATH=D:\reactnativeapp\myapp\node_modules\.bin;D:\reactnativeapp\myapp\node_modules\.bin;D:\reactnativeapp\node_modules\.bin;D:\node_modules\.bin;C:\Users\Hp\AppData\Roaming\nvm\v20.12.2\node_modules\npm\node_modules\@npmcli\run-script\lib\node-gyp-bin;C:\Windows\system32;C:\Windows;C:\Windows\System32\Wbem;C:\Windows\System32\WindowsPowerShell\v1.0\;C:\Windows\System32\OpenSSH\;C:\Users\Hp\AppData\Roaming\nvm;C:\Program Files\nodejs;C:\Program Files\Java\jdk-17\bin;C:\Program Files\nodejs;C:\Users\Hp\Downloads\openlogic-openjdk-17.0.10+7-windows-x64\openlogic-openjdk-17.0.10+7-windows-x64\bin;C:\Users\Hp\AppData\Local\Android\Sdk;C:\Users\Hp\Downloads\mongodb-windows-x86_64-7.0.11 (1).zip\mongodb-win32-x86_64-windows-7.0.11\bin;C:\Program Files\MongoDB\Server\7.0\data;C:\Users\Hp\AppData\Local\Microsoft\WindowsApps;C:\Users\Hp\AppData\Roaming\nvm;C:\Program Files\nodejs;C:\Users\Hp\AppData\Local\Android\Sdk\platform-tools;D:\miral\Microsoft VS Code\bin
USERNAME=Hp
LANG=en_US.UTF-8
OS=Windows_NT
PROCESSOR_IDENTIFIER=Intel64 Family 6 Model 78 Stepping 3, GenuineIntel
TMP=C:\Users\Hp\AppData\Local\Temp
TEMP=C:\Users\Hp\AppData\Local\Temp



Periodic native trim disabled


---------------  S Y S T E M  ---------------

OS:
 Windows 11 , 64 bit Build 22621 (10.0.22621.3527)
OS uptime: 0 days 23:31 hours
Hyper-V role detected

CPU: total 4 (initial active 4) (2 cores per cpu, 2 threads per core) family 6 model 78 stepping 3 microcode 0xf0, cx8, cmov, fxsr, ht, mmx, 3dnowpref, sse, sse2, sse3, ssse3, sse4.1, sse4.2, popcnt, lzcnt, tsc, tscinvbit, avx, avx2, aes, erms, clmul, bmi1, bmi2, rtm, adx, fma, vzeroupper, clflush, clflushopt, hv
Processor Information for all 4 processors :
  Max Mhz: 2496, Current Mhz: 2396, Mhz Limit: 2396

Memory: 4k page, system-wide physical 8070M (395M free)
TotalPageFile size 10138M (AvailPageFile size 42M)
current process WorkingSet (physical memory assigned to process): 11M, peak: 11M
current process commit charge ("private bytes"): 52M, peak: 180M

vm_info: OpenJDK 64-Bit Server VM (17.0.10+7-adhoc..jdk17u) for windows-amd64 JRE (17.0.10+7-adhoc..jdk17u), built on Jan 24 2024 08:51:31 by "" with MS VC++ 16.10 / 16.11 (VS2019)

END.
