#
# There is insufficient memory for the Java Runtime Environment to continue.
# Native memory allocation (mmap) failed to map 58720256 bytes for G1 virtual space
# Possible reasons:
#   The system is out of physical RAM or swap space
#   The process is running with CompressedOops enabled, and the Java Heap may be blocking the growth of the native heap
# Possible solutions:
#   Reduce memory load on the system
#   Increase physical memory or swap space
#   Check if swap backing store is full
#   Decrease Java heap size (-Xmx/-Xms)
#   Decrease number of Java threads
#   Decrease Java thread stack sizes (-Xss)
#   Set larger code cache with -XX:ReservedCodeCacheSize=
#   JVM is running with Unscaled Compressed Oops mode in which the Java heap is
#     placed in the first 4GB address space. The Java Heap base address is the
#     maximum limit for the native heap growth. Please use -XX:HeapBaseMinAddress
#     to set the Java Heap base and to place the Java Heap above 4GB virtual address.
# This output file may be truncated or incomplete.
#
#  Out of Memory Error (os_windows.cpp:3613), pid=13524, tid=13216
#
# JRE version: OpenJDK Runtime Environment OpenLogic-OpenJDK (17.0.10+7) (build 17.0.10+7-adhoc..jdk17u)
# Java VM: OpenJDK 64-Bit Server VM OpenLogic-OpenJDK (17.0.10+7-adhoc..jdk17u, mixed mode, sharing, tiered, compressed oops, compressed class ptrs, g1 gc, windows-amd64)
# No core dump will be written. Minidumps are not enabled by default on client versions of Windows
#

---------------  S U M M A R Y ------------

Command Line: -XX:MaxMetaspaceSize=512m --add-opens=java.base/java.util=ALL-UNNAMED --add-opens=java.base/java.lang=ALL-UNNAMED --add-opens=java.base/java.lang.invoke=ALL-UNNAMED --add-opens=java.prefs/java.util.prefs=ALL-UNNAMED --add-opens=java.base/java.nio.charset=ALL-UNNAMED --add-opens=java.base/java.net=ALL-UNNAMED --add-opens=java.base/java.util.concurrent.atomic=ALL-UNNAMED -Xmx2048m -Dfile.encoding=windows-1252 -Duser.country=GB -Duser.language=en -Duser.variant -javaagent:C:\Users\Hp\.gradle\wrapper\dists\gradle-8.6-all\3mbtmo166bl6vumsh5k2lkq5h\gradle-8.6\lib\agents\gradle-instrumentation-agent-8.6.jar org.gradle.launcher.daemon.bootstrap.GradleDaemon 8.6

Host: Intel(R) Core(TM) i5-6300U CPU @ 2.40GHz, 4 cores, 7G,  Windows 11 , 64 bit Build 22621 (10.0.22621.3527)
Time: Wed May 29 11:41:50 2024 Pakistan Standard Time elapsed time: 38.623463 seconds (0d 0h 0m 38s)

---------------  T H R E A D  ---------------

Current thread (0x0000020956a3f240):  VMThread "VM Thread" [stack: 0x000000fb07400000,0x000000fb07500000] [id=13216]

Stack: [0x000000fb07400000,0x000000fb07500000]
Native frames: (J=compiled Java code, j=interpreted, Vv=VM code, C=native code)
V  [jvm.dll+0x67d6e9]
V  [jvm.dll+0x834dca]
V  [jvm.dll+0x83688e]
V  [jvm.dll+0x836ef3]
V  [jvm.dll+0x247bdf]
V  [jvm.dll+0x67a529]
V  [jvm.dll+0x66ef9a]
V  [jvm.dll+0x307a6b]
V  [jvm.dll+0x30ef16]
V  [jvm.dll+0x35ec3e]
V  [jvm.dll+0x35ee6f]
V  [jvm.dll+0x2de668]
V  [jvm.dll+0x2dc844]
V  [jvm.dll+0x2dbe4c]
V  [jvm.dll+0x31feeb]
V  [jvm.dll+0x83b3eb]
V  [jvm.dll+0x83c131]
V  [jvm.dll+0x83c64d]
V  [jvm.dll+0x83ca24]
V  [jvm.dll+0x83caf0]
V  [jvm.dll+0x7e42aa]
V  [jvm.dll+0x67c5d5]
C  [ucrtbase.dll+0x29333]
C  [KERNEL32.DLL+0x1257d]
C  [ntdll.dll+0x5aa48]

VM_Operation (0x000000fb08af1b20): G1CollectForAllocation, mode: safepoint, requested by thread 0x0000020976f76090


---------------  P R O C E S S  ---------------

Threads class SMR info:
_java_thread_list=0x0000020978d36e70, length=68, elements={
0x0000020935ba14e0, 0x0000020956a418f0, 0x0000020956a42570, 0x0000020956a5b040,
0x0000020956a5c920, 0x0000020956a5d1f0, 0x0000020956a65ad0, 0x0000020956a71b20,
0x0000020956a724e0, 0x0000020956a78e20, 0x0000020956cb3ad0, 0x0000020956e18f50,
0x0000020976c1e730, 0x00000209777ce980, 0x00000209776fd030, 0x0000020977256f60,
0x00000209771f8800, 0x0000020976f18ad0, 0x0000020976f76090, 0x00000209761eb5f0,
0x00000209761ede70, 0x00000209761ebb00, 0x00000209761ec520, 0x00000209761ecf40,
0x00000209761ea6c0, 0x0000020977795c60, 0x0000020977793e00, 0x0000020977796170,
0x000002097779ad60, 0x00000209777938f0, 0x0000020977795750, 0x00000209777984e0,
0x0000020977794310, 0x0000020977794820, 0x00000209777975b0, 0x0000020977797fd0,
0x00000209777989f0, 0x0000020977797ac0, 0x0000020977799e30, 0x0000020977798f00,
0x0000020977799410, 0x000002097779a340, 0x00000209761eabd0, 0x00000209761eb0e0,
0x000002097872a580, 0x0000020978724040, 0x0000020978726dd0, 0x000002097872b4b0,
0x0000020978729b60, 0x00000209787272e0, 0x0000020978729140, 0x0000020978729650,
0x0000020978724550, 0x000002097872b9c0, 0x0000020978724f70, 0x00000209787268c0,
0x0000020978728720, 0x0000020978725480, 0x00000209787277f0, 0x000002097872aa90,
0x0000020978728c30, 0x0000020978724a60, 0x000002097872a070, 0x0000020978725990,
0x00000209787263b0, 0x0000020978725ea0, 0x000002097872afa0, 0x000002097ad774e0
}

Java Threads: ( => current thread )
  0x0000020935ba14e0 JavaThread "main" [_thread_blocked, id=16640, stack(0x000000fb06e00000,0x000000fb06f00000)]
  0x0000020956a418f0 JavaThread "Reference Handler" daemon [_thread_blocked, id=4188, stack(0x000000fb07500000,0x000000fb07600000)]
  0x0000020956a42570 JavaThread "Finalizer" daemon [_thread_blocked, id=17920, stack(0x000000fb07600000,0x000000fb07700000)]
  0x0000020956a5b040 JavaThread "Signal Dispatcher" daemon [_thread_blocked, id=15640, stack(0x000000fb07700000,0x000000fb07800000)]
  0x0000020956a5c920 JavaThread "Attach Listener" daemon [_thread_blocked, id=10768, stack(0x000000fb07800000,0x000000fb07900000)]
  0x0000020956a5d1f0 JavaThread "Service Thread" daemon [_thread_blocked, id=9600, stack(0x000000fb07900000,0x000000fb07a00000)]
  0x0000020956a65ad0 JavaThread "Monitor Deflation Thread" daemon [_thread_blocked, id=6832, stack(0x000000fb07a00000,0x000000fb07b00000)]
  0x0000020956a71b20 JavaThread "C2 CompilerThread0" daemon [_thread_blocked, id=13188, stack(0x000000fb07b00000,0x000000fb07c00000)]
  0x0000020956a724e0 JavaThread "C1 CompilerThread0" daemon [_thread_blocked, id=7804, stack(0x000000fb07c00000,0x000000fb07d00000)]
  0x0000020956a78e20 JavaThread "Sweeper thread" daemon [_thread_blocked, id=10140, stack(0x000000fb07d00000,0x000000fb07e00000)]
  0x0000020956cb3ad0 JavaThread "Common-Cleaner" daemon [_thread_blocked, id=7872, stack(0x000000fb07e00000,0x000000fb07f00000)]
  0x0000020956e18f50 JavaThread "Notification Thread" daemon [_thread_blocked, id=11652, stack(0x000000fb07f00000,0x000000fb08000000)]
  0x0000020976c1e730 JavaThread "Daemon health stats" [_thread_blocked, id=9608, stack(0x000000fb08500000,0x000000fb08600000)]
  0x00000209777ce980 JavaThread "Incoming local TCP Connector on port 64608" [_thread_in_native, id=15268, stack(0x000000fb08100000,0x000000fb08200000)]
  0x00000209776fd030 JavaThread "Daemon periodic checks" [_thread_blocked, id=8096, stack(0x000000fb08700000,0x000000fb08800000)]
  0x0000020977256f60 JavaThread "Daemon" [_thread_blocked, id=8040, stack(0x000000fb08800000,0x000000fb08900000)]
  0x00000209771f8800 JavaThread "Handler for socket connection from /127.0.0.1:64608 to /127.0.0.1:64609" [_thread_in_native, id=17592, stack(0x000000fb08900000,0x000000fb08a00000)]
  0x0000020976f18ad0 JavaThread "Cancel handler" [_thread_blocked, id=15032, stack(0x000000fb08600000,0x000000fb08700000)]
  0x0000020976f76090 JavaThread "Daemon worker" [_thread_blocked, id=7240, stack(0x000000fb08a00000,0x000000fb08b00000)]
  0x00000209761eb5f0 JavaThread "Asynchronous log dispatcher for DefaultDaemonConnection: socket connection from /127.0.0.1:64608 to /127.0.0.1:64609" [_thread_blocked, id=1972, stack(0x000000fb08b00000,0x000000fb08c00000)]
  0x00000209761ede70 JavaThread "Stdin handler" [_thread_blocked, id=14764, stack(0x000000fb08c00000,0x000000fb08d00000)]
  0x00000209761ebb00 JavaThread "Daemon client event forwarder" [_thread_blocked, id=9728, stack(0x000000fb08d00000,0x000000fb08e00000)]
  0x00000209761ec520 JavaThread "Cache worker for journal cache (C:\Users\Hp\.gradle\caches\journal-1)" [_thread_blocked, id=16500, stack(0x000000fb08e00000,0x000000fb08f00000)]
  0x00000209761ecf40 JavaThread "File lock request listener" [_thread_in_native, id=8448, stack(0x000000fb08f00000,0x000000fb09000000)]
  0x00000209761ea6c0 JavaThread "Cache worker for file hash cache (C:\Users\Hp\.gradle\caches\8.6\fileHashes)" [_thread_blocked, id=9016, stack(0x000000fb09000000,0x000000fb09100000)]
  0x0000020977795c60 JavaThread "File watcher server" daemon [_thread_blocked, id=3628, stack(0x000000fb09200000,0x000000fb09300000)]
  0x0000020977793e00 JavaThread "File watcher consumer" daemon [_thread_blocked, id=1636, stack(0x000000fb09300000,0x000000fb09400000)]
  0x0000020977796170 JavaThread "Cache worker for checksums cache (D:\reactnativeapp\myapp\android\.gradle\8.6\checksums)" [_thread_blocked, id=14744, stack(0x000000fb09100000,0x000000fb09200000)]
  0x000002097779ad60 JavaThread "Cache worker for file hash cache (D:\reactnativeapp\myapp\android\.gradle\8.6\fileHashes)" [_thread_blocked, id=16364, stack(0x000000fb09400000,0x000000fb09500000)]
  0x00000209777938f0 JavaThread "Cache worker for cache directory md-supplier (C:\Users\Hp\.gradle\caches\8.6\md-supplier)" [_thread_blocked, id=18360, stack(0x000000fb09500000,0x000000fb09600000)]
  0x0000020977795750 JavaThread "Cache worker for cache directory md-rule (C:\Users\Hp\.gradle\caches\8.6\md-rule)" [_thread_blocked, id=16872, stack(0x000000fb09600000,0x000000fb09700000)]
  0x00000209777984e0 JavaThread "Cache worker for file content cache (C:\Users\Hp\.gradle\caches\8.6\fileContent)" [_thread_blocked, id=3452, stack(0x000000fb09800000,0x000000fb09900000)]
  0x0000020977794310 JavaThread "jar transforms" [_thread_blocked, id=8220, stack(0x000000fb09900000,0x000000fb09a00000)]
  0x0000020977794820 JavaThread "jar transforms Thread 2" [_thread_blocked, id=7632, stack(0x000000fb09a00000,0x000000fb09b00000)]
  0x00000209777975b0 JavaThread "jar transforms Thread 3" [_thread_blocked, id=11712, stack(0x000000fb09b00000,0x000000fb09c00000)]
  0x0000020977797fd0 JavaThread "jar transforms Thread 4" [_thread_blocked, id=15812, stack(0x000000fb09c00000,0x000000fb09d00000)]
  0x00000209777989f0 JavaThread "Exec process" [_thread_blocked, id=12336, stack(0x000000fb09d00000,0x000000fb09e00000)]
  0x0000020977797ac0 JavaThread "Exec process Thread 2" [_thread_blocked, id=14528, stack(0x000000fb09e00000,0x000000fb09f00000)]
  0x0000020977799e30 JavaThread "Exec process Thread 3" [_thread_blocked, id=14752, stack(0x000000fb09f00000,0x000000fb0a000000)]
  0x0000020977798f00 JavaThread "Unconstrained build operations" [_thread_blocked, id=2216, stack(0x000000fb09700000,0x000000fb09800000)]
  0x0000020977799410 JavaThread "Unconstrained build operations Thread 2" [_thread_blocked, id=9760, stack(0x000000fb0a000000,0x000000fb0a100000)]
  0x000002097779a340 JavaThread "Cache worker for Build Output Cleanup Cache (D:\reactnativeapp\myapp\node_modules\@react-native\gradle-plugin\.gradle\buildOutputCleanup)" [_thread_blocked, id=15484, stack(0x000000fb0a100000,0x000000fb0a200000)]
  0x00000209761eabd0 JavaThread "Unconstrained build operations Thread 3" [_thread_blocked, id=15992, stack(0x000000fb0a200000,0x000000fb0a300000)]
  0x00000209761eb0e0 JavaThread "Unconstrained build operations Thread 4" [_thread_blocked, id=1476, stack(0x000000fb0a300000,0x000000fb0a400000)]
  0x000002097872a580 JavaThread "Unconstrained build operations Thread 5" [_thread_blocked, id=13204, stack(0x000000fb0a400000,0x000000fb0a500000)]
  0x0000020978724040 JavaThread "build event listener" [_thread_blocked, id=10848, stack(0x000000fb0a500000,0x000000fb0a600000)]
  0x0000020978726dd0 JavaThread "Memory manager" [_thread_blocked, id=7840, stack(0x000000fb0a700000,0x000000fb0a800000)]
  0x000002097872b4b0 JavaThread "Cache worker for Build Output Cleanup Cache (D:\reactnativeapp\myapp\android\.gradle\buildOutputCleanup)" [_thread_blocked, id=12840, stack(0x000000fb0a800000,0x000000fb0a900000)]
  0x0000020978729b60 JavaThread "ForkJoinPool.commonPool-worker-1" daemon [_thread_blocked, id=15356, stack(0x000000fb0a600000,0x000000fb0a700000)]
  0x00000209787272e0 JavaThread "ForkJoinPool.commonPool-worker-2" daemon [_thread_blocked, id=12416, stack(0x000000fb0a900000,0x000000fb0aa00000)]
  0x0000020978729140 JavaThread "ForkJoinPool.commonPool-worker-3" daemon [_thread_blocked, id=14628, stack(0x000000fb0aa00000,0x000000fb0ab00000)]
  0x0000020978729650 JavaThread "included builds" [_thread_blocked, id=6292, stack(0x000000fb0ab00000,0x000000fb0ac00000)]
  0x0000020978724550 JavaThread "Execution worker" [_thread_blocked, id=2544, stack(0x000000fb0ac00000,0x000000fb0ad00000)]
  0x000002097872b9c0 JavaThread "Execution worker Thread 2" [_thread_blocked, id=11204, stack(0x000000fb0ad00000,0x000000fb0ae00000)]
  0x0000020978724f70 JavaThread "Execution worker Thread 3" [_thread_blocked, id=17852, stack(0x000000fb0ae00000,0x000000fb0af00000)]
  0x00000209787268c0 JavaThread "Cache worker for execution history cache (D:\reactnativeapp\myapp\node_modules\@react-native\gradle-plugin\.gradle\8.6\executionHistory)" [_thread_blocked, id=14048, stack(0x000000fb0af00000,0x000000fb0b000000)]
  0x0000020978728720 JavaThread "Unconstrained build operations Thread 6" [_thread_blocked, id=18300, stack(0x000000fb0b000000,0x000000fb0b100000)]
  0x0000020978725480 JavaThread "Unconstrained build operations Thread 7" [_thread_blocked, id=13432, stack(0x000000fb0b100000,0x000000fb0b200000)]
  0x00000209787277f0 JavaThread "Unconstrained build operations Thread 8" [_thread_blocked, id=8032, stack(0x000000fb0b200000,0x000000fb0b300000)]
  0x000002097872aa90 JavaThread "Unconstrained build operations Thread 9" [_thread_blocked, id=14280, stack(0x000000fb0b300000,0x000000fb0b400000)]
  0x0000020978728c30 JavaThread "Unconstrained build operations Thread 10" [_thread_blocked, id=3672, stack(0x000000fb0b400000,0x000000fb0b500000)]
  0x0000020978724a60 JavaThread "Unconstrained build operations Thread 11" [_thread_blocked, id=4424, stack(0x000000fb0b500000,0x000000fb0b600000)]
  0x000002097872a070 JavaThread "Unconstrained build operations Thread 12" [_thread_blocked, id=14392, stack(0x000000fb0b600000,0x000000fb0b700000)]
  0x0000020978725990 JavaThread "Unconstrained build operations Thread 13" [_thread_blocked, id=15104, stack(0x000000fb0b700000,0x000000fb0b800000)]
  0x00000209787263b0 JavaThread "Unconstrained build operations Thread 14" [_thread_blocked, id=13436, stack(0x000000fb0b800000,0x000000fb0b900000)]
  0x0000020978725ea0 JavaThread "Unconstrained build operations Thread 15" [_thread_blocked, id=18332, stack(0x000000fb0b900000,0x000000fb0ba00000)]
  0x000002097872afa0 JavaThread "Unconstrained build operations Thread 16" [_thread_blocked, id=18392, stack(0x000000fb0ba00000,0x000000fb0bb00000)]
  0x000002097ad774e0 JavaThread "build event listener" [_thread_blocked, id=18000, stack(0x000000fb0bd00000,0x000000fb0be00000)]

Other Threads:
=>0x0000020956a3f240 VMThread "VM Thread" [stack: 0x000000fb07400000,0x000000fb07500000] [id=13216]
  0x0000020956d5a0c0 WatcherThread [stack: 0x000000fb08000000,0x000000fb08100000] [id=12648]
  0x0000020935bfa7d0 GCTaskThread "GC Thread#0" [stack: 0x000000fb06f00000,0x000000fb07000000] [id=17712]
  0x0000020956eb31c0 GCTaskThread "GC Thread#1" [stack: 0x000000fb08200000,0x000000fb08300000] [id=4416]
  0x0000020956efc690 GCTaskThread "GC Thread#2" [stack: 0x000000fb08300000,0x000000fb08400000] [id=3164]
  0x0000020956eb08f0 GCTaskThread "GC Thread#3" [stack: 0x000000fb08400000,0x000000fb08500000] [id=14612]
  0x0000020935c0b720 ConcurrentGCThread "G1 Main Marker" [stack: 0x000000fb07000000,0x000000fb07100000] [id=6240]
  0x0000020935c0c8e0 ConcurrentGCThread "G1 Conc#0" [stack: 0x000000fb07100000,0x000000fb07200000] [id=15684]
  0x0000020935c47950 ConcurrentGCThread "G1 Refine#0" [stack: 0x000000fb07200000,0x000000fb07300000] [id=13956]
  0x00000209569024c0 ConcurrentGCThread "G1 Service" [stack: 0x000000fb07300000,0x000000fb07400000] [id=6692]

Threads with active compile tasks:
C2 CompilerThread0    38708 9670       4       java.util.Properties::loadConvert (540 bytes)

VM state: at safepoint (normal execution)

VM Mutex/Monitor currently owned by a thread:  ([mutex/lock_event])
[0x0000020935b9d860] Threads_lock - owner thread: 0x0000020956a3f240
[0x0000020935b9ce40] Heap_lock - owner thread: 0x0000020976f76090

Heap address: 0x0000000080000000, size: 2048 MB, Compressed Oops mode: 32-bit

CDS archive(s) mapped at: [0x0000020957000000-0x0000020957bc0000-0x0000020957bc0000), size 12320768, SharedBaseAddress: 0x0000020957000000, ArchiveRelocationMode: 1.
Compressed class space mapped at: 0x0000020958000000-0x0000020972000000, reserved size: 436207616
Narrow klass base: 0x0000020957000000, Narrow klass shift: 0, Narrow klass range: 0x100000000

GC Precious Log:
 CPUs: 4 total, 4 available
 Memory: 8070M
 Large Page Support: Disabled
 NUMA Support: Disabled
 Compressed Oops: Enabled (32-bit)
 Heap Region Size: 1M
 Heap Min Capacity: 8M
 Heap Initial Capacity: 128M
 Heap Max Capacity: 2G
 Pre-touch: Disabled
 Parallel Workers: 4
 Concurrent Workers: 1
 Concurrent Refinement Workers: 4
 Periodic GC: Disabled

Heap:
 garbage-first heap   total 176128K, used 91171K [0x0000000080000000, 0x0000000100000000)
  region size 1024K, 1 young (1024K), 1 survivors (1024K)
 Metaspace       used 81447K, committed 82240K, reserved 557056K
  class space    used 11423K, committed 11776K, reserved 425984K

Heap Regions: E=young(eden), S=young(survivor), O=old, HS=humongous(starts), HC=humongous(continues), CS=collection set, F=free, OA=open archive, CA=closed archive, TAMS=top-at-mark-start (previous, next)
|   0|0x0000000080000000, 0x0000000080100000, 0x0000000080100000|100%| O|  |TAMS 0x0000000080100000, 0x0000000080000000| Untracked 
|   1|0x0000000080100000, 0x0000000080200000, 0x0000000080200000|100%| O|  |TAMS 0x0000000080200000, 0x0000000080100000| Untracked 
|   2|0x0000000080200000, 0x0000000080300000, 0x0000000080300000|100%|HS|  |TAMS 0x0000000080300000, 0x0000000080200000| Complete 
|   3|0x0000000080300000, 0x0000000080400000, 0x0000000080400000|100%|HC|  |TAMS 0x0000000080400000, 0x0000000080300000| Complete 
|   4|0x0000000080400000, 0x0000000080500000, 0x0000000080500000|100%|HC|  |TAMS 0x0000000080500000, 0x0000000080400000| Complete 
|   5|0x0000000080500000, 0x0000000080600000, 0x0000000080600000|100%|HC|  |TAMS 0x0000000080600000, 0x0000000080500000| Complete 
|   6|0x0000000080600000, 0x0000000080700000, 0x0000000080700000|100%| O|  |TAMS 0x0000000080700000, 0x0000000080600000| Untracked 
|   7|0x0000000080700000, 0x0000000080800000, 0x0000000080800000|100%| O|  |TAMS 0x0000000080800000, 0x0000000080700000| Untracked 
|   8|0x0000000080800000, 0x0000000080900000, 0x0000000080900000|100%| O|  |TAMS 0x0000000080900000, 0x0000000080800000| Untracked 
|   9|0x0000000080900000, 0x0000000080a00000, 0x0000000080a00000|100%| O|  |TAMS 0x0000000080a00000, 0x0000000080900000| Untracked 
|  10|0x0000000080a00000, 0x0000000080b00000, 0x0000000080b00000|100%| O|  |TAMS 0x0000000080b00000, 0x0000000080a00000| Untracked 
|  11|0x0000000080b00000, 0x0000000080c00000, 0x0000000080c00000|100%| O|  |TAMS 0x0000000080c00000, 0x0000000080b00000| Untracked 
|  12|0x0000000080c00000, 0x0000000080d00000, 0x0000000080d00000|100%| O|  |TAMS 0x0000000080d00000, 0x0000000080c00000| Untracked 
|  13|0x0000000080d00000, 0x0000000080e00000, 0x0000000080e00000|100%| O|  |TAMS 0x0000000080e00000, 0x0000000080d00000| Untracked 
|  14|0x0000000080e00000, 0x0000000080f00000, 0x0000000080f00000|100%| O|  |TAMS 0x0000000080f00000, 0x0000000080e00000| Untracked 
|  15|0x0000000080f00000, 0x0000000081000000, 0x0000000081000000|100%| O|  |TAMS 0x0000000081000000, 0x0000000080f00000| Untracked 
|  16|0x0000000081000000, 0x0000000081100000, 0x0000000081100000|100%| O|  |TAMS 0x0000000081100000, 0x0000000081000000| Untracked 
|  17|0x0000000081100000, 0x0000000081200000, 0x0000000081200000|100%| O|  |TAMS 0x0000000081200000, 0x0000000081100000| Untracked 
|  18|0x0000000081200000, 0x0000000081300000, 0x0000000081300000|100%| O|  |TAMS 0x0000000081300000, 0x0000000081200000| Untracked 
|  19|0x0000000081300000, 0x00000000813ea400, 0x0000000081400000| 91%| O|  |TAMS 0x00000000813ea400, 0x0000000081300000| Untracked 
|  20|0x0000000081400000, 0x0000000081500000, 0x0000000081500000|100%| O|  |TAMS 0x0000000081500000, 0x0000000081400000| Untracked 
|  21|0x0000000081500000, 0x0000000081600000, 0x0000000081600000|100%| O|  |TAMS 0x0000000081600000, 0x0000000081500000| Untracked 
|  22|0x0000000081600000, 0x0000000081700000, 0x0000000081700000|100%| O|  |TAMS 0x0000000081700000, 0x0000000081600000| Untracked 
|  23|0x0000000081700000, 0x0000000081800000, 0x0000000081800000|100%| O|  |TAMS 0x0000000081800000, 0x0000000081700000| Untracked 
|  24|0x0000000081800000, 0x0000000081900000, 0x0000000081900000|100%| O|  |TAMS 0x0000000081900000, 0x0000000081800000| Untracked 
|  25|0x0000000081900000, 0x0000000081900000, 0x0000000081a00000|  0%| F|  |TAMS 0x0000000081900000, 0x0000000081900000| Untracked 
|  26|0x0000000081a00000, 0x0000000081b00000, 0x0000000081b00000|100%| O|  |TAMS 0x0000000081b00000, 0x0000000081a00000| Untracked 
|  27|0x0000000081b00000, 0x0000000081c00000, 0x0000000081c00000|100%| O|  |TAMS 0x0000000081c00000, 0x0000000081b00000| Untracked 
|  28|0x0000000081c00000, 0x0000000081d00000, 0x0000000081d00000|100%| O|  |TAMS 0x0000000081d00000, 0x0000000081c00000| Untracked 
|  29|0x0000000081d00000, 0x0000000081e00000, 0x0000000081e00000|100%| O|  |TAMS 0x0000000081e00000, 0x0000000081d00000| Untracked 
|  30|0x0000000081e00000, 0x0000000081f00000, 0x0000000081f00000|100%| O|  |TAMS 0x0000000081f00000, 0x0000000081e00000| Untracked 
|  31|0x0000000081f00000, 0x0000000082000000, 0x0000000082000000|100%| O|  |TAMS 0x0000000082000000, 0x0000000081f00000| Untracked 
|  32|0x0000000082000000, 0x0000000082100000, 0x0000000082100000|100%| O|  |TAMS 0x0000000082100000, 0x0000000082000000| Untracked 
|  33|0x0000000082100000, 0x0000000082200000, 0x0000000082200000|100%| O|  |TAMS 0x0000000082200000, 0x0000000082100000| Untracked 
|  34|0x0000000082200000, 0x0000000082300000, 0x0000000082300000|100%| O|  |TAMS 0x0000000082300000, 0x0000000082200000| Untracked 
|  35|0x0000000082300000, 0x0000000082400000, 0x0000000082400000|100%| O|  |TAMS 0x0000000082400000, 0x0000000082300000| Untracked 
|  36|0x0000000082400000, 0x0000000082500000, 0x0000000082500000|100%| O|  |TAMS 0x0000000082500000, 0x0000000082400000| Untracked 
|  37|0x0000000082500000, 0x0000000082600000, 0x0000000082600000|100%| O|  |TAMS 0x0000000082600000, 0x0000000082500000| Untracked 
|  38|0x0000000082600000, 0x0000000082700000, 0x0000000082700000|100%| O|  |TAMS 0x0000000082700000, 0x0000000082600000| Untracked 
|  39|0x0000000082700000, 0x0000000082800000, 0x0000000082800000|100%| O|  |TAMS 0x0000000082800000, 0x0000000082700000| Untracked 
|  40|0x0000000082800000, 0x0000000082900000, 0x0000000082900000|100%|HS|  |TAMS 0x0000000082900000, 0x0000000082800000| Complete 
|  41|0x0000000082900000, 0x0000000082a00000, 0x0000000082a00000|100%|HC|  |TAMS 0x0000000082a00000, 0x0000000082900000| Complete 
|  42|0x0000000082a00000, 0x0000000082b00000, 0x0000000082b00000|100%|HS|  |TAMS 0x0000000082b00000, 0x0000000082a00000| Complete 
|  43|0x0000000082b00000, 0x0000000082c00000, 0x0000000082c00000|100%|HC|  |TAMS 0x0000000082c00000, 0x0000000082b00000| Complete 
|  44|0x0000000082c00000, 0x0000000082d00000, 0x0000000082d00000|100%| O|  |TAMS 0x0000000082d00000, 0x0000000082c00000| Untracked 
|  45|0x0000000082d00000, 0x0000000082e00000, 0x0000000082e00000|100%|HS|  |TAMS 0x0000000082e00000, 0x0000000082d00000| Complete 
|  46|0x0000000082e00000, 0x0000000082f00000, 0x0000000082f00000|100%|HC|  |TAMS 0x0000000082f00000, 0x0000000082e00000| Complete 
|  47|0x0000000082f00000, 0x0000000083000000, 0x0000000083000000|100%|HC|  |TAMS 0x0000000083000000, 0x0000000082f00000| Complete 
|  48|0x0000000083000000, 0x0000000083100000, 0x0000000083100000|100%|HC|  |TAMS 0x0000000083100000, 0x0000000083000000| Complete 
|  49|0x0000000083100000, 0x0000000083200000, 0x0000000083200000|100%| O|  |TAMS 0x0000000083200000, 0x0000000083100000| Untracked 
|  50|0x0000000083200000, 0x0000000083300000, 0x0000000083300000|100%| O|  |TAMS 0x0000000083300000, 0x0000000083200000| Untracked 
|  51|0x0000000083300000, 0x0000000083400000, 0x0000000083400000|100%| O|  |TAMS 0x0000000083400000, 0x0000000083300000| Untracked 
|  52|0x0000000083400000, 0x0000000083500000, 0x0000000083500000|100%| O|  |TAMS 0x0000000083500000, 0x0000000083400000| Untracked 
|  53|0x0000000083500000, 0x0000000083600000, 0x0000000083600000|100%| O|  |TAMS 0x0000000083600000, 0x0000000083500000| Untracked 
|  54|0x0000000083600000, 0x0000000083700000, 0x0000000083700000|100%|HS|  |TAMS 0x0000000083700000, 0x0000000083600000| Complete 
|  55|0x0000000083700000, 0x0000000083800000, 0x0000000083800000|100%|HC|  |TAMS 0x0000000083800000, 0x0000000083700000| Complete 
|  56|0x0000000083800000, 0x0000000083900000, 0x0000000083900000|100%|HC|  |TAMS 0x0000000083900000, 0x0000000083800000| Complete 
|  57|0x0000000083900000, 0x0000000083a00000, 0x0000000083a00000|100%|HC|  |TAMS 0x0000000083a00000, 0x0000000083900000| Complete 
|  58|0x0000000083a00000, 0x0000000083b00000, 0x0000000083b00000|100%| O|  |TAMS 0x0000000083b00000, 0x0000000083a00000| Untracked 
|  59|0x0000000083b00000, 0x0000000083c00000, 0x0000000083c00000|100%| O|  |TAMS 0x0000000083c00000, 0x0000000083b00000| Untracked 
|  60|0x0000000083c00000, 0x0000000083d00000, 0x0000000083d00000|100%| O|  |TAMS 0x0000000083d00000, 0x0000000083c00000| Untracked 
|  61|0x0000000083d00000, 0x0000000083e00000, 0x0000000083e00000|100%| O|  |TAMS 0x0000000083e00000, 0x0000000083d00000| Untracked 
|  62|0x0000000083e00000, 0x0000000083f00000, 0x0000000083f00000|100%| O|  |TAMS 0x0000000083f00000, 0x0000000083e00000| Untracked 
|  63|0x0000000083f00000, 0x0000000084000000, 0x0000000084000000|100%| O|  |TAMS 0x0000000084000000, 0x0000000083f00000| Untracked 
|  64|0x0000000084000000, 0x0000000084100000, 0x0000000084100000|100%| O|  |TAMS 0x0000000084100000, 0x0000000084000000| Untracked 
|  65|0x0000000084100000, 0x0000000084200000, 0x0000000084200000|100%| O|  |TAMS 0x0000000084200000, 0x0000000084100000| Untracked 
|  66|0x0000000084200000, 0x0000000084300000, 0x0000000084300000|100%| O|  |TAMS 0x0000000084300000, 0x0000000084200000| Untracked 
|  67|0x0000000084300000, 0x0000000084400000, 0x0000000084400000|100%|HS|  |TAMS 0x0000000084400000, 0x0000000084300000| Complete 
|  68|0x0000000084400000, 0x0000000084500000, 0x0000000084500000|100%|HS|  |TAMS 0x0000000084500000, 0x0000000084400000| Complete 
|  69|0x0000000084500000, 0x0000000084600000, 0x0000000084600000|100%|HS|  |TAMS 0x0000000084600000, 0x0000000084500000| Complete 
|  70|0x0000000084600000, 0x0000000084700000, 0x0000000084700000|100%|HS|  |TAMS 0x0000000084700000, 0x0000000084600000| Complete 
|  71|0x0000000084700000, 0x0000000084800000, 0x0000000084800000|100%| O|  |TAMS 0x0000000084800000, 0x0000000084700000| Untracked 
|  72|0x0000000084800000, 0x0000000084900000, 0x0000000084900000|100%| O|  |TAMS 0x0000000084900000, 0x0000000084800000| Untracked 
|  73|0x0000000084900000, 0x0000000084a00000, 0x0000000084a00000|100%| O|  |TAMS 0x0000000084900000, 0x0000000084900000| Untracked 
|  74|0x0000000084a00000, 0x0000000084b00000, 0x0000000084b00000|100%| O|  |TAMS 0x0000000084b00000, 0x0000000084a00000| Untracked 
|  75|0x0000000084b00000, 0x0000000084c00000, 0x0000000084c00000|100%| O|  |TAMS 0x0000000084c00000, 0x0000000084b00000| Untracked 
|  76|0x0000000084c00000, 0x0000000084d00000, 0x0000000084d00000|100%| O|  |TAMS 0x0000000084d00000, 0x0000000084c00000| Untracked 
|  77|0x0000000084d00000, 0x0000000084e00000, 0x0000000084e00000|100%| O|  |TAMS 0x0000000084e00000, 0x0000000084d00000| Untracked 
|  78|0x0000000084e00000, 0x0000000084f00000, 0x0000000084f00000|100%| O|  |TAMS 0x0000000084f00000, 0x0000000084e00000| Untracked 
|  79|0x0000000084f00000, 0x0000000085000000, 0x0000000085000000|100%|HS|  |TAMS 0x0000000085000000, 0x0000000084f00000| Complete 
|  80|0x0000000085000000, 0x0000000085100000, 0x0000000085100000|100%| O|  |TAMS 0x0000000085100000, 0x0000000085000000| Untracked 
|  81|0x0000000085100000, 0x0000000085200000, 0x0000000085200000|100%| O|  |TAMS 0x0000000085200000, 0x0000000085100000| Untracked 
|  82|0x0000000085200000, 0x0000000085300000, 0x0000000085300000|100%| O|  |TAMS 0x0000000085300000, 0x0000000085200000| Untracked 
|  83|0x0000000085300000, 0x0000000085400000, 0x0000000085400000|100%| O|  |TAMS 0x0000000085400000, 0x0000000085300000| Untracked 
|  84|0x0000000085400000, 0x0000000085500000, 0x0000000085500000|100%| O|  |TAMS 0x0000000085461e00, 0x0000000085400000| Untracked 
|  85|0x0000000085500000, 0x0000000085600000, 0x0000000085600000|100%| O|  |TAMS 0x0000000085500000, 0x0000000085500000| Untracked 
|  86|0x0000000085600000, 0x0000000085700000, 0x0000000085700000|100%| O|  |TAMS 0x0000000085700000, 0x0000000085600000| Untracked 
|  87|0x0000000085700000, 0x0000000085800000, 0x0000000085800000|100%| O|  |TAMS 0x0000000085800000, 0x0000000085700000| Untracked 
|  88|0x0000000085800000, 0x0000000085900000, 0x0000000085900000|100%| O|  |TAMS 0x0000000085800000, 0x0000000085800000| Untracked 
|  89|0x0000000085900000, 0x0000000085960800, 0x0000000085a00000| 37%| O|  |TAMS 0x0000000085900000, 0x0000000085900000| Untracked 
|  90|0x0000000085a00000, 0x0000000085a00000, 0x0000000085b00000|  0%| F|  |TAMS 0x0000000085a00000, 0x0000000085a00000| Untracked 
|  91|0x0000000085b00000, 0x0000000085b00000, 0x0000000085c00000|  0%| F|  |TAMS 0x0000000085b00000, 0x0000000085b00000| Untracked 
|  92|0x0000000085c00000, 0x0000000085c00000, 0x0000000085d00000|  0%| F|  |TAMS 0x0000000085c00000, 0x0000000085c00000| Untracked 
|  93|0x0000000085d00000, 0x0000000085d00000, 0x0000000085e00000|  0%| F|  |TAMS 0x0000000085d00000, 0x0000000085d00000| Untracked 
|  94|0x0000000085e00000, 0x0000000085e00000, 0x0000000085f00000|  0%| F|  |TAMS 0x0000000085e00000, 0x0000000085e00000| Untracked 
|  95|0x0000000085f00000, 0x0000000085f00000, 0x0000000086000000|  0%| F|  |TAMS 0x0000000085f00000, 0x0000000085f00000| Untracked 
|  96|0x0000000086000000, 0x0000000086000000, 0x0000000086100000|  0%| F|  |TAMS 0x0000000086000000, 0x0000000086000000| Untracked 
|  97|0x0000000086100000, 0x0000000086100000, 0x0000000086200000|  0%| F|  |TAMS 0x0000000086100000, 0x0000000086100000| Untracked 
|  98|0x0000000086200000, 0x0000000086200000, 0x0000000086300000|  0%| F|  |TAMS 0x0000000086200000, 0x0000000086200000| Untracked 
|  99|0x0000000086300000, 0x0000000086300000, 0x0000000086400000|  0%| F|  |TAMS 0x0000000086300000, 0x0000000086300000| Untracked 
| 100|0x0000000086400000, 0x0000000086400000, 0x0000000086500000|  0%| F|  |TAMS 0x0000000086400000, 0x0000000086400000| Untracked 
| 101|0x0000000086500000, 0x0000000086500000, 0x0000000086600000|  0%| F|  |TAMS 0x0000000086500000, 0x0000000086500000| Untracked 
| 102|0x0000000086600000, 0x0000000086600000, 0x0000000086700000|  0%| F|  |TAMS 0x0000000086600000, 0x0000000086600000| Untracked 
| 103|0x0000000086700000, 0x0000000086700000, 0x0000000086800000|  0%| F|  |TAMS 0x0000000086700000, 0x0000000086700000| Untracked 
| 104|0x0000000086800000, 0x0000000086800000, 0x0000000086900000|  0%| F|  |TAMS 0x0000000086800000, 0x0000000086800000| Untracked 
| 105|0x0000000086900000, 0x0000000086900000, 0x0000000086a00000|  0%| F|  |TAMS 0x0000000086900000, 0x0000000086900000| Untracked 
| 106|0x0000000086a00000, 0x0000000086a00000, 0x0000000086b00000|  0%| F|  |TAMS 0x0000000086a00000, 0x0000000086a00000| Untracked 
| 107|0x0000000086b00000, 0x0000000086b00000, 0x0000000086c00000|  0%| F|  |TAMS 0x0000000086b00000, 0x0000000086b00000| Untracked 
| 108|0x0000000086c00000, 0x0000000086c00000, 0x0000000086d00000|  0%| F|  |TAMS 0x0000000086c00000, 0x0000000086c00000| Untracked 
| 109|0x0000000086d00000, 0x0000000086d00000, 0x0000000086e00000|  0%| F|  |TAMS 0x0000000086d00000, 0x0000000086d00000| Untracked 
| 110|0x0000000086e00000, 0x0000000086e00000, 0x0000000086f00000|  0%| F|  |TAMS 0x0000000086e00000, 0x0000000086e00000| Untracked 
| 111|0x0000000086f00000, 0x0000000086f00000, 0x0000000087000000|  0%| F|  |TAMS 0x0000000086f00000, 0x0000000086f00000| Untracked 
| 112|0x0000000087000000, 0x0000000087000000, 0x0000000087100000|  0%| F|  |TAMS 0x0000000087000000, 0x0000000087000000| Untracked 
| 113|0x0000000087100000, 0x0000000087100000, 0x0000000087200000|  0%| F|  |TAMS 0x0000000087100000, 0x0000000087100000| Untracked 
| 114|0x0000000087200000, 0x0000000087200000, 0x0000000087300000|  0%| F|  |TAMS 0x0000000087200000, 0x0000000087200000| Untracked 
| 115|0x0000000087300000, 0x0000000087300000, 0x0000000087400000|  0%| F|  |TAMS 0x0000000087300000, 0x0000000087300000| Untracked 
| 116|0x0000000087400000, 0x0000000087400000, 0x0000000087500000|  0%| F|  |TAMS 0x0000000087400000, 0x0000000087400000| Untracked 
| 117|0x0000000087500000, 0x0000000087500000, 0x0000000087600000|  0%| F|  |TAMS 0x0000000087500000, 0x0000000087500000| Untracked 
| 118|0x0000000087600000, 0x0000000087600000, 0x0000000087700000|  0%| F|  |TAMS 0x0000000087600000, 0x0000000087600000| Untracked 
| 119|0x0000000087700000, 0x0000000087700000, 0x0000000087800000|  0%| F|  |TAMS 0x0000000087700000, 0x0000000087700000| Untracked 
| 120|0x0000000087800000, 0x0000000087800000, 0x0000000087900000|  0%| F|  |TAMS 0x0000000087800000, 0x0000000087800000| Untracked 
| 121|0x0000000087900000, 0x0000000087900000, 0x0000000087a00000|  0%| F|  |TAMS 0x0000000087900000, 0x0000000087900000| Untracked 
| 122|0x0000000087a00000, 0x0000000087a00000, 0x0000000087b00000|  0%| F|  |TAMS 0x0000000087a00000, 0x0000000087a00000| Untracked 
| 123|0x0000000087b00000, 0x0000000087b00000, 0x0000000087c00000|  0%| F|  |TAMS 0x0000000087b00000, 0x0000000087b00000| Untracked 
| 124|0x0000000087c00000, 0x0000000087c00000, 0x0000000087d00000|  0%| F|  |TAMS 0x0000000087c00000, 0x0000000087c00000| Untracked 
| 125|0x0000000087d00000, 0x0000000087d00000, 0x0000000087e00000|  0%| F|  |TAMS 0x0000000087d00000, 0x0000000087d00000| Untracked 
| 126|0x0000000087e00000, 0x0000000087e00000, 0x0000000087f00000|  0%| F|  |TAMS 0x0000000087e00000, 0x0000000087e00000| Untracked 
| 127|0x0000000087f00000, 0x0000000087f00000, 0x0000000088000000|  0%| F|  |TAMS 0x0000000087f00000, 0x0000000087f00000| Untracked 
| 128|0x0000000088000000, 0x0000000088000000, 0x0000000088100000|  0%| F|  |TAMS 0x0000000088000000, 0x0000000088000000| Untracked 
| 129|0x0000000088100000, 0x0000000088100000, 0x0000000088200000|  0%| F|  |TAMS 0x0000000088100000, 0x0000000088100000| Untracked 
| 130|0x0000000088200000, 0x0000000088200000, 0x0000000088300000|  0%| F|  |TAMS 0x0000000088200000, 0x0000000088200000| Untracked 
| 131|0x0000000088300000, 0x0000000088300000, 0x0000000088400000|  0%| F|  |TAMS 0x0000000088300000, 0x0000000088300000| Untracked 
| 132|0x0000000088400000, 0x0000000088400000, 0x0000000088500000|  0%| F|  |TAMS 0x0000000088400000, 0x0000000088400000| Untracked 
| 133|0x0000000088500000, 0x0000000088500000, 0x0000000088600000|  0%| F|  |TAMS 0x0000000088500000, 0x0000000088500000| Untracked 
| 134|0x0000000088600000, 0x0000000088600000, 0x0000000088700000|  0%| F|  |TAMS 0x0000000088600000, 0x0000000088600000| Untracked 
| 135|0x0000000088700000, 0x0000000088700000, 0x0000000088800000|  0%| F|  |TAMS 0x0000000088700000, 0x0000000088700000| Untracked 
| 136|0x0000000088800000, 0x0000000088800000, 0x0000000088900000|  0%| F|  |TAMS 0x0000000088800000, 0x0000000088800000| Untracked 
| 137|0x0000000088900000, 0x0000000088900000, 0x0000000088a00000|  0%| F|  |TAMS 0x0000000088900000, 0x0000000088900000| Untracked 
| 138|0x0000000088a00000, 0x0000000088a00000, 0x0000000088b00000|  0%| F|  |TAMS 0x0000000088a00000, 0x0000000088a00000| Untracked 
| 139|0x0000000088b00000, 0x0000000088b00000, 0x0000000088c00000|  0%| F|  |TAMS 0x0000000088b00000, 0x0000000088b00000| Untracked 
| 140|0x0000000088c00000, 0x0000000088c00000, 0x0000000088d00000|  0%| F|  |TAMS 0x0000000088c00000, 0x0000000088c00000| Untracked 
| 141|0x0000000088d00000, 0x0000000088d00000, 0x0000000088e00000|  0%| F|  |TAMS 0x0000000088d00000, 0x0000000088d00000| Untracked 
| 142|0x0000000088e00000, 0x0000000088e00000, 0x0000000088f00000|  0%| F|  |TAMS 0x0000000088e00000, 0x0000000088e00000| Untracked 
| 143|0x0000000088f00000, 0x0000000088f00000, 0x0000000089000000|  0%| F|  |TAMS 0x0000000088f00000, 0x0000000088f00000| Untracked 
| 144|0x0000000089000000, 0x0000000089000000, 0x0000000089100000|  0%| F|  |TAMS 0x0000000089000000, 0x0000000089000000| Untracked 
| 145|0x0000000089100000, 0x0000000089100000, 0x0000000089200000|  0%| F|  |TAMS 0x0000000089100000, 0x0000000089100000| Untracked 
| 146|0x0000000089200000, 0x0000000089200000, 0x0000000089300000|  0%| F|  |TAMS 0x0000000089200000, 0x0000000089200000| Untracked 
| 147|0x0000000089300000, 0x0000000089300000, 0x0000000089400000|  0%| F|  |TAMS 0x0000000089300000, 0x0000000089300000| Untracked 
| 148|0x0000000089400000, 0x0000000089400000, 0x0000000089500000|  0%| F|  |TAMS 0x0000000089400000, 0x0000000089400000| Untracked 
| 149|0x0000000089500000, 0x0000000089500000, 0x0000000089600000|  0%| F|  |TAMS 0x0000000089500000, 0x0000000089500000| Untracked 
| 150|0x0000000089600000, 0x0000000089600000, 0x0000000089700000|  0%| F|  |TAMS 0x0000000089600000, 0x0000000089600000| Untracked 
| 151|0x0000000089700000, 0x0000000089700000, 0x0000000089800000|  0%| F|  |TAMS 0x0000000089700000, 0x0000000089700000| Untracked 
| 152|0x0000000089800000, 0x0000000089800000, 0x0000000089900000|  0%| F|  |TAMS 0x0000000089800000, 0x0000000089800000| Untracked 
| 153|0x0000000089900000, 0x0000000089900000, 0x0000000089a00000|  0%| F|  |TAMS 0x0000000089900000, 0x0000000089900000| Untracked 
| 154|0x0000000089a00000, 0x0000000089a00000, 0x0000000089b00000|  0%| F|  |TAMS 0x0000000089a00000, 0x0000000089a00000| Untracked 
| 155|0x0000000089b00000, 0x0000000089b00000, 0x0000000089c00000|  0%| F|  |TAMS 0x0000000089b00000, 0x0000000089b00000| Untracked 
| 156|0x0000000089c00000, 0x0000000089c00000, 0x0000000089d00000|  0%| F|  |TAMS 0x0000000089c00000, 0x0000000089c00000| Untracked 
| 157|0x0000000089d00000, 0x0000000089d00000, 0x0000000089e00000|  0%| F|  |TAMS 0x0000000089d00000, 0x0000000089d00000| Untracked 
| 158|0x0000000089e00000, 0x0000000089e00000, 0x0000000089f00000|  0%| F|  |TAMS 0x0000000089e00000, 0x0000000089e00000| Untracked 
| 159|0x0000000089f00000, 0x0000000089f00000, 0x000000008a000000|  0%| F|  |TAMS 0x0000000089f00000, 0x0000000089f00000| Untracked 
| 160|0x000000008a000000, 0x000000008a000000, 0x000000008a100000|  0%| F|  |TAMS 0x000000008a000000, 0x000000008a000000| Untracked 
| 161|0x000000008a100000, 0x000000008a100000, 0x000000008a200000|  0%| F|  |TAMS 0x000000008a100000, 0x000000008a100000| Untracked 
| 162|0x000000008a200000, 0x000000008a200000, 0x000000008a300000|  0%| F|  |TAMS 0x000000008a200000, 0x000000008a200000| Untracked 
| 163|0x000000008a300000, 0x000000008a300000, 0x000000008a400000|  0%| F|  |TAMS 0x000000008a300000, 0x000000008a300000| Untracked 
| 164|0x000000008a400000, 0x000000008a400000, 0x000000008a500000|  0%| F|  |TAMS 0x000000008a400000, 0x000000008a400000| Untracked 
| 165|0x000000008a500000, 0x000000008a500000, 0x000000008a600000|  0%| F|  |TAMS 0x000000008a500000, 0x000000008a500000| Untracked 
| 166|0x000000008a600000, 0x000000008a600000, 0x000000008a700000|  0%| F|  |TAMS 0x000000008a600000, 0x000000008a600000| Untracked 
| 167|0x000000008a700000, 0x000000008a7be370, 0x000000008a800000| 74%| S|CS|TAMS 0x000000008a700000, 0x000000008a700000| Complete 
| 168|0x000000008a800000, 0x000000008a800000, 0x000000008a900000|  0%| F|  |TAMS 0x000000008a800000, 0x000000008a800000| Untracked 
| 169|0x000000008a900000, 0x000000008a900000, 0x000000008aa00000|  0%| F|  |TAMS 0x000000008a900000, 0x000000008a900000| Untracked 
| 170|0x000000008aa00000, 0x000000008aa00000, 0x000000008ab00000|  0%| F|  |TAMS 0x000000008aa00000, 0x000000008aa00000| Untracked 
| 171|0x000000008ab00000, 0x000000008ab00000, 0x000000008ac00000|  0%| F|  |TAMS 0x000000008ab00000, 0x000000008ab00000| Untracked 

Card table byte_map: [0x000002094fc30000,0x0000020950030000] _byte_map_base: 0x000002094f830000

Marking Bits (Prev, Next): (CMBitMap*) 0x0000020935bfadf0, (CMBitMap*) 0x0000020935bfae30
 Prev Bits: [0x0000020950430000, 0x0000020952430000)
 Next Bits: [0x0000020952430000, 0x0000020954430000)

Polling page: 0x00000209401e0000

Metaspace:

Usage:
  Non-class:     68.38 MB used.
      Class:     11.16 MB used.
       Both:     79.54 MB used.

Virtual space:
  Non-class space:      128.00 MB reserved,      68.81 MB ( 54%) committed,  2 nodes.
      Class space:      416.00 MB reserved,      11.50 MB (  3%) committed,  1 nodes.
             Both:      544.00 MB reserved,      80.31 MB ( 15%) committed. 

Chunk freelists:
   Non-Class:  10.30 MB
       Class:  4.50 MB
        Both:  14.80 MB

MaxMetaspaceSize: 512.00 MB
CompressedClassSpaceSize: 416.00 MB
Initial GC threshold: 21.00 MB
Current GC threshold: 129.06 MB
CDS: on
MetaspaceReclaimPolicy: balanced
 - commit_granule_bytes: 65536.
 - commit_granule_words: 8192.
 - virtual_space_node_default_size: 8388608.
 - enlarge_chunks_in_place: 1.
 - new_chunks_are_fully_committed: 0.
 - uncommit_free_chunks: 1.
 - use_allocation_guard: 0.
 - handle_deallocations: 1.


Internal statistics:

num_allocs_failed_limit: 6.
num_arena_births: 958.
num_arena_deaths: 0.
num_vsnodes_births: 3.
num_vsnodes_deaths: 0.
num_space_committed: 1285.
num_space_uncommitted: 0.
num_chunks_returned_to_freelist: 6.
num_chunks_taken_from_freelist: 4368.
num_chunk_merges: 6.
num_chunk_splits: 2895.
num_chunks_enlarged: 1938.
num_inconsistent_stats: 0.

CodeHeap 'non-profiled nmethods': size=120000Kb used=4939Kb max_used=4939Kb free=115060Kb
 bounds [0x0000020947cd0000, 0x00000209481b0000, 0x000002094f200000]
CodeHeap 'profiled nmethods': size=120000Kb used=17689Kb max_used=17689Kb free=102310Kb
 bounds [0x0000020940200000, 0x0000020941350000, 0x0000020947730000]
CodeHeap 'non-nmethods': size=5760Kb used=2384Kb max_used=2462Kb free=3375Kb
 bounds [0x0000020947730000, 0x00000209479c0000, 0x0000020947cd0000]
 total_blobs=9816 nmethods=8906 adapters=821
 compilation: enabled
              stopped_count=0, restarted_count=0
 full_count=0

Compilation events (20 events):
Event: 38.572 Thread 0x0000020956a71b20 nmethod 9664 0x00000209481a1c10 code [0x00000209481a1d80, 0x00000209481a1e18]
Event: 38.575 Thread 0x0000020956a724e0 9665       1       org.apache.tools.ant.AntTypeDefinition::setName (6 bytes)
Event: 38.576 Thread 0x0000020956a724e0 nmethod 9665 0x00000209481a1f10 code [0x00000209481a20a0, 0x00000209481a21b8]
Event: 38.576 Thread 0x0000020956a724e0 9666       1       org.apache.tools.ant.AntTypeDefinition::setClassName (6 bytes)
Event: 38.576 Thread 0x0000020956a724e0 nmethod 9666 0x00000209481a2210 code [0x00000209481a23a0, 0x00000209481a24b8]
Event: 38.576 Thread 0x0000020956a724e0 9667       1       org.apache.tools.ant.AntTypeDefinition::setClassLoader (6 bytes)
Event: 38.576 Thread 0x0000020956a724e0 nmethod 9667 0x00000209481a2510 code [0x00000209481a26a0, 0x00000209481a27b8]
Event: 38.576 Thread 0x0000020956a724e0 9668       1       org.apache.tools.ant.AntTypeDefinition::setAdaptToClass (6 bytes)
Event: 38.577 Thread 0x0000020956a71b20 9670       4       java.util.Properties::loadConvert (540 bytes)
Event: 38.577 Thread 0x0000020956a724e0 nmethod 9668 0x00000209481a2810 code [0x00000209481a29a0, 0x00000209481a2ab8]
Event: 38.577 Thread 0x0000020956a724e0 9669       1       org.apache.tools.ant.AntTypeDefinition::setAdapterClass (6 bytes)
Event: 38.578 Thread 0x0000020956a724e0 nmethod 9669 0x00000209481a2b10 code [0x00000209481a2ca0, 0x00000209481a2db8]
Event: 38.578 Thread 0x0000020956a724e0 9672       3       org.apache.tools.ant.AntTypeDefinition::<init> (10 bytes)
Event: 38.578 Thread 0x0000020956a724e0 nmethod 9672 0x0000020941341a90 code [0x0000020941341c20, 0x0000020941341d98]
Event: 38.589 Thread 0x0000020956a724e0 9673       3       groovy.lang.MetaClassImpl::inheritInterfaceNewMetaMethods (195 bytes)
Event: 38.593 Thread 0x0000020956a724e0 nmethod 9673 0x0000020941341e90 code [0x0000020941342180, 0x0000020941343498]
Event: 38.593 Thread 0x0000020956a724e0 9674       3       org.codehaus.groovy.runtime.metaclass.MetaMethodIndex::addMethodToList (128 bytes)
Event: 38.595 Thread 0x0000020956a724e0 nmethod 9674 0x0000020941343b10 code [0x0000020941343da0, 0x0000020941344f88]
Event: 38.595 Thread 0x0000020956a724e0 9675 %     3       groovy.lang.MetaClassImpl$MethodIndexAction::iterate @ 76 (119 bytes)
Event: 38.598 Thread 0x0000020956a724e0 nmethod 9675% 0x0000020941345390 code [0x00000209413455c0, 0x0000020941346218]

GC Heap History (20 events):
Event: 33.854 GC heap after
{Heap after GC invocations=33 (full 0):
 garbage-first heap   total 135168K, used 70043K [0x0000000080000000, 0x0000000100000000)
  region size 1024K, 4 young (4096K), 4 survivors (4096K)
 Metaspace       used 67437K, committed 68096K, reserved 491520K
  class space    used 9657K, committed 9920K, reserved 425984K
}
Event: 34.065 GC heap before
{Heap before GC invocations=33 (full 0):
 garbage-first heap   total 135168K, used 80283K [0x0000000080000000, 0x0000000100000000)
  region size 1024K, 15 young (15360K), 4 survivors (4096K)
 Metaspace       used 67545K, committed 68224K, reserved 491520K
  class space    used 9668K, committed 9984K, reserved 425984K
}
Event: 34.073 GC heap after
{Heap after GC invocations=34 (full 0):
 garbage-first heap   total 135168K, used 70854K [0x0000000080000000, 0x0000000100000000)
  region size 1024K, 3 young (3072K), 3 survivors (3072K)
 Metaspace       used 67545K, committed 68224K, reserved 491520K
  class space    used 9668K, committed 9984K, reserved 425984K
}
Event: 34.408 GC heap before
{Heap before GC invocations=35 (full 0):
 garbage-first heap   total 135168K, used 82118K [0x0000000080000000, 0x0000000100000000)
  region size 1024K, 12 young (12288K), 3 survivors (3072K)
 Metaspace       used 67596K, committed 68288K, reserved 491520K
  class space    used 9675K, committed 9984K, reserved 425984K
}
Event: 34.415 GC heap after
{Heap after GC invocations=36 (full 0):
 garbage-first heap   total 135168K, used 78368K [0x0000000080000000, 0x0000000100000000)
  region size 1024K, 6 young (6144K), 6 survivors (6144K)
 Metaspace       used 67596K, committed 68288K, reserved 491520K
  class space    used 9675K, committed 9984K, reserved 425984K
}
Event: 34.859 GC heap before
{Heap before GC invocations=37 (full 0):
 garbage-first heap   total 147456K, used 90656K [0x0000000080000000, 0x0000000100000000)
  region size 1024K, 19 young (19456K), 6 survivors (6144K)
 Metaspace       used 68462K, committed 69120K, reserved 491520K
  class space    used 9779K, committed 10048K, reserved 425984K
}
Event: 34.867 GC heap after
{Heap after GC invocations=38 (full 0):
 garbage-first heap   total 147456K, used 81643K [0x0000000080000000, 0x0000000100000000)
  region size 1024K, 2 young (2048K), 2 survivors (2048K)
 Metaspace       used 68462K, committed 69120K, reserved 491520K
  class space    used 9779K, committed 10048K, reserved 425984K
}
Event: 35.462 GC heap before
{Heap before GC invocations=39 (full 0):
 garbage-first heap   total 153600K, used 108267K [0x0000000080000000, 0x0000000100000000)
  region size 1024K, 27 young (27648K), 2 survivors (2048K)
 Metaspace       used 70604K, committed 71296K, reserved 491520K
  class space    used 10009K, committed 10304K, reserved 425984K
}
Event: 35.466 GC heap after
{Heap after GC invocations=40 (full 0):
 garbage-first heap   total 153600K, used 83040K [0x0000000080000000, 0x0000000100000000)
  region size 1024K, 2 young (2048K), 2 survivors (2048K)
 Metaspace       used 70604K, committed 71296K, reserved 491520K
  class space    used 10009K, committed 10304K, reserved 425984K
}
Event: 36.113 GC heap before
{Heap before GC invocations=40 (full 0):
 garbage-first heap   total 153600K, used 108640K [0x0000000080000000, 0x0000000100000000)
  region size 1024K, 28 young (28672K), 2 survivors (2048K)
 Metaspace       used 73419K, committed 74240K, reserved 491520K
  class space    used 10345K, committed 10752K, reserved 425984K
}
Event: 36.117 GC heap after
{Heap after GC invocations=41 (full 0):
 garbage-first heap   total 153600K, used 84958K [0x0000000080000000, 0x0000000100000000)
  region size 1024K, 4 young (4096K), 4 survivors (4096K)
 Metaspace       used 73419K, committed 74240K, reserved 491520K
  class space    used 10345K, committed 10752K, reserved 425984K
}
Event: 36.795 GC heap before
{Heap before GC invocations=42 (full 0):
 garbage-first heap   total 176128K, used 122846K [0x0000000080000000, 0x0000000100000000)
  region size 1024K, 35 young (35840K), 4 survivors (4096K)
 Metaspace       used 74846K, committed 75648K, reserved 491520K
  class space    used 10537K, committed 10944K, reserved 425984K
}
Event: 36.805 GC heap after
{Heap after GC invocations=43 (full 0):
 garbage-first heap   total 176128K, used 88014K [0x0000000080000000, 0x0000000100000000)
  region size 1024K, 5 young (5120K), 5 survivors (5120K)
 Metaspace       used 74846K, committed 75648K, reserved 491520K
  class space    used 10537K, committed 10944K, reserved 425984K
}
Event: 36.865 GC heap before
{Heap before GC invocations=43 (full 0):
 garbage-first heap   total 176128K, used 91086K [0x0000000080000000, 0x0000000100000000)
  region size 1024K, 8 young (8192K), 5 survivors (5120K)
 Metaspace       used 75032K, committed 75840K, reserved 491520K
  class space    used 10568K, committed 10944K, reserved 425984K
}
Event: 36.872 GC heap after
{Heap after GC invocations=44 (full 0):
 garbage-first heap   total 176128K, used 88000K [0x0000000080000000, 0x0000000100000000)
  region size 1024K, 1 young (1024K), 1 survivors (1024K)
 Metaspace       used 75032K, committed 75840K, reserved 491520K
  class space    used 10568K, committed 10944K, reserved 425984K
}
Event: 37.658 GC heap before
{Heap before GC invocations=44 (full 0):
 garbage-first heap   total 176128K, used 128960K [0x0000000080000000, 0x0000000100000000)
  region size 1024K, 41 young (41984K), 1 survivors (1024K)
 Metaspace       used 77863K, committed 78656K, reserved 557056K
  class space    used 10952K, committed 11328K, reserved 425984K
}
Event: 37.663 GC heap after
{Heap after GC invocations=45 (full 0):
 garbage-first heap   total 176128K, used 89441K [0x0000000080000000, 0x0000000100000000)
  region size 1024K, 3 young (3072K), 3 survivors (3072K)
 Metaspace       used 77863K, committed 78656K, reserved 557056K
  class space    used 10952K, committed 11328K, reserved 425984K
}
Event: 38.453 GC heap before
{Heap before GC invocations=46 (full 0):
 garbage-first heap   total 176128K, used 131425K [0x0000000080000000, 0x0000000100000000)
  region size 1024K, 44 young (45056K), 3 survivors (3072K)
 Metaspace       used 80925K, committed 81728K, reserved 557056K
  class space    used 11370K, committed 11712K, reserved 425984K
}
Event: 38.462 GC heap after
{Heap after GC invocations=47 (full 0):
 garbage-first heap   total 176128K, used 90845K [0x0000000080000000, 0x0000000100000000)
  region size 1024K, 4 young (4096K), 4 survivors (4096K)
 Metaspace       used 80925K, committed 81728K, reserved 557056K
  class space    used 11370K, committed 11712K, reserved 425984K
}
Event: 38.602 GC heap before
{Heap before GC invocations=47 (full 0):
 garbage-first heap   total 176128K, used 93917K [0x0000000080000000, 0x0000000100000000)
  region size 1024K, 8 young (8192K), 4 survivors (4096K)
 Metaspace       used 81447K, committed 82240K, reserved 557056K
  class space    used 11423K, committed 11776K, reserved 425984K
}

Dll operation events (15 events):
Event: 0.021 Loaded shared library C:\Users\Hp\Downloads\openlogic-openjdk-17.0.10+7-windows-x64\openlogic-openjdk-17.0.10+7-windows-x64\bin\java.dll
Event: 0.052 Loaded shared library C:\Users\Hp\Downloads\openlogic-openjdk-17.0.10+7-windows-x64\openlogic-openjdk-17.0.10+7-windows-x64\bin\jsvml.dll
Event: 0.145 Loaded shared library C:\Users\Hp\Downloads\openlogic-openjdk-17.0.10+7-windows-x64\openlogic-openjdk-17.0.10+7-windows-x64\bin\zip.dll
Event: 0.189 Loaded shared library C:\Users\Hp\Downloads\openlogic-openjdk-17.0.10+7-windows-x64\openlogic-openjdk-17.0.10+7-windows-x64\bin\instrument.dll
Event: 0.206 Loaded shared library C:\Users\Hp\Downloads\openlogic-openjdk-17.0.10+7-windows-x64\openlogic-openjdk-17.0.10+7-windows-x64\bin\net.dll
Event: 0.215 Loaded shared library C:\Users\Hp\Downloads\openlogic-openjdk-17.0.10+7-windows-x64\openlogic-openjdk-17.0.10+7-windows-x64\bin\nio.dll
Event: 0.239 Loaded shared library C:\Users\Hp\Downloads\openlogic-openjdk-17.0.10+7-windows-x64\openlogic-openjdk-17.0.10+7-windows-x64\bin\zip.dll
Event: 0.678 Loaded shared library C:\Users\Hp\Downloads\openlogic-openjdk-17.0.10+7-windows-x64\openlogic-openjdk-17.0.10+7-windows-x64\bin\jimage.dll
Event: 0.956 Loaded shared library C:\Users\Hp\Downloads\openlogic-openjdk-17.0.10+7-windows-x64\openlogic-openjdk-17.0.10+7-windows-x64\bin\verify.dll
Event: 1.384 Loaded shared library C:\Users\Hp\.gradle\native\c067742578af261105cb4f569cf0c3c89f3d7b1fecec35dd04571415982c5e48\windows-amd64\native-platform.dll
Event: 1.404 Loaded shared library C:\Users\Hp\.gradle\native\38dada09dfb8b06ba9b0570ebf7e218e3eb74d4ef43ca46872605cf95ebc2f47\windows-amd64\native-platform-file-events.dll
Event: 3.476 Loaded shared library C:\Users\Hp\Downloads\openlogic-openjdk-17.0.10+7-windows-x64\openlogic-openjdk-17.0.10+7-windows-x64\bin\management.dll
Event: 3.480 Loaded shared library C:\Users\Hp\Downloads\openlogic-openjdk-17.0.10+7-windows-x64\openlogic-openjdk-17.0.10+7-windows-x64\bin\management_ext.dll
Event: 4.271 Loaded shared library C:\Users\Hp\Downloads\openlogic-openjdk-17.0.10+7-windows-x64\openlogic-openjdk-17.0.10+7-windows-x64\bin\extnet.dll
Event: 5.164 Loaded shared library C:\Users\Hp\Downloads\openlogic-openjdk-17.0.10+7-windows-x64\openlogic-openjdk-17.0.10+7-windows-x64\bin\sunmscapi.dll

Deoptimization events (20 events):
Event: 38.570 Thread 0x0000020976f76090 DEOPT PACKING pc=0x000002094053d5e6 sp=0x000000fb08af35b0
Event: 38.570 Thread 0x0000020976f76090 DEOPT UNPACKING pc=0x0000020947787143 sp=0x000000fb08af2a78 mode 0
Event: 38.570 Thread 0x0000020976f76090 DEOPT PACKING pc=0x00000209408476b1 sp=0x000000fb08af3580
Event: 38.570 Thread 0x0000020976f76090 DEOPT UNPACKING pc=0x0000020947787143 sp=0x000000fb08af2a70 mode 0
Event: 38.577 Thread 0x0000020976f76090 DEOPT PACKING pc=0x000002094053d5e6 sp=0x000000fb08af35b0
Event: 38.577 Thread 0x0000020976f76090 DEOPT UNPACKING pc=0x0000020947787143 sp=0x000000fb08af2a78 mode 0
Event: 38.577 Thread 0x0000020976f76090 DEOPT PACKING pc=0x00000209408476b1 sp=0x000000fb08af3580
Event: 38.577 Thread 0x0000020976f76090 DEOPT UNPACKING pc=0x0000020947787143 sp=0x000000fb08af2a70 mode 0
Event: 38.580 Thread 0x0000020976f76090 Uncommon trap: trap_request=0xffffff45 fr.pc=0x0000020947dc8220 relative=0x0000000000000680
Event: 38.580 Thread 0x0000020976f76090 Uncommon trap: reason=unstable_if action=reinterpret pc=0x0000020947dc8220 method=java.lang.String.replace(CC)Ljava/lang/String; @ 2 c2
Event: 38.580 Thread 0x0000020976f76090 DEOPT PACKING pc=0x0000020947dc8220 sp=0x000000fb08af3690
Event: 38.580 Thread 0x0000020976f76090 DEOPT UNPACKING pc=0x00000209477869a3 sp=0x000000fb08af3640 mode 2
Event: 38.588 Thread 0x0000020976f76090 Uncommon trap: trap_request=0xffffff45 fr.pc=0x0000020948010a6c relative=0x0000000000001c0c
Event: 38.588 Thread 0x0000020976f76090 Uncommon trap: reason=unstable_if action=reinterpret pc=0x0000020948010a6c method=groovy.lang.MetaClassImpl.checkIfStdMethod(Lgroovy/lang/MetaMethod;)V @ 55 c2
Event: 38.588 Thread 0x0000020976f76090 DEOPT PACKING pc=0x0000020948010a6c sp=0x000000fb08af3340
Event: 38.589 Thread 0x0000020976f76090 DEOPT UNPACKING pc=0x00000209477869a3 sp=0x000000fb08af32f0 mode 2
Event: 38.589 Thread 0x0000020976f76090 Uncommon trap: trap_request=0xffffff45 fr.pc=0x0000020947f46524 relative=0x0000000000003bc4
Event: 38.590 Thread 0x0000020976f76090 Uncommon trap: reason=unstable_if action=reinterpret pc=0x0000020947f46524 method=org.codehaus.groovy.runtime.metaclass.MetaMethodIndex.isNonRealMethod(Lgroovy/lang/MetaMethod;)Z @ 4 c2
Event: 38.590 Thread 0x0000020976f76090 DEOPT PACKING pc=0x0000020947f46524 sp=0x000000fb08af31f0
Event: 38.590 Thread 0x0000020976f76090 DEOPT UNPACKING pc=0x00000209477869a3 sp=0x000000fb08af3150 mode 2

Classes unloaded (0 events):
No events

Classes redefined (0 events):
No events

Internal exceptions (20 events):
Event: 38.184 Thread 0x0000020976f76090 Exception <a 'java/lang/ClassNotFoundException'{0x00000000891c9bf8}: org/jetbrains/kotlin/gradle/targets/js/npm/NpmDependencyExtensionKt$defaultNpmDependencyDelegate$1Customizer> (0x00000000891c9bf8) 
thrown [s\src\hotspot\share\classfile\systemDictionary.cpp, line 256]
Event: 38.191 Thread 0x0000020976f76090 Exception <a 'java/lang/ClassNotFoundException'{0x0000000089005600}: org/jetbrains/kotlin/gradle/targets/js/npm/DefaultDevNpmDependencyExtensionBeanInfo> (0x0000000089005600) 
thrown [s\src\hotspot\share\classfile\systemDictionary.cpp, line 256]
Event: 38.193 Thread 0x0000020976f76090 Exception <a 'java/lang/ClassNotFoundException'{0x0000000089010860}: org/jetbrains/kotlin/gradle/targets/js/npm/DefaultDevNpmDependencyExtensionCustomizer> (0x0000000089010860) 
thrown [s\src\hotspot\share\classfile\systemDictionary.cpp, line 256]
Event: 38.198 Thread 0x0000020976f76090 Exception <a 'java/lang/ClassNotFoundException'{0x0000000089057998}: org/jetbrains/kotlin/gradle/targets/js/npm/DefaultPeerNpmDependencyExtensionBeanInfo> (0x0000000089057998) 
thrown [s\src\hotspot\share\classfile\systemDictionary.cpp, line 256]
Event: 38.198 Thread 0x0000020976f76090 Exception <a 'java/lang/ClassNotFoundException'{0x0000000089062c20}: org/jetbrains/kotlin/gradle/targets/js/npm/DefaultPeerNpmDependencyExtensionCustomizer> (0x0000000089062c20) 
thrown [s\src\hotspot\share\classfile\systemDictionary.cpp, line 256]
Event: 38.206 Thread 0x0000020976f76090 Exception <a 'java/lang/ClassNotFoundException'{0x00000000890b3158}: org/jetbrains/kotlin/gradle/targets/js/npm/DefaultPeerNpmDependencyExtension$delegate$1BeanInfo> (0x00000000890b3158) 
thrown [s\src\hotspot\share\classfile\systemDictionary.cpp, line 256]
Event: 38.207 Thread 0x0000020976f76090 Exception <a 'java/lang/ClassNotFoundException'{0x00000000890be598}: org/jetbrains/kotlin/gradle/targets/js/npm/DefaultPeerNpmDependencyExtension$delegate$1Customizer> (0x00000000890be598) 
thrown [s\src\hotspot\share\classfile\systemDictionary.cpp, line 256]
Event: 38.223 Thread 0x0000020976f76090 Exception <a 'java/lang/NoSuchMethodError'{0x0000000088f520c8}: static Lorg/jetbrains/kotlin/gradle/plugin/internal/DefaultIdeaSyncDetector$createIdeaPropertiesEvaluator$1;.<clinit>()V> (0x0000000088f520c8) 
thrown [s\src\hotspot\share\prims\jni.cpp, line 1107]
Event: 38.446 Thread 0x0000020976f76090 Exception <a 'java/lang/ClassNotFoundException'{0x0000000088371070}: org/gradle/api/plugins/internal/NaggingJavaPluginConventionBeanInfo> (0x0000000088371070) 
thrown [s\src\hotspot\share\classfile\systemDictionary.cpp, line 256]
Event: 38.448 Thread 0x0000020976f76090 Exception <a 'java/lang/ClassNotFoundException'{0x0000000088390570}: org/gradle/api/plugins/JavaPluginConventionBeanInfo> (0x0000000088390570) 
thrown [s\src\hotspot\share\classfile\systemDictionary.cpp, line 256]
Event: 38.450 Thread 0x0000020976f76090 Exception <a 'java/lang/ClassNotFoundException'{0x00000000883af730}: org/gradle/api/plugins/JavaPluginConventionCustomizer> (0x00000000883af730) 
thrown [s\src\hotspot\share\classfile\systemDictionary.cpp, line 256]
Event: 38.452 Thread 0x0000020976f76090 Exception <a 'java/lang/ClassNotFoundException'{0x00000000883e2e70}: org/gradle/api/plugins/internal/NaggingJavaPluginConventionCustomizer> (0x00000000883e2e70) 
thrown [s\src\hotspot\share\classfile\systemDictionary.cpp, line 256]
Event: 38.470 Thread 0x0000020976f76090 Exception <a 'java/lang/ClassNotFoundException'{0x000000008ab53718}: org/gradle/api/internal/plugins/NaggingBasePluginConventionBeanInfo> (0x000000008ab53718) 
thrown [s\src\hotspot\share\classfile\systemDictionary.cpp, line 256]
Event: 38.471 Thread 0x0000020976f76090 Exception <a 'java/lang/ClassNotFoundException'{0x000000008ab72b48}: org/gradle/api/plugins/BasePluginConventionBeanInfo> (0x000000008ab72b48) 
thrown [s\src\hotspot\share\classfile\systemDictionary.cpp, line 256]
Event: 38.473 Thread 0x0000020976f76090 Exception <a 'java/lang/ClassNotFoundException'{0x000000008ab921a0}: org/gradle/api/plugins/BasePluginConventionCustomizer> (0x000000008ab921a0) 
thrown [s\src\hotspot\share\classfile\systemDictionary.cpp, line 256]
Event: 38.475 Thread 0x0000020976f76090 Exception <a 'java/lang/ClassNotFoundException'{0x000000008abbc148}: org/gradle/api/internal/plugins/NaggingBasePluginConventionCustomizer> (0x000000008abbc148) 
thrown [s\src\hotspot\share\classfile\systemDictionary.cpp, line 256]
Event: 38.530 Thread 0x0000020976f76090 Exception <a 'java/lang/IncompatibleClassChangeError'{0x000000008aad9500}: Found class java.lang.Object, but interface was expected> (0x000000008aad9500) 
thrown [s\src\hotspot\share\interpreter\linkResolver.cpp, line 826]
Event: 38.595 Thread 0x0000020976f76090 Exception <a 'java/lang/ClassNotFoundException'{0x000000008a8bd9e8}: org/gradle/api/internal/project/DefaultAntBuilderBeanInfo> (0x000000008a8bd9e8) 
thrown [s\src\hotspot\share\classfile\systemDictionary.cpp, line 256]
Event: 38.599 Thread 0x0000020976f76090 Exception <a 'java/lang/ClassNotFoundException'{0x000000008a8db0d8}: org/gradle/api/internal/project/ant/BasicAntBuilderBeanInfo> (0x000000008a8db0d8) 
thrown [s\src\hotspot\share\classfile\systemDictionary.cpp, line 256]
Event: 38.601 Thread 0x0000020976f76090 Exception <a 'java/lang/ClassNotFoundException'{0x000000008a8f80d8}: org/gradle/api/AntBuilderBeanInfo> (0x000000008a8f80d8) 
thrown [s\src\hotspot\share\classfile\systemDictionary.cpp, line 256]

VM Operations (20 events):
Event: 36.000 Executing VM operation: HandshakeAllThreads done
Event: 36.112 Executing VM operation: G1TryInitiateConcMark
Event: 36.117 Executing VM operation: G1TryInitiateConcMark done
Event: 36.312 Executing VM operation: G1PauseRemark
Event: 36.321 Executing VM operation: G1PauseRemark done
Event: 36.400 Executing VM operation: G1PauseCleanup
Event: 36.400 Executing VM operation: G1PauseCleanup done
Event: 36.795 Executing VM operation: G1CollectForAllocation
Event: 36.805 Executing VM operation: G1CollectForAllocation done
Event: 36.865 Executing VM operation: G1CollectForAllocation
Event: 36.872 Executing VM operation: G1CollectForAllocation done
Event: 37.658 Executing VM operation: G1CollectForAllocation
Event: 37.663 Executing VM operation: G1CollectForAllocation done
Event: 37.850 Executing VM operation: G1PauseRemark
Event: 37.860 Executing VM operation: G1PauseRemark done
Event: 37.936 Executing VM operation: G1PauseCleanup
Event: 37.937 Executing VM operation: G1PauseCleanup done
Event: 38.453 Executing VM operation: G1CollectForAllocation
Event: 38.462 Executing VM operation: G1CollectForAllocation done
Event: 38.602 Executing VM operation: G1CollectForAllocation

Events (20 events):
Event: 38.370 loading class java/util/concurrent/atomic/AtomicLongArray
Event: 38.370 loading class java/util/concurrent/atomic/AtomicLongArray done
Event: 38.420 loading class jdk/internal/vm/annotation/ForceInline
Event: 38.420 loading class jdk/internal/vm/annotation/ForceInline done
Event: 38.477 loading class java/util/TreeMap$EntrySpliterator
Event: 38.478 loading class java/util/TreeMap$EntrySpliterator done
Event: 38.506 loading class java/util/Stack
Event: 38.506 loading class java/util/Stack done
Event: 38.529 loading class org/xml/sax/ContentHandler
Event: 38.530 loading class org/xml/sax/ContentHandler done
Event: 38.530 loading class org/xml/sax/EntityResolver
Event: 38.530 loading class org/xml/sax/EntityResolver done
Event: 38.530 loading class org/xml/sax/DTDHandler
Event: 38.530 loading class org/xml/sax/DTDHandler done
Event: 38.548 loading class java/util/Spliterators$IntArraySpliterator
Event: 38.548 loading class java/util/Spliterators$IntArraySpliterator done
Event: 38.554 loading class java/text/ParsePosition
Event: 38.555 loading class java/text/ParsePosition done
Event: 38.563 loading class java/text/CharacterIterator
Event: 38.563 loading class java/text/CharacterIterator done


Dynamic libraries:
0x00007ff6b5760000 - 0x00007ff6b576e000 	C:\Users\Hp\Downloads\openlogic-openjdk-17.0.10+7-windows-x64\openlogic-openjdk-17.0.10+7-windows-x64\bin\java.exe
0x00007ffca1a70000 - 0x00007ffca1c87000 	C:\Windows\SYSTEM32\ntdll.dll
0x00007ffc9f950000 - 0x00007ffc9fa14000 	C:\Windows\System32\KERNEL32.DLL
0x00007ffc9ef70000 - 0x00007ffc9f317000 	C:\Windows\System32\KERNELBASE.dll
0x00007ffc9ee50000 - 0x00007ffc9ef61000 	C:\Windows\System32\ucrtbase.dll
0x00007ffc8d4a0000 - 0x00007ffc8d4b7000 	C:\Users\Hp\Downloads\openlogic-openjdk-17.0.10+7-windows-x64\openlogic-openjdk-17.0.10+7-windows-x64\bin\jli.dll
0x00007ffc8d7c0000 - 0x00007ffc8d7db000 	C:\Users\Hp\Downloads\openlogic-openjdk-17.0.10+7-windows-x64\openlogic-openjdk-17.0.10+7-windows-x64\bin\VCRUNTIME140.dll
0x00007ffca15a0000 - 0x00007ffca174e000 	C:\Windows\System32\USER32.dll
0x00007ffc9f430000 - 0x00007ffc9f456000 	C:\Windows\System32\win32u.dll
0x00007ffc88430000 - 0x00007ffc886c3000 	C:\Windows\WinSxS\amd64_microsoft.windows.common-controls_6595b64144ccf1df_6.0.22621.3527_none_270e469b73872a76\COMCTL32.dll
0x00007ffc9f920000 - 0x00007ffc9f949000 	C:\Windows\System32\GDI32.dll
0x00007ffca14f0000 - 0x00007ffca1597000 	C:\Windows\System32\msvcrt.dll
0x00007ffc9f460000 - 0x00007ffc9f579000 	C:\Windows\System32\gdi32full.dll
0x00007ffc9f390000 - 0x00007ffc9f42a000 	C:\Windows\System32\msvcp_win.dll
0x00007ffc9f7a0000 - 0x00007ffc9f7d1000 	C:\Windows\System32\IMM32.DLL
0x00007ffc968b0000 - 0x00007ffc968bc000 	C:\Users\Hp\Downloads\openlogic-openjdk-17.0.10+7-windows-x64\openlogic-openjdk-17.0.10+7-windows-x64\bin\vcruntime140_1.dll
0x00007ffc70f50000 - 0x00007ffc70fdd000 	C:\Users\Hp\Downloads\openlogic-openjdk-17.0.10+7-windows-x64\openlogic-openjdk-17.0.10+7-windows-x64\bin\msvcp140.dll
0x00007ffc526f0000 - 0x00007ffc53352000 	C:\Users\Hp\Downloads\openlogic-openjdk-17.0.10+7-windows-x64\openlogic-openjdk-17.0.10+7-windows-x64\bin\server\jvm.dll
0x00007ffc9f860000 - 0x00007ffc9f912000 	C:\Windows\System32\ADVAPI32.dll
0x00007ffca06d0000 - 0x00007ffca0778000 	C:\Windows\System32\sechost.dll
0x00007ffc9f770000 - 0x00007ffc9f798000 	C:\Windows\System32\bcrypt.dll
0x00007ffca17d0000 - 0x00007ffca18e5000 	C:\Windows\System32\RPCRT4.dll
0x00007ffc9ec50000 - 0x00007ffc9ec9d000 	C:\Windows\SYSTEM32\POWRPROF.dll
0x00007ffc8ccb0000 - 0x00007ffc8ccb9000 	C:\Windows\SYSTEM32\WSOCK32.dll
0x00007ffc93630000 - 0x00007ffc93664000 	C:\Windows\SYSTEM32\WINMM.dll
0x00007ffc8ee90000 - 0x00007ffc8ee9a000 	C:\Windows\SYSTEM32\VERSION.dll
0x00007ffca19b0000 - 0x00007ffca1a21000 	C:\Windows\System32\WS2_32.dll
0x00007ffc9eb80000 - 0x00007ffc9eb93000 	C:\Windows\SYSTEM32\UMPDC.dll
0x00007ffc9dd70000 - 0x00007ffc9dd88000 	C:\Windows\SYSTEM32\kernel.appcore.dll
0x00007ffc8e680000 - 0x00007ffc8e68a000 	C:\Users\Hp\Downloads\openlogic-openjdk-17.0.10+7-windows-x64\openlogic-openjdk-17.0.10+7-windows-x64\bin\jimage.dll
0x00007ffc99630000 - 0x00007ffc99862000 	C:\Windows\SYSTEM32\DBGHELP.DLL
0x00007ffca0900000 - 0x00007ffca0c88000 	C:\Windows\System32\combase.dll
0x00007ffca00d0000 - 0x00007ffca01a7000 	C:\Windows\System32\OLEAUT32.dll
0x00007ffc7d330000 - 0x00007ffc7d362000 	C:\Windows\SYSTEM32\dbgcore.DLL
0x00007ffc9f580000 - 0x00007ffc9f5f9000 	C:\Windows\System32\bcryptPrimitives.dll
0x00007ffc8c150000 - 0x00007ffc8c15e000 	C:\Users\Hp\Downloads\openlogic-openjdk-17.0.10+7-windows-x64\openlogic-openjdk-17.0.10+7-windows-x64\bin\instrument.dll
0x00007ffc8cfc0000 - 0x00007ffc8cfe5000 	C:\Users\Hp\Downloads\openlogic-openjdk-17.0.10+7-windows-x64\openlogic-openjdk-17.0.10+7-windows-x64\bin\java.dll
0x00007ffc70320000 - 0x00007ffc703f6000 	C:\Users\Hp\Downloads\openlogic-openjdk-17.0.10+7-windows-x64\openlogic-openjdk-17.0.10+7-windows-x64\bin\jsvml.dll
0x00007ffca0c90000 - 0x00007ffca14ec000 	C:\Windows\System32\SHELL32.dll
0x00007ffc9cc80000 - 0x00007ffc9d576000 	C:\Windows\SYSTEM32\windows.storage.dll
0x00007ffc9cb40000 - 0x00007ffc9cc7e000 	C:\Windows\SYSTEM32\wintypes.dll
0x00007ffc9ff20000 - 0x00007ffca0015000 	C:\Windows\System32\SHCORE.dll
0x00007ffc9f7e0000 - 0x00007ffc9f83e000 	C:\Windows\System32\shlwapi.dll
0x00007ffc9ecc0000 - 0x00007ffc9ece1000 	C:\Windows\SYSTEM32\profapi.dll
0x00007ffc8c160000 - 0x00007ffc8c178000 	C:\Users\Hp\Downloads\openlogic-openjdk-17.0.10+7-windows-x64\openlogic-openjdk-17.0.10+7-windows-x64\bin\zip.dll
0x00007ffc8cfa0000 - 0x00007ffc8cfb9000 	C:\Users\Hp\Downloads\openlogic-openjdk-17.0.10+7-windows-x64\openlogic-openjdk-17.0.10+7-windows-x64\bin\net.dll
0x00007ffc98ca0000 - 0x00007ffc98dd6000 	C:\Windows\SYSTEM32\WINHTTP.dll
0x00007ffc9e1d0000 - 0x00007ffc9e239000 	C:\Windows\system32\mswsock.dll
0x00007ffc8cec0000 - 0x00007ffc8ced6000 	C:\Users\Hp\Downloads\openlogic-openjdk-17.0.10+7-windows-x64\openlogic-openjdk-17.0.10+7-windows-x64\bin\nio.dll
0x00007ffc8e580000 - 0x00007ffc8e590000 	C:\Users\Hp\Downloads\openlogic-openjdk-17.0.10+7-windows-x64\openlogic-openjdk-17.0.10+7-windows-x64\bin\verify.dll
0x00007ffc87d70000 - 0x00007ffc87d97000 	C:\Users\Hp\.gradle\native\c067742578af261105cb4f569cf0c3c89f3d7b1fecec35dd04571415982c5e48\windows-amd64\native-platform.dll
0x00007ffc5f240000 - 0x00007ffc5f384000 	C:\Users\Hp\.gradle\native\38dada09dfb8b06ba9b0570ebf7e218e3eb74d4ef43ca46872605cf95ebc2f47\windows-amd64\native-platform-file-events.dll
0x00007ffc8daf0000 - 0x00007ffc8daf9000 	C:\Users\Hp\Downloads\openlogic-openjdk-17.0.10+7-windows-x64\openlogic-openjdk-17.0.10+7-windows-x64\bin\management.dll
0x00007ffc8d9f0000 - 0x00007ffc8d9fb000 	C:\Users\Hp\Downloads\openlogic-openjdk-17.0.10+7-windows-x64\openlogic-openjdk-17.0.10+7-windows-x64\bin\management_ext.dll
0x00007ffc9fa20000 - 0x00007ffc9fa28000 	C:\Windows\System32\PSAPI.DLL
0x00007ffc9e520000 - 0x00007ffc9e53b000 	C:\Windows\SYSTEM32\CRYPTSP.dll
0x00007ffc9dcd0000 - 0x00007ffc9dd05000 	C:\Windows\system32\rsaenh.dll
0x00007ffc9e270000 - 0x00007ffc9e298000 	C:\Windows\SYSTEM32\USERENV.dll
0x00007ffc9e500000 - 0x00007ffc9e50c000 	C:\Windows\SYSTEM32\CRYPTBASE.dll
0x00007ffc9d7e0000 - 0x00007ffc9d80d000 	C:\Windows\SYSTEM32\IPHLPAPI.DLL
0x00007ffca0460000 - 0x00007ffca0469000 	C:\Windows\System32\NSI.dll
0x00007ffc8ec20000 - 0x00007ffc8ec39000 	C:\Windows\SYSTEM32\dhcpcsvc6.DLL
0x00007ffc8ec00000 - 0x00007ffc8ec1f000 	C:\Windows\SYSTEM32\dhcpcsvc.DLL
0x00007ffc9d850000 - 0x00007ffc9d948000 	C:\Windows\SYSTEM32\DNSAPI.dll
0x00007ffc8d9c0000 - 0x00007ffc8d9c8000 	C:\Users\Hp\Downloads\openlogic-openjdk-17.0.10+7-windows-x64\openlogic-openjdk-17.0.10+7-windows-x64\bin\extnet.dll
0x00007ffc85740000 - 0x00007ffc8574e000 	C:\Users\Hp\Downloads\openlogic-openjdk-17.0.10+7-windows-x64\openlogic-openjdk-17.0.10+7-windows-x64\bin\sunmscapi.dll
0x00007ffc9f600000 - 0x00007ffc9f768000 	C:\Windows\System32\CRYPT32.dll
0x00007ffc9e640000 - 0x00007ffc9e66e000 	C:\Windows\SYSTEM32\ncrypt.dll
0x00007ffc9e600000 - 0x00007ffc9e637000 	C:\Windows\SYSTEM32\NTASN1.dll
0x00007ffc8a180000 - 0x00007ffc8a188000 	C:\Windows\system32\wshunix.dll
0x00007ffc93d90000 - 0x00007ffc93da7000 	C:\Windows\system32\napinsp.dll
0x00007ffc8db20000 - 0x00007ffc8db3b000 	C:\Windows\system32\pnrpnsp.dll
0x00007ffc8db00000 - 0x00007ffc8db11000 	C:\Windows\System32\winrnr.dll
0x00007ffc6eb70000 - 0x00007ffc6eb85000 	C:\Windows\system32\wshbth.dll
0x00007ffc48f70000 - 0x00007ffc48f97000 	C:\Windows\system32\nlansp_c.dll
0x00007ffc85330000 - 0x00007ffc8533a000 	C:\Windows\System32\rasadhlp.dll
0x00007ffc8d390000 - 0x00007ffc8d413000 	C:\Windows\System32\fwpuclnt.dll

dbghelp: loaded successfully - version: 4.0.5 - missing functions: none
symbol engine: initialized successfully - sym options: 0x614 - pdb path: .;C:\Users\Hp\Downloads\openlogic-openjdk-17.0.10+7-windows-x64\openlogic-openjdk-17.0.10+7-windows-x64\bin;C:\Windows\SYSTEM32;C:\Windows\WinSxS\amd64_microsoft.windows.common-controls_6595b64144ccf1df_6.0.22621.3527_none_270e469b73872a76;C:\Users\Hp\Downloads\openlogic-openjdk-17.0.10+7-windows-x64\openlogic-openjdk-17.0.10+7-windows-x64\bin\server;C:\Users\Hp\.gradle\native\c067742578af261105cb4f569cf0c3c89f3d7b1fecec35dd04571415982c5e48\windows-amd64;C:\Users\Hp\.gradle\native\38dada09dfb8b06ba9b0570ebf7e218e3eb74d4ef43ca46872605cf95ebc2f47\windows-amd64

VM Arguments:
jvm_args: -XX:MaxMetaspaceSize=512m --add-opens=java.base/java.util=ALL-UNNAMED --add-opens=java.base/java.lang=ALL-UNNAMED --add-opens=java.base/java.lang.invoke=ALL-UNNAMED --add-opens=java.prefs/java.util.prefs=ALL-UNNAMED --add-opens=java.base/java.nio.charset=ALL-UNNAMED --add-opens=java.base/java.net=ALL-UNNAMED --add-opens=java.base/java.util.concurrent.atomic=ALL-UNNAMED -Xmx2048m -Dfile.encoding=windows-1252 -Duser.country=GB -Duser.language=en -Duser.variant -javaagent:C:\Users\Hp\.gradle\wrapper\dists\gradle-8.6-all\3mbtmo166bl6vumsh5k2lkq5h\gradle-8.6\lib\agents\gradle-instrumentation-agent-8.6.jar 
java_command: org.gradle.launcher.daemon.bootstrap.GradleDaemon 8.6
java_class_path (initial): C:\Users\Hp\.gradle\wrapper\dists\gradle-8.6-all\3mbtmo166bl6vumsh5k2lkq5h\gradle-8.6\lib\gradle-launcher-8.6.jar
Launcher Type: SUN_STANDARD

[Global flags]
     intx CICompilerCount                          = 3                                         {product} {ergonomic}
   size_t CompressedClassSpaceSize                 = 436207616                                 {product} {ergonomic}
     uint ConcGCThreads                            = 1                                         {product} {ergonomic}
     uint G1ConcRefinementThreads                  = 4                                         {product} {ergonomic}
   size_t G1HeapRegionSize                         = 1048576                                   {product} {ergonomic}
    uintx GCDrainStackTargetSize                   = 64                                        {product} {ergonomic}
   size_t InitialHeapSize                          = 134217728                                 {product} {ergonomic}
   size_t MarkStackSize                            = 4194304                                   {product} {ergonomic}
   size_t MaxHeapSize                              = 2147483648                                {product} {command line}
   size_t MaxMetaspaceSize                         = 536870912                                 {product} {command line}
   size_t MaxNewSize                               = 1287651328                                {product} {ergonomic}
   size_t MinHeapDeltaBytes                        = 1048576                                   {product} {ergonomic}
   size_t MinHeapSize                              = 8388608                                   {product} {ergonomic}
    uintx NonNMethodCodeHeapSize                   = 5832780                                {pd product} {ergonomic}
    uintx NonProfiledCodeHeapSize                  = 122912730                              {pd product} {ergonomic}
    uintx ProfiledCodeHeapSize                     = 122912730                              {pd product} {ergonomic}
    uintx ReservedCodeCacheSize                    = 251658240                              {pd product} {ergonomic}
     bool SegmentedCodeCache                       = true                                      {product} {ergonomic}
   size_t SoftMaxHeapSize                          = 2147483648                             {manageable} {ergonomic}
     bool UseCompressedClassPointers               = true                           {product lp64_product} {ergonomic}
     bool UseCompressedOops                        = true                           {product lp64_product} {ergonomic}
     bool UseG1GC                                  = true                                      {product} {ergonomic}
     bool UseLargePagesIndividualAllocation        = false                                  {pd product} {ergonomic}

Logging:
Log output configuration:
 #0: stdout all=warning uptime,level,tags
 #1: stderr all=off uptime,level,tags

Environment Variables:
CLASSPATH=D:\reactnativeapp\myapp\android\\gradle\wrapper\gradle-wrapper.jar
PATH=D:\reactnativeapp\myapp\node_modules\.bin;D:\reactnativeapp\myapp\node_modules\.bin;D:\reactnativeapp\node_modules\.bin;D:\node_modules\.bin;C:\Users\Hp\AppData\Roaming\nvm\v20.12.2\node_modules\npm\node_modules\@npmcli\run-script\lib\node-gyp-bin;C:\Windows\system32;C:\Windows;C:\Windows\System32\Wbem;C:\Windows\System32\WindowsPowerShell\v1.0\;C:\Windows\System32\OpenSSH\;C:\Users\Hp\AppData\Roaming\nvm;C:\Program Files\nodejs;C:\Program Files\Java\jdk-17\bin;C:\Program Files\nodejs;C:\Users\Hp\Downloads\openlogic-openjdk-17.0.10+7-windows-x64\openlogic-openjdk-17.0.10+7-windows-x64\bin;C:\Users\Hp\AppData\Local\Android\Sdk;C:\Users\Hp\AppData\Local\Microsoft\WindowsApps;C:\Users\Hp\AppData\Roaming\nvm;C:\Program Files\nodejs;C:\Users\Hp\AppData\Local\Android\Sdk\platform-tools;D:\miral\Microsoft VS Code\bin
USERNAME=Hp
LANG=en_US.UTF-8
OS=Windows_NT
PROCESSOR_IDENTIFIER=Intel64 Family 6 Model 78 Stepping 3, GenuineIntel
TMP=C:\Users\Hp\AppData\Local\Temp
TEMP=C:\Users\Hp\AppData\Local\Temp



Periodic native trim disabled


---------------  S Y S T E M  ---------------

OS:
 Windows 11 , 64 bit Build 22621 (10.0.22621.3527)
OS uptime: 10 days 1:33 hours
Hyper-V role detected

CPU: total 4 (initial active 4) (2 cores per cpu, 2 threads per core) family 6 model 78 stepping 3 microcode 0xf0, cx8, cmov, fxsr, ht, mmx, 3dnowpref, sse, sse2, sse3, ssse3, sse4.1, sse4.2, popcnt, lzcnt, tsc, tscinvbit, avx, avx2, aes, erms, clmul, bmi1, bmi2, rtm, adx, fma, vzeroupper, clflush, clflushopt, hv
Processor Information for processor 0
  Max Mhz: 2496, Current Mhz: 2396, Mhz Limit: 2396
Processor Information for processor 1
  Max Mhz: 2496, Current Mhz: 1497, Mhz Limit: 2396
Processor Information for processor 2
  Max Mhz: 2496, Current Mhz: 2396, Mhz Limit: 2396
Processor Information for processor 3
  Max Mhz: 2496, Current Mhz: 1497, Mhz Limit: 2396

Memory: 4k page, system-wide physical 8070M (274M free)
TotalPageFile size 10138M (AvailPageFile size 33M)
current process WorkingSet (physical memory assigned to process): 402M, peak: 404M
current process commit charge ("private bytes"): 434M, peak: 490M

vm_info: OpenJDK 64-Bit Server VM (17.0.10+7-adhoc..jdk17u) for windows-amd64 JRE (17.0.10+7-adhoc..jdk17u), built on Jan 24 2024 08:51:31 by "" with MS VC++ 16.10 / 16.11 (VS2019)

END.
